ARM GAS  /cygdrive/c/DOCUME~1/deforce/LOKALA~1/Temp/ccQPuH5D.s 			page 1


   1              		.code	16
   2              		.file	"main.c"
   3              		.section	.debug_abbrev,"",%progbits
   4              	.Ldebug_abbrev0:
   5              		.section	.debug_info,"",%progbits
   6              	.Ldebug_info0:
   7              		.section	.debug_line,"",%progbits
   8              	.Ldebug_line0:
   9 0000 54000000 		.text
   9      02001D00 
   9      00000201 
   9      FB0E0D00 
   9      01010101 
  10              	.Ltext0:
  11              		.section	.rodata.str1.4,"aMS",%progbits,1
  12              		.align	2
  13              	.LC0:
  14 0000 57726974 		.ascii	"Write and Read Data\000"
  14      6520616E 
  14      64205265 
  14      61642044 
  14      61746100 
  15              		.align	2
  16              	.LC2:
  17 0014 0A446174 		.ascii	"\012Data1: %d Data2: %d \000"
  17      61313A20 
  17      25642044 
  17      61746132 
  17      3A202564 
  18 002a 0000     		.text
  19              		.align	2
  20              		.global	main
  21              		.code 16
  22              		.thumb_func
  23              		.type	main, %function
  24              	main:
  25              	.LFB3:
  26              		.file 1 "main.c"
   1:main.c        **** /******************************************************************************
   2:main.c        ****  *
   3:main.c        ****  * Copyright:
   4:main.c        ****  *    (C) 2005 Embedded Artists AB
   5:main.c        ****  *
   6:main.c        ****  * File:
   7:main.c        ****  *    main.c
   8:main.c        ****  *
   9:main.c        ****  * Description:
  10:main.c        ****  *    Sample application that demonstrates how to use the i2c library.
  11:main.c        ****  *    Omarbetad för att testa hur man läser temp.sensorn /Tommy
  12:main.c        ****  *
  13:main.c        ****  *****************************************************************************/
  14:main.c        **** 
  15:main.c        **** /******************************************************************************
  16:main.c        ****  * Includes
  17:main.c        ****  *****************************************************************************/
  18:main.c        **** #include "general.h"
  19:main.c        **** #include <lpc2xxx.h>
ARM GAS  /cygdrive/c/DOCUME~1/deforce/LOKALA~1/Temp/ccQPuH5D.s 			page 2


  20:main.c        **** #include <printf_P.h>
  21:main.c        **** #include <ea_init.h>
  22:main.c        **** #include <framework.h>
  23:main.c        **** #include "startup/config.h"
  24:main.c        **** #include "i2c.h"
  25:main.c        **** 
  26:main.c        **** /******************************************************************************
  27:main.c        ****  * Defines and typedefs
  28:main.c        ****  *****************************************************************************/
  29:main.c        **** #define CRYSTAL_FREQUENCY FOSC
  30:main.c        **** #define PLL_FACTOR        PLL_MUL
  31:main.c        **** #define VPBDIV_FACTOR     PBSD
  32:main.c        **** 
  33:main.c        **** /*****************************************************************************
  34:main.c        ****  * Public function prototypes
  35:main.c        ****  ****************************************************************************/
  36:main.c        **** int main(void);
  37:main.c        **** 
  38:main.c        **** /*****************************************************************************
  39:main.c        ****  * Local function prototypes
  40:main.c        ****  ****************************************************************************/
  41:main.c        **** static void delayMs(tU16 delayInMs);
  42:main.c        **** 
  43:main.c        **** /*****************************************************************************
  44:main.c        ****  * Implementation of local functions
  45:main.c        ****  ****************************************************************************/
  46:main.c        **** 
  47:main.c        **** /*****************************************************************************
  48:main.c        ****  *
  49:main.c        ****  * Description:
  50:main.c        ****  *    Delay execution by a specified number of milliseconds by using
  51:main.c        ****  *    timer #1. A polled implementation.
  52:main.c        ****  *
  53:main.c        ****  * Params:
  54:main.c        ****  *    [in] delayInMs - the number of milliseconds to delay.
  55:main.c        ****  *
  56:main.c        ****  ****************************************************************************/
  57:main.c        **** static void delayMs(tU16 delayInMs) {
  58:main.c        **** 	/*
  59:main.c        **** 	 * setup timer #1 for delay
  60:main.c        **** 	 */
  61:main.c        **** 	TIMER1_TCR = 0x02;          //stop and reset timer
  62:main.c        **** 	TIMER1_PR = 0x00;          //set prescaler to zero
  63:main.c        **** 	TIMER1_MR0 = delayInMs
  64:main.c        **** 			* ((CRYSTAL_FREQUENCY * PLL_FACTOR) / (1000 * VPBDIV_FACTOR));
  65:main.c        **** 	TIMER1_IR = 0xff;          //reset all interrrupt flags
  66:main.c        **** 	TIMER1_MCR = 0x04;          //stop timer on match
  67:main.c        **** 	TIMER1_TCR = 0x01;          //start timer
  68:main.c        **** 
  69:main.c        **** 	//wait until delay time has elapsed
  70:main.c        **** 	while (TIMER1_TCR & 0x01)
  71:main.c        **** 		;
  72:main.c        **** }
  73:main.c        **** 
  74:main.c        **** /*****************************************************************************
  75:main.c        ****  * Implementation of public functions
  76:main.c        ****  ****************************************************************************/
ARM GAS  /cygdrive/c/DOCUME~1/deforce/LOKALA~1/Temp/ccQPuH5D.s 			page 3


  77:main.c        **** 
  78:main.c        **** /*****************************************************************************
  79:main.c        ****  *
  80:main.c        ****  * Description:
  81:main.c        ****  *    The main-function.
  82:main.c        ****  *
  83:main.c        ****  * Returns:
  84:main.c        ****  *    Always 0, since return value is not used.
  85:main.c        ****  *
  86:main.c        ****  ****************************************************************************/
  87:main.c        **** int main(void) {
  27              		.loc 1 87 0
  28 0000 70B5     		push	{r4, r5, r6, lr}
  29              	.LCFI0:
  30 0002 82B0     		sub	sp, sp, #8
  31              	.LCFI1:
  88:main.c        **** 
  89:main.c        **** 	//initialize printf()-functionality
  90:main.c        **** 	eaInit();
  32              		.loc 1 90 0
  33 0004 FFF7FEFF 		bl	eaInit
  91:main.c        **** 
  92:main.c        **** 	//print welcome message
  93:main.c        **** 	printf("Write and Read Data");
  34              		.loc 1 93 0
  35 0008 2248     		ldr	r0, .L7
  36 000a FFF7FEFF 		bl	simplePrintf
  94:main.c        **** 
  95:main.c        **** 	//initialice i2c communication
  96:main.c        **** 	i2cInit(10000);
  37              		.loc 1 96 0
  38 000e 2248     		ldr	r0, .L7+4
  39 0010 FFF7FEFF 		bl	i2cInit
  40              	.L2:
  41              	.LBB5:
  97:main.c        **** 
  98:main.c        **** 	//enter forever loop...
  99:main.c        **** 	while (1) {
 100:main.c        **** 
 101:main.c        **** 		//Läs temperatur
 102:main.c        **** 		//Enklast tänkbara, vi antar att pointern står defaultläge, vi struntar i retCode och vi printar 
 103:main.c        **** 		//resultatet blir då i grader C
 104:main.c        **** 
 105:main.c        **** 		tU8 dataSend[2];		//två bytes hämtas från LM75
 106:main.c        **** 		tU8 dataReceive[2];
 107:main.c        **** 
 108:main.c        **** 		dataReceive[0] = 3;
  42              		.loc 1 108 0
  43 0014 01AD     		add	r5, sp, #4
  44 0016 0323     		mov	r3, #3
 109:main.c        **** 		dataReceive[1] = 3;
 110:main.c        **** 
 111:main.c        **** 		dataSend[0] = 5;//8 mest signifikanta bitarna, lägsta biten svarar mot 1 grad C
  45              		.loc 1 111 0
  46 0018 6C46     		mov	r4, sp
  47 001a 0634     		add	r4, r4, #6
  48              		.loc 1 108 0
ARM GAS  /cygdrive/c/DOCUME~1/deforce/LOKALA~1/Temp/ccQPuH5D.s 			page 4


  49 001c 2B70     		strb	r3, [r5]
  50              		.loc 1 109 0
  51 001e 6B70     		strb	r3, [r5, #1]
  52              		.loc 1 111 0
  53 0020 0523     		mov	r3, #5
  54 0022 2370     		strb	r3, [r4]
 112:main.c        **** 		dataSend[1] = 5;//högsta biten svarar mot 0,5 grad C, övriga bitar utan info;
  55              		.loc 1 112 0
  56 0024 6370     		strb	r3, [r4, #1]
 113:main.c        **** 
 114:main.c        **** 		// Lagrar dataSend i minnesposition 0x20
 115:main.c        **** 		i2cStart();
 116:main.c        **** 		i2cWrite(0xA0, 0x0, 0x22, dataSend, 2);
  57              		.loc 1 116 0
  58 0026 0226     		mov	r6, #2
  59              		.loc 1 115 0
  60 0028 FFF7FEFF 		bl	i2cStart
  61              		.loc 1 116 0
  62 002c 231C     		mov	r3, r4
  63 002e 2222     		mov	r2, #34
  64 0030 0021     		mov	r1, #0
  65 0032 A020     		mov	r0, #160
  66 0034 0096     		str	r6, [sp]
  67 0036 FFF7FEFF 		bl	i2cWrite
 117:main.c        **** 		i2cStop();
  68              		.loc 1 117 0
  69 003a FFF7FEFF 		bl	i2cStop
 118:main.c        **** 
 119:main.c        **** 		// Läser data
 120:main.c        **** 		i2cStart();
  70              		.loc 1 120 0
  71 003e FFF7FEFF 		bl	i2cStart
 121:main.c        **** 		i2cMyWrite(0xA0, 0x22);
  72              		.loc 1 121 0
  73 0042 2221     		mov	r1, #34
  74 0044 A020     		mov	r0, #160
  75 0046 FFF7FEFF 		bl	i2cMyWrite
 122:main.c        **** 		i2cStop();
  76              		.loc 1 122 0
  77 004a FFF7FEFF 		bl	i2cStop
 123:main.c        **** 	   	i2cStart();
  78              		.loc 1 123 0
  79 004e FFF7FEFF 		bl	i2cStart
 124:main.c        **** 	   	i2cRead(0xA1, dataReceive, 2);
  80              		.loc 1 124 0
  81 0052 291C     		mov	r1, r5
  82 0054 0222     		mov	r2, #2
  83 0056 A120     		mov	r0, #161
  84 0058 FFF7FEFF 		bl	i2cRead
 125:main.c        **** 	   	i2cStop();
  85              		.loc 1 125 0
  86 005c FFF7FEFF 		bl	i2cStop
 126:main.c        **** 
 127:main.c        **** 		printf("\nData1: %d Data2: %d ", dataReceive[0], dataReceive[1]);
  87              		.loc 1 127 0
  88 0060 2978     		ldrb	r1, [r5]
  89 0062 6A78     		ldrb	r2, [r5, #1]
ARM GAS  /cygdrive/c/DOCUME~1/deforce/LOKALA~1/Temp/ccQPuH5D.s 			page 5


  90 0064 0D48     		ldr	r0, .L7+8
  91 0066 FFF7FEFF 		bl	simplePrintf
  92              	.LBB6:
  93              	.LBB7:
  94              		.loc 1 61 0
  95 006a 0D49     		ldr	r1, .L7+12
  96              		.loc 1 62 0
  97 006c 0D4B     		ldr	r3, .L7+16
  98 006e 0022     		mov	r2, #0
  99              		.loc 1 61 0
 100 0070 0E60     		str	r6, [r1]
 101              		.loc 1 62 0
 102 0072 1A60     		str	r2, [r3]
 103              		.loc 1 63 0
 104 0074 0C4A     		ldr	r2, .L7+20
 105 0076 0C33     		add	r3, r3, #12
 106 0078 1A60     		str	r2, [r3]
 107              		.loc 1 65 0
 108 007a FF22     		mov	r2, #255
 109 007c 183B     		sub	r3, r3, #24
 110 007e 1A60     		str	r2, [r3]
 111              		.loc 1 66 0
 112 0080 1433     		add	r3, r3, #20
 113 0082 0422     		mov	r2, #4
 114 0084 1A60     		str	r2, [r3]
 115              		.loc 1 67 0
 116 0086 0123     		mov	r3, #1
 117 0088 0B60     		str	r3, [r1]
 118              	.L3:
 119              		.loc 1 70 0
 120 008a 054B     		ldr	r3, .L7+12
 121 008c 1B68     		ldr	r3, [r3]
 122 008e DA07     		lsl	r2, r3, #31
 123 0090 FBD4     		bmi	.L3
 124 0092 BFE7     		b	.L2
 125              	.L8:
 126              		.align	2
 127              	.L7:
 128 0094 00000000 		.word	.LC0
 129 0098 10270000 		.word	10000
 130 009c 14000000 		.word	.LC2
 131 00a0 048000E0 		.word	-536838140
 132 00a4 0C8000E0 		.word	-536838132
 133 00a8 00879303 		.word	60000000
 134              	.LBE7:
 135              	.LBE6:
 136              	.LBE5:
 137              	.LFE3:
 138              		.size	main, .-main
 139              		.section	.debug_frame,"",%progbits
 140              	.Lframe0:
 141 0000 0C000000 		.4byte	.LECIE0-.LSCIE0
 142              	.LSCIE0:
 143 0004 FFFFFFFF 		.4byte	0xffffffff
 144 0008 01       		.byte	0x1
 145 0009 00       		.ascii	"\000"
 146 000a 01       		.uleb128 0x1
ARM GAS  /cygdrive/c/DOCUME~1/deforce/LOKALA~1/Temp/ccQPuH5D.s 			page 6


 147 000b 7C       		.sleb128 -4
 148 000c 0E       		.byte	0xe
 149 000d 0C       		.byte	0xc
 150 000e 0D       		.uleb128 0xd
 151 000f 00       		.uleb128 0x0
 152              		.align	2
 153              	.LECIE0:
 154              	.LSFDE0:
 155 0010 1C000000 		.4byte	.LEFDE0-.LASFDE0
 156              	.LASFDE0:
 157 0014 00000000 		.4byte	.Lframe0
 158 0018 00000000 		.4byte	.LFB3
 159 001c AC000000 		.4byte	.LFE3-.LFB3
 160 0020 42       		.byte	0x4
 161              		.4byte	.LCFI0-.LFB3
 162 0021 0E       		.byte	0xe
 163 0022 10       		.uleb128 0x10
 164 0023 84       		.byte	0x84
 165 0024 04       		.uleb128 0x4
 166 0025 85       		.byte	0x85
 167 0026 03       		.uleb128 0x3
 168 0027 86       		.byte	0x86
 169 0028 02       		.uleb128 0x2
 170 0029 8E       		.byte	0x8e
 171 002a 01       		.uleb128 0x1
 172 002b 42       		.byte	0x4
 173              		.4byte	.LCFI1-.LCFI0
 174 002c 0E       		.byte	0xe
 175 002d 18       		.uleb128 0x18
 176 002e 0000     		.align	2
 177              	.LEFDE0:
 178              		.text
 179              	.Letext0:
 180              		.section	.debug_loc,"",%progbits
 181              	.Ldebug_loc0:
 182              	.LLST0:
 183 0000 00000000 		.4byte	.LFB3-.Ltext0
 184 0004 02000000 		.4byte	.LCFI0-.Ltext0
 185 0008 0100     		.2byte	0x1
 186 000a 5D       		.byte	0x5d
 187 000b 02000000 		.4byte	.LCFI0-.Ltext0
 188 000f 04000000 		.4byte	.LCFI1-.Ltext0
 189 0013 0200     		.2byte	0x2
 190 0015 7D       		.byte	0x7d
 191 0016 10       		.sleb128 16
 192 0017 04000000 		.4byte	.LCFI1-.Ltext0
 193 001b AC000000 		.4byte	.LFE3-.Ltext0
 194 001f 0200     		.2byte	0x2
 195 0021 7D       		.byte	0x7d
 196 0022 18       		.sleb128 24
 197 0023 00000000 		.4byte	0x0
 198 0027 00000000 		.4byte	0x0
 199              		.section	.debug_info
 200 0000 C0000000 		.4byte	0xc0
 201 0004 0200     		.2byte	0x2
 202 0006 00000000 		.4byte	.Ldebug_abbrev0
 203 000a 04       		.byte	0x4
ARM GAS  /cygdrive/c/DOCUME~1/deforce/LOKALA~1/Temp/ccQPuH5D.s 			page 7


 204 000b 01       		.uleb128 0x1
 205 000c 00000000 		.4byte	.Ldebug_line0
 206 0010 AC000000 		.4byte	.Letext0
 207 0014 00000000 		.4byte	.Ltext0
 208 0018 40000000 		.4byte	.LASF5
 209 001c 01       		.byte	0x1
 210 001d 4C000000 		.4byte	.LASF6
 211 0021 72000000 		.4byte	.LASF7
 212 0025 02       		.uleb128 0x2
 213 0026 3E000000 		.4byte	0x3e
 214 002a 1B000000 		.4byte	.LASF8
 215 002e 01       		.byte	0x1
 216 002f 39       		.byte	0x39
 217 0030 01       		.byte	0x1
 218 0031 01       		.byte	0x1
 219 0032 03       		.uleb128 0x3
 220 0033 23000000 		.4byte	.LASF9
 221 0037 01       		.byte	0x1
 222 0038 39       		.byte	0x39
 223 0039 3E000000 		.4byte	0x3e
 224 003d 00       		.byte	0x0
 225 003e 04       		.uleb128 0x4
 226 003f 2D000000 		.4byte	.LASF2
 227 0043 02       		.byte	0x2
 228 0044 07       		.byte	0x7
 229 0045 05       		.uleb128 0x5
 230 0046 9E000000 		.4byte	0x9e
 231 004a 01       		.byte	0x1
 232 004b 61000000 		.4byte	.LASF10
 233 004f 01       		.byte	0x1
 234 0050 57       		.byte	0x57
 235 0051 01       		.byte	0x1
 236 0052 9E000000 		.4byte	0x9e
 237 0056 00000000 		.4byte	.LFB3
 238 005a AC000000 		.4byte	.LFE3
 239 005e 00000000 		.4byte	.LLST0
 240 0062 06       		.uleb128 0x6
 241 0063 14000000 		.4byte	.LBB5
 242 0067 AC000000 		.4byte	.LBE5
 243 006b 07       		.uleb128 0x7
 244 006c 12000000 		.4byte	.LASF0
 245 0070 01       		.byte	0x1
 246 0071 69       		.byte	0x69
 247 0072 A5000000 		.4byte	0xa5
 248 0076 02       		.byte	0x2
 249 0077 91       		.byte	0x91
 250 0078 6E       		.sleb128 -18
 251 0079 07       		.uleb128 0x7
 252 007a 66000000 		.4byte	.LASF1
 253 007e 01       		.byte	0x1
 254 007f 6A       		.byte	0x6a
 255 0080 A5000000 		.4byte	0xa5
 256 0084 02       		.byte	0x2
 257 0085 91       		.byte	0x91
 258 0086 6C       		.sleb128 -20
 259 0087 08       		.uleb128 0x8
 260 0088 25000000 		.4byte	0x25
ARM GAS  /cygdrive/c/DOCUME~1/deforce/LOKALA~1/Temp/ccQPuH5D.s 			page 8


 261 008c 6A000000 		.4byte	.LBB6
 262 0090 AC000000 		.4byte	.LBE6
 263 0094 01       		.byte	0x1
 264 0095 82       		.byte	0x82
 265 0096 09       		.uleb128 0x9
 266 0097 32000000 		.4byte	0x32
 267 009b 00       		.byte	0x0
 268 009c 00       		.byte	0x0
 269 009d 00       		.byte	0x0
 270 009e 0A       		.uleb128 0xa
 271 009f 696E7400 		.ascii	"int\000"
 272 00a3 04       		.byte	0x4
 273 00a4 05       		.byte	0x5
 274 00a5 0B       		.uleb128 0xb
 275 00a6 B5000000 		.4byte	0xb5
 276 00aa BC000000 		.4byte	0xbc
 277 00ae 0C       		.uleb128 0xc
 278 00af B5000000 		.4byte	0xb5
 279 00b3 01       		.byte	0x1
 280 00b4 00       		.byte	0x0
 281 00b5 04       		.uleb128 0x4
 282 00b6 00000000 		.4byte	.LASF3
 283 00ba 04       		.byte	0x4
 284 00bb 07       		.byte	0x7
 285 00bc 04       		.uleb128 0x4
 286 00bd 53000000 		.4byte	.LASF4
 287 00c1 01       		.byte	0x1
 288 00c2 08       		.byte	0x8
 289 00c3 00       		.byte	0x0
 290              		.section	.debug_abbrev
 291 0000 01       		.uleb128 0x1
 292 0001 11       		.uleb128 0x11
 293 0002 01       		.byte	0x1
 294 0003 10       		.uleb128 0x10
 295 0004 06       		.uleb128 0x6
 296 0005 12       		.uleb128 0x12
 297 0006 01       		.uleb128 0x1
 298 0007 11       		.uleb128 0x11
 299 0008 01       		.uleb128 0x1
 300 0009 25       		.uleb128 0x25
 301 000a 0E       		.uleb128 0xe
 302 000b 13       		.uleb128 0x13
 303 000c 0B       		.uleb128 0xb
 304 000d 03       		.uleb128 0x3
 305 000e 0E       		.uleb128 0xe
 306 000f 1B       		.uleb128 0x1b
 307 0010 0E       		.uleb128 0xe
 308 0011 00       		.byte	0x0
 309 0012 00       		.byte	0x0
 310 0013 02       		.uleb128 0x2
 311 0014 2E       		.uleb128 0x2e
 312 0015 01       		.byte	0x1
 313 0016 01       		.uleb128 0x1
 314 0017 13       		.uleb128 0x13
 315 0018 03       		.uleb128 0x3
 316 0019 0E       		.uleb128 0xe
 317 001a 3A       		.uleb128 0x3a
ARM GAS  /cygdrive/c/DOCUME~1/deforce/LOKALA~1/Temp/ccQPuH5D.s 			page 9


 318 001b 0B       		.uleb128 0xb
 319 001c 3B       		.uleb128 0x3b
 320 001d 0B       		.uleb128 0xb
 321 001e 27       		.uleb128 0x27
 322 001f 0C       		.uleb128 0xc
 323 0020 20       		.uleb128 0x20
 324 0021 0B       		.uleb128 0xb
 325 0022 00       		.byte	0x0
 326 0023 00       		.byte	0x0
 327 0024 03       		.uleb128 0x3
 328 0025 05       		.uleb128 0x5
 329 0026 00       		.byte	0x0
 330 0027 03       		.uleb128 0x3
 331 0028 0E       		.uleb128 0xe
 332 0029 3A       		.uleb128 0x3a
 333 002a 0B       		.uleb128 0xb
 334 002b 3B       		.uleb128 0x3b
 335 002c 0B       		.uleb128 0xb
 336 002d 49       		.uleb128 0x49
 337 002e 13       		.uleb128 0x13
 338 002f 00       		.byte	0x0
 339 0030 00       		.byte	0x0
 340 0031 04       		.uleb128 0x4
 341 0032 24       		.uleb128 0x24
 342 0033 00       		.byte	0x0
 343 0034 03       		.uleb128 0x3
 344 0035 0E       		.uleb128 0xe
 345 0036 0B       		.uleb128 0xb
 346 0037 0B       		.uleb128 0xb
 347 0038 3E       		.uleb128 0x3e
 348 0039 0B       		.uleb128 0xb
 349 003a 00       		.byte	0x0
 350 003b 00       		.byte	0x0
 351 003c 05       		.uleb128 0x5
 352 003d 2E       		.uleb128 0x2e
 353 003e 01       		.byte	0x1
 354 003f 01       		.uleb128 0x1
 355 0040 13       		.uleb128 0x13
 356 0041 3F       		.uleb128 0x3f
 357 0042 0C       		.uleb128 0xc
 358 0043 03       		.uleb128 0x3
 359 0044 0E       		.uleb128 0xe
 360 0045 3A       		.uleb128 0x3a
 361 0046 0B       		.uleb128 0xb
 362 0047 3B       		.uleb128 0x3b
 363 0048 0B       		.uleb128 0xb
 364 0049 27       		.uleb128 0x27
 365 004a 0C       		.uleb128 0xc
 366 004b 49       		.uleb128 0x49
 367 004c 13       		.uleb128 0x13
 368 004d 11       		.uleb128 0x11
 369 004e 01       		.uleb128 0x1
 370 004f 12       		.uleb128 0x12
 371 0050 01       		.uleb128 0x1
 372 0051 40       		.uleb128 0x40
 373 0052 06       		.uleb128 0x6
 374 0053 00       		.byte	0x0
ARM GAS  /cygdrive/c/DOCUME~1/deforce/LOKALA~1/Temp/ccQPuH5D.s 			page 10


 375 0054 00       		.byte	0x0
 376 0055 06       		.uleb128 0x6
 377 0056 0B       		.uleb128 0xb
 378 0057 01       		.byte	0x1
 379 0058 11       		.uleb128 0x11
 380 0059 01       		.uleb128 0x1
 381 005a 12       		.uleb128 0x12
 382 005b 01       		.uleb128 0x1
 383 005c 00       		.byte	0x0
 384 005d 00       		.byte	0x0
 385 005e 07       		.uleb128 0x7
 386 005f 34       		.uleb128 0x34
 387 0060 00       		.byte	0x0
 388 0061 03       		.uleb128 0x3
 389 0062 0E       		.uleb128 0xe
 390 0063 3A       		.uleb128 0x3a
 391 0064 0B       		.uleb128 0xb
 392 0065 3B       		.uleb128 0x3b
 393 0066 0B       		.uleb128 0xb
 394 0067 49       		.uleb128 0x49
 395 0068 13       		.uleb128 0x13
 396 0069 02       		.uleb128 0x2
 397 006a 0A       		.uleb128 0xa
 398 006b 00       		.byte	0x0
 399 006c 00       		.byte	0x0
 400 006d 08       		.uleb128 0x8
 401 006e 1D       		.uleb128 0x1d
 402 006f 01       		.byte	0x1
 403 0070 31       		.uleb128 0x31
 404 0071 13       		.uleb128 0x13
 405 0072 11       		.uleb128 0x11
 406 0073 01       		.uleb128 0x1
 407 0074 12       		.uleb128 0x12
 408 0075 01       		.uleb128 0x1
 409 0076 58       		.uleb128 0x58
 410 0077 0B       		.uleb128 0xb
 411 0078 59       		.uleb128 0x59
 412 0079 0B       		.uleb128 0xb
 413 007a 00       		.byte	0x0
 414 007b 00       		.byte	0x0
 415 007c 09       		.uleb128 0x9
 416 007d 05       		.uleb128 0x5
 417 007e 00       		.byte	0x0
 418 007f 31       		.uleb128 0x31
 419 0080 13       		.uleb128 0x13
 420 0081 00       		.byte	0x0
 421 0082 00       		.byte	0x0
 422 0083 0A       		.uleb128 0xa
 423 0084 24       		.uleb128 0x24
 424 0085 00       		.byte	0x0
 425 0086 03       		.uleb128 0x3
 426 0087 08       		.uleb128 0x8
 427 0088 0B       		.uleb128 0xb
 428 0089 0B       		.uleb128 0xb
 429 008a 3E       		.uleb128 0x3e
 430 008b 0B       		.uleb128 0xb
 431 008c 00       		.byte	0x0
ARM GAS  /cygdrive/c/DOCUME~1/deforce/LOKALA~1/Temp/ccQPuH5D.s 			page 11


 432 008d 00       		.byte	0x0
 433 008e 0B       		.uleb128 0xb
 434 008f 01       		.uleb128 0x1
 435 0090 01       		.byte	0x1
 436 0091 01       		.uleb128 0x1
 437 0092 13       		.uleb128 0x13
 438 0093 49       		.uleb128 0x49
 439 0094 13       		.uleb128 0x13
 440 0095 00       		.byte	0x0
 441 0096 00       		.byte	0x0
 442 0097 0C       		.uleb128 0xc
 443 0098 21       		.uleb128 0x21
 444 0099 00       		.byte	0x0
 445 009a 49       		.uleb128 0x49
 446 009b 13       		.uleb128 0x13
 447 009c 2F       		.uleb128 0x2f
 448 009d 0B       		.uleb128 0xb
 449 009e 00       		.byte	0x0
 450 009f 00       		.byte	0x0
 451 00a0 00       		.byte	0x0
 452              		.section	.debug_pubnames,"",%progbits
 453 0000 17000000 		.4byte	0x17
 454 0004 0200     		.2byte	0x2
 455 0006 00000000 		.4byte	.Ldebug_info0
 456 000a C4000000 		.4byte	0xc4
 457 000e 45000000 		.4byte	0x45
 458 0012 6D61696E 		.ascii	"main\000"
 458      00
 459 0017 00000000 		.4byte	0x0
 460              		.section	.debug_aranges,"",%progbits
 461 0000 1C000000 		.4byte	0x1c
 462 0004 0200     		.2byte	0x2
 463 0006 00000000 		.4byte	.Ldebug_info0
 464 000a 04       		.byte	0x4
 465 000b 00       		.byte	0x0
 466 000c 0000     		.2byte	0x0
 467 000e 0000     		.2byte	0x0
 468 0010 00000000 		.4byte	.Ltext0
 469 0014 AC000000 		.4byte	.Letext0-.Ltext0
 470 0018 00000000 		.4byte	0x0
 471 001c 00000000 		.4byte	0x0
 472              		.section	.debug_str,"MS",%progbits,1
 473              	.LASF3:
 474 0000 6C6F6E67 		.ascii	"long unsigned int\000"
 474      20756E73 
 474      69676E65 
 474      6420696E 
 474      7400
 475              	.LASF0:
 476 0012 64617461 		.ascii	"dataSend\000"
 476      53656E64 
 476      00
 477              	.LASF8:
 478 001b 64656C61 		.ascii	"delayMs\000"
 478      794D7300 
 479              	.LASF9:
 480 0023 64656C61 		.ascii	"delayInMs\000"
ARM GAS  /cygdrive/c/DOCUME~1/deforce/LOKALA~1/Temp/ccQPuH5D.s 			page 12


 480      79496E4D 
 480      7300
 481              	.LASF2:
 482 002d 73686F72 		.ascii	"short unsigned int\000"
 482      7420756E 
 482      7369676E 
 482      65642069 
 482      6E7400
 483              	.LASF5:
 484 0040 474E5520 		.ascii	"GNU C 4.1.1\000"
 484      4320342E 
 484      312E3100 
 485              	.LASF6:
 486 004c 6D61696E 		.ascii	"main.c\000"
 486      2E6300
 487              	.LASF4:
 488 0053 756E7369 		.ascii	"unsigned char\000"
 488      676E6564 
 488      20636861 
 488      7200
 489              	.LASF10:
 490 0061 6D61696E 		.ascii	"main\000"
 490      00
 491              	.LASF1:
 492 0066 64617461 		.ascii	"dataReceive\000"
 492      52656365 
 492      69766500 
 493              	.LASF7:
 494 0072 2F637967 		.ascii	"/cygdrive/c/ultraljudprojects/CATtest\000"
 494      64726976 
 494      652F632F 
 494      756C7472 
 494      616C6A75 
 495              		.ident	"GCC: (GNU) 4.1.1"
ARM GAS  /cygdrive/c/DOCUME~1/deforce/LOKALA~1/Temp/ccQPuH5D.s 			page 13


DEFINED SYMBOLS
                            *ABS*:00000000 main.c
/cygdrive/c/DOCUME~1/deforce/LOKALA~1/Temp/ccQPuH5D.s:1      .text:00000000 $t
/cygdrive/c/DOCUME~1/deforce/LOKALA~1/Temp/ccQPuH5D.s:24     .text:00000000 main
/cygdrive/c/DOCUME~1/deforce/LOKALA~1/Temp/ccQPuH5D.s:128    .text:00000094 $d

UNDEFINED SYMBOLS
eaInit
simplePrintf
i2cInit
i2cStart
i2cWrite
i2cStop
i2cMyWrite
i2cRead
