ARM GAS  /cygdrive/c/DOCUME~1/deforce/LOKALA~1/Temp/ccaOJgln.s 			page 1


   1              		.code	16
   2              		.file	"proc1.c"
   3              		.section	.debug_abbrev,"",%progbits
   4              	.Ldebug_abbrev0:
   5              		.section	.debug_info,"",%progbits
   6              	.Ldebug_info0:
   7              		.section	.debug_line,"",%progbits
   8              	.Ldebug_line0:
   9 0000 87000000 		.text
   9      02006300 
   9      00000201 
   9      FB0E0D00 
   9      01010101 
  10              	.Ltext0:
  11              		.align	2
  12              		.global	procEx1
  13              		.code 16
  14              		.thumb_func
  15              		.type	procEx1, %function
  16              	procEx1:
  17              	.LFB2:
  18              		.file 1 "proc1.c"
   1:proc1.c       **** /*
   2:proc1.c       ****  * proc1.c
   3:proc1.c       ****  *
   4:proc1.c       ****  *  Created on: 31 okt 2011
   5:proc1.c       ****  *      Author: Tommy
   6:proc1.c       ****  */
   7:proc1.c       **** 
   8:proc1.c       **** /*****************************************************************************
   9:proc1.c       ****  *
  10:proc1.c       ****  *    Exempel 1
  11:proc1.c       ****  *
  12:proc1.c       ****  *
  13:proc1.c       ****  ****************************************************************************/
  14:proc1.c       **** #include "pre_emptive_os/api/osapi.h"
  15:proc1.c       **** #include "general.h"
  16:proc1.c       **** #include "startup/lpc2xxx.h"
  17:proc1.c       **** #include "startup/printf_P.h"
  18:proc1.c       **** #include "startup/ea_init.h"
  19:proc1.c       **** #include "startup/consol.h"
  20:proc1.c       **** #include "startup/config.h"
  21:proc1.c       **** #include "startup/framework.h"
  22:proc1.c       **** 
  23:proc1.c       **** #include "LCD/LCD.h"  //  Funktionsprototyper för LCD-rutinerna
  24:proc1.c       **** 
  25:proc1.c       **** extern long const delayshort;
  26:proc1.c       **** extern long const delaylong;
  27:proc1.c       **** 
  28:proc1.c       **** extern tCntSem mutexLCD;
  29:proc1.c       **** 
  30:proc1.c       **** 
  31:proc1.c       **** 
  32:proc1.c       **** void
  33:proc1.c       **** procEx1(void* arg)
  34:proc1.c       **** {
  19              		.loc 1 34 0
ARM GAS  /cygdrive/c/DOCUME~1/deforce/LOKALA~1/Temp/ccaOJgln.s 			page 2


  20 0000 80B5     		push	{r7, lr}
  21              	.LCFI0:
  22 0002 82B0     		sub	sp, sp, #8
  23              	.LCFI1:
  24 0004 00AF     		add	r7, sp, #0
  25              	.LCFI2:
  26 0006 3B1C     		mov	r3, r7
  27 0008 1860     		str	r0, [r3]
  28              	.L2:
  35:proc1.c       ****   tU8 error;
  36:proc1.c       **** 
  37:proc1.c       ****   for(;;)
  38:proc1.c       ****   {
  39:proc1.c       **** // Exempelkod för att visa hur flera processer kan dela på LCD
  40:proc1.c       **** 
  41:proc1.c       ****    osSemTake(&mutexLCD, 0, &error);
  29              		.loc 1 41 0
  30 000a 1F4B     		ldr	r3, .L4
  31 000c FA1D     		add	r2, r7, #7
  32 000e 181C     		mov	r0, r3
  33 0010 0021     		mov	r1, #0
  34 0012 FFF7FEFF 		bl	osSemTake
  42:proc1.c       **** 
  43:proc1.c       **** 	delay(delayshort);
  35              		.loc 1 43 0
  36 0016 1D4B     		ldr	r3, .L4+4
  37 0018 1B68     		ldr	r3, [r3]
  38 001a 181C     		mov	r0, r3
  39 001c FFF7FEFF 		bl	delay
  44:proc1.c       **** 	send_instruction(1);	//cleara displayen
  40              		.loc 1 44 0
  41 0020 0120     		mov	r0, #1
  42 0022 FFF7FEFF 		bl	send_instruction
  45:proc1.c       **** 	delay(delaylong);
  43              		.loc 1 45 0
  44 0026 1A4B     		ldr	r3, .L4+8
  45 0028 1B68     		ldr	r3, [r3]
  46 002a 181C     		mov	r0, r3
  47 002c FFF7FEFF 		bl	delay
  46:proc1.c       **** 	send_instruction(2);  //cursorn till första positionen
  48              		.loc 1 46 0
  49 0030 0220     		mov	r0, #2
  50 0032 FFF7FEFF 		bl	send_instruction
  47:proc1.c       **** 	delay(delaylong);
  51              		.loc 1 47 0
  52 0036 164B     		ldr	r3, .L4+8
  53 0038 1B68     		ldr	r3, [r3]
  54 003a 181C     		mov	r0, r3
  55 003c FFF7FEFF 		bl	delay
  48:proc1.c       ****     send_character('E');
  56              		.loc 1 48 0
  57 0040 4520     		mov	r0, #69
  58 0042 FFF7FEFF 		bl	send_character
  49:proc1.c       ****     delay(delayshort);
  59              		.loc 1 49 0
  60 0046 114B     		ldr	r3, .L4+4
  61 0048 1B68     		ldr	r3, [r3]
ARM GAS  /cygdrive/c/DOCUME~1/deforce/LOKALA~1/Temp/ccaOJgln.s 			page 3


  62 004a 181C     		mov	r0, r3
  63 004c FFF7FEFF 		bl	delay
  50:proc1.c       ****     send_character('x');
  64              		.loc 1 50 0
  65 0050 7820     		mov	r0, #120
  66 0052 FFF7FEFF 		bl	send_character
  51:proc1.c       ****     delay(delayshort);
  67              		.loc 1 51 0
  68 0056 0D4B     		ldr	r3, .L4+4
  69 0058 1B68     		ldr	r3, [r3]
  70 005a 181C     		mov	r0, r3
  71 005c FFF7FEFF 		bl	delay
  52:proc1.c       **** 
  53:proc1.c       ****     send_character('1');
  72              		.loc 1 53 0
  73 0060 3120     		mov	r0, #49
  74 0062 FFF7FEFF 		bl	send_character
  54:proc1.c       **** 
  55:proc1.c       ****     osSleep(300);		// för att infon säkert skall hinna synas
  75              		.loc 1 55 0
  76 0066 9623     		mov	r3, #150
  77 0068 5B00     		lsl	r3, r3, #1
  78 006a 181C     		mov	r0, r3
  79 006c FFF7FEFF 		bl	osSleep
  56:proc1.c       **** 
  57:proc1.c       ****     osSemGive(&mutexLCD, &error);
  80              		.loc 1 57 0
  81 0070 054B     		ldr	r3, .L4
  82 0072 FA1D     		add	r2, r7, #7
  83 0074 181C     		mov	r0, r3
  84 0076 111C     		mov	r1, r2
  85 0078 FFF7FEFF 		bl	osSemGive
  58:proc1.c       **** 
  59:proc1.c       **** 
  60:proc1.c       ****     osSleep(1000);
  86              		.loc 1 60 0
  87 007c FA23     		mov	r3, #250
  88 007e 9B00     		lsl	r3, r3, #2
  89 0080 181C     		mov	r0, r3
  90 0082 FFF7FEFF 		bl	osSleep
  61:proc1.c       ****   }
  91              		.loc 1 61 0
  92 0086 C0E7     		b	.L2
  93              	.L5:
  94              		.align	2
  95              	.L4:
  96 0088 00000000 		.word	mutexLCD
  97 008c 00000000 		.word	delayshort
  98 0090 00000000 		.word	delaylong
  99              	.LFE2:
 100              		.size	procEx1, .-procEx1
 101              		.section	.debug_frame,"",%progbits
 102              	.Lframe0:
 103 0000 0C000000 		.4byte	.LECIE0-.LSCIE0
 104              	.LSCIE0:
 105 0004 FFFFFFFF 		.4byte	0xffffffff
 106 0008 01       		.byte	0x1
ARM GAS  /cygdrive/c/DOCUME~1/deforce/LOKALA~1/Temp/ccaOJgln.s 			page 4


 107 0009 00       		.ascii	"\000"
 108 000a 01       		.uleb128 0x1
 109 000b 7C       		.sleb128 -4
 110 000c 0E       		.byte	0xe
 111 000d 0C       		.byte	0xc
 112 000e 0D       		.uleb128 0xd
 113 000f 00       		.uleb128 0x0
 114              		.align	2
 115              	.LECIE0:
 116              	.LSFDE0:
 117 0010 1C000000 		.4byte	.LEFDE0-.LASFDE0
 118              	.LASFDE0:
 119 0014 00000000 		.4byte	.Lframe0
 120 0018 00000000 		.4byte	.LFB2
 121 001c 94000000 		.4byte	.LFE2-.LFB2
 122 0020 42       		.byte	0x4
 123              		.4byte	.LCFI0-.LFB2
 124 0021 0E       		.byte	0xe
 125 0022 08       		.uleb128 0x8
 126 0023 87       		.byte	0x87
 127 0024 02       		.uleb128 0x2
 128 0025 8E       		.byte	0x8e
 129 0026 01       		.uleb128 0x1
 130 0027 42       		.byte	0x4
 131              		.4byte	.LCFI1-.LCFI0
 132 0028 0E       		.byte	0xe
 133 0029 10       		.uleb128 0x10
 134 002a 42       		.byte	0x4
 135              		.4byte	.LCFI2-.LCFI1
 136 002b 0D       		.byte	0xd
 137 002c 07       		.uleb128 0x7
 138 002d 000000   		.align	2
 139              	.LEFDE0:
 140              		.file 2 "pre_emptive_os/api/osapi.h"
 141              		.file 3 "pre_emptive_os/api/../api/general.h"
 142              		.text
 143              	.Letext0:
 144              		.section	.debug_loc,"",%progbits
 145              	.Ldebug_loc0:
 146              	.LLST0:
 147 0000 00000000 		.4byte	.LFB2-.Ltext0
 148 0004 02000000 		.4byte	.LCFI0-.Ltext0
 149 0008 0100     		.2byte	0x1
 150 000a 5D       		.byte	0x5d
 151 000b 02000000 		.4byte	.LCFI0-.Ltext0
 152 000f 04000000 		.4byte	.LCFI1-.Ltext0
 153 0013 0200     		.2byte	0x2
 154 0015 7D       		.byte	0x7d
 155 0016 08       		.sleb128 8
 156 0017 04000000 		.4byte	.LCFI1-.Ltext0
 157 001b 06000000 		.4byte	.LCFI2-.Ltext0
 158 001f 0200     		.2byte	0x2
 159 0021 7D       		.byte	0x7d
 160 0022 10       		.sleb128 16
 161 0023 06000000 		.4byte	.LCFI2-.Ltext0
 162 0027 94000000 		.4byte	.LFE2-.Ltext0
 163 002b 0200     		.2byte	0x2
ARM GAS  /cygdrive/c/DOCUME~1/deforce/LOKALA~1/Temp/ccaOJgln.s 			page 5


 164 002d 77       		.byte	0x77
 165 002e 10       		.sleb128 16
 166 002f 00000000 		.4byte	0x0
 167 0033 00000000 		.4byte	0x0
 168              		.section	.debug_info
 169 0000 71030000 		.4byte	0x371
 170 0004 0200     		.2byte	0x2
 171 0006 00000000 		.4byte	.Ldebug_abbrev0
 172 000a 04       		.byte	0x4
 173 000b 01       		.uleb128 0x1
 174 000c 00000000 		.4byte	.Ldebug_line0
 175 0010 94000000 		.4byte	.Letext0
 176 0014 00000000 		.4byte	.Ltext0
 177 0018 474E5520 		.ascii	"GNU C 4.1.1\000"
 177      4320342E 
 177      312E3100 
 178 0024 01       		.byte	0x1
 179 0025 70726F63 		.ascii	"proc1.c\000"
 179      312E6300 
 180 002d 2F637967 		.ascii	"/cygdrive/c/DropBox/LEGO Projekt/Project12\000"
 180      64726976 
 180      652F632F 
 180      44726F70 
 180      426F782F 
 181 0058 02       		.uleb128 0x2
 182 0059 74553800 		.ascii	"tU8\000"
 183 005d 03       		.byte	0x3
 184 005e 47       		.byte	0x47
 185 005f 63000000 		.4byte	0x63
 186 0063 03       		.uleb128 0x3
 187 0064 756E7369 		.ascii	"unsigned char\000"
 187      676E6564 
 187      20636861 
 187      7200
 188 0072 01       		.byte	0x1
 189 0073 08       		.byte	0x8
 190 0074 02       		.uleb128 0x2
 191 0075 74553136 		.ascii	"tU16\000"
 191      00
 192 007a 03       		.byte	0x3
 193 007b 48       		.byte	0x48
 194 007c 80000000 		.4byte	0x80
 195 0080 03       		.uleb128 0x3
 196 0081 73686F72 		.ascii	"short unsigned int\000"
 196      7420756E 
 196      7369676E 
 196      65642069 
 196      6E7400
 197 0094 02       		.byte	0x2
 198 0095 07       		.byte	0x7
 199 0096 02       		.uleb128 0x2
 200 0097 74553332 		.ascii	"tU32\000"
 200      00
 201 009c 03       		.byte	0x3
 202 009d 49       		.byte	0x49
 203 009e A2000000 		.4byte	0xa2
 204 00a2 03       		.uleb128 0x3
ARM GAS  /cygdrive/c/DOCUME~1/deforce/LOKALA~1/Temp/ccaOJgln.s 			page 6


 205 00a3 756E7369 		.ascii	"unsigned int\000"
 205      676E6564 
 205      20696E74 
 205      00
 206 00b0 04       		.byte	0x4
 207 00b1 07       		.byte	0x7
 208 00b2 03       		.uleb128 0x3
 209 00b3 7369676E 		.ascii	"signed char\000"
 209      65642063 
 209      68617200 
 210 00bf 01       		.byte	0x1
 211 00c0 06       		.byte	0x6
 212 00c1 03       		.uleb128 0x3
 213 00c2 73686F72 		.ascii	"short int\000"
 213      7420696E 
 213      7400
 214 00cc 02       		.byte	0x2
 215 00cd 05       		.byte	0x5
 216 00ce 03       		.uleb128 0x3
 217 00cf 696E7400 		.ascii	"int\000"
 218 00d3 04       		.byte	0x4
 219 00d4 05       		.byte	0x5
 220 00d5 04       		.uleb128 0x4
 221 00d6 EA010000 		.4byte	0x1ea
 222 00da 5F744F53 		.ascii	"_tOSPCB__\000"
 222      5043425F 
 222      5F00
 223 00e4 28       		.byte	0x28
 224 00e5 02       		.byte	0x2
 225 00e6 58       		.byte	0x58
 226 00e7 05       		.uleb128 0x5
 227 00e8 7053746B 		.ascii	"pStk\000"
 227      00
 228 00ed 02       		.byte	0x2
 229 00ee 59       		.byte	0x59
 230 00ef EA010000 		.4byte	0x1ea
 231 00f3 02       		.byte	0x2
 232 00f4 23       		.byte	0x23
 233 00f5 00       		.uleb128 0x0
 234 00f6 05       		.uleb128 0x5
 235 00f7 704E6578 		.ascii	"pNextPrioQueueReady\000"
 235      74507269 
 235      6F517565 
 235      75655265 
 235      61647900 
 236 010b 02       		.byte	0x2
 237 010c 5A       		.byte	0x5a
 238 010d F0010000 		.4byte	0x1f0
 239 0111 02       		.byte	0x2
 240 0112 23       		.byte	0x23
 241 0113 04       		.uleb128 0x4
 242 0114 05       		.uleb128 0x5
 243 0115 70507265 		.ascii	"pPrevPrioQueueReady\000"
 243      76507269 
 243      6F517565 
 243      75655265 
 243      61647900 
ARM GAS  /cygdrive/c/DOCUME~1/deforce/LOKALA~1/Temp/ccaOJgln.s 			page 7


 244 0129 02       		.byte	0x2
 245 012a 5B       		.byte	0x5b
 246 012b F0010000 		.4byte	0x1f0
 247 012f 02       		.byte	0x2
 248 0130 23       		.byte	0x23
 249 0131 08       		.uleb128 0x8
 250 0132 05       		.uleb128 0x5
 251 0133 704E6578 		.ascii	"pNextPrioQueueEvent\000"
 251      74507269 
 251      6F517565 
 251      75654576 
 251      656E7400 
 252 0147 02       		.byte	0x2
 253 0148 5C       		.byte	0x5c
 254 0149 F0010000 		.4byte	0x1f0
 255 014d 02       		.byte	0x2
 256 014e 23       		.byte	0x23
 257 014f 0C       		.uleb128 0xc
 258 0150 05       		.uleb128 0x5
 259 0151 70507265 		.ascii	"pPrevPrioQueueEvent\000"
 259      76507269 
 259      6F517565 
 259      75654576 
 259      656E7400 
 260 0165 02       		.byte	0x2
 261 0166 5D       		.byte	0x5d
 262 0167 F0010000 		.4byte	0x1f0
 263 016b 02       		.byte	0x2
 264 016c 23       		.byte	0x23
 265 016d 10       		.uleb128 0x10
 266 016e 05       		.uleb128 0x5
 267 016f 704E6578 		.ascii	"pNextTimeQueue\000"
 267      7454696D 
 267      65517565 
 267      756500
 268 017e 02       		.byte	0x2
 269 017f 5E       		.byte	0x5e
 270 0180 F0010000 		.4byte	0x1f0
 271 0184 02       		.byte	0x2
 272 0185 23       		.byte	0x23
 273 0186 14       		.uleb128 0x14
 274 0187 05       		.uleb128 0x5
 275 0188 70696400 		.ascii	"pid\000"
 276 018c 02       		.byte	0x2
 277 018d 5F       		.byte	0x5f
 278 018e 58000000 		.4byte	0x58
 279 0192 02       		.byte	0x2
 280 0193 23       		.byte	0x23
 281 0194 18       		.uleb128 0x18
 282 0195 05       		.uleb128 0x5
 283 0196 7072696F 		.ascii	"prio\000"
 283      00
 284 019b 02       		.byte	0x2
 285 019c 60       		.byte	0x60
 286 019d 58000000 		.4byte	0x58
 287 01a1 02       		.byte	0x2
 288 01a2 23       		.byte	0x23
ARM GAS  /cygdrive/c/DOCUME~1/deforce/LOKALA~1/Temp/ccaOJgln.s 			page 8


 289 01a3 19       		.uleb128 0x19
 290 01a4 05       		.uleb128 0x5
 291 01a5 666C6167 		.ascii	"flag\000"
 291      00
 292 01aa 02       		.byte	0x2
 293 01ab 61       		.byte	0x61
 294 01ac 58000000 		.4byte	0x58
 295 01b0 02       		.byte	0x2
 296 01b1 23       		.byte	0x23
 297 01b2 1A       		.uleb128 0x1a
 298 01b3 05       		.uleb128 0x5
 299 01b4 736C6565 		.ascii	"sleep\000"
 299      7000
 300 01ba 02       		.byte	0x2
 301 01bb 62       		.byte	0x62
 302 01bc 96000000 		.4byte	0x96
 303 01c0 02       		.byte	0x2
 304 01c1 23       		.byte	0x23
 305 01c2 1C       		.uleb128 0x1c
 306 01c3 05       		.uleb128 0x5
 307 01c4 7053746B 		.ascii	"pStkOrg\000"
 307      4F726700 
 308 01cc 02       		.byte	0x2
 309 01cd 65       		.byte	0x65
 310 01ce EA010000 		.4byte	0x1ea
 311 01d2 02       		.byte	0x2
 312 01d3 23       		.byte	0x23
 313 01d4 20       		.uleb128 0x20
 314 01d5 05       		.uleb128 0x5
 315 01d6 73746163 		.ascii	"stackSize\000"
 315      6B53697A 
 315      6500
 316 01e0 02       		.byte	0x2
 317 01e1 66       		.byte	0x66
 318 01e2 74000000 		.4byte	0x74
 319 01e6 02       		.byte	0x2
 320 01e7 23       		.byte	0x23
 321 01e8 24       		.uleb128 0x24
 322 01e9 00       		.byte	0x0
 323 01ea 06       		.uleb128 0x6
 324 01eb 04       		.byte	0x4
 325 01ec 58000000 		.4byte	0x58
 326 01f0 06       		.uleb128 0x6
 327 01f1 04       		.byte	0x4
 328 01f2 D5000000 		.4byte	0xd5
 329 01f6 02       		.uleb128 0x2
 330 01f7 744F5350 		.ascii	"tOSPCB\000"
 330      434200
 331 01fe 02       		.byte	0x2
 332 01ff 68       		.byte	0x68
 333 0200 D5000000 		.4byte	0xd5
 334 0204 04       		.uleb128 0x4
 335 0205 3E020000 		.4byte	0x23e
 336 0209 5F745072 		.ascii	"_tPrioQueue_\000"
 336      696F5175 
 336      6575655F 
 336      00
ARM GAS  /cygdrive/c/DOCUME~1/deforce/LOKALA~1/Temp/ccaOJgln.s 			page 9


 337 0216 18       		.byte	0x18
 338 0217 02       		.byte	0x2
 339 0218 70       		.byte	0x70
 340 0219 05       		.uleb128 0x5
 341 021a 70507269 		.ascii	"pPrioList\000"
 341      6F4C6973 
 341      7400
 342 0224 02       		.byte	0x2
 343 0225 71       		.byte	0x71
 344 0226 3E020000 		.4byte	0x23e
 345 022a 02       		.byte	0x2
 346 022b 23       		.byte	0x23
 347 022c 00       		.uleb128 0x0
 348 022d 05       		.uleb128 0x5
 349 022e 70504342 		.ascii	"pPCBs\000"
 349      7300
 350 0234 02       		.byte	0x2
 351 0235 72       		.byte	0x72
 352 0236 63020000 		.4byte	0x263
 353 023a 02       		.byte	0x2
 354 023b 23       		.byte	0x23
 355 023c 14       		.uleb128 0x14
 356 023d 00       		.byte	0x0
 357 023e 07       		.uleb128 0x7
 358 023f 4E020000 		.4byte	0x24e
 359 0243 63020000 		.4byte	0x263
 360 0247 08       		.uleb128 0x8
 361 0248 4E020000 		.4byte	0x24e
 362 024c 04       		.byte	0x4
 363 024d 00       		.byte	0x0
 364 024e 03       		.uleb128 0x3
 365 024f 6C6F6E67 		.ascii	"long unsigned int\000"
 365      20756E73 
 365      69676E65 
 365      6420696E 
 365      7400
 366 0261 04       		.byte	0x4
 367 0262 07       		.byte	0x7
 368 0263 06       		.uleb128 0x6
 369 0264 04       		.byte	0x4
 370 0265 F6010000 		.4byte	0x1f6
 371 0269 02       		.uleb128 0x2
 372 026a 74507269 		.ascii	"tPrioQueue\000"
 372      6F517565 
 372      756500
 373 0275 02       		.byte	0x2
 374 0276 73       		.byte	0x73
 375 0277 04020000 		.4byte	0x204
 376 027b 04       		.uleb128 0x4
 377 027c 9F020000 		.4byte	0x29f
 378 0280 5F744F53 		.ascii	"_tOSEvent_\000"
 378      4576656E 
 378      745F00
 379 028b 18       		.byte	0x18
 380 028c 02       		.byte	0x2
 381 028d 76       		.byte	0x76
 382 028e 05       		.uleb128 0x5
ARM GAS  /cygdrive/c/DOCUME~1/deforce/LOKALA~1/Temp/ccaOJgln.s 			page 10


 383 028f 77616974 		.ascii	"waitQ\000"
 383      5100
 384 0295 02       		.byte	0x2
 385 0296 77       		.byte	0x77
 386 0297 69020000 		.4byte	0x269
 387 029b 02       		.byte	0x2
 388 029c 23       		.byte	0x23
 389 029d 00       		.uleb128 0x0
 390 029e 00       		.byte	0x0
 391 029f 02       		.uleb128 0x2
 392 02a0 744F5345 		.ascii	"tOSEvent\000"
 392      76656E74 
 392      00
 393 02a9 02       		.byte	0x2
 394 02aa 78       		.byte	0x78
 395 02ab 7B020000 		.4byte	0x27b
 396 02af 04       		.uleb128 0x4
 397 02b0 DD020000 		.4byte	0x2dd
 398 02b4 5F74436E 		.ascii	"_tCntSem_\000"
 398      7453656D 
 398      5F00
 399 02be 1C       		.byte	0x1c
 400 02bf 02       		.byte	0x2
 401 02c0 7B       		.byte	0x7b
 402 02c1 05       		.uleb128 0x5
 403 02c2 657600   		.ascii	"ev\000"
 404 02c5 02       		.byte	0x2
 405 02c6 7C       		.byte	0x7c
 406 02c7 9F020000 		.4byte	0x29f
 407 02cb 02       		.byte	0x2
 408 02cc 23       		.byte	0x23
 409 02cd 00       		.uleb128 0x0
 410 02ce 05       		.uleb128 0x5
 411 02cf 636E7400 		.ascii	"cnt\000"
 412 02d3 02       		.byte	0x2
 413 02d4 7D       		.byte	0x7d
 414 02d5 74000000 		.4byte	0x74
 415 02d9 02       		.byte	0x2
 416 02da 23       		.byte	0x23
 417 02db 18       		.uleb128 0x18
 418 02dc 00       		.byte	0x0
 419 02dd 02       		.uleb128 0x2
 420 02de 74436E74 		.ascii	"tCntSem\000"
 420      53656D00 
 421 02e6 02       		.byte	0x2
 422 02e7 7F       		.byte	0x7f
 423 02e8 AF020000 		.4byte	0x2af
 424 02ec 09       		.uleb128 0x9
 425 02ed 04       		.byte	0x4
 426 02ee 0A       		.uleb128 0xa
 427 02ef 2A030000 		.4byte	0x32a
 428 02f3 01       		.byte	0x1
 429 02f4 70726F63 		.ascii	"procEx1\000"
 429      45783100 
 430 02fc 01       		.byte	0x1
 431 02fd 22       		.byte	0x22
 432 02fe 01       		.byte	0x1
ARM GAS  /cygdrive/c/DOCUME~1/deforce/LOKALA~1/Temp/ccaOJgln.s 			page 11


 433 02ff 00000000 		.4byte	.LFB2
 434 0303 94000000 		.4byte	.LFE2
 435 0307 00000000 		.4byte	.LLST0
 436 030b 0B       		.uleb128 0xb
 437 030c 61726700 		.ascii	"arg\000"
 438 0310 01       		.byte	0x1
 439 0311 21       		.byte	0x21
 440 0312 EC020000 		.4byte	0x2ec
 441 0316 02       		.byte	0x2
 442 0317 91       		.byte	0x91
 443 0318 70       		.sleb128 -16
 444 0319 0C       		.uleb128 0xc
 445 031a 6572726F 		.ascii	"error\000"
 445      7200
 446 0320 01       		.byte	0x1
 447 0321 23       		.byte	0x23
 448 0322 63000000 		.4byte	0x63
 449 0326 02       		.byte	0x2
 450 0327 91       		.byte	0x91
 451 0328 77       		.sleb128 -9
 452 0329 00       		.byte	0x0
 453 032a 0D       		.uleb128 0xd
 454 032b 64656C61 		.ascii	"delayshort\000"
 454      7973686F 
 454      727400
 455 0336 01       		.byte	0x1
 456 0337 19       		.byte	0x19
 457 0338 3E030000 		.4byte	0x33e
 458 033c 01       		.byte	0x1
 459 033d 01       		.byte	0x1
 460 033e 0E       		.uleb128 0xe
 461 033f 43030000 		.4byte	0x343
 462 0343 03       		.uleb128 0x3
 463 0344 6C6F6E67 		.ascii	"long int\000"
 463      20696E74 
 463      00
 464 034d 04       		.byte	0x4
 465 034e 05       		.byte	0x5
 466 034f 0D       		.uleb128 0xd
 467 0350 64656C61 		.ascii	"delaylong\000"
 467      796C6F6E 
 467      6700
 468 035a 01       		.byte	0x1
 469 035b 1A       		.byte	0x1a
 470 035c 3E030000 		.4byte	0x33e
 471 0360 01       		.byte	0x1
 472 0361 01       		.byte	0x1
 473 0362 0D       		.uleb128 0xd
 474 0363 6D757465 		.ascii	"mutexLCD\000"
 474      784C4344 
 474      00
 475 036c 01       		.byte	0x1
 476 036d 1C       		.byte	0x1c
 477 036e DD020000 		.4byte	0x2dd
 478 0372 01       		.byte	0x1
 479 0373 01       		.byte	0x1
 480 0374 00       		.byte	0x0
ARM GAS  /cygdrive/c/DOCUME~1/deforce/LOKALA~1/Temp/ccaOJgln.s 			page 12


 481              		.section	.debug_abbrev
 482 0000 01       		.uleb128 0x1
 483 0001 11       		.uleb128 0x11
 484 0002 01       		.byte	0x1
 485 0003 10       		.uleb128 0x10
 486 0004 06       		.uleb128 0x6
 487 0005 12       		.uleb128 0x12
 488 0006 01       		.uleb128 0x1
 489 0007 11       		.uleb128 0x11
 490 0008 01       		.uleb128 0x1
 491 0009 25       		.uleb128 0x25
 492 000a 08       		.uleb128 0x8
 493 000b 13       		.uleb128 0x13
 494 000c 0B       		.uleb128 0xb
 495 000d 03       		.uleb128 0x3
 496 000e 08       		.uleb128 0x8
 497 000f 1B       		.uleb128 0x1b
 498 0010 08       		.uleb128 0x8
 499 0011 00       		.byte	0x0
 500 0012 00       		.byte	0x0
 501 0013 02       		.uleb128 0x2
 502 0014 16       		.uleb128 0x16
 503 0015 00       		.byte	0x0
 504 0016 03       		.uleb128 0x3
 505 0017 08       		.uleb128 0x8
 506 0018 3A       		.uleb128 0x3a
 507 0019 0B       		.uleb128 0xb
 508 001a 3B       		.uleb128 0x3b
 509 001b 0B       		.uleb128 0xb
 510 001c 49       		.uleb128 0x49
 511 001d 13       		.uleb128 0x13
 512 001e 00       		.byte	0x0
 513 001f 00       		.byte	0x0
 514 0020 03       		.uleb128 0x3
 515 0021 24       		.uleb128 0x24
 516 0022 00       		.byte	0x0
 517 0023 03       		.uleb128 0x3
 518 0024 08       		.uleb128 0x8
 519 0025 0B       		.uleb128 0xb
 520 0026 0B       		.uleb128 0xb
 521 0027 3E       		.uleb128 0x3e
 522 0028 0B       		.uleb128 0xb
 523 0029 00       		.byte	0x0
 524 002a 00       		.byte	0x0
 525 002b 04       		.uleb128 0x4
 526 002c 13       		.uleb128 0x13
 527 002d 01       		.byte	0x1
 528 002e 01       		.uleb128 0x1
 529 002f 13       		.uleb128 0x13
 530 0030 03       		.uleb128 0x3
 531 0031 08       		.uleb128 0x8
 532 0032 0B       		.uleb128 0xb
 533 0033 0B       		.uleb128 0xb
 534 0034 3A       		.uleb128 0x3a
 535 0035 0B       		.uleb128 0xb
 536 0036 3B       		.uleb128 0x3b
 537 0037 0B       		.uleb128 0xb
ARM GAS  /cygdrive/c/DOCUME~1/deforce/LOKALA~1/Temp/ccaOJgln.s 			page 13


 538 0038 00       		.byte	0x0
 539 0039 00       		.byte	0x0
 540 003a 05       		.uleb128 0x5
 541 003b 0D       		.uleb128 0xd
 542 003c 00       		.byte	0x0
 543 003d 03       		.uleb128 0x3
 544 003e 08       		.uleb128 0x8
 545 003f 3A       		.uleb128 0x3a
 546 0040 0B       		.uleb128 0xb
 547 0041 3B       		.uleb128 0x3b
 548 0042 0B       		.uleb128 0xb
 549 0043 49       		.uleb128 0x49
 550 0044 13       		.uleb128 0x13
 551 0045 38       		.uleb128 0x38
 552 0046 0A       		.uleb128 0xa
 553 0047 00       		.byte	0x0
 554 0048 00       		.byte	0x0
 555 0049 06       		.uleb128 0x6
 556 004a 0F       		.uleb128 0xf
 557 004b 00       		.byte	0x0
 558 004c 0B       		.uleb128 0xb
 559 004d 0B       		.uleb128 0xb
 560 004e 49       		.uleb128 0x49
 561 004f 13       		.uleb128 0x13
 562 0050 00       		.byte	0x0
 563 0051 00       		.byte	0x0
 564 0052 07       		.uleb128 0x7
 565 0053 01       		.uleb128 0x1
 566 0054 01       		.byte	0x1
 567 0055 01       		.uleb128 0x1
 568 0056 13       		.uleb128 0x13
 569 0057 49       		.uleb128 0x49
 570 0058 13       		.uleb128 0x13
 571 0059 00       		.byte	0x0
 572 005a 00       		.byte	0x0
 573 005b 08       		.uleb128 0x8
 574 005c 21       		.uleb128 0x21
 575 005d 00       		.byte	0x0
 576 005e 49       		.uleb128 0x49
 577 005f 13       		.uleb128 0x13
 578 0060 2F       		.uleb128 0x2f
 579 0061 0B       		.uleb128 0xb
 580 0062 00       		.byte	0x0
 581 0063 00       		.byte	0x0
 582 0064 09       		.uleb128 0x9
 583 0065 0F       		.uleb128 0xf
 584 0066 00       		.byte	0x0
 585 0067 0B       		.uleb128 0xb
 586 0068 0B       		.uleb128 0xb
 587 0069 00       		.byte	0x0
 588 006a 00       		.byte	0x0
 589 006b 0A       		.uleb128 0xa
 590 006c 2E       		.uleb128 0x2e
 591 006d 01       		.byte	0x1
 592 006e 01       		.uleb128 0x1
 593 006f 13       		.uleb128 0x13
 594 0070 3F       		.uleb128 0x3f
ARM GAS  /cygdrive/c/DOCUME~1/deforce/LOKALA~1/Temp/ccaOJgln.s 			page 14


 595 0071 0C       		.uleb128 0xc
 596 0072 03       		.uleb128 0x3
 597 0073 08       		.uleb128 0x8
 598 0074 3A       		.uleb128 0x3a
 599 0075 0B       		.uleb128 0xb
 600 0076 3B       		.uleb128 0x3b
 601 0077 0B       		.uleb128 0xb
 602 0078 27       		.uleb128 0x27
 603 0079 0C       		.uleb128 0xc
 604 007a 11       		.uleb128 0x11
 605 007b 01       		.uleb128 0x1
 606 007c 12       		.uleb128 0x12
 607 007d 01       		.uleb128 0x1
 608 007e 40       		.uleb128 0x40
 609 007f 06       		.uleb128 0x6
 610 0080 00       		.byte	0x0
 611 0081 00       		.byte	0x0
 612 0082 0B       		.uleb128 0xb
 613 0083 05       		.uleb128 0x5
 614 0084 00       		.byte	0x0
 615 0085 03       		.uleb128 0x3
 616 0086 08       		.uleb128 0x8
 617 0087 3A       		.uleb128 0x3a
 618 0088 0B       		.uleb128 0xb
 619 0089 3B       		.uleb128 0x3b
 620 008a 0B       		.uleb128 0xb
 621 008b 49       		.uleb128 0x49
 622 008c 13       		.uleb128 0x13
 623 008d 02       		.uleb128 0x2
 624 008e 0A       		.uleb128 0xa
 625 008f 00       		.byte	0x0
 626 0090 00       		.byte	0x0
 627 0091 0C       		.uleb128 0xc
 628 0092 34       		.uleb128 0x34
 629 0093 00       		.byte	0x0
 630 0094 03       		.uleb128 0x3
 631 0095 08       		.uleb128 0x8
 632 0096 3A       		.uleb128 0x3a
 633 0097 0B       		.uleb128 0xb
 634 0098 3B       		.uleb128 0x3b
 635 0099 0B       		.uleb128 0xb
 636 009a 49       		.uleb128 0x49
 637 009b 13       		.uleb128 0x13
 638 009c 02       		.uleb128 0x2
 639 009d 0A       		.uleb128 0xa
 640 009e 00       		.byte	0x0
 641 009f 00       		.byte	0x0
 642 00a0 0D       		.uleb128 0xd
 643 00a1 34       		.uleb128 0x34
 644 00a2 00       		.byte	0x0
 645 00a3 03       		.uleb128 0x3
 646 00a4 08       		.uleb128 0x8
 647 00a5 3A       		.uleb128 0x3a
 648 00a6 0B       		.uleb128 0xb
 649 00a7 3B       		.uleb128 0x3b
 650 00a8 0B       		.uleb128 0xb
 651 00a9 49       		.uleb128 0x49
ARM GAS  /cygdrive/c/DOCUME~1/deforce/LOKALA~1/Temp/ccaOJgln.s 			page 15


 652 00aa 13       		.uleb128 0x13
 653 00ab 3F       		.uleb128 0x3f
 654 00ac 0C       		.uleb128 0xc
 655 00ad 3C       		.uleb128 0x3c
 656 00ae 0C       		.uleb128 0xc
 657 00af 00       		.byte	0x0
 658 00b0 00       		.byte	0x0
 659 00b1 0E       		.uleb128 0xe
 660 00b2 26       		.uleb128 0x26
 661 00b3 00       		.byte	0x0
 662 00b4 49       		.uleb128 0x49
 663 00b5 13       		.uleb128 0x13
 664 00b6 00       		.byte	0x0
 665 00b7 00       		.byte	0x0
 666 00b8 00       		.byte	0x0
 667              		.section	.debug_pubnames,"",%progbits
 668 0000 1A000000 		.4byte	0x1a
 669 0004 0200     		.2byte	0x2
 670 0006 00000000 		.4byte	.Ldebug_info0
 671 000a 75030000 		.4byte	0x375
 672 000e EE020000 		.4byte	0x2ee
 673 0012 70726F63 		.ascii	"procEx1\000"
 673      45783100 
 674 001a 00000000 		.4byte	0x0
 675              		.section	.debug_aranges,"",%progbits
 676 0000 1C000000 		.4byte	0x1c
 677 0004 0200     		.2byte	0x2
 678 0006 00000000 		.4byte	.Ldebug_info0
 679 000a 04       		.byte	0x4
 680 000b 00       		.byte	0x0
 681 000c 0000     		.2byte	0x0
 682 000e 0000     		.2byte	0x0
 683 0010 00000000 		.4byte	.Ltext0
 684 0014 94000000 		.4byte	.Letext0-.Ltext0
 685 0018 00000000 		.4byte	0x0
 686 001c 00000000 		.4byte	0x0
 687              		.ident	"GCC: (GNU) 4.1.1"
ARM GAS  /cygdrive/c/DOCUME~1/deforce/LOKALA~1/Temp/ccaOJgln.s 			page 16


DEFINED SYMBOLS
                            *ABS*:00000000 proc1.c
/cygdrive/c/DOCUME~1/deforce/LOKALA~1/Temp/ccaOJgln.s:1      .text:00000000 $t
/cygdrive/c/DOCUME~1/deforce/LOKALA~1/Temp/ccaOJgln.s:16     .text:00000000 procEx1
/cygdrive/c/DOCUME~1/deforce/LOKALA~1/Temp/ccaOJgln.s:96     .text:00000088 $d

UNDEFINED SYMBOLS
osSemTake
delay
send_instruction
send_character
osSleep
osSemGive
mutexLCD
delayshort
delaylong
