ARM GAS  /cygdrive/c/DOCUME~1/deforce/LOKALA~1/Temp/ccoNSqoy.s 			page 1


   1              		.file	"framework.c"
   2              		.section	.debug_abbrev,"",%progbits
   3              	.Ldebug_abbrev0:
   4              		.section	.debug_info,"",%progbits
   5              	.Ldebug_info0:
   6              		.section	.debug_line,"",%progbits
   7              	.Ldebug_line0:
   8 0000 AD000000 		.text
   8      02002200 
   8      00000201 
   8      FB0E0D00 
   8      01010101 
   9              	.Ltext0:
  10              		.align	2
  11              		.global	exceptionHandlerInit
  12              		.type	exceptionHandlerInit, %function
  13              	exceptionHandlerInit:
  14              	.LFB7:
  15              		.file 1 "framework.c"
   1:framework.c   **** /******************************************************************************
   2:framework.c   ****  *
   3:framework.c   ****  * Copyright:
   4:framework.c   ****  *    (C) 2000 - 2005 Embedded Artists AB
   5:framework.c   ****  *
   6:framework.c   ****  * Description:
   7:framework.c   ****  *    Framework for ARM7 processor
   8:framework.c   ****  *
   9:framework.c   ****  *****************************************************************************/
  10:framework.c   **** 
  11:framework.c   **** /******************************************************************************
  12:framework.c   ****  * Includes
  13:framework.c   ****  *****************************************************************************/
  14:framework.c   **** #include "lpc2xxx.h"                            /* LPC2xxx definitions */
  15:framework.c   **** #include "config.h"
  16:framework.c   **** #include "framework.h"
  17:framework.c   **** #include "consol.h"
  18:framework.c   **** 
  19:framework.c   **** /******************************************************************************
  20:framework.c   ****  * Defines, macros, and typedefs
  21:framework.c   ****  *****************************************************************************/
  22:framework.c   **** 
  23:framework.c   **** 
  24:framework.c   **** /******************************************************************************
  25:framework.c   ****  * External variables
  26:framework.c   ****  *****************************************************************************/
  27:framework.c   **** extern char end asm ("end");  //the symbol "end" is defined by the linker script
  28:framework.c   **** 
  29:framework.c   **** 
  30:framework.c   **** /******************************************************************************
  31:framework.c   ****  * Public variables
  32:framework.c   ****  *****************************************************************************/
  33:framework.c   **** unsigned char *pHeapStart;
  34:framework.c   **** unsigned char *pHeapEnd;
  35:framework.c   **** 
  36:framework.c   **** 
  37:framework.c   **** /******************************************************************************
  38:framework.c   ****  * External functions
ARM GAS  /cygdrive/c/DOCUME~1/deforce/LOKALA~1/Temp/ccoNSqoy.s 			page 2


  39:framework.c   ****  *****************************************************************************/
  40:framework.c   **** 
  41:framework.c   **** 
  42:framework.c   **** /******************************************************************************
  43:framework.c   ****  * Public functions
  44:framework.c   ****  *****************************************************************************/
  45:framework.c   **** void lowLevelInit(void);
  46:framework.c   **** void eaInit(void);
  47:framework.c   **** void exceptionHandlerInit(void);
  48:framework.c   **** 
  49:framework.c   **** /******************************************************************************
  50:framework.c   ****  * Implementation of local functions
  51:framework.c   ****  *****************************************************************************/
  52:framework.c   **** 
  53:framework.c   **** /*****************************************************************************
  54:framework.c   ****  *
  55:framework.c   ****  * Description:
  56:framework.c   ****  *    Default exception handler for undefined instruction.
  57:framework.c   ****  *    Prints information and halt. Observe that code execture in exception
  58:framework.c   ****  *    mode (as opposed to supervisor mode, which is the normal execution mode).
  59:framework.c   ****  *
  60:framework.c   ****  ****************************************************************************/
  61:framework.c   **** static void
  62:framework.c   **** exceptionHandlerUndef(void)
  63:framework.c   **** {
  64:framework.c   ****   register unsigned int programCounter asm ("lr");
  65:framework.c   ****   unsigned int          value = programCounter - (unsigned int)0x04;
  66:framework.c   **** 
  67:framework.c   ****   consolSendString("Undefined instruction exception !!!\nAddress: 0x");
  68:framework.c   ****   consolSendNumber(16, 8, 0, '0', value); 
  69:framework.c   ****   while(1)
  70:framework.c   ****     ;
  71:framework.c   **** }
  72:framework.c   **** 
  73:framework.c   **** /*****************************************************************************
  74:framework.c   ****  *
  75:framework.c   ****  * Description:
  76:framework.c   ****  *    Default exception handler for software interrupt.
  77:framework.c   ****  *    Prints information and halt. Observe that code execture in exception
  78:framework.c   ****  *    mode (as opposed to supervisor mode, which is the normal execution mode).
  79:framework.c   ****  *
  80:framework.c   ****  ****************************************************************************/
  81:framework.c   **** static void
  82:framework.c   **** exceptionHandlerSwi(void)
  83:framework.c   **** {
  84:framework.c   ****   register unsigned int programCounter asm ("lr");
  85:framework.c   ****   unsigned int          value = programCounter - (unsigned int)0x04;
  86:framework.c   **** 
  87:framework.c   ****   consolSendString("SWI exception !!!\nAddress: 0x");
  88:framework.c   ****   consolSendNumber(16, 8, 0, '0', value); 
  89:framework.c   ****   while(1)
  90:framework.c   ****     ;
  91:framework.c   **** }
  92:framework.c   **** 
  93:framework.c   **** /*****************************************************************************
  94:framework.c   ****  *
  95:framework.c   ****  * Description:
ARM GAS  /cygdrive/c/DOCUME~1/deforce/LOKALA~1/Temp/ccoNSqoy.s 			page 3


  96:framework.c   ****  *    Default exception handler for invalid program fetch.
  97:framework.c   ****  *    Prints information and halt. Observe that code execture in exception
  98:framework.c   ****  *    mode (as opposed to supervisor mode, which is the normal execution mode).
  99:framework.c   ****  *
 100:framework.c   ****  ****************************************************************************/
 101:framework.c   **** static void
 102:framework.c   **** exceptionHandlerPabort()
 103:framework.c   **** {
 104:framework.c   ****   register unsigned int programCounter asm ("lr");
 105:framework.c   ****   unsigned int          value = programCounter - (unsigned int)0x04;
 106:framework.c   **** 
 107:framework.c   ****   consolSendString("Pabort exception !!!\nAddress: 0x");
 108:framework.c   ****   consolSendNumber(16, 8, 0, '0', value); 
 109:framework.c   ****   while(1)
 110:framework.c   ****     ;
 111:framework.c   **** }
 112:framework.c   **** 
 113:framework.c   **** /*****************************************************************************
 114:framework.c   ****  *
 115:framework.c   ****  * Description:
 116:framework.c   ****  *    Default exception handler for invalid data access.
 117:framework.c   ****  *    Prints information and halt. Observe that code execture in exception
 118:framework.c   ****  *    mode (as opposed to supervisor mode, which is the normal execution mode).
 119:framework.c   ****  *
 120:framework.c   ****  ****************************************************************************/
 121:framework.c   **** static void
 122:framework.c   **** exceptionHandlerDabort(void)
 123:framework.c   **** {
 124:framework.c   ****   register unsigned int programCounter asm ("lr");
 125:framework.c   ****   unsigned int          value = programCounter - (unsigned int)0x08;
 126:framework.c   **** 
 127:framework.c   ****   consolSendString("Dabort exception !!!\nAddress: 0x");
 128:framework.c   ****   consolSendNumber(16, 8, 0, '0', value); 
 129:framework.c   ****   while(1)
 130:framework.c   ****     ;
 131:framework.c   **** }
 132:framework.c   **** 
 133:framework.c   **** /*****************************************************************************
 134:framework.c   ****  *
 135:framework.c   ****  * Description:
 136:framework.c   ****  *    Default exception handler for fast interrupts.
 137:framework.c   ****  *    Prints information and halt. Observe that code execture in exception
 138:framework.c   ****  *    mode (as opposed to supervisor mode, which is the normal execution mode).
 139:framework.c   ****  *
 140:framework.c   ****  ****************************************************************************/
 141:framework.c   **** static void
 142:framework.c   **** exceptionHandlerFiq(void)
 143:framework.c   **** {
 144:framework.c   ****   register unsigned int programCounter asm ("lr");
 145:framework.c   ****   unsigned int          value = programCounter - (unsigned int)0x04;
 146:framework.c   **** 
 147:framework.c   ****   consolSendString("FIQ exception !!!\nAddress: 0x");
 148:framework.c   ****   consolSendNumber(16, 8, 0, '0', value); 
 149:framework.c   ****   while(1)
 150:framework.c   ****     ;
 151:framework.c   **** }
 152:framework.c   **** 
ARM GAS  /cygdrive/c/DOCUME~1/deforce/LOKALA~1/Temp/ccoNSqoy.s 			page 4


 153:framework.c   **** #if (IRQ_HANDLER == 0)
 154:framework.c   **** /*****************************************************************************
 155:framework.c   ****  *
 156:framework.c   ****  * Description:
 157:framework.c   ****  *    Default exception handler for normal interrupts. This handler should
 158:framework.c   ****  *    normally never be used.
 159:framework.c   ****  *    Prints information and halt. Observe that code execture in exception
 160:framework.c   ****  *    mode (as opposed to supervisor mode, which is the normal execution mode).
 161:framework.c   ****  *
 162:framework.c   ****  ****************************************************************************/
 163:framework.c   **** static void
 164:framework.c   **** exceptionHandlerIrq(void)
 165:framework.c   **** {
 166:framework.c   ****   register unsigned int programCounter asm ("lr");
 167:framework.c   ****   unsigned int          value = programCounter - (unsigned int)0x04;
 168:framework.c   **** 
 169:framework.c   ****   consolSendString("IRQ exception !!!\nAddress: 0x");
 170:framework.c   ****   consolSendNumber(16, 8, 0, '0', value); 
 171:framework.c   ****   while(1)
 172:framework.c   ****     ;
 173:framework.c   **** }
 174:framework.c   **** #endif
 175:framework.c   **** 
 176:framework.c   **** /******************************************************************************
 177:framework.c   ****  * Implementation of public functions
 178:framework.c   ****  *****************************************************************************/
 179:framework.c   **** 
 180:framework.c   **** /*****************************************************************************
 181:framework.c   ****  *
 182:framework.c   ****  * Description:
 183:framework.c   ****  *    Connect all default exception handlers.
 184:framework.c   ****  *    The application can overwrite these handlers with new ones.
 185:framework.c   ****  *
 186:framework.c   ****  ****************************************************************************/
 187:framework.c   **** void
 188:framework.c   **** exceptionHandlerInit(void)
 189:framework.c   **** {
  16              		.loc 1 189 0
  17              		@ Function supports interworking.
  18              		@ args = 0, pretend = 0, frame = 0
  19              		@ frame_needed = 0, uses_anonymous_args = 0
  20              		@ link register save eliminated.
 190:framework.c   ****   pISR_UNDEF  = (unsigned int)exceptionHandlerUndef;
 191:framework.c   ****   pISR_SWI    = (unsigned int)exceptionHandlerSwi;
 192:framework.c   ****   pISR_PABORT = (unsigned int)exceptionHandlerPabort;
 193:framework.c   ****   pISR_DABORT = (unsigned int)exceptionHandlerDabort;
 194:framework.c   ****   pISR_FIQ    = (unsigned int)exceptionHandlerFiq;
  21              		.loc 1 194 0
  22 0000 40309FE5 		ldr	r3, .L3
  23              		.loc 1 190 0
  24 0004 0111A0E3 		mov	r1, #1073741824
 195:framework.c   **** 
 196:framework.c   **** #if (IRQ_HANDLER == 0)
 197:framework.c   ****   pISR_IRQ    = (unsigned int)exceptionHandlerIrq;
 198:framework.c   **** #endif
 199:framework.c   **** 
 200:framework.c   ****   //set heap limits
ARM GAS  /cygdrive/c/DOCUME~1/deforce/LOKALA~1/Temp/ccoNSqoy.s 			page 5


 201:framework.c   ****   pHeapStart = &end;
  25              		.loc 1 201 0
  26 0008 3C209FE5 		ldr	r2, .L3+4
  27              		.loc 1 194 0
  28 000c 383081E5 		str	r3, [r1, #56]
  29              		.loc 1 201 0
  30 0010 38309FE5 		ldr	r3, .L3+8
  31 0014 002083E5 		str	r2, [r3, #0]
 202:framework.c   ****   pHeapEnd   = (unsigned char*)((STK_SADDR - 1) & 0xfffffffc);
  32              		.loc 1 202 0
  33 0018 34309FE5 		ldr	r3, .L3+12
  34 001c 34209FE5 		ldr	r2, .L3+16
  35 0020 002083E5 		str	r2, [r3, #0]
  36              		.loc 1 190 0
  37 0024 30309FE5 		ldr	r3, .L3+20
  38 0028 243081E5 		str	r3, [r1, #36]
  39              		.loc 1 191 0
  40 002c 2C309FE5 		ldr	r3, .L3+24
  41 0030 283081E5 		str	r3, [r1, #40]
  42              		.loc 1 192 0
  43 0034 28309FE5 		ldr	r3, .L3+28
  44 0038 2C3081E5 		str	r3, [r1, #44]
  45              		.loc 1 193 0
  46 003c 24309FE5 		ldr	r3, .L3+32
  47              		.loc 1 189 0
  48              		@ lr needed for prologue
  49              		.loc 1 193 0
  50 0040 303081E5 		str	r3, [r1, #48]
 203:framework.c   **** }
  51              		.loc 1 203 0
  52 0044 1EFF2FE1 		bx	lr
  53              	.L4:
  54              		.align	2
  55              	.L3:
  56 0048 7C010000 		.word	exceptionHandlerFiq
  57 004c 00000000 		.word	end
  58 0050 00000000 		.word	pHeapStart
  59 0054 00000000 		.word	pHeapEnd
  60 0058 4C7A0040 		.word	1073773132
  61 005c 4C020000 		.word	exceptionHandlerUndef
  62 0060 18020000 		.word	exceptionHandlerSwi
  63 0064 E4010000 		.word	exceptionHandlerPabort
  64 0068 B0010000 		.word	exceptionHandlerDabort
  65              	.LFE7:
  66              		.size	exceptionHandlerInit, .-exceptionHandlerInit
  67              		.align	2
  68              		.global	lowLevelInit
  69              		.type	lowLevelInit, %function
  70              	lowLevelInit:
  71              	.LFB8:
 204:framework.c   **** 
 205:framework.c   **** /*****************************************************************************
 206:framework.c   ****  *
 207:framework.c   ****  * Description:
 208:framework.c   ****  *    Initialize system functions and GPIO
 209:framework.c   ****  *
 210:framework.c   ****  ****************************************************************************/
ARM GAS  /cygdrive/c/DOCUME~1/deforce/LOKALA~1/Temp/ccoNSqoy.s 			page 6


 211:framework.c   **** void
 212:framework.c   **** lowLevelInit(void)
 213:framework.c   **** {
  72              		.loc 1 213 0
  73              		@ Function supports interworking.
  74              		@ args = 0, pretend = 0, frame = 0
  75              		@ frame_needed = 0, uses_anonymous_args = 0
 214:framework.c   ****   PINSEL0 = 0x00000000;  
 215:framework.c   ****   PINSEL1 = 0x00000000;  
 216:framework.c   **** 
 217:framework.c   ****   IOSET = 0x00000000;       //Initialize pins to high level
  76              		.loc 1 217 0
  77 006c A0109FE5 		ldr	r1, .L7
  78              		.loc 1 214 0
  79 0070 A0C09FE5 		ldr	ip, .L7+4
  80 0074 0030A0E3 		mov	r3, #0
 218:framework.c   ****   IOCLR = 0xffffffff;       //Initialize pins to low level
  81              		.loc 1 218 0
  82 0078 0020E0E3 		mvn	r2, #0
 219:framework.c   ****   IODIR = 0x00000000;       //Set pin direction
 220:framework.c   **** 
 221:framework.c   ****   //initialize the MAM (Memory Accelerator Module)
 222:framework.c   ****   MAMTIM = MAM_TIMING;       //number of CCLK to read from the FLASH
  83              		.loc 1 222 0
  84 007c 98009FE5 		ldr	r0, .L7+8
  85              		.loc 1 214 0
  86 0080 00308CE5 		str	r3, [ip, #0]
  87              		.loc 1 215 0
  88 0084 04308CE5 		str	r3, [ip, #4]
  89              		.loc 1 217 0
  90 0088 043081E5 		str	r3, [r1, #4]
  91              		.loc 1 218 0
  92 008c 0C2081E5 		str	r2, [r1, #12]
  93              		.loc 1 219 0
  94 0090 083081E5 		str	r3, [r1, #8]
  95              		.loc 1 222 0
  96 0094 0310A0E3 		mov	r1, #3
  97 0098 041080E5 		str	r1, [r0, #4]
  98              		.loc 1 213 0
  99 009c 04E02DE5 		str	lr, [sp, #-4]!
 100              	.LCFI0:
 223:framework.c   ****   MAMCR  = MAM_SETTING;      //0=disabled, 1=partly enabled (enabled for code prefetch, but not for
 101              		.loc 1 223 0
 102 00a0 0210A0E3 		mov	r1, #2
 224:framework.c   **** 
 225:framework.c   ****   //initialize the exception vector mapping
 226:framework.c   ****   MAMMAP = MAM_MAP;
 103              		.loc 1 226 0
 104 00a4 01E0A0E3 		mov	lr, #1
 105              		.loc 1 223 0
 106 00a8 001080E5 		str	r1, [r0, #0]
 107              		.loc 1 226 0
 108 00ac 40E080E5 		str	lr, [r0, #64]
 227:framework.c   **** 
 228:framework.c   ****   //set the peripheral bus speed, PCLK = CCLK / PBSD
 229:framework.c   **** 	VPBDIV = PBSD;
 109              		.loc 1 229 0
ARM GAS  /cygdrive/c/DOCUME~1/deforce/LOKALA~1/Temp/ccoNSqoy.s 			page 7


 110 00b0 00E180E5 		str	lr, [r0, #256]
 230:framework.c   **** 	
 231:framework.c   **** 	//initialize VIC
 232:framework.c   ****   VICIntEnClr    = 0xFFFFFFFF;           /* Disable ALL interrupts                             */
 111              		.loc 1 232 0
 112 00b4 EB2F02E5 		str	r2, [r2, #-4075]
 233:framework.c   ****   VICProtection  = 0;                    /* Setup interrupt controller                         */
 113              		.loc 1 233 0
 114 00b8 DF3F02E5 		str	r3, [r2, #-4063]
 234:framework.c   ****   VICDefVectAddr = (unsigned int)0;      /* Direct unvectored IRQs to reset, i.e., address 0x0 */
 115              		.loc 1 234 0
 116 00bc CB3F02E5 		str	r3, [r2, #-4043]
 235:framework.c   **** 
 236:framework.c   ****   VICVectAddr0   = (unsigned int)0;      /* Set the vector address                             */
 117              		.loc 1 236 0
 118 00c0 FF3E02E5 		str	r3, [r2, #-3839]
 237:framework.c   ****   VICVectAddr1   = (unsigned int)0;      /* Set the vector address                             */
 119              		.loc 1 237 0
 120 00c4 FB3E02E5 		str	r3, [r2, #-3835]
 238:framework.c   ****   VICVectAddr2   = (unsigned int)0;      /* Set the vector address                             */
 121              		.loc 1 238 0
 122 00c8 F73E02E5 		str	r3, [r2, #-3831]
 239:framework.c   ****   VICVectAddr3   = (unsigned int)0;      /* Set the vector address                             */
 123              		.loc 1 239 0
 124 00cc F33E02E5 		str	r3, [r2, #-3827]
 240:framework.c   ****   VICVectAddr4   = (unsigned int)0;      /* Set the vector address                             */
 125              		.loc 1 240 0
 126 00d0 EF3E02E5 		str	r3, [r2, #-3823]
 241:framework.c   ****   VICVectAddr5   = (unsigned int)0;      /* Set the vector address                             */
 127              		.loc 1 241 0
 128 00d4 EB3E02E5 		str	r3, [r2, #-3819]
 242:framework.c   ****   VICVectAddr6   = (unsigned int)0;      /* Set the vector address                             */
 129              		.loc 1 242 0
 130 00d8 E73E02E5 		str	r3, [r2, #-3815]
 243:framework.c   ****   VICVectAddr7   = (unsigned int)0;      /* Set the vector address                             */
 131              		.loc 1 243 0
 132 00dc E33E02E5 		str	r3, [r2, #-3811]
 244:framework.c   ****   VICVectAddr8   = (unsigned int)0;      /* Set the vector address                             */
 133              		.loc 1 244 0
 134 00e0 DF3E02E5 		str	r3, [r2, #-3807]
 245:framework.c   ****   VICVectAddr9   = (unsigned int)0;      /* Set the vector address                             */
 135              		.loc 1 245 0
 136 00e4 DB3E02E5 		str	r3, [r2, #-3803]
 246:framework.c   ****   VICVectAddr10  = (unsigned int)0;      /* Set the vector address                             */
 137              		.loc 1 246 0
 138 00e8 D73E02E5 		str	r3, [r2, #-3799]
 247:framework.c   ****   VICVectAddr11  = (unsigned int)0;      /* Set the vector address                             */
 139              		.loc 1 247 0
 140 00ec D33E02E5 		str	r3, [r2, #-3795]
 248:framework.c   ****   VICVectAddr12  = (unsigned int)0;      /* Set the vector address                             */
 141              		.loc 1 248 0
 142 00f0 CF3E02E5 		str	r3, [r2, #-3791]
 249:framework.c   ****   VICVectAddr13  = (unsigned int)0;      /* Set the vector address                             */
 143              		.loc 1 249 0
 144 00f4 CB3E02E5 		str	r3, [r2, #-3787]
 250:framework.c   ****   VICVectAddr14  = (unsigned int)0;      /* Set the vector address                             */
 145              		.loc 1 250 0
ARM GAS  /cygdrive/c/DOCUME~1/deforce/LOKALA~1/Temp/ccoNSqoy.s 			page 8


 146 00f8 C73E02E5 		str	r3, [r2, #-3783]
 251:framework.c   ****   VICVectAddr15  = (unsigned int)0;      /* Set the vector address                             */
 147              		.loc 1 251 0
 148 00fc C33E02E5 		str	r3, [r2, #-3779]
 252:framework.c   **** 	
 253:framework.c   ****   //enable interrupts (both IRQ and FIQ) 
 254:framework.c   ****   asm volatile ("mrs r3, cpsr       \n\t"                          
 149              		.loc 1 254 0
 150 0100 00300FE1 		mrs r3, cpsr       
 151 0104 C030C3E3 		bic r3, r3, #0xC0  
 152 0108 03F029E1 		msr cpsr, r3       
 153              		
 255:framework.c   ****                 "bic r3, r3, #0xC0  \n\t"                      
 256:framework.c   ****                 "msr cpsr, r3       \n\t"                          
 257:framework.c   ****                 :                                       
 258:framework.c   ****                 :                                       
 259:framework.c   ****                 : "r3" );
 260:framework.c   **** }
 154              		.loc 1 260 0
 155 010c 04E09DE4 		ldr	lr, [sp], #4
 156 0110 1EFF2FE1 		bx	lr
 157              	.L8:
 158              		.align	2
 159              	.L7:
 160 0114 008002E0 		.word	-536707072
 161 0118 00C002E0 		.word	-536690688
 162 011c 00C01FE0 		.word	-534790144
 163              	.LFE8:
 164              		.size	lowLevelInit, .-lowLevelInit
 165              		.align	2
 166              		.global	eaInit
 167              		.type	eaInit, %function
 168              	eaInit:
 169              	.LFB9:
 261:framework.c   **** 
 262:framework.c   **** /*****************************************************************************
 263:framework.c   ****  *
 264:framework.c   ****  * Description:
 265:framework.c   ****  *    Initialize the consol
 266:framework.c   ****  *
 267:framework.c   ****  ****************************************************************************/
 268:framework.c   **** void
 269:framework.c   **** eaInit(void)
 270:framework.c   **** {
 170              		.loc 1 270 0
 171              		@ Function supports interworking.
 172              		@ args = 0, pretend = 0, frame = 0
 173              		@ frame_needed = 0, uses_anonymous_args = 0
 174 0120 04E02DE5 		str	lr, [sp, #-4]!
 175              	.LCFI1:
 271:framework.c   ****   //initialize the consol
 272:framework.c   ****   consolInit();
 176              		.loc 1 272 0
 177 0124 FEFFFFEB 		bl	consolInit
 273:framework.c   ****   
 274:framework.c   **** #ifdef CONSOL_STARTUP_DELAY
 275:framework.c   ****   /*
ARM GAS  /cygdrive/c/DOCUME~1/deforce/LOKALA~1/Temp/ccoNSqoy.s 			page 9


 276:framework.c   ****    * setup timer #1 for a short delay
 277:framework.c   ****    */
 278:framework.c   ****   TIMER1_TCR = 0x02;          //stop and reset timer
 178              		.loc 1 278 0
 179 0128 44209FE5 		ldr	r2, .L15
 180 012c 0230A0E3 		mov	r3, #2
 181 0130 043082E5 		str	r3, [r2, #4]
 279:framework.c   ****   TIMER1_PR  = 0x00;          //set prescaler to zero
 182              		.loc 1 279 0
 183 0134 0030A0E3 		mov	r3, #0
 184 0138 0C3082E5 		str	r3, [r2, #12]
 280:framework.c   ****   TIMER1_MR0 = CONSOL_STARTUP_DELAY_LENGTH * ((FOSC * PLL_MUL)/ (1000000 * PBSD));
 185              		.loc 1 280 0
 186 013c 34309FE5 		ldr	r3, .L15+4
 187 0140 183082E5 		str	r3, [r2, #24]
 281:framework.c   ****   TIMER1_IR  = 0xff;          //reset all interrrupt flags
 188              		.loc 1 281 0
 189 0144 FF30A0E3 		mov	r3, #255
 190 0148 003082E5 		str	r3, [r2, #0]
 282:framework.c   ****   TIMER1_MCR = 0x04;          //stop timer on match
 191              		.loc 1 282 0
 192 014c 0430A0E3 		mov	r3, #4
 193 0150 143082E5 		str	r3, [r2, #20]
 283:framework.c   ****   TIMER1_TCR = 0x01;          //start timer
 194              		.loc 1 283 0
 195 0154 0130A0E3 		mov	r3, #1
 196 0158 043082E5 		str	r3, [r2, #4]
 197              	.L10:
 284:framework.c   ****   
 285:framework.c   ****   //wait until delay time has elapsed
 286:framework.c   ****   while (TIMER1_TCR & 0x01)
 198              		.loc 1 286 0
 199 015c 10309FE5 		ldr	r3, .L15
 200 0160 043093E5 		ldr	r3, [r3, #4]
 201 0164 010013E3 		tst	r3, #1
 202 0168 FBFFFF1A 		bne	.L10
 287:framework.c   ****     ;
 288:framework.c   **** #endif
 289:framework.c   **** }
 203              		.loc 1 289 0
 204 016c 04E09DE4 		ldr	lr, [sp], #4
 205 0170 1EFF2FE1 		bx	lr
 206              	.L16:
 207              		.align	2
 208              	.L15:
 209 0174 008000E0 		.word	-536838144
 210 0178 70170000 		.word	6000
 211              	.LFE9:
 212              		.size	eaInit, .-eaInit
 213              		.section	.rodata.str1.4,"aMS",%progbits,1
 214              		.align	2
 215              	.LC0:
 216 0000 46495120 		.ascii	"FIQ exception !!!\012Address: 0x\000"
 216      65786365 
 216      7074696F 
 216      6E202121 
 216      210A4164 
ARM GAS  /cygdrive/c/DOCUME~1/deforce/LOKALA~1/Temp/ccoNSqoy.s 			page 10


 217              		.text
 218              		.align	2
 219              		.type	exceptionHandlerFiq, %function
 220              	exceptionHandlerFiq:
 221              	.LFB6:
 222              		.loc 1 143 0
 223              		@ Function supports interworking.
 224              		@ args = 0, pretend = 0, frame = 0
 225              		@ frame_needed = 0, uses_anonymous_args = 0
 226 017c 04E02DE5 		str	lr, [sp, #-4]!
 227              	.LCFI2:
 228              		.loc 1 147 0
 229 0180 24009FE5 		ldr	r0, .L20
 230              		.loc 1 143 0
 231 0184 04D04DE2 		sub	sp, sp, #4
 232              	.LCFI3:
 233              		.loc 1 147 0
 234 0188 FEFFFFEB 		bl	consolSendString
 235              		.loc 1 148 0
 236 018c 1000A0E3 		mov	r0, #16
 237              	.LVL0:
 238 0190 04E04EE2 		sub	lr, lr, #4
 239              	.LVL1:
 240 0194 0810A0E3 		mov	r1, #8
 241 0198 0020A0E3 		mov	r2, #0
 242 019c 3030A0E3 		mov	r3, #48
 243 01a0 00E08DE5 		str	lr, [sp, #0]
 244 01a4 FEFFFFEB 		bl	consolSendNumber
 245              	.L18:
 246 01a8 FEFFFFEA 		b	.L18
 247              	.L21:
 248              		.align	2
 249              	.L20:
 250 01ac 00000000 		.word	.LC0
 251              	.LFE6:
 252              		.size	exceptionHandlerFiq, .-exceptionHandlerFiq
 253              		.section	.rodata.str1.4
 254 001e 0000     		.align	2
 255              	.LC1:
 256 0020 4461626F 		.ascii	"Dabort exception !!!\012Address: 0x\000"
 256      72742065 
 256      78636570 
 256      74696F6E 
 256      20212121 
 257              		.text
 258              		.align	2
 259              		.type	exceptionHandlerDabort, %function
 260              	exceptionHandlerDabort:
 261              	.LFB5:
 262              		.loc 1 123 0
 263              		@ Function supports interworking.
 264              		@ args = 0, pretend = 0, frame = 0
 265              		@ frame_needed = 0, uses_anonymous_args = 0
 266 01b0 04E02DE5 		str	lr, [sp, #-4]!
 267              	.LCFI4:
 268              		.loc 1 127 0
 269 01b4 24009FE5 		ldr	r0, .L25
ARM GAS  /cygdrive/c/DOCUME~1/deforce/LOKALA~1/Temp/ccoNSqoy.s 			page 11


 270              		.loc 1 123 0
 271 01b8 04D04DE2 		sub	sp, sp, #4
 272              	.LCFI5:
 273              		.loc 1 127 0
 274 01bc FEFFFFEB 		bl	consolSendString
 275              		.loc 1 128 0
 276 01c0 1000A0E3 		mov	r0, #16
 277              	.LVL2:
 278 01c4 08E04EE2 		sub	lr, lr, #8
 279              	.LVL3:
 280 01c8 0810A0E3 		mov	r1, #8
 281 01cc 0020A0E3 		mov	r2, #0
 282 01d0 3030A0E3 		mov	r3, #48
 283 01d4 00E08DE5 		str	lr, [sp, #0]
 284 01d8 FEFFFFEB 		bl	consolSendNumber
 285              	.L23:
 286 01dc FEFFFFEA 		b	.L23
 287              	.L26:
 288              		.align	2
 289              	.L25:
 290 01e0 20000000 		.word	.LC1
 291              	.LFE5:
 292              		.size	exceptionHandlerDabort, .-exceptionHandlerDabort
 293              		.section	.rodata.str1.4
 294 0041 000000   		.align	2
 295              	.LC2:
 296 0044 5061626F 		.ascii	"Pabort exception !!!\012Address: 0x\000"
 296      72742065 
 296      78636570 
 296      74696F6E 
 296      20212121 
 297              		.text
 298              		.align	2
 299              		.type	exceptionHandlerPabort, %function
 300              	exceptionHandlerPabort:
 301              	.LFB4:
 302              		.loc 1 103 0
 303              		@ Function supports interworking.
 304              		@ args = 0, pretend = 0, frame = 0
 305              		@ frame_needed = 0, uses_anonymous_args = 0
 306 01e4 04E02DE5 		str	lr, [sp, #-4]!
 307              	.LCFI6:
 308              		.loc 1 107 0
 309 01e8 24009FE5 		ldr	r0, .L30
 310              		.loc 1 103 0
 311 01ec 04D04DE2 		sub	sp, sp, #4
 312              	.LCFI7:
 313              		.loc 1 107 0
 314 01f0 FEFFFFEB 		bl	consolSendString
 315              		.loc 1 108 0
 316 01f4 1000A0E3 		mov	r0, #16
 317              	.LVL4:
 318 01f8 04E04EE2 		sub	lr, lr, #4
 319              	.LVL5:
 320 01fc 0810A0E3 		mov	r1, #8
 321 0200 0020A0E3 		mov	r2, #0
 322 0204 3030A0E3 		mov	r3, #48
ARM GAS  /cygdrive/c/DOCUME~1/deforce/LOKALA~1/Temp/ccoNSqoy.s 			page 12


 323 0208 00E08DE5 		str	lr, [sp, #0]
 324 020c FEFFFFEB 		bl	consolSendNumber
 325              	.L28:
 326 0210 FEFFFFEA 		b	.L28
 327              	.L31:
 328              		.align	2
 329              	.L30:
 330 0214 44000000 		.word	.LC2
 331              	.LFE4:
 332              		.size	exceptionHandlerPabort, .-exceptionHandlerPabort
 333              		.section	.rodata.str1.4
 334 0065 000000   		.align	2
 335              	.LC3:
 336 0068 53574920 		.ascii	"SWI exception !!!\012Address: 0x\000"
 336      65786365 
 336      7074696F 
 336      6E202121 
 336      210A4164 
 337              		.text
 338              		.align	2
 339              		.type	exceptionHandlerSwi, %function
 340              	exceptionHandlerSwi:
 341              	.LFB3:
 342              		.loc 1 83 0
 343              		@ Function supports interworking.
 344              		@ args = 0, pretend = 0, frame = 0
 345              		@ frame_needed = 0, uses_anonymous_args = 0
 346 0218 04E02DE5 		str	lr, [sp, #-4]!
 347              	.LCFI8:
 348              		.loc 1 87 0
 349 021c 24009FE5 		ldr	r0, .L35
 350              		.loc 1 83 0
 351 0220 04D04DE2 		sub	sp, sp, #4
 352              	.LCFI9:
 353              		.loc 1 87 0
 354 0224 FEFFFFEB 		bl	consolSendString
 355              		.loc 1 88 0
 356 0228 1000A0E3 		mov	r0, #16
 357              	.LVL6:
 358 022c 04E04EE2 		sub	lr, lr, #4
 359              	.LVL7:
 360 0230 0810A0E3 		mov	r1, #8
 361 0234 0020A0E3 		mov	r2, #0
 362 0238 3030A0E3 		mov	r3, #48
 363 023c 00E08DE5 		str	lr, [sp, #0]
 364 0240 FEFFFFEB 		bl	consolSendNumber
 365              	.L33:
 366 0244 FEFFFFEA 		b	.L33
 367              	.L36:
 368              		.align	2
 369              	.L35:
 370 0248 68000000 		.word	.LC3
 371              	.LFE3:
 372              		.size	exceptionHandlerSwi, .-exceptionHandlerSwi
 373              		.section	.rodata.str1.4
 374 0086 0000     		.align	2
 375              	.LC4:
ARM GAS  /cygdrive/c/DOCUME~1/deforce/LOKALA~1/Temp/ccoNSqoy.s 			page 13


 376 0088 556E6465 		.ascii	"Undefined instruction exception !!!\012Address: 0x\000"
 376      66696E65 
 376      6420696E 
 376      73747275 
 376      6374696F 
 377              		.text
 378              		.align	2
 379              		.type	exceptionHandlerUndef, %function
 380              	exceptionHandlerUndef:
 381              	.LFB2:
 382              		.loc 1 63 0
 383              		@ Function supports interworking.
 384              		@ args = 0, pretend = 0, frame = 0
 385              		@ frame_needed = 0, uses_anonymous_args = 0
 386 024c 04E02DE5 		str	lr, [sp, #-4]!
 387              	.LCFI10:
 388              		.loc 1 67 0
 389 0250 24009FE5 		ldr	r0, .L40
 390              		.loc 1 63 0
 391 0254 04D04DE2 		sub	sp, sp, #4
 392              	.LCFI11:
 393              		.loc 1 67 0
 394 0258 FEFFFFEB 		bl	consolSendString
 395              		.loc 1 68 0
 396 025c 1000A0E3 		mov	r0, #16
 397              	.LVL8:
 398 0260 04E04EE2 		sub	lr, lr, #4
 399              	.LVL9:
 400 0264 0810A0E3 		mov	r1, #8
 401 0268 0020A0E3 		mov	r2, #0
 402 026c 3030A0E3 		mov	r3, #48
 403 0270 00E08DE5 		str	lr, [sp, #0]
 404 0274 FEFFFFEB 		bl	consolSendNumber
 405              	.L38:
 406 0278 FEFFFFEA 		b	.L38
 407              	.L41:
 408              		.align	2
 409              	.L40:
 410 027c 88000000 		.word	.LC4
 411              	.LFE2:
 412              		.size	exceptionHandlerUndef, .-exceptionHandlerUndef
 413              		.comm	pHeapStart,4,4
 414              		.comm	pHeapEnd,4,4
 415              		.section	.debug_frame,"",%progbits
 416              	.Lframe0:
 417 0000 0C000000 		.4byte	.LECIE0-.LSCIE0
 418              	.LSCIE0:
 419 0004 FFFFFFFF 		.4byte	0xffffffff
 420 0008 01       		.byte	0x1
 421 0009 00       		.ascii	"\000"
 422 000a 01       		.uleb128 0x1
 423 000b 7C       		.sleb128 -4
 424 000c 0E       		.byte	0xe
 425 000d 0C       		.byte	0xc
 426 000e 0D       		.uleb128 0xd
 427 000f 00       		.uleb128 0x0
 428              		.align	2
ARM GAS  /cygdrive/c/DOCUME~1/deforce/LOKALA~1/Temp/ccoNSqoy.s 			page 14


 429              	.LECIE0:
 430              	.LSFDE0:
 431 0010 0C000000 		.4byte	.LEFDE0-.LASFDE0
 432              	.LASFDE0:
 433 0014 00000000 		.4byte	.Lframe0
 434 0018 00000000 		.4byte	.LFB7
 435 001c 6C000000 		.4byte	.LFE7-.LFB7
 436              		.align	2
 437              	.LEFDE0:
 438              	.LSFDE2:
 439 0020 14000000 		.4byte	.LEFDE2-.LASFDE2
 440              	.LASFDE2:
 441 0024 00000000 		.4byte	.Lframe0
 442 0028 6C000000 		.4byte	.LFB8
 443 002c B4000000 		.4byte	.LFE8-.LFB8
 444 0030 74       		.byte	0x4
 445              		.4byte	.LCFI0-.LFB8
 446 0031 0E       		.byte	0xe
 447 0032 04       		.uleb128 0x4
 448 0033 8E       		.byte	0x8e
 449 0034 01       		.uleb128 0x1
 450 0035 000000   		.align	2
 451              	.LEFDE2:
 452              	.LSFDE4:
 453 0038 14000000 		.4byte	.LEFDE4-.LASFDE4
 454              	.LASFDE4:
 455 003c 00000000 		.4byte	.Lframe0
 456 0040 20010000 		.4byte	.LFB9
 457 0044 5C000000 		.4byte	.LFE9-.LFB9
 458 0048 44       		.byte	0x4
 459              		.4byte	.LCFI1-.LFB9
 460 0049 0E       		.byte	0xe
 461 004a 04       		.uleb128 0x4
 462 004b 8E       		.byte	0x8e
 463 004c 01       		.uleb128 0x1
 464 004d 000000   		.align	2
 465              	.LEFDE4:
 466              	.LSFDE6:
 467 0050 14000000 		.4byte	.LEFDE6-.LASFDE6
 468              	.LASFDE6:
 469 0054 00000000 		.4byte	.Lframe0
 470 0058 7C010000 		.4byte	.LFB6
 471 005c 34000000 		.4byte	.LFE6-.LFB6
 472 0060 44       		.byte	0x4
 473              		.4byte	.LCFI2-.LFB6
 474 0061 0E       		.byte	0xe
 475 0062 04       		.uleb128 0x4
 476 0063 48       		.byte	0x4
 477              		.4byte	.LCFI3-.LCFI2
 478 0064 0E       		.byte	0xe
 479 0065 08       		.uleb128 0x8
 480 0066 8E       		.byte	0x8e
 481 0067 01       		.uleb128 0x1
 482              		.align	2
 483              	.LEFDE6:
 484              	.LSFDE8:
 485 0068 14000000 		.4byte	.LEFDE8-.LASFDE8
ARM GAS  /cygdrive/c/DOCUME~1/deforce/LOKALA~1/Temp/ccoNSqoy.s 			page 15


 486              	.LASFDE8:
 487 006c 00000000 		.4byte	.Lframe0
 488 0070 B0010000 		.4byte	.LFB5
 489 0074 34000000 		.4byte	.LFE5-.LFB5
 490 0078 44       		.byte	0x4
 491              		.4byte	.LCFI4-.LFB5
 492 0079 0E       		.byte	0xe
 493 007a 04       		.uleb128 0x4
 494 007b 48       		.byte	0x4
 495              		.4byte	.LCFI5-.LCFI4
 496 007c 0E       		.byte	0xe
 497 007d 08       		.uleb128 0x8
 498 007e 8E       		.byte	0x8e
 499 007f 01       		.uleb128 0x1
 500              		.align	2
 501              	.LEFDE8:
 502              	.LSFDE10:
 503 0080 14000000 		.4byte	.LEFDE10-.LASFDE10
 504              	.LASFDE10:
 505 0084 00000000 		.4byte	.Lframe0
 506 0088 E4010000 		.4byte	.LFB4
 507 008c 34000000 		.4byte	.LFE4-.LFB4
 508 0090 44       		.byte	0x4
 509              		.4byte	.LCFI6-.LFB4
 510 0091 0E       		.byte	0xe
 511 0092 04       		.uleb128 0x4
 512 0093 48       		.byte	0x4
 513              		.4byte	.LCFI7-.LCFI6
 514 0094 0E       		.byte	0xe
 515 0095 08       		.uleb128 0x8
 516 0096 8E       		.byte	0x8e
 517 0097 01       		.uleb128 0x1
 518              		.align	2
 519              	.LEFDE10:
 520              	.LSFDE12:
 521 0098 14000000 		.4byte	.LEFDE12-.LASFDE12
 522              	.LASFDE12:
 523 009c 00000000 		.4byte	.Lframe0
 524 00a0 18020000 		.4byte	.LFB3
 525 00a4 34000000 		.4byte	.LFE3-.LFB3
 526 00a8 44       		.byte	0x4
 527              		.4byte	.LCFI8-.LFB3
 528 00a9 0E       		.byte	0xe
 529 00aa 04       		.uleb128 0x4
 530 00ab 48       		.byte	0x4
 531              		.4byte	.LCFI9-.LCFI8
 532 00ac 0E       		.byte	0xe
 533 00ad 08       		.uleb128 0x8
 534 00ae 8E       		.byte	0x8e
 535 00af 01       		.uleb128 0x1
 536              		.align	2
 537              	.LEFDE12:
 538              	.LSFDE14:
 539 00b0 14000000 		.4byte	.LEFDE14-.LASFDE14
 540              	.LASFDE14:
 541 00b4 00000000 		.4byte	.Lframe0
 542 00b8 4C020000 		.4byte	.LFB2
ARM GAS  /cygdrive/c/DOCUME~1/deforce/LOKALA~1/Temp/ccoNSqoy.s 			page 16


 543 00bc 34000000 		.4byte	.LFE2-.LFB2
 544 00c0 44       		.byte	0x4
 545              		.4byte	.LCFI10-.LFB2
 546 00c1 0E       		.byte	0xe
 547 00c2 04       		.uleb128 0x4
 548 00c3 48       		.byte	0x4
 549              		.4byte	.LCFI11-.LCFI10
 550 00c4 0E       		.byte	0xe
 551 00c5 08       		.uleb128 0x8
 552 00c6 8E       		.byte	0x8e
 553 00c7 01       		.uleb128 0x1
 554              		.align	2
 555              	.LEFDE14:
 556              		.text
 557              	.Letext0:
 558              		.section	.debug_loc,"",%progbits
 559              	.Ldebug_loc0:
 560              	.LLST1:
 561 0000 6C000000 		.4byte	.LFB8-.Ltext0
 562 0004 A0000000 		.4byte	.LCFI0-.Ltext0
 563 0008 0100     		.2byte	0x1
 564 000a 5D       		.byte	0x5d
 565 000b A0000000 		.4byte	.LCFI0-.Ltext0
 566 000f 20010000 		.4byte	.LFE8-.Ltext0
 567 0013 0200     		.2byte	0x2
 568 0015 7D       		.byte	0x7d
 569 0016 04       		.sleb128 4
 570 0017 00000000 		.4byte	0x0
 571 001b 00000000 		.4byte	0x0
 572              	.LLST2:
 573 001f 20010000 		.4byte	.LFB9-.Ltext0
 574 0023 24010000 		.4byte	.LCFI1-.Ltext0
 575 0027 0100     		.2byte	0x1
 576 0029 5D       		.byte	0x5d
 577 002a 24010000 		.4byte	.LCFI1-.Ltext0
 578 002e 7C010000 		.4byte	.LFE9-.Ltext0
 579 0032 0200     		.2byte	0x2
 580 0034 7D       		.byte	0x7d
 581 0035 04       		.sleb128 4
 582 0036 00000000 		.4byte	0x0
 583 003a 00000000 		.4byte	0x0
 584              	.LLST3:
 585 003e 7C010000 		.4byte	.LFB6-.Ltext0
 586 0042 80010000 		.4byte	.LCFI2-.Ltext0
 587 0046 0100     		.2byte	0x1
 588 0048 5D       		.byte	0x5d
 589 0049 80010000 		.4byte	.LCFI2-.Ltext0
 590 004d 88010000 		.4byte	.LCFI3-.Ltext0
 591 0051 0200     		.2byte	0x2
 592 0053 7D       		.byte	0x7d
 593 0054 04       		.sleb128 4
 594 0055 88010000 		.4byte	.LCFI3-.Ltext0
 595 0059 B0010000 		.4byte	.LFE6-.Ltext0
 596 005d 0200     		.2byte	0x2
 597 005f 7D       		.byte	0x7d
 598 0060 08       		.sleb128 8
 599 0061 00000000 		.4byte	0x0
ARM GAS  /cygdrive/c/DOCUME~1/deforce/LOKALA~1/Temp/ccoNSqoy.s 			page 17


 600 0065 00000000 		.4byte	0x0
 601              	.LLST4:
 602 0069 90010000 		.4byte	.LVL0-.Ltext0
 603 006d 94010000 		.4byte	.LVL1-.Ltext0
 604 0071 0100     		.2byte	0x1
 605 0073 5E       		.byte	0x5e
 606 0074 00000000 		.4byte	0x0
 607 0078 00000000 		.4byte	0x0
 608              	.LLST5:
 609 007c B0010000 		.4byte	.LFB5-.Ltext0
 610 0080 B4010000 		.4byte	.LCFI4-.Ltext0
 611 0084 0100     		.2byte	0x1
 612 0086 5D       		.byte	0x5d
 613 0087 B4010000 		.4byte	.LCFI4-.Ltext0
 614 008b BC010000 		.4byte	.LCFI5-.Ltext0
 615 008f 0200     		.2byte	0x2
 616 0091 7D       		.byte	0x7d
 617 0092 04       		.sleb128 4
 618 0093 BC010000 		.4byte	.LCFI5-.Ltext0
 619 0097 E4010000 		.4byte	.LFE5-.Ltext0
 620 009b 0200     		.2byte	0x2
 621 009d 7D       		.byte	0x7d
 622 009e 08       		.sleb128 8
 623 009f 00000000 		.4byte	0x0
 624 00a3 00000000 		.4byte	0x0
 625              	.LLST6:
 626 00a7 C4010000 		.4byte	.LVL2-.Ltext0
 627 00ab C8010000 		.4byte	.LVL3-.Ltext0
 628 00af 0100     		.2byte	0x1
 629 00b1 5E       		.byte	0x5e
 630 00b2 00000000 		.4byte	0x0
 631 00b6 00000000 		.4byte	0x0
 632              	.LLST7:
 633 00ba E4010000 		.4byte	.LFB4-.Ltext0
 634 00be E8010000 		.4byte	.LCFI6-.Ltext0
 635 00c2 0100     		.2byte	0x1
 636 00c4 5D       		.byte	0x5d
 637 00c5 E8010000 		.4byte	.LCFI6-.Ltext0
 638 00c9 F0010000 		.4byte	.LCFI7-.Ltext0
 639 00cd 0200     		.2byte	0x2
 640 00cf 7D       		.byte	0x7d
 641 00d0 04       		.sleb128 4
 642 00d1 F0010000 		.4byte	.LCFI7-.Ltext0
 643 00d5 18020000 		.4byte	.LFE4-.Ltext0
 644 00d9 0200     		.2byte	0x2
 645 00db 7D       		.byte	0x7d
 646 00dc 08       		.sleb128 8
 647 00dd 00000000 		.4byte	0x0
 648 00e1 00000000 		.4byte	0x0
 649              	.LLST8:
 650 00e5 F8010000 		.4byte	.LVL4-.Ltext0
 651 00e9 FC010000 		.4byte	.LVL5-.Ltext0
 652 00ed 0100     		.2byte	0x1
 653 00ef 5E       		.byte	0x5e
 654 00f0 00000000 		.4byte	0x0
 655 00f4 00000000 		.4byte	0x0
 656              	.LLST9:
ARM GAS  /cygdrive/c/DOCUME~1/deforce/LOKALA~1/Temp/ccoNSqoy.s 			page 18


 657 00f8 18020000 		.4byte	.LFB3-.Ltext0
 658 00fc 1C020000 		.4byte	.LCFI8-.Ltext0
 659 0100 0100     		.2byte	0x1
 660 0102 5D       		.byte	0x5d
 661 0103 1C020000 		.4byte	.LCFI8-.Ltext0
 662 0107 24020000 		.4byte	.LCFI9-.Ltext0
 663 010b 0200     		.2byte	0x2
 664 010d 7D       		.byte	0x7d
 665 010e 04       		.sleb128 4
 666 010f 24020000 		.4byte	.LCFI9-.Ltext0
 667 0113 4C020000 		.4byte	.LFE3-.Ltext0
 668 0117 0200     		.2byte	0x2
 669 0119 7D       		.byte	0x7d
 670 011a 08       		.sleb128 8
 671 011b 00000000 		.4byte	0x0
 672 011f 00000000 		.4byte	0x0
 673              	.LLST10:
 674 0123 2C020000 		.4byte	.LVL6-.Ltext0
 675 0127 30020000 		.4byte	.LVL7-.Ltext0
 676 012b 0100     		.2byte	0x1
 677 012d 5E       		.byte	0x5e
 678 012e 00000000 		.4byte	0x0
 679 0132 00000000 		.4byte	0x0
 680              	.LLST11:
 681 0136 4C020000 		.4byte	.LFB2-.Ltext0
 682 013a 50020000 		.4byte	.LCFI10-.Ltext0
 683 013e 0100     		.2byte	0x1
 684 0140 5D       		.byte	0x5d
 685 0141 50020000 		.4byte	.LCFI10-.Ltext0
 686 0145 58020000 		.4byte	.LCFI11-.Ltext0
 687 0149 0200     		.2byte	0x2
 688 014b 7D       		.byte	0x7d
 689 014c 04       		.sleb128 4
 690 014d 58020000 		.4byte	.LCFI11-.Ltext0
 691 0151 80020000 		.4byte	.LFE2-.Ltext0
 692 0155 0200     		.2byte	0x2
 693 0157 7D       		.byte	0x7d
 694 0158 08       		.sleb128 8
 695 0159 00000000 		.4byte	0x0
 696 015d 00000000 		.4byte	0x0
 697              	.LLST12:
 698 0161 60020000 		.4byte	.LVL8-.Ltext0
 699 0165 64020000 		.4byte	.LVL9-.Ltext0
 700 0169 0100     		.2byte	0x1
 701 016b 5E       		.byte	0x5e
 702 016c 00000000 		.4byte	0x0
 703 0170 00000000 		.4byte	0x0
 704              		.section	.debug_info
 705 0000 AE010000 		.4byte	0x1ae
 706 0004 0200     		.2byte	0x2
 707 0006 00000000 		.4byte	.Ldebug_abbrev0
 708 000a 04       		.byte	0x4
 709 000b 01       		.uleb128 0x1
 710 000c 00000000 		.4byte	.Ldebug_line0
 711 0010 80020000 		.4byte	.Letext0
 712 0014 00000000 		.4byte	.Ltext0
 713 0018 69000000 		.4byte	.LASF15
ARM GAS  /cygdrive/c/DOCUME~1/deforce/LOKALA~1/Temp/ccoNSqoy.s 			page 19


 714 001c 01       		.byte	0x1
 715 001d 18000000 		.4byte	.LASF16
 716 0021 BD000000 		.4byte	.LASF17
 717 0025 02       		.uleb128 0x2
 718 0026 01       		.byte	0x1
 719 0027 36000000 		.4byte	.LASF0
 720 002b 01       		.byte	0x1
 721 002c BD       		.byte	0xbd
 722 002d 01       		.byte	0x1
 723 002e 00000000 		.4byte	.LFB7
 724 0032 6C000000 		.4byte	.LFE7
 725 0036 01       		.byte	0x1
 726 0037 5D       		.byte	0x5d
 727 0038 03       		.uleb128 0x3
 728 0039 01       		.byte	0x1
 729 003a 24000000 		.4byte	.LASF1
 730 003e 01       		.byte	0x1
 731 003f D5       		.byte	0xd5
 732 0040 01       		.byte	0x1
 733 0041 6C000000 		.4byte	.LFB8
 734 0045 20010000 		.4byte	.LFE8
 735 0049 00000000 		.4byte	.LLST1
 736 004d 04       		.uleb128 0x4
 737 004e 01       		.byte	0x1
 738 004f 4B000000 		.4byte	.LASF2
 739 0053 01       		.byte	0x1
 740 0054 0E01     		.2byte	0x10e
 741 0056 01       		.byte	0x1
 742 0057 20010000 		.4byte	.LFB9
 743 005b 7C010000 		.4byte	.LFE9
 744 005f 1F000000 		.4byte	.LLST2
 745 0063 05       		.uleb128 0x5
 746 0064 96000000 		.4byte	0x96
 747 0068 75000000 		.4byte	.LASF5
 748 006c 01       		.byte	0x1
 749 006d 8F       		.byte	0x8f
 750 006e 01       		.byte	0x1
 751 006f 7C010000 		.4byte	.LFB6
 752 0073 B0010000 		.4byte	.LFE6
 753 0077 3E000000 		.4byte	.LLST3
 754 007b 06       		.uleb128 0x6
 755 007c F0000000 		.4byte	.LASF3
 756 0080 01       		.byte	0x1
 757 0081 90       		.byte	0x90
 758 0082 96000000 		.4byte	0x96
 759 0086 69000000 		.4byte	.LLST4
 760 008a 07       		.uleb128 0x7
 761 008b 89000000 		.4byte	.LASF4
 762 008f 01       		.byte	0x1
 763 0090 91       		.byte	0x91
 764 0091 96000000 		.4byte	0x96
 765 0095 00       		.byte	0x0
 766 0096 08       		.uleb128 0x8
 767 0097 00000000 		.4byte	.LASF11
 768 009b 04       		.byte	0x4
 769 009c 07       		.byte	0x7
 770 009d 05       		.uleb128 0x5
ARM GAS  /cygdrive/c/DOCUME~1/deforce/LOKALA~1/Temp/ccoNSqoy.s 			page 20


 771 009e D0000000 		.4byte	0xd0
 772 00a2 52000000 		.4byte	.LASF6
 773 00a6 01       		.byte	0x1
 774 00a7 7B       		.byte	0x7b
 775 00a8 01       		.byte	0x1
 776 00a9 B0010000 		.4byte	.LFB5
 777 00ad E4010000 		.4byte	.LFE5
 778 00b1 7C000000 		.4byte	.LLST5
 779 00b5 06       		.uleb128 0x6
 780 00b6 F0000000 		.4byte	.LASF3
 781 00ba 01       		.byte	0x1
 782 00bb 7C       		.byte	0x7c
 783 00bc 96000000 		.4byte	0x96
 784 00c0 A7000000 		.4byte	.LLST6
 785 00c4 07       		.uleb128 0x7
 786 00c5 89000000 		.4byte	.LASF4
 787 00c9 01       		.byte	0x1
 788 00ca 7D       		.byte	0x7d
 789 00cb 96000000 		.4byte	0x96
 790 00cf 00       		.byte	0x0
 791 00d0 09       		.uleb128 0x9
 792 00d1 02010000 		.4byte	0x102
 793 00d5 8F000000 		.4byte	.LASF7
 794 00d9 01       		.byte	0x1
 795 00da 67       		.byte	0x67
 796 00db E4010000 		.4byte	.LFB4
 797 00df 18020000 		.4byte	.LFE4
 798 00e3 BA000000 		.4byte	.LLST7
 799 00e7 06       		.uleb128 0x6
 800 00e8 F0000000 		.4byte	.LASF3
 801 00ec 01       		.byte	0x1
 802 00ed 68       		.byte	0x68
 803 00ee 96000000 		.4byte	0x96
 804 00f2 E5000000 		.4byte	.LLST8
 805 00f6 07       		.uleb128 0x7
 806 00f7 89000000 		.4byte	.LASF4
 807 00fb 01       		.byte	0x1
 808 00fc 69       		.byte	0x69
 809 00fd 96000000 		.4byte	0x96
 810 0101 00       		.byte	0x0
 811 0102 05       		.uleb128 0x5
 812 0103 35010000 		.4byte	0x135
 813 0107 15010000 		.4byte	.LASF8
 814 010b 01       		.byte	0x1
 815 010c 53       		.byte	0x53
 816 010d 01       		.byte	0x1
 817 010e 18020000 		.4byte	.LFB3
 818 0112 4C020000 		.4byte	.LFE3
 819 0116 F8000000 		.4byte	.LLST9
 820 011a 06       		.uleb128 0x6
 821 011b F0000000 		.4byte	.LASF3
 822 011f 01       		.byte	0x1
 823 0120 54       		.byte	0x54
 824 0121 96000000 		.4byte	0x96
 825 0125 23010000 		.4byte	.LLST10
 826 0129 07       		.uleb128 0x7
 827 012a 89000000 		.4byte	.LASF4
ARM GAS  /cygdrive/c/DOCUME~1/deforce/LOKALA~1/Temp/ccoNSqoy.s 			page 21


 828 012e 01       		.byte	0x1
 829 012f 55       		.byte	0x55
 830 0130 96000000 		.4byte	0x96
 831 0134 00       		.byte	0x0
 832 0135 05       		.uleb128 0x5
 833 0136 68010000 		.4byte	0x168
 834 013a FF000000 		.4byte	.LASF9
 835 013e 01       		.byte	0x1
 836 013f 3F       		.byte	0x3f
 837 0140 01       		.byte	0x1
 838 0141 4C020000 		.4byte	.LFB2
 839 0145 80020000 		.4byte	.LFE2
 840 0149 36010000 		.4byte	.LLST11
 841 014d 06       		.uleb128 0x6
 842 014e F0000000 		.4byte	.LASF3
 843 0152 01       		.byte	0x1
 844 0153 40       		.byte	0x40
 845 0154 96000000 		.4byte	0x96
 846 0158 61010000 		.4byte	.LLST12
 847 015c 07       		.uleb128 0x7
 848 015d 89000000 		.4byte	.LASF4
 849 0161 01       		.byte	0x1
 850 0162 41       		.byte	0x41
 851 0163 96000000 		.4byte	0x96
 852 0167 00       		.byte	0x0
 853 0168 0A       		.uleb128 0xa
 854 0169 0D000000 		.4byte	.LASF10
 855 016d 01       		.byte	0x1
 856 016e 21       		.byte	0x21
 857 016f 7A010000 		.4byte	0x17a
 858 0173 01       		.byte	0x1
 859 0174 05       		.byte	0x5
 860 0175 03       		.byte	0x3
 861 0176 00000000 		.4byte	pHeapStart
 862 017a 0B       		.uleb128 0xb
 863 017b 04       		.byte	0x4
 864 017c 80010000 		.4byte	0x180
 865 0180 08       		.uleb128 0x8
 866 0181 A6000000 		.4byte	.LASF12
 867 0185 01       		.byte	0x1
 868 0186 08       		.byte	0x8
 869 0187 0A       		.uleb128 0xa
 870 0188 B4000000 		.4byte	.LASF13
 871 018c 01       		.byte	0x1
 872 018d 22       		.byte	0x22
 873 018e 7A010000 		.4byte	0x17a
 874 0192 01       		.byte	0x1
 875 0193 05       		.byte	0x5
 876 0194 03       		.byte	0x3
 877 0195 00000000 		.4byte	pHeapEnd
 878 0199 0C       		.uleb128 0xc
 879 019a 656E6400 		.ascii	"end\000"
 880 019e 01       		.byte	0x1
 881 019f 1B       		.byte	0x1b
 882 01a0 31000000 		.4byte	.LASF18
 883 01a4 AA010000 		.4byte	0x1aa
 884 01a8 01       		.byte	0x1
ARM GAS  /cygdrive/c/DOCUME~1/deforce/LOKALA~1/Temp/ccoNSqoy.s 			page 22


 885 01a9 01       		.byte	0x1
 886 01aa 08       		.uleb128 0x8
 887 01ab EB000000 		.4byte	.LASF14
 888 01af 01       		.byte	0x1
 889 01b0 08       		.byte	0x8
 890 01b1 00       		.byte	0x0
 891              		.section	.debug_abbrev
 892 0000 01       		.uleb128 0x1
 893 0001 11       		.uleb128 0x11
 894 0002 01       		.byte	0x1
 895 0003 10       		.uleb128 0x10
 896 0004 06       		.uleb128 0x6
 897 0005 12       		.uleb128 0x12
 898 0006 01       		.uleb128 0x1
 899 0007 11       		.uleb128 0x11
 900 0008 01       		.uleb128 0x1
 901 0009 25       		.uleb128 0x25
 902 000a 0E       		.uleb128 0xe
 903 000b 13       		.uleb128 0x13
 904 000c 0B       		.uleb128 0xb
 905 000d 03       		.uleb128 0x3
 906 000e 0E       		.uleb128 0xe
 907 000f 1B       		.uleb128 0x1b
 908 0010 0E       		.uleb128 0xe
 909 0011 00       		.byte	0x0
 910 0012 00       		.byte	0x0
 911 0013 02       		.uleb128 0x2
 912 0014 2E       		.uleb128 0x2e
 913 0015 00       		.byte	0x0
 914 0016 3F       		.uleb128 0x3f
 915 0017 0C       		.uleb128 0xc
 916 0018 03       		.uleb128 0x3
 917 0019 0E       		.uleb128 0xe
 918 001a 3A       		.uleb128 0x3a
 919 001b 0B       		.uleb128 0xb
 920 001c 3B       		.uleb128 0x3b
 921 001d 0B       		.uleb128 0xb
 922 001e 27       		.uleb128 0x27
 923 001f 0C       		.uleb128 0xc
 924 0020 11       		.uleb128 0x11
 925 0021 01       		.uleb128 0x1
 926 0022 12       		.uleb128 0x12
 927 0023 01       		.uleb128 0x1
 928 0024 40       		.uleb128 0x40
 929 0025 0A       		.uleb128 0xa
 930 0026 00       		.byte	0x0
 931 0027 00       		.byte	0x0
 932 0028 03       		.uleb128 0x3
 933 0029 2E       		.uleb128 0x2e
 934 002a 00       		.byte	0x0
 935 002b 3F       		.uleb128 0x3f
 936 002c 0C       		.uleb128 0xc
 937 002d 03       		.uleb128 0x3
 938 002e 0E       		.uleb128 0xe
 939 002f 3A       		.uleb128 0x3a
 940 0030 0B       		.uleb128 0xb
 941 0031 3B       		.uleb128 0x3b
ARM GAS  /cygdrive/c/DOCUME~1/deforce/LOKALA~1/Temp/ccoNSqoy.s 			page 23


 942 0032 0B       		.uleb128 0xb
 943 0033 27       		.uleb128 0x27
 944 0034 0C       		.uleb128 0xc
 945 0035 11       		.uleb128 0x11
 946 0036 01       		.uleb128 0x1
 947 0037 12       		.uleb128 0x12
 948 0038 01       		.uleb128 0x1
 949 0039 40       		.uleb128 0x40
 950 003a 06       		.uleb128 0x6
 951 003b 00       		.byte	0x0
 952 003c 00       		.byte	0x0
 953 003d 04       		.uleb128 0x4
 954 003e 2E       		.uleb128 0x2e
 955 003f 00       		.byte	0x0
 956 0040 3F       		.uleb128 0x3f
 957 0041 0C       		.uleb128 0xc
 958 0042 03       		.uleb128 0x3
 959 0043 0E       		.uleb128 0xe
 960 0044 3A       		.uleb128 0x3a
 961 0045 0B       		.uleb128 0xb
 962 0046 3B       		.uleb128 0x3b
 963 0047 05       		.uleb128 0x5
 964 0048 27       		.uleb128 0x27
 965 0049 0C       		.uleb128 0xc
 966 004a 11       		.uleb128 0x11
 967 004b 01       		.uleb128 0x1
 968 004c 12       		.uleb128 0x12
 969 004d 01       		.uleb128 0x1
 970 004e 40       		.uleb128 0x40
 971 004f 06       		.uleb128 0x6
 972 0050 00       		.byte	0x0
 973 0051 00       		.byte	0x0
 974 0052 05       		.uleb128 0x5
 975 0053 2E       		.uleb128 0x2e
 976 0054 01       		.byte	0x1
 977 0055 01       		.uleb128 0x1
 978 0056 13       		.uleb128 0x13
 979 0057 03       		.uleb128 0x3
 980 0058 0E       		.uleb128 0xe
 981 0059 3A       		.uleb128 0x3a
 982 005a 0B       		.uleb128 0xb
 983 005b 3B       		.uleb128 0x3b
 984 005c 0B       		.uleb128 0xb
 985 005d 27       		.uleb128 0x27
 986 005e 0C       		.uleb128 0xc
 987 005f 11       		.uleb128 0x11
 988 0060 01       		.uleb128 0x1
 989 0061 12       		.uleb128 0x12
 990 0062 01       		.uleb128 0x1
 991 0063 40       		.uleb128 0x40
 992 0064 06       		.uleb128 0x6
 993 0065 00       		.byte	0x0
 994 0066 00       		.byte	0x0
 995 0067 06       		.uleb128 0x6
 996 0068 34       		.uleb128 0x34
 997 0069 00       		.byte	0x0
 998 006a 03       		.uleb128 0x3
ARM GAS  /cygdrive/c/DOCUME~1/deforce/LOKALA~1/Temp/ccoNSqoy.s 			page 24


 999 006b 0E       		.uleb128 0xe
 1000 006c 3A       		.uleb128 0x3a
 1001 006d 0B       		.uleb128 0xb
 1002 006e 3B       		.uleb128 0x3b
 1003 006f 0B       		.uleb128 0xb
 1004 0070 49       		.uleb128 0x49
 1005 0071 13       		.uleb128 0x13
 1006 0072 02       		.uleb128 0x2
 1007 0073 06       		.uleb128 0x6
 1008 0074 00       		.byte	0x0
 1009 0075 00       		.byte	0x0
 1010 0076 07       		.uleb128 0x7
 1011 0077 34       		.uleb128 0x34
 1012 0078 00       		.byte	0x0
 1013 0079 03       		.uleb128 0x3
 1014 007a 0E       		.uleb128 0xe
 1015 007b 3A       		.uleb128 0x3a
 1016 007c 0B       		.uleb128 0xb
 1017 007d 3B       		.uleb128 0x3b
 1018 007e 0B       		.uleb128 0xb
 1019 007f 49       		.uleb128 0x49
 1020 0080 13       		.uleb128 0x13
 1021 0081 00       		.byte	0x0
 1022 0082 00       		.byte	0x0
 1023 0083 08       		.uleb128 0x8
 1024 0084 24       		.uleb128 0x24
 1025 0085 00       		.byte	0x0
 1026 0086 03       		.uleb128 0x3
 1027 0087 0E       		.uleb128 0xe
 1028 0088 0B       		.uleb128 0xb
 1029 0089 0B       		.uleb128 0xb
 1030 008a 3E       		.uleb128 0x3e
 1031 008b 0B       		.uleb128 0xb
 1032 008c 00       		.byte	0x0
 1033 008d 00       		.byte	0x0
 1034 008e 09       		.uleb128 0x9
 1035 008f 2E       		.uleb128 0x2e
 1036 0090 01       		.byte	0x1
 1037 0091 01       		.uleb128 0x1
 1038 0092 13       		.uleb128 0x13
 1039 0093 03       		.uleb128 0x3
 1040 0094 0E       		.uleb128 0xe
 1041 0095 3A       		.uleb128 0x3a
 1042 0096 0B       		.uleb128 0xb
 1043 0097 3B       		.uleb128 0x3b
 1044 0098 0B       		.uleb128 0xb
 1045 0099 11       		.uleb128 0x11
 1046 009a 01       		.uleb128 0x1
 1047 009b 12       		.uleb128 0x12
 1048 009c 01       		.uleb128 0x1
 1049 009d 40       		.uleb128 0x40
 1050 009e 06       		.uleb128 0x6
 1051 009f 00       		.byte	0x0
 1052 00a0 00       		.byte	0x0
 1053 00a1 0A       		.uleb128 0xa
 1054 00a2 34       		.uleb128 0x34
 1055 00a3 00       		.byte	0x0
ARM GAS  /cygdrive/c/DOCUME~1/deforce/LOKALA~1/Temp/ccoNSqoy.s 			page 25


 1056 00a4 03       		.uleb128 0x3
 1057 00a5 0E       		.uleb128 0xe
 1058 00a6 3A       		.uleb128 0x3a
 1059 00a7 0B       		.uleb128 0xb
 1060 00a8 3B       		.uleb128 0x3b
 1061 00a9 0B       		.uleb128 0xb
 1062 00aa 49       		.uleb128 0x49
 1063 00ab 13       		.uleb128 0x13
 1064 00ac 3F       		.uleb128 0x3f
 1065 00ad 0C       		.uleb128 0xc
 1066 00ae 02       		.uleb128 0x2
 1067 00af 0A       		.uleb128 0xa
 1068 00b0 00       		.byte	0x0
 1069 00b1 00       		.byte	0x0
 1070 00b2 0B       		.uleb128 0xb
 1071 00b3 0F       		.uleb128 0xf
 1072 00b4 00       		.byte	0x0
 1073 00b5 0B       		.uleb128 0xb
 1074 00b6 0B       		.uleb128 0xb
 1075 00b7 49       		.uleb128 0x49
 1076 00b8 13       		.uleb128 0x13
 1077 00b9 00       		.byte	0x0
 1078 00ba 00       		.byte	0x0
 1079 00bb 0C       		.uleb128 0xc
 1080 00bc 34       		.uleb128 0x34
 1081 00bd 00       		.byte	0x0
 1082 00be 03       		.uleb128 0x3
 1083 00bf 08       		.uleb128 0x8
 1084 00c0 3A       		.uleb128 0x3a
 1085 00c1 0B       		.uleb128 0xb
 1086 00c2 3B       		.uleb128 0x3b
 1087 00c3 0B       		.uleb128 0xb
 1088 00c4 8740     		.uleb128 0x2007
 1089 00c6 0E       		.uleb128 0xe
 1090 00c7 49       		.uleb128 0x49
 1091 00c8 13       		.uleb128 0x13
 1092 00c9 3F       		.uleb128 0x3f
 1093 00ca 0C       		.uleb128 0xc
 1094 00cb 3C       		.uleb128 0x3c
 1095 00cc 0C       		.uleb128 0xc
 1096 00cd 00       		.byte	0x0
 1097 00ce 00       		.byte	0x0
 1098 00cf 00       		.byte	0x0
 1099              		.section	.debug_pubnames,"",%progbits
 1100 0000 5F000000 		.4byte	0x5f
 1101 0004 0200     		.2byte	0x2
 1102 0006 00000000 		.4byte	.Ldebug_info0
 1103 000a B2010000 		.4byte	0x1b2
 1104 000e 25000000 		.4byte	0x25
 1105 0012 65786365 		.ascii	"exceptionHandlerInit\000"
 1105      7074696F 
 1105      6E48616E 
 1105      646C6572 
 1105      496E6974 
 1106 0027 38000000 		.4byte	0x38
 1107 002b 6C6F774C 		.ascii	"lowLevelInit\000"
 1107      6576656C 
ARM GAS  /cygdrive/c/DOCUME~1/deforce/LOKALA~1/Temp/ccoNSqoy.s 			page 26


 1107      496E6974 
 1107      00
 1108 0038 4D000000 		.4byte	0x4d
 1109 003c 6561496E 		.ascii	"eaInit\000"
 1109      697400
 1110 0043 68010000 		.4byte	0x168
 1111 0047 70486561 		.ascii	"pHeapStart\000"
 1111      70537461 
 1111      727400
 1112 0052 87010000 		.4byte	0x187
 1113 0056 70486561 		.ascii	"pHeapEnd\000"
 1113      70456E64 
 1113      00
 1114 005f 00000000 		.4byte	0x0
 1115              		.section	.debug_aranges,"",%progbits
 1116 0000 1C000000 		.4byte	0x1c
 1117 0004 0200     		.2byte	0x2
 1118 0006 00000000 		.4byte	.Ldebug_info0
 1119 000a 04       		.byte	0x4
 1120 000b 00       		.byte	0x0
 1121 000c 0000     		.2byte	0x0
 1122 000e 0000     		.2byte	0x0
 1123 0010 00000000 		.4byte	.Ltext0
 1124 0014 80020000 		.4byte	.Letext0-.Ltext0
 1125 0018 00000000 		.4byte	0x0
 1126 001c 00000000 		.4byte	0x0
 1127              		.section	.debug_str,"MS",%progbits,1
 1128              	.LASF11:
 1129 0000 756E7369 		.ascii	"unsigned int\000"
 1129      676E6564 
 1129      20696E74 
 1129      00
 1130              	.LASF10:
 1131 000d 70486561 		.ascii	"pHeapStart\000"
 1131      70537461 
 1131      727400
 1132              	.LASF16:
 1133 0018 6672616D 		.ascii	"framework.c\000"
 1133      65776F72 
 1133      6B2E6300 
 1134              	.LASF1:
 1135 0024 6C6F774C 		.ascii	"lowLevelInit\000"
 1135      6576656C 
 1135      496E6974 
 1135      00
 1136              	.LASF18:
 1137 0031 2A656E64 		.ascii	"*end\000"
 1137      00
 1138              	.LASF0:
 1139 0036 65786365 		.ascii	"exceptionHandlerInit\000"
 1139      7074696F 
 1139      6E48616E 
 1139      646C6572 
 1139      496E6974 
 1140              	.LASF2:
 1141 004b 6561496E 		.ascii	"eaInit\000"
 1141      697400
ARM GAS  /cygdrive/c/DOCUME~1/deforce/LOKALA~1/Temp/ccoNSqoy.s 			page 27


 1142              	.LASF6:
 1143 0052 65786365 		.ascii	"exceptionHandlerDabort\000"
 1143      7074696F 
 1143      6E48616E 
 1143      646C6572 
 1143      4461626F 
 1144              	.LASF15:
 1145 0069 474E5520 		.ascii	"GNU C 4.1.1\000"
 1145      4320342E 
 1145      312E3100 
 1146              	.LASF5:
 1147 0075 65786365 		.ascii	"exceptionHandlerFiq\000"
 1147      7074696F 
 1147      6E48616E 
 1147      646C6572 
 1147      46697100 
 1148              	.LASF4:
 1149 0089 76616C75 		.ascii	"value\000"
 1149      6500
 1150              	.LASF7:
 1151 008f 65786365 		.ascii	"exceptionHandlerPabort\000"
 1151      7074696F 
 1151      6E48616E 
 1151      646C6572 
 1151      5061626F 
 1152              	.LASF12:
 1153 00a6 756E7369 		.ascii	"unsigned char\000"
 1153      676E6564 
 1153      20636861 
 1153      7200
 1154              	.LASF13:
 1155 00b4 70486561 		.ascii	"pHeapEnd\000"
 1155      70456E64 
 1155      00
 1156              	.LASF17:
 1157 00bd 2F637967 		.ascii	"/cygdrive/c/ultraljudprojects/CATtest/startup\000"
 1157      64726976 
 1157      652F632F 
 1157      756C7472 
 1157      616C6A75 
 1158              	.LASF14:
 1159 00eb 63686172 		.ascii	"char\000"
 1159      00
 1160              	.LASF3:
 1161 00f0 70726F67 		.ascii	"programCounter\000"
 1161      72616D43 
 1161      6F756E74 
 1161      657200
 1162              	.LASF9:
 1163 00ff 65786365 		.ascii	"exceptionHandlerUndef\000"
 1163      7074696F 
 1163      6E48616E 
 1163      646C6572 
 1163      556E6465 
 1164              	.LASF8:
 1165 0115 65786365 		.ascii	"exceptionHandlerSwi\000"
 1165      7074696F 
ARM GAS  /cygdrive/c/DOCUME~1/deforce/LOKALA~1/Temp/ccoNSqoy.s 			page 28


 1165      6E48616E 
 1165      646C6572 
 1165      53776900 
 1166              		.ident	"GCC: (GNU) 4.1.1"
ARM GAS  /cygdrive/c/DOCUME~1/deforce/LOKALA~1/Temp/ccoNSqoy.s 			page 29


DEFINED SYMBOLS
                            *ABS*:00000000 framework.c
/cygdrive/c/DOCUME~1/deforce/LOKALA~1/Temp/ccoNSqoy.s:13     .text:00000000 exceptionHandlerInit
/cygdrive/c/DOCUME~1/deforce/LOKALA~1/Temp/ccoNSqoy.s:22     .text:00000000 $a
/cygdrive/c/DOCUME~1/deforce/LOKALA~1/Temp/ccoNSqoy.s:56     .text:00000048 $d
/cygdrive/c/DOCUME~1/deforce/LOKALA~1/Temp/ccoNSqoy.s:220    .text:0000017c exceptionHandlerFiq
                            *COM*:00000004 pHeapStart
                            *COM*:00000004 pHeapEnd
/cygdrive/c/DOCUME~1/deforce/LOKALA~1/Temp/ccoNSqoy.s:380    .text:0000024c exceptionHandlerUndef
/cygdrive/c/DOCUME~1/deforce/LOKALA~1/Temp/ccoNSqoy.s:340    .text:00000218 exceptionHandlerSwi
/cygdrive/c/DOCUME~1/deforce/LOKALA~1/Temp/ccoNSqoy.s:300    .text:000001e4 exceptionHandlerPabort
/cygdrive/c/DOCUME~1/deforce/LOKALA~1/Temp/ccoNSqoy.s:260    .text:000001b0 exceptionHandlerDabort
/cygdrive/c/DOCUME~1/deforce/LOKALA~1/Temp/ccoNSqoy.s:70     .text:0000006c lowLevelInit
/cygdrive/c/DOCUME~1/deforce/LOKALA~1/Temp/ccoNSqoy.s:77     .text:0000006c $a
/cygdrive/c/DOCUME~1/deforce/LOKALA~1/Temp/ccoNSqoy.s:160    .text:00000114 $d
/cygdrive/c/DOCUME~1/deforce/LOKALA~1/Temp/ccoNSqoy.s:168    .text:00000120 eaInit
/cygdrive/c/DOCUME~1/deforce/LOKALA~1/Temp/ccoNSqoy.s:174    .text:00000120 $a
/cygdrive/c/DOCUME~1/deforce/LOKALA~1/Temp/ccoNSqoy.s:209    .text:00000174 $d
/cygdrive/c/DOCUME~1/deforce/LOKALA~1/Temp/ccoNSqoy.s:226    .text:0000017c $a
/cygdrive/c/DOCUME~1/deforce/LOKALA~1/Temp/ccoNSqoy.s:250    .text:000001ac $d
/cygdrive/c/DOCUME~1/deforce/LOKALA~1/Temp/ccoNSqoy.s:266    .text:000001b0 $a
/cygdrive/c/DOCUME~1/deforce/LOKALA~1/Temp/ccoNSqoy.s:290    .text:000001e0 $d
/cygdrive/c/DOCUME~1/deforce/LOKALA~1/Temp/ccoNSqoy.s:306    .text:000001e4 $a
/cygdrive/c/DOCUME~1/deforce/LOKALA~1/Temp/ccoNSqoy.s:330    .text:00000214 $d
/cygdrive/c/DOCUME~1/deforce/LOKALA~1/Temp/ccoNSqoy.s:346    .text:00000218 $a
/cygdrive/c/DOCUME~1/deforce/LOKALA~1/Temp/ccoNSqoy.s:370    .text:00000248 $d
/cygdrive/c/DOCUME~1/deforce/LOKALA~1/Temp/ccoNSqoy.s:386    .text:0000024c $a
/cygdrive/c/DOCUME~1/deforce/LOKALA~1/Temp/ccoNSqoy.s:410    .text:0000027c $d

UNDEFINED SYMBOLS
end
consolInit
consolSendString
consolSendNumber
