ARM GAS  /cygdrive/c/DOCUME~1/deforce/LOKALA~1/Temp/cc6g4Szp.s 			page 1


   1              		.code	16
   2              		.file	"proc3.c"
   3              		.section	.debug_abbrev,"",%progbits
   4              	.Ldebug_abbrev0:
   5              		.section	.debug_info,"",%progbits
   6              	.Ldebug_info0:
   7              		.section	.debug_line,"",%progbits
   8              	.Ldebug_line0:
   9 0000 91000000 		.text
   9      02006300 
   9      00000201 
   9      FB0E0D00 
   9      01010101 
  10              	.Ltext0:
  11              		.align	2
  12              		.global	procEx3
  13              		.code 16
  14              		.thumb_func
  15              		.type	procEx3, %function
  16              	procEx3:
  17              	.LFB2:
  18              		.file 1 "proc3.c"
   1:proc3.c       **** 
   2:proc3.c       **** 
   3:proc3.c       **** /*
   4:proc3.c       ****  * proc3.c
   5:proc3.c       ****  *
   6:proc3.c       ****  *  Created on: 31 okt 2011
   7:proc3.c       ****  *      Author: Tommy
   8:proc3.c       ****  */
   9:proc3.c       **** 
  10:proc3.c       **** /*****************************************************************************
  11:proc3.c       ****  *
  12:proc3.c       ****  * Exempel 3
  13:proc3.c       ****  *
  14:proc3.c       ****  ****************************************************************************/
  15:proc3.c       **** #include "pre_emptive_os/api/osapi.h"
  16:proc3.c       **** #include "general.h"
  17:proc3.c       **** #include "startup/lpc2xxx.h"
  18:proc3.c       **** #include "startup/printf_P.h"
  19:proc3.c       **** #include "startup/ea_init.h"
  20:proc3.c       **** #include "startup/consol.h"
  21:proc3.c       **** #include "startup/config.h"
  22:proc3.c       **** #include "startup/framework.h"
  23:proc3.c       **** 
  24:proc3.c       **** #include "LCD/LCD.h"  //  Funktionsprototyper för LCD-rutinerna
  25:proc3.c       **** 
  26:proc3.c       **** 
  27:proc3.c       **** extern long const delayshort;
  28:proc3.c       **** extern long const delaylong;
  29:proc3.c       **** 
  30:proc3.c       **** extern tCntSem mutexLCD;
  31:proc3.c       **** 
  32:proc3.c       **** 
  33:proc3.c       **** void
  34:proc3.c       **** procEx3(void* arg)
  35:proc3.c       **** {
ARM GAS  /cygdrive/c/DOCUME~1/deforce/LOKALA~1/Temp/cc6g4Szp.s 			page 2


  19              		.loc 1 35 0
  20 0000 80B5     		push	{r7, lr}
  21              	.LCFI0:
  22 0002 82B0     		sub	sp, sp, #8
  23              	.LCFI1:
  24 0004 00AF     		add	r7, sp, #0
  25              	.LCFI2:
  26 0006 3B1C     		mov	r3, r7
  27 0008 1860     		str	r0, [r3]
  28              	.L2:
  36:proc3.c       ****   tU8 error;
  37:proc3.c       **** 
  38:proc3.c       ****   for(;;)
  39:proc3.c       ****   {
  40:proc3.c       **** // Exempelkod för att visa hur flera processer kan dela på LCD
  41:proc3.c       ****     osSemTake(&mutexLCD, 0, &error);
  29              		.loc 1 41 0
  30 000a 334B     		ldr	r3, .L4
  31 000c FA1D     		add	r2, r7, #7
  32 000e 181C     		mov	r0, r3
  33 0010 0021     		mov	r1, #0
  34 0012 FFF7FEFF 		bl	osSemTake
  42:proc3.c       **** 
  43:proc3.c       ****     delay(delayshort);
  35              		.loc 1 43 0
  36 0016 314B     		ldr	r3, .L4+4
  37 0018 1B68     		ldr	r3, [r3]
  38 001a 181C     		mov	r0, r3
  39 001c FFF7FEFF 		bl	delay
  44:proc3.c       **** 	send_instruction(1);	//cleara displayn
  40              		.loc 1 44 0
  41 0020 0120     		mov	r0, #1
  42 0022 FFF7FEFF 		bl	send_instruction
  45:proc3.c       **** 	delay(delaylong);
  43              		.loc 1 45 0
  44 0026 2E4B     		ldr	r3, .L4+8
  45 0028 1B68     		ldr	r3, [r3]
  46 002a 181C     		mov	r0, r3
  47 002c FFF7FEFF 		bl	delay
  46:proc3.c       ****     send_instruction(2);  //cursorn till första positionen
  48              		.loc 1 46 0
  49 0030 0220     		mov	r0, #2
  50 0032 FFF7FEFF 		bl	send_instruction
  47:proc3.c       ****     delay(delaylong);
  51              		.loc 1 47 0
  52 0036 2A4B     		ldr	r3, .L4+8
  53 0038 1B68     		ldr	r3, [r3]
  54 003a 181C     		mov	r0, r3
  55 003c FFF7FEFF 		bl	delay
  48:proc3.c       ****     send_character('E');
  56              		.loc 1 48 0
  57 0040 4520     		mov	r0, #69
  58 0042 FFF7FEFF 		bl	send_character
  49:proc3.c       ****     delay(delayshort);
  59              		.loc 1 49 0
  60 0046 254B     		ldr	r3, .L4+4
  61 0048 1B68     		ldr	r3, [r3]
ARM GAS  /cygdrive/c/DOCUME~1/deforce/LOKALA~1/Temp/cc6g4Szp.s 			page 3


  62 004a 181C     		mov	r0, r3
  63 004c FFF7FEFF 		bl	delay
  50:proc3.c       ****     send_character('x');
  64              		.loc 1 50 0
  65 0050 7820     		mov	r0, #120
  66 0052 FFF7FEFF 		bl	send_character
  51:proc3.c       ****     delay(delayshort);
  67              		.loc 1 51 0
  68 0056 214B     		ldr	r3, .L4+4
  69 0058 1B68     		ldr	r3, [r3]
  70 005a 181C     		mov	r0, r3
  71 005c FFF7FEFF 		bl	delay
  52:proc3.c       ****     send_character('e');
  72              		.loc 1 52 0
  73 0060 6520     		mov	r0, #101
  74 0062 FFF7FEFF 		bl	send_character
  53:proc3.c       ****     delay(delayshort);
  75              		.loc 1 53 0
  76 0066 1D4B     		ldr	r3, .L4+4
  77 0068 1B68     		ldr	r3, [r3]
  78 006a 181C     		mov	r0, r3
  79 006c FFF7FEFF 		bl	delay
  54:proc3.c       ****     send_character('m');
  80              		.loc 1 54 0
  81 0070 6D20     		mov	r0, #109
  82 0072 FFF7FEFF 		bl	send_character
  55:proc3.c       ****     delay(delayshort);
  83              		.loc 1 55 0
  84 0076 194B     		ldr	r3, .L4+4
  85 0078 1B68     		ldr	r3, [r3]
  86 007a 181C     		mov	r0, r3
  87 007c FFF7FEFF 		bl	delay
  56:proc3.c       ****     send_character('p');
  88              		.loc 1 56 0
  89 0080 7020     		mov	r0, #112
  90 0082 FFF7FEFF 		bl	send_character
  57:proc3.c       ****     delay(delayshort);
  91              		.loc 1 57 0
  92 0086 154B     		ldr	r3, .L4+4
  93 0088 1B68     		ldr	r3, [r3]
  94 008a 181C     		mov	r0, r3
  95 008c FFF7FEFF 		bl	delay
  58:proc3.c       ****     send_character('e');
  96              		.loc 1 58 0
  97 0090 6520     		mov	r0, #101
  98 0092 FFF7FEFF 		bl	send_character
  59:proc3.c       ****     delay(delayshort);
  99              		.loc 1 59 0
 100 0096 114B     		ldr	r3, .L4+4
 101 0098 1B68     		ldr	r3, [r3]
 102 009a 181C     		mov	r0, r3
 103 009c FFF7FEFF 		bl	delay
  60:proc3.c       ****     send_character('l');
 104              		.loc 1 60 0
 105 00a0 6C20     		mov	r0, #108
 106 00a2 FFF7FEFF 		bl	send_character
  61:proc3.c       ****     delay(delayshort);
ARM GAS  /cygdrive/c/DOCUME~1/deforce/LOKALA~1/Temp/cc6g4Szp.s 			page 4


 107              		.loc 1 61 0
 108 00a6 0D4B     		ldr	r3, .L4+4
 109 00a8 1B68     		ldr	r3, [r3]
 110 00aa 181C     		mov	r0, r3
 111 00ac FFF7FEFF 		bl	delay
  62:proc3.c       ****     send_character('3');
 112              		.loc 1 62 0
 113 00b0 3320     		mov	r0, #51
 114 00b2 FFF7FEFF 		bl	send_character
  63:proc3.c       **** 
  64:proc3.c       ****     osSleep(300);		// för att infon säkert skall hinna synas
 115              		.loc 1 64 0
 116 00b6 9623     		mov	r3, #150
 117 00b8 5B00     		lsl	r3, r3, #1
 118 00ba 181C     		mov	r0, r3
 119 00bc FFF7FEFF 		bl	osSleep
  65:proc3.c       **** 
  66:proc3.c       ****     osSemGive(&mutexLCD, &error);
 120              		.loc 1 66 0
 121 00c0 054B     		ldr	r3, .L4
 122 00c2 FA1D     		add	r2, r7, #7
 123 00c4 181C     		mov	r0, r3
 124 00c6 111C     		mov	r1, r2
 125 00c8 FFF7FEFF 		bl	osSemGive
  67:proc3.c       **** 
  68:proc3.c       ****     osSleep(3000);
 126              		.loc 1 68 0
 127 00cc 054B     		ldr	r3, .L4+12
 128 00ce 181C     		mov	r0, r3
 129 00d0 FFF7FEFF 		bl	osSleep
  69:proc3.c       ****   }
 130              		.loc 1 69 0
 131 00d4 99E7     		b	.L2
 132              	.L5:
 133 00d6 0000     		.align	2
 134              	.L4:
 135 00d8 00000000 		.word	mutexLCD
 136 00dc 00000000 		.word	delayshort
 137 00e0 00000000 		.word	delaylong
 138 00e4 B80B0000 		.word	3000
 139              	.LFE2:
 140              		.size	procEx3, .-procEx3
 141              		.section	.debug_frame,"",%progbits
 142              	.Lframe0:
 143 0000 0C000000 		.4byte	.LECIE0-.LSCIE0
 144              	.LSCIE0:
 145 0004 FFFFFFFF 		.4byte	0xffffffff
 146 0008 01       		.byte	0x1
 147 0009 00       		.ascii	"\000"
 148 000a 01       		.uleb128 0x1
 149 000b 7C       		.sleb128 -4
 150 000c 0E       		.byte	0xe
 151 000d 0C       		.byte	0xc
 152 000e 0D       		.uleb128 0xd
 153 000f 00       		.uleb128 0x0
 154              		.align	2
 155              	.LECIE0:
ARM GAS  /cygdrive/c/DOCUME~1/deforce/LOKALA~1/Temp/cc6g4Szp.s 			page 5


 156              	.LSFDE0:
 157 0010 1C000000 		.4byte	.LEFDE0-.LASFDE0
 158              	.LASFDE0:
 159 0014 00000000 		.4byte	.Lframe0
 160 0018 00000000 		.4byte	.LFB2
 161 001c E8000000 		.4byte	.LFE2-.LFB2
 162 0020 42       		.byte	0x4
 163              		.4byte	.LCFI0-.LFB2
 164 0021 0E       		.byte	0xe
 165 0022 08       		.uleb128 0x8
 166 0023 87       		.byte	0x87
 167 0024 02       		.uleb128 0x2
 168 0025 8E       		.byte	0x8e
 169 0026 01       		.uleb128 0x1
 170 0027 42       		.byte	0x4
 171              		.4byte	.LCFI1-.LCFI0
 172 0028 0E       		.byte	0xe
 173 0029 10       		.uleb128 0x10
 174 002a 42       		.byte	0x4
 175              		.4byte	.LCFI2-.LCFI1
 176 002b 0D       		.byte	0xd
 177 002c 07       		.uleb128 0x7
 178 002d 000000   		.align	2
 179              	.LEFDE0:
 180              		.file 2 "pre_emptive_os/api/osapi.h"
 181              		.file 3 "pre_emptive_os/api/../api/general.h"
 182              		.text
 183              	.Letext0:
 184              		.section	.debug_loc,"",%progbits
 185              	.Ldebug_loc0:
 186              	.LLST0:
 187 0000 00000000 		.4byte	.LFB2-.Ltext0
 188 0004 02000000 		.4byte	.LCFI0-.Ltext0
 189 0008 0100     		.2byte	0x1
 190 000a 5D       		.byte	0x5d
 191 000b 02000000 		.4byte	.LCFI0-.Ltext0
 192 000f 04000000 		.4byte	.LCFI1-.Ltext0
 193 0013 0200     		.2byte	0x2
 194 0015 7D       		.byte	0x7d
 195 0016 08       		.sleb128 8
 196 0017 04000000 		.4byte	.LCFI1-.Ltext0
 197 001b 06000000 		.4byte	.LCFI2-.Ltext0
 198 001f 0200     		.2byte	0x2
 199 0021 7D       		.byte	0x7d
 200 0022 10       		.sleb128 16
 201 0023 06000000 		.4byte	.LCFI2-.Ltext0
 202 0027 E8000000 		.4byte	.LFE2-.Ltext0
 203 002b 0200     		.2byte	0x2
 204 002d 77       		.byte	0x77
 205 002e 10       		.sleb128 16
 206 002f 00000000 		.4byte	0x0
 207 0033 00000000 		.4byte	0x0
 208              		.section	.debug_info
 209 0000 76030000 		.4byte	0x376
 210 0004 0200     		.2byte	0x2
 211 0006 00000000 		.4byte	.Ldebug_abbrev0
 212 000a 04       		.byte	0x4
ARM GAS  /cygdrive/c/DOCUME~1/deforce/LOKALA~1/Temp/cc6g4Szp.s 			page 6


 213 000b 01       		.uleb128 0x1
 214 000c 00000000 		.4byte	.Ldebug_line0
 215 0010 E8000000 		.4byte	.Letext0
 216 0014 00000000 		.4byte	.Ltext0
 217 0018 474E5520 		.ascii	"GNU C 4.1.1\000"
 217      4320342E 
 217      312E3100 
 218 0024 01       		.byte	0x1
 219 0025 70726F63 		.ascii	"proc3.c\000"
 219      332E6300 
 220 002d 2F637967 		.ascii	"/cygdrive/c/armprojects/buttonledas/Projekt12_1\000"
 220      64726976 
 220      652F632F 
 220      61726D70 
 220      726F6A65 
 221 005d 02       		.uleb128 0x2
 222 005e 74553800 		.ascii	"tU8\000"
 223 0062 03       		.byte	0x3
 224 0063 47       		.byte	0x47
 225 0064 68000000 		.4byte	0x68
 226 0068 03       		.uleb128 0x3
 227 0069 756E7369 		.ascii	"unsigned char\000"
 227      676E6564 
 227      20636861 
 227      7200
 228 0077 01       		.byte	0x1
 229 0078 08       		.byte	0x8
 230 0079 02       		.uleb128 0x2
 231 007a 74553136 		.ascii	"tU16\000"
 231      00
 232 007f 03       		.byte	0x3
 233 0080 48       		.byte	0x48
 234 0081 85000000 		.4byte	0x85
 235 0085 03       		.uleb128 0x3
 236 0086 73686F72 		.ascii	"short unsigned int\000"
 236      7420756E 
 236      7369676E 
 236      65642069 
 236      6E7400
 237 0099 02       		.byte	0x2
 238 009a 07       		.byte	0x7
 239 009b 02       		.uleb128 0x2
 240 009c 74553332 		.ascii	"tU32\000"
 240      00
 241 00a1 03       		.byte	0x3
 242 00a2 49       		.byte	0x49
 243 00a3 A7000000 		.4byte	0xa7
 244 00a7 03       		.uleb128 0x3
 245 00a8 756E7369 		.ascii	"unsigned int\000"
 245      676E6564 
 245      20696E74 
 245      00
 246 00b5 04       		.byte	0x4
 247 00b6 07       		.byte	0x7
 248 00b7 03       		.uleb128 0x3
 249 00b8 7369676E 		.ascii	"signed char\000"
 249      65642063 
ARM GAS  /cygdrive/c/DOCUME~1/deforce/LOKALA~1/Temp/cc6g4Szp.s 			page 7


 249      68617200 
 250 00c4 01       		.byte	0x1
 251 00c5 06       		.byte	0x6
 252 00c6 03       		.uleb128 0x3
 253 00c7 73686F72 		.ascii	"short int\000"
 253      7420696E 
 253      7400
 254 00d1 02       		.byte	0x2
 255 00d2 05       		.byte	0x5
 256 00d3 03       		.uleb128 0x3
 257 00d4 696E7400 		.ascii	"int\000"
 258 00d8 04       		.byte	0x4
 259 00d9 05       		.byte	0x5
 260 00da 04       		.uleb128 0x4
 261 00db EF010000 		.4byte	0x1ef
 262 00df 5F744F53 		.ascii	"_tOSPCB__\000"
 262      5043425F 
 262      5F00
 263 00e9 28       		.byte	0x28
 264 00ea 02       		.byte	0x2
 265 00eb 58       		.byte	0x58
 266 00ec 05       		.uleb128 0x5
 267 00ed 7053746B 		.ascii	"pStk\000"
 267      00
 268 00f2 02       		.byte	0x2
 269 00f3 59       		.byte	0x59
 270 00f4 EF010000 		.4byte	0x1ef
 271 00f8 02       		.byte	0x2
 272 00f9 23       		.byte	0x23
 273 00fa 00       		.uleb128 0x0
 274 00fb 05       		.uleb128 0x5
 275 00fc 704E6578 		.ascii	"pNextPrioQueueReady\000"
 275      74507269 
 275      6F517565 
 275      75655265 
 275      61647900 
 276 0110 02       		.byte	0x2
 277 0111 5A       		.byte	0x5a
 278 0112 F5010000 		.4byte	0x1f5
 279 0116 02       		.byte	0x2
 280 0117 23       		.byte	0x23
 281 0118 04       		.uleb128 0x4
 282 0119 05       		.uleb128 0x5
 283 011a 70507265 		.ascii	"pPrevPrioQueueReady\000"
 283      76507269 
 283      6F517565 
 283      75655265 
 283      61647900 
 284 012e 02       		.byte	0x2
 285 012f 5B       		.byte	0x5b
 286 0130 F5010000 		.4byte	0x1f5
 287 0134 02       		.byte	0x2
 288 0135 23       		.byte	0x23
 289 0136 08       		.uleb128 0x8
 290 0137 05       		.uleb128 0x5
 291 0138 704E6578 		.ascii	"pNextPrioQueueEvent\000"
 291      74507269 
ARM GAS  /cygdrive/c/DOCUME~1/deforce/LOKALA~1/Temp/cc6g4Szp.s 			page 8


 291      6F517565 
 291      75654576 
 291      656E7400 
 292 014c 02       		.byte	0x2
 293 014d 5C       		.byte	0x5c
 294 014e F5010000 		.4byte	0x1f5
 295 0152 02       		.byte	0x2
 296 0153 23       		.byte	0x23
 297 0154 0C       		.uleb128 0xc
 298 0155 05       		.uleb128 0x5
 299 0156 70507265 		.ascii	"pPrevPrioQueueEvent\000"
 299      76507269 
 299      6F517565 
 299      75654576 
 299      656E7400 
 300 016a 02       		.byte	0x2
 301 016b 5D       		.byte	0x5d
 302 016c F5010000 		.4byte	0x1f5
 303 0170 02       		.byte	0x2
 304 0171 23       		.byte	0x23
 305 0172 10       		.uleb128 0x10
 306 0173 05       		.uleb128 0x5
 307 0174 704E6578 		.ascii	"pNextTimeQueue\000"
 307      7454696D 
 307      65517565 
 307      756500
 308 0183 02       		.byte	0x2
 309 0184 5E       		.byte	0x5e
 310 0185 F5010000 		.4byte	0x1f5
 311 0189 02       		.byte	0x2
 312 018a 23       		.byte	0x23
 313 018b 14       		.uleb128 0x14
 314 018c 05       		.uleb128 0x5
 315 018d 70696400 		.ascii	"pid\000"
 316 0191 02       		.byte	0x2
 317 0192 5F       		.byte	0x5f
 318 0193 5D000000 		.4byte	0x5d
 319 0197 02       		.byte	0x2
 320 0198 23       		.byte	0x23
 321 0199 18       		.uleb128 0x18
 322 019a 05       		.uleb128 0x5
 323 019b 7072696F 		.ascii	"prio\000"
 323      00
 324 01a0 02       		.byte	0x2
 325 01a1 60       		.byte	0x60
 326 01a2 5D000000 		.4byte	0x5d
 327 01a6 02       		.byte	0x2
 328 01a7 23       		.byte	0x23
 329 01a8 19       		.uleb128 0x19
 330 01a9 05       		.uleb128 0x5
 331 01aa 666C6167 		.ascii	"flag\000"
 331      00
 332 01af 02       		.byte	0x2
 333 01b0 61       		.byte	0x61
 334 01b1 5D000000 		.4byte	0x5d
 335 01b5 02       		.byte	0x2
 336 01b6 23       		.byte	0x23
ARM GAS  /cygdrive/c/DOCUME~1/deforce/LOKALA~1/Temp/cc6g4Szp.s 			page 9


 337 01b7 1A       		.uleb128 0x1a
 338 01b8 05       		.uleb128 0x5
 339 01b9 736C6565 		.ascii	"sleep\000"
 339      7000
 340 01bf 02       		.byte	0x2
 341 01c0 62       		.byte	0x62
 342 01c1 9B000000 		.4byte	0x9b
 343 01c5 02       		.byte	0x2
 344 01c6 23       		.byte	0x23
 345 01c7 1C       		.uleb128 0x1c
 346 01c8 05       		.uleb128 0x5
 347 01c9 7053746B 		.ascii	"pStkOrg\000"
 347      4F726700 
 348 01d1 02       		.byte	0x2
 349 01d2 65       		.byte	0x65
 350 01d3 EF010000 		.4byte	0x1ef
 351 01d7 02       		.byte	0x2
 352 01d8 23       		.byte	0x23
 353 01d9 20       		.uleb128 0x20
 354 01da 05       		.uleb128 0x5
 355 01db 73746163 		.ascii	"stackSize\000"
 355      6B53697A 
 355      6500
 356 01e5 02       		.byte	0x2
 357 01e6 66       		.byte	0x66
 358 01e7 79000000 		.4byte	0x79
 359 01eb 02       		.byte	0x2
 360 01ec 23       		.byte	0x23
 361 01ed 24       		.uleb128 0x24
 362 01ee 00       		.byte	0x0
 363 01ef 06       		.uleb128 0x6
 364 01f0 04       		.byte	0x4
 365 01f1 5D000000 		.4byte	0x5d
 366 01f5 06       		.uleb128 0x6
 367 01f6 04       		.byte	0x4
 368 01f7 DA000000 		.4byte	0xda
 369 01fb 02       		.uleb128 0x2
 370 01fc 744F5350 		.ascii	"tOSPCB\000"
 370      434200
 371 0203 02       		.byte	0x2
 372 0204 68       		.byte	0x68
 373 0205 DA000000 		.4byte	0xda
 374 0209 04       		.uleb128 0x4
 375 020a 43020000 		.4byte	0x243
 376 020e 5F745072 		.ascii	"_tPrioQueue_\000"
 376      696F5175 
 376      6575655F 
 376      00
 377 021b 18       		.byte	0x18
 378 021c 02       		.byte	0x2
 379 021d 70       		.byte	0x70
 380 021e 05       		.uleb128 0x5
 381 021f 70507269 		.ascii	"pPrioList\000"
 381      6F4C6973 
 381      7400
 382 0229 02       		.byte	0x2
 383 022a 71       		.byte	0x71
ARM GAS  /cygdrive/c/DOCUME~1/deforce/LOKALA~1/Temp/cc6g4Szp.s 			page 10


 384 022b 43020000 		.4byte	0x243
 385 022f 02       		.byte	0x2
 386 0230 23       		.byte	0x23
 387 0231 00       		.uleb128 0x0
 388 0232 05       		.uleb128 0x5
 389 0233 70504342 		.ascii	"pPCBs\000"
 389      7300
 390 0239 02       		.byte	0x2
 391 023a 72       		.byte	0x72
 392 023b 68020000 		.4byte	0x268
 393 023f 02       		.byte	0x2
 394 0240 23       		.byte	0x23
 395 0241 14       		.uleb128 0x14
 396 0242 00       		.byte	0x0
 397 0243 07       		.uleb128 0x7
 398 0244 53020000 		.4byte	0x253
 399 0248 68020000 		.4byte	0x268
 400 024c 08       		.uleb128 0x8
 401 024d 53020000 		.4byte	0x253
 402 0251 04       		.byte	0x4
 403 0252 00       		.byte	0x0
 404 0253 03       		.uleb128 0x3
 405 0254 6C6F6E67 		.ascii	"long unsigned int\000"
 405      20756E73 
 405      69676E65 
 405      6420696E 
 405      7400
 406 0266 04       		.byte	0x4
 407 0267 07       		.byte	0x7
 408 0268 06       		.uleb128 0x6
 409 0269 04       		.byte	0x4
 410 026a FB010000 		.4byte	0x1fb
 411 026e 02       		.uleb128 0x2
 412 026f 74507269 		.ascii	"tPrioQueue\000"
 412      6F517565 
 412      756500
 413 027a 02       		.byte	0x2
 414 027b 73       		.byte	0x73
 415 027c 09020000 		.4byte	0x209
 416 0280 04       		.uleb128 0x4
 417 0281 A4020000 		.4byte	0x2a4
 418 0285 5F744F53 		.ascii	"_tOSEvent_\000"
 418      4576656E 
 418      745F00
 419 0290 18       		.byte	0x18
 420 0291 02       		.byte	0x2
 421 0292 76       		.byte	0x76
 422 0293 05       		.uleb128 0x5
 423 0294 77616974 		.ascii	"waitQ\000"
 423      5100
 424 029a 02       		.byte	0x2
 425 029b 77       		.byte	0x77
 426 029c 6E020000 		.4byte	0x26e
 427 02a0 02       		.byte	0x2
 428 02a1 23       		.byte	0x23
 429 02a2 00       		.uleb128 0x0
 430 02a3 00       		.byte	0x0
ARM GAS  /cygdrive/c/DOCUME~1/deforce/LOKALA~1/Temp/cc6g4Szp.s 			page 11


 431 02a4 02       		.uleb128 0x2
 432 02a5 744F5345 		.ascii	"tOSEvent\000"
 432      76656E74 
 432      00
 433 02ae 02       		.byte	0x2
 434 02af 78       		.byte	0x78
 435 02b0 80020000 		.4byte	0x280
 436 02b4 04       		.uleb128 0x4
 437 02b5 E2020000 		.4byte	0x2e2
 438 02b9 5F74436E 		.ascii	"_tCntSem_\000"
 438      7453656D 
 438      5F00
 439 02c3 1C       		.byte	0x1c
 440 02c4 02       		.byte	0x2
 441 02c5 7B       		.byte	0x7b
 442 02c6 05       		.uleb128 0x5
 443 02c7 657600   		.ascii	"ev\000"
 444 02ca 02       		.byte	0x2
 445 02cb 7C       		.byte	0x7c
 446 02cc A4020000 		.4byte	0x2a4
 447 02d0 02       		.byte	0x2
 448 02d1 23       		.byte	0x23
 449 02d2 00       		.uleb128 0x0
 450 02d3 05       		.uleb128 0x5
 451 02d4 636E7400 		.ascii	"cnt\000"
 452 02d8 02       		.byte	0x2
 453 02d9 7D       		.byte	0x7d
 454 02da 79000000 		.4byte	0x79
 455 02de 02       		.byte	0x2
 456 02df 23       		.byte	0x23
 457 02e0 18       		.uleb128 0x18
 458 02e1 00       		.byte	0x0
 459 02e2 02       		.uleb128 0x2
 460 02e3 74436E74 		.ascii	"tCntSem\000"
 460      53656D00 
 461 02eb 02       		.byte	0x2
 462 02ec 7F       		.byte	0x7f
 463 02ed B4020000 		.4byte	0x2b4
 464 02f1 09       		.uleb128 0x9
 465 02f2 04       		.byte	0x4
 466 02f3 0A       		.uleb128 0xa
 467 02f4 2F030000 		.4byte	0x32f
 468 02f8 01       		.byte	0x1
 469 02f9 70726F63 		.ascii	"procEx3\000"
 469      45783300 
 470 0301 01       		.byte	0x1
 471 0302 23       		.byte	0x23
 472 0303 01       		.byte	0x1
 473 0304 00000000 		.4byte	.LFB2
 474 0308 E8000000 		.4byte	.LFE2
 475 030c 00000000 		.4byte	.LLST0
 476 0310 0B       		.uleb128 0xb
 477 0311 61726700 		.ascii	"arg\000"
 478 0315 01       		.byte	0x1
 479 0316 22       		.byte	0x22
 480 0317 F1020000 		.4byte	0x2f1
 481 031b 02       		.byte	0x2
ARM GAS  /cygdrive/c/DOCUME~1/deforce/LOKALA~1/Temp/cc6g4Szp.s 			page 12


 482 031c 91       		.byte	0x91
 483 031d 70       		.sleb128 -16
 484 031e 0C       		.uleb128 0xc
 485 031f 6572726F 		.ascii	"error\000"
 485      7200
 486 0325 01       		.byte	0x1
 487 0326 24       		.byte	0x24
 488 0327 68000000 		.4byte	0x68
 489 032b 02       		.byte	0x2
 490 032c 91       		.byte	0x91
 491 032d 77       		.sleb128 -9
 492 032e 00       		.byte	0x0
 493 032f 0D       		.uleb128 0xd
 494 0330 64656C61 		.ascii	"delayshort\000"
 494      7973686F 
 494      727400
 495 033b 01       		.byte	0x1
 496 033c 1B       		.byte	0x1b
 497 033d 43030000 		.4byte	0x343
 498 0341 01       		.byte	0x1
 499 0342 01       		.byte	0x1
 500 0343 0E       		.uleb128 0xe
 501 0344 48030000 		.4byte	0x348
 502 0348 03       		.uleb128 0x3
 503 0349 6C6F6E67 		.ascii	"long int\000"
 503      20696E74 
 503      00
 504 0352 04       		.byte	0x4
 505 0353 05       		.byte	0x5
 506 0354 0D       		.uleb128 0xd
 507 0355 64656C61 		.ascii	"delaylong\000"
 507      796C6F6E 
 507      6700
 508 035f 01       		.byte	0x1
 509 0360 1C       		.byte	0x1c
 510 0361 43030000 		.4byte	0x343
 511 0365 01       		.byte	0x1
 512 0366 01       		.byte	0x1
 513 0367 0D       		.uleb128 0xd
 514 0368 6D757465 		.ascii	"mutexLCD\000"
 514      784C4344 
 514      00
 515 0371 01       		.byte	0x1
 516 0372 1E       		.byte	0x1e
 517 0373 E2020000 		.4byte	0x2e2
 518 0377 01       		.byte	0x1
 519 0378 01       		.byte	0x1
 520 0379 00       		.byte	0x0
 521              		.section	.debug_abbrev
 522 0000 01       		.uleb128 0x1
 523 0001 11       		.uleb128 0x11
 524 0002 01       		.byte	0x1
 525 0003 10       		.uleb128 0x10
 526 0004 06       		.uleb128 0x6
 527 0005 12       		.uleb128 0x12
 528 0006 01       		.uleb128 0x1
 529 0007 11       		.uleb128 0x11
ARM GAS  /cygdrive/c/DOCUME~1/deforce/LOKALA~1/Temp/cc6g4Szp.s 			page 13


 530 0008 01       		.uleb128 0x1
 531 0009 25       		.uleb128 0x25
 532 000a 08       		.uleb128 0x8
 533 000b 13       		.uleb128 0x13
 534 000c 0B       		.uleb128 0xb
 535 000d 03       		.uleb128 0x3
 536 000e 08       		.uleb128 0x8
 537 000f 1B       		.uleb128 0x1b
 538 0010 08       		.uleb128 0x8
 539 0011 00       		.byte	0x0
 540 0012 00       		.byte	0x0
 541 0013 02       		.uleb128 0x2
 542 0014 16       		.uleb128 0x16
 543 0015 00       		.byte	0x0
 544 0016 03       		.uleb128 0x3
 545 0017 08       		.uleb128 0x8
 546 0018 3A       		.uleb128 0x3a
 547 0019 0B       		.uleb128 0xb
 548 001a 3B       		.uleb128 0x3b
 549 001b 0B       		.uleb128 0xb
 550 001c 49       		.uleb128 0x49
 551 001d 13       		.uleb128 0x13
 552 001e 00       		.byte	0x0
 553 001f 00       		.byte	0x0
 554 0020 03       		.uleb128 0x3
 555 0021 24       		.uleb128 0x24
 556 0022 00       		.byte	0x0
 557 0023 03       		.uleb128 0x3
 558 0024 08       		.uleb128 0x8
 559 0025 0B       		.uleb128 0xb
 560 0026 0B       		.uleb128 0xb
 561 0027 3E       		.uleb128 0x3e
 562 0028 0B       		.uleb128 0xb
 563 0029 00       		.byte	0x0
 564 002a 00       		.byte	0x0
 565 002b 04       		.uleb128 0x4
 566 002c 13       		.uleb128 0x13
 567 002d 01       		.byte	0x1
 568 002e 01       		.uleb128 0x1
 569 002f 13       		.uleb128 0x13
 570 0030 03       		.uleb128 0x3
 571 0031 08       		.uleb128 0x8
 572 0032 0B       		.uleb128 0xb
 573 0033 0B       		.uleb128 0xb
 574 0034 3A       		.uleb128 0x3a
 575 0035 0B       		.uleb128 0xb
 576 0036 3B       		.uleb128 0x3b
 577 0037 0B       		.uleb128 0xb
 578 0038 00       		.byte	0x0
 579 0039 00       		.byte	0x0
 580 003a 05       		.uleb128 0x5
 581 003b 0D       		.uleb128 0xd
 582 003c 00       		.byte	0x0
 583 003d 03       		.uleb128 0x3
 584 003e 08       		.uleb128 0x8
 585 003f 3A       		.uleb128 0x3a
 586 0040 0B       		.uleb128 0xb
ARM GAS  /cygdrive/c/DOCUME~1/deforce/LOKALA~1/Temp/cc6g4Szp.s 			page 14


 587 0041 3B       		.uleb128 0x3b
 588 0042 0B       		.uleb128 0xb
 589 0043 49       		.uleb128 0x49
 590 0044 13       		.uleb128 0x13
 591 0045 38       		.uleb128 0x38
 592 0046 0A       		.uleb128 0xa
 593 0047 00       		.byte	0x0
 594 0048 00       		.byte	0x0
 595 0049 06       		.uleb128 0x6
 596 004a 0F       		.uleb128 0xf
 597 004b 00       		.byte	0x0
 598 004c 0B       		.uleb128 0xb
 599 004d 0B       		.uleb128 0xb
 600 004e 49       		.uleb128 0x49
 601 004f 13       		.uleb128 0x13
 602 0050 00       		.byte	0x0
 603 0051 00       		.byte	0x0
 604 0052 07       		.uleb128 0x7
 605 0053 01       		.uleb128 0x1
 606 0054 01       		.byte	0x1
 607 0055 01       		.uleb128 0x1
 608 0056 13       		.uleb128 0x13
 609 0057 49       		.uleb128 0x49
 610 0058 13       		.uleb128 0x13
 611 0059 00       		.byte	0x0
 612 005a 00       		.byte	0x0
 613 005b 08       		.uleb128 0x8
 614 005c 21       		.uleb128 0x21
 615 005d 00       		.byte	0x0
 616 005e 49       		.uleb128 0x49
 617 005f 13       		.uleb128 0x13
 618 0060 2F       		.uleb128 0x2f
 619 0061 0B       		.uleb128 0xb
 620 0062 00       		.byte	0x0
 621 0063 00       		.byte	0x0
 622 0064 09       		.uleb128 0x9
 623 0065 0F       		.uleb128 0xf
 624 0066 00       		.byte	0x0
 625 0067 0B       		.uleb128 0xb
 626 0068 0B       		.uleb128 0xb
 627 0069 00       		.byte	0x0
 628 006a 00       		.byte	0x0
 629 006b 0A       		.uleb128 0xa
 630 006c 2E       		.uleb128 0x2e
 631 006d 01       		.byte	0x1
 632 006e 01       		.uleb128 0x1
 633 006f 13       		.uleb128 0x13
 634 0070 3F       		.uleb128 0x3f
 635 0071 0C       		.uleb128 0xc
 636 0072 03       		.uleb128 0x3
 637 0073 08       		.uleb128 0x8
 638 0074 3A       		.uleb128 0x3a
 639 0075 0B       		.uleb128 0xb
 640 0076 3B       		.uleb128 0x3b
 641 0077 0B       		.uleb128 0xb
 642 0078 27       		.uleb128 0x27
 643 0079 0C       		.uleb128 0xc
ARM GAS  /cygdrive/c/DOCUME~1/deforce/LOKALA~1/Temp/cc6g4Szp.s 			page 15


 644 007a 11       		.uleb128 0x11
 645 007b 01       		.uleb128 0x1
 646 007c 12       		.uleb128 0x12
 647 007d 01       		.uleb128 0x1
 648 007e 40       		.uleb128 0x40
 649 007f 06       		.uleb128 0x6
 650 0080 00       		.byte	0x0
 651 0081 00       		.byte	0x0
 652 0082 0B       		.uleb128 0xb
 653 0083 05       		.uleb128 0x5
 654 0084 00       		.byte	0x0
 655 0085 03       		.uleb128 0x3
 656 0086 08       		.uleb128 0x8
 657 0087 3A       		.uleb128 0x3a
 658 0088 0B       		.uleb128 0xb
 659 0089 3B       		.uleb128 0x3b
 660 008a 0B       		.uleb128 0xb
 661 008b 49       		.uleb128 0x49
 662 008c 13       		.uleb128 0x13
 663 008d 02       		.uleb128 0x2
 664 008e 0A       		.uleb128 0xa
 665 008f 00       		.byte	0x0
 666 0090 00       		.byte	0x0
 667 0091 0C       		.uleb128 0xc
 668 0092 34       		.uleb128 0x34
 669 0093 00       		.byte	0x0
 670 0094 03       		.uleb128 0x3
 671 0095 08       		.uleb128 0x8
 672 0096 3A       		.uleb128 0x3a
 673 0097 0B       		.uleb128 0xb
 674 0098 3B       		.uleb128 0x3b
 675 0099 0B       		.uleb128 0xb
 676 009a 49       		.uleb128 0x49
 677 009b 13       		.uleb128 0x13
 678 009c 02       		.uleb128 0x2
 679 009d 0A       		.uleb128 0xa
 680 009e 00       		.byte	0x0
 681 009f 00       		.byte	0x0
 682 00a0 0D       		.uleb128 0xd
 683 00a1 34       		.uleb128 0x34
 684 00a2 00       		.byte	0x0
 685 00a3 03       		.uleb128 0x3
 686 00a4 08       		.uleb128 0x8
 687 00a5 3A       		.uleb128 0x3a
 688 00a6 0B       		.uleb128 0xb
 689 00a7 3B       		.uleb128 0x3b
 690 00a8 0B       		.uleb128 0xb
 691 00a9 49       		.uleb128 0x49
 692 00aa 13       		.uleb128 0x13
 693 00ab 3F       		.uleb128 0x3f
 694 00ac 0C       		.uleb128 0xc
 695 00ad 3C       		.uleb128 0x3c
 696 00ae 0C       		.uleb128 0xc
 697 00af 00       		.byte	0x0
 698 00b0 00       		.byte	0x0
 699 00b1 0E       		.uleb128 0xe
 700 00b2 26       		.uleb128 0x26
ARM GAS  /cygdrive/c/DOCUME~1/deforce/LOKALA~1/Temp/cc6g4Szp.s 			page 16


 701 00b3 00       		.byte	0x0
 702 00b4 49       		.uleb128 0x49
 703 00b5 13       		.uleb128 0x13
 704 00b6 00       		.byte	0x0
 705 00b7 00       		.byte	0x0
 706 00b8 00       		.byte	0x0
 707              		.section	.debug_pubnames,"",%progbits
 708 0000 1A000000 		.4byte	0x1a
 709 0004 0200     		.2byte	0x2
 710 0006 00000000 		.4byte	.Ldebug_info0
 711 000a 7A030000 		.4byte	0x37a
 712 000e F3020000 		.4byte	0x2f3
 713 0012 70726F63 		.ascii	"procEx3\000"
 713      45783300 
 714 001a 00000000 		.4byte	0x0
 715              		.section	.debug_aranges,"",%progbits
 716 0000 1C000000 		.4byte	0x1c
 717 0004 0200     		.2byte	0x2
 718 0006 00000000 		.4byte	.Ldebug_info0
 719 000a 04       		.byte	0x4
 720 000b 00       		.byte	0x0
 721 000c 0000     		.2byte	0x0
 722 000e 0000     		.2byte	0x0
 723 0010 00000000 		.4byte	.Ltext0
 724 0014 E8000000 		.4byte	.Letext0-.Ltext0
 725 0018 00000000 		.4byte	0x0
 726 001c 00000000 		.4byte	0x0
 727              		.ident	"GCC: (GNU) 4.1.1"
ARM GAS  /cygdrive/c/DOCUME~1/deforce/LOKALA~1/Temp/cc6g4Szp.s 			page 17


DEFINED SYMBOLS
                            *ABS*:00000000 proc3.c
/cygdrive/c/DOCUME~1/deforce/LOKALA~1/Temp/cc6g4Szp.s:1      .text:00000000 $t
/cygdrive/c/DOCUME~1/deforce/LOKALA~1/Temp/cc6g4Szp.s:16     .text:00000000 procEx3
/cygdrive/c/DOCUME~1/deforce/LOKALA~1/Temp/cc6g4Szp.s:135    .text:000000d8 $d

UNDEFINED SYMBOLS
osSemTake
delay
send_instruction
send_character
osSleep
osSemGive
mutexLCD
delayshort
delaylong
