ARM GAS  /cygdrive/c/DOCUME~1/deforce/LOKALA~1/Temp/ccxEGKzp.s 			page 1


   1              		.code	16
   2              		.file	"proc2.c"
   3              		.section	.debug_abbrev,"",%progbits
   4              	.Ldebug_abbrev0:
   5              		.section	.debug_info,"",%progbits
   6              	.Ldebug_info0:
   7              		.section	.debug_line,"",%progbits
   8              	.Ldebug_line0:
   9 0000 7E000000 		.text
   9      02006300 
   9      00000201 
   9      FB0E0D00 
   9      01010101 
  10              	.Ltext0:
  11              		.align	2
  12              		.global	procEx2
  13              		.code 16
  14              		.thumb_func
  15              		.type	procEx2, %function
  16              	procEx2:
  17              	.LFB2:
  18              		.file 1 "proc2.c"
   1:proc2.c       **** /*
   2:proc2.c       ****  * proc2.c
   3:proc2.c       ****  *
   4:proc2.c       ****  *  Created on: 31 okt 2011
   5:proc2.c       ****  *      Author: Tommy
   6:proc2.c       ****  */
   7:proc2.c       **** 
   8:proc2.c       **** /*****************************************************************************
   9:proc2.c       ****  *
  10:proc2.c       ****  * Exempel 2
  11:proc2.c       ****  *
  12:proc2.c       ****  ****************************************************************************/
  13:proc2.c       **** #include "pre_emptive_os/api/osapi.h"
  14:proc2.c       **** #include "general.h"
  15:proc2.c       **** #include "startup/lpc2xxx.h"
  16:proc2.c       **** #include "startup/printf_P.h"
  17:proc2.c       **** #include "startup/ea_init.h"
  18:proc2.c       **** #include "startup/consol.h"
  19:proc2.c       **** #include "startup/config.h"
  20:proc2.c       **** #include "startup/framework.h"
  21:proc2.c       **** 
  22:proc2.c       **** #include "LCD/LCD.h"  //  Funktionsprototyper för LCD-rutinerna
  23:proc2.c       **** 
  24:proc2.c       **** extern long const delayshort;
  25:proc2.c       **** extern long const delaylong;
  26:proc2.c       **** 
  27:proc2.c       **** extern tCntSem mutexLCD;
  28:proc2.c       **** 
  29:proc2.c       **** 
  30:proc2.c       **** void
  31:proc2.c       **** procEx2(void* arg)
  32:proc2.c       **** {
  19              		.loc 1 32 0
  20 0000 80B5     		push	{r7, lr}
  21              	.LCFI0:
ARM GAS  /cygdrive/c/DOCUME~1/deforce/LOKALA~1/Temp/ccxEGKzp.s 			page 2


  22 0002 82B0     		sub	sp, sp, #8
  23              	.LCFI1:
  24 0004 00AF     		add	r7, sp, #0
  25              	.LCFI2:
  26 0006 3B1C     		mov	r3, r7
  27 0008 1860     		str	r0, [r3]
  28              	.L2:
  33:proc2.c       ****   tU8 error;
  34:proc2.c       **** 
  35:proc2.c       ****   for(;;)
  36:proc2.c       ****   {
  37:proc2.c       **** // Exempelkod för att visa hur flera processer kan dela på LCD
  38:proc2.c       ****     osSemTake(&mutexLCD, 0, &error);
  29              		.loc 1 38 0
  30 000a 094B     		ldr	r3, .L4
  31 000c FA1D     		add	r2, r7, #7
  32 000e 181C     		mov	r0, r3
  33 0010 0021     		mov	r1, #0
  34 0012 FFF7FEFF 		bl	osSemTake
  39:proc2.c       **** /*
  40:proc2.c       ****     delay(delayshort);
  41:proc2.c       **** 	send_instruction(1);	//cleara displayn
  42:proc2.c       **** 	delay(delaylong);
  43:proc2.c       **** 	send_instruction(2);  //cursorn till första positionen
  44:proc2.c       **** 	delay(delaylong);
  45:proc2.c       ****     send_character('E');
  46:proc2.c       ****     delay(delayshort);
  47:proc2.c       ****     send_character('x');
  48:proc2.c       ****     delay(delayshort);
  49:proc2.c       ****     send_character('e');
  50:proc2.c       ****     delay(delayshort);
  51:proc2.c       ****     send_character('m');
  52:proc2.c       ****     delay(delayshort);
  53:proc2.c       ****     send_character('p');
  54:proc2.c       ****     delay(delayshort);
  55:proc2.c       ****     send_character('e');
  56:proc2.c       ****     delay(delayshort);
  57:proc2.c       ****     send_character('l');
  58:proc2.c       ****     delay(delayshort);
  59:proc2.c       ****     send_character('2');
  60:proc2.c       **** 
  61:proc2.c       ****     osSleep(300);		// för att infon säkert skall hinna synas
  62:proc2.c       **** */
  63:proc2.c       ****     osSemGive(&mutexLCD, &error);
  35              		.loc 1 63 0
  36 0016 064B     		ldr	r3, .L4
  37 0018 FA1D     		add	r2, r7, #7
  38 001a 181C     		mov	r0, r3
  39 001c 111C     		mov	r1, r2
  40 001e FFF7FEFF 		bl	osSemGive
  64:proc2.c       **** 
  65:proc2.c       ****     osSleep(2000);
  41              		.loc 1 65 0
  42 0022 FA23     		mov	r3, #250
  43 0024 DB00     		lsl	r3, r3, #3
  44 0026 181C     		mov	r0, r3
  45 0028 FFF7FEFF 		bl	osSleep
ARM GAS  /cygdrive/c/DOCUME~1/deforce/LOKALA~1/Temp/ccxEGKzp.s 			page 3


  66:proc2.c       ****   }
  46              		.loc 1 66 0
  47 002c EDE7     		b	.L2
  48              	.L5:
  49 002e 0000     		.align	2
  50              	.L4:
  51 0030 00000000 		.word	mutexLCD
  52              	.LFE2:
  53              		.size	procEx2, .-procEx2
  54              		.section	.debug_frame,"",%progbits
  55              	.Lframe0:
  56 0000 0C000000 		.4byte	.LECIE0-.LSCIE0
  57              	.LSCIE0:
  58 0004 FFFFFFFF 		.4byte	0xffffffff
  59 0008 01       		.byte	0x1
  60 0009 00       		.ascii	"\000"
  61 000a 01       		.uleb128 0x1
  62 000b 7C       		.sleb128 -4
  63 000c 0E       		.byte	0xe
  64 000d 0C       		.byte	0xc
  65 000e 0D       		.uleb128 0xd
  66 000f 00       		.uleb128 0x0
  67              		.align	2
  68              	.LECIE0:
  69              	.LSFDE0:
  70 0010 1C000000 		.4byte	.LEFDE0-.LASFDE0
  71              	.LASFDE0:
  72 0014 00000000 		.4byte	.Lframe0
  73 0018 00000000 		.4byte	.LFB2
  74 001c 34000000 		.4byte	.LFE2-.LFB2
  75 0020 42       		.byte	0x4
  76              		.4byte	.LCFI0-.LFB2
  77 0021 0E       		.byte	0xe
  78 0022 08       		.uleb128 0x8
  79 0023 87       		.byte	0x87
  80 0024 02       		.uleb128 0x2
  81 0025 8E       		.byte	0x8e
  82 0026 01       		.uleb128 0x1
  83 0027 42       		.byte	0x4
  84              		.4byte	.LCFI1-.LCFI0
  85 0028 0E       		.byte	0xe
  86 0029 10       		.uleb128 0x10
  87 002a 42       		.byte	0x4
  88              		.4byte	.LCFI2-.LCFI1
  89 002b 0D       		.byte	0xd
  90 002c 07       		.uleb128 0x7
  91 002d 000000   		.align	2
  92              	.LEFDE0:
  93              		.file 2 "pre_emptive_os/api/osapi.h"
  94              		.file 3 "pre_emptive_os/api/../api/general.h"
  95              		.text
  96              	.Letext0:
  97              		.section	.debug_loc,"",%progbits
  98              	.Ldebug_loc0:
  99              	.LLST0:
 100 0000 00000000 		.4byte	.LFB2-.Ltext0
 101 0004 02000000 		.4byte	.LCFI0-.Ltext0
ARM GAS  /cygdrive/c/DOCUME~1/deforce/LOKALA~1/Temp/ccxEGKzp.s 			page 4


 102 0008 0100     		.2byte	0x1
 103 000a 5D       		.byte	0x5d
 104 000b 02000000 		.4byte	.LCFI0-.Ltext0
 105 000f 04000000 		.4byte	.LCFI1-.Ltext0
 106 0013 0200     		.2byte	0x2
 107 0015 7D       		.byte	0x7d
 108 0016 08       		.sleb128 8
 109 0017 04000000 		.4byte	.LCFI1-.Ltext0
 110 001b 06000000 		.4byte	.LCFI2-.Ltext0
 111 001f 0200     		.2byte	0x2
 112 0021 7D       		.byte	0x7d
 113 0022 10       		.sleb128 16
 114 0023 06000000 		.4byte	.LCFI2-.Ltext0
 115 0027 34000000 		.4byte	.LFE2-.Ltext0
 116 002b 0200     		.2byte	0x2
 117 002d 77       		.byte	0x77
 118 002e 10       		.sleb128 16
 119 002f 00000000 		.4byte	0x0
 120 0033 00000000 		.4byte	0x0
 121              		.section	.debug_info
 122 0000 43030000 		.4byte	0x343
 123 0004 0200     		.2byte	0x2
 124 0006 00000000 		.4byte	.Ldebug_abbrev0
 125 000a 04       		.byte	0x4
 126 000b 01       		.uleb128 0x1
 127 000c 00000000 		.4byte	.Ldebug_line0
 128 0010 34000000 		.4byte	.Letext0
 129 0014 00000000 		.4byte	.Ltext0
 130 0018 474E5520 		.ascii	"GNU C 4.1.1\000"
 130      4320342E 
 130      312E3100 
 131 0024 01       		.byte	0x1
 132 0025 70726F63 		.ascii	"proc2.c\000"
 132      322E6300 
 133 002d 2F637967 		.ascii	"/cygdrive/c/DropBox/armprojects/Projekt12Integratio"
 133      64726976 
 133      652F632F 
 133      44726F70 
 133      426F782F 
 134 0060 6E00     		.ascii	"n\000"
 135 0062 02       		.uleb128 0x2
 136 0063 74553800 		.ascii	"tU8\000"
 137 0067 03       		.byte	0x3
 138 0068 47       		.byte	0x47
 139 0069 6D000000 		.4byte	0x6d
 140 006d 03       		.uleb128 0x3
 141 006e 756E7369 		.ascii	"unsigned char\000"
 141      676E6564 
 141      20636861 
 141      7200
 142 007c 01       		.byte	0x1
 143 007d 08       		.byte	0x8
 144 007e 02       		.uleb128 0x2
 145 007f 74553136 		.ascii	"tU16\000"
 145      00
 146 0084 03       		.byte	0x3
 147 0085 48       		.byte	0x48
ARM GAS  /cygdrive/c/DOCUME~1/deforce/LOKALA~1/Temp/ccxEGKzp.s 			page 5


 148 0086 8A000000 		.4byte	0x8a
 149 008a 03       		.uleb128 0x3
 150 008b 73686F72 		.ascii	"short unsigned int\000"
 150      7420756E 
 150      7369676E 
 150      65642069 
 150      6E7400
 151 009e 02       		.byte	0x2
 152 009f 07       		.byte	0x7
 153 00a0 02       		.uleb128 0x2
 154 00a1 74553332 		.ascii	"tU32\000"
 154      00
 155 00a6 03       		.byte	0x3
 156 00a7 49       		.byte	0x49
 157 00a8 AC000000 		.4byte	0xac
 158 00ac 03       		.uleb128 0x3
 159 00ad 756E7369 		.ascii	"unsigned int\000"
 159      676E6564 
 159      20696E74 
 159      00
 160 00ba 04       		.byte	0x4
 161 00bb 07       		.byte	0x7
 162 00bc 03       		.uleb128 0x3
 163 00bd 7369676E 		.ascii	"signed char\000"
 163      65642063 
 163      68617200 
 164 00c9 01       		.byte	0x1
 165 00ca 06       		.byte	0x6
 166 00cb 03       		.uleb128 0x3
 167 00cc 73686F72 		.ascii	"short int\000"
 167      7420696E 
 167      7400
 168 00d6 02       		.byte	0x2
 169 00d7 05       		.byte	0x5
 170 00d8 03       		.uleb128 0x3
 171 00d9 696E7400 		.ascii	"int\000"
 172 00dd 04       		.byte	0x4
 173 00de 05       		.byte	0x5
 174 00df 04       		.uleb128 0x4
 175 00e0 F4010000 		.4byte	0x1f4
 176 00e4 5F744F53 		.ascii	"_tOSPCB__\000"
 176      5043425F 
 176      5F00
 177 00ee 28       		.byte	0x28
 178 00ef 02       		.byte	0x2
 179 00f0 58       		.byte	0x58
 180 00f1 05       		.uleb128 0x5
 181 00f2 7053746B 		.ascii	"pStk\000"
 181      00
 182 00f7 02       		.byte	0x2
 183 00f8 59       		.byte	0x59
 184 00f9 F4010000 		.4byte	0x1f4
 185 00fd 02       		.byte	0x2
 186 00fe 23       		.byte	0x23
 187 00ff 00       		.uleb128 0x0
 188 0100 05       		.uleb128 0x5
 189 0101 704E6578 		.ascii	"pNextPrioQueueReady\000"
ARM GAS  /cygdrive/c/DOCUME~1/deforce/LOKALA~1/Temp/ccxEGKzp.s 			page 6


 189      74507269 
 189      6F517565 
 189      75655265 
 189      61647900 
 190 0115 02       		.byte	0x2
 191 0116 5A       		.byte	0x5a
 192 0117 FA010000 		.4byte	0x1fa
 193 011b 02       		.byte	0x2
 194 011c 23       		.byte	0x23
 195 011d 04       		.uleb128 0x4
 196 011e 05       		.uleb128 0x5
 197 011f 70507265 		.ascii	"pPrevPrioQueueReady\000"
 197      76507269 
 197      6F517565 
 197      75655265 
 197      61647900 
 198 0133 02       		.byte	0x2
 199 0134 5B       		.byte	0x5b
 200 0135 FA010000 		.4byte	0x1fa
 201 0139 02       		.byte	0x2
 202 013a 23       		.byte	0x23
 203 013b 08       		.uleb128 0x8
 204 013c 05       		.uleb128 0x5
 205 013d 704E6578 		.ascii	"pNextPrioQueueEvent\000"
 205      74507269 
 205      6F517565 
 205      75654576 
 205      656E7400 
 206 0151 02       		.byte	0x2
 207 0152 5C       		.byte	0x5c
 208 0153 FA010000 		.4byte	0x1fa
 209 0157 02       		.byte	0x2
 210 0158 23       		.byte	0x23
 211 0159 0C       		.uleb128 0xc
 212 015a 05       		.uleb128 0x5
 213 015b 70507265 		.ascii	"pPrevPrioQueueEvent\000"
 213      76507269 
 213      6F517565 
 213      75654576 
 213      656E7400 
 214 016f 02       		.byte	0x2
 215 0170 5D       		.byte	0x5d
 216 0171 FA010000 		.4byte	0x1fa
 217 0175 02       		.byte	0x2
 218 0176 23       		.byte	0x23
 219 0177 10       		.uleb128 0x10
 220 0178 05       		.uleb128 0x5
 221 0179 704E6578 		.ascii	"pNextTimeQueue\000"
 221      7454696D 
 221      65517565 
 221      756500
 222 0188 02       		.byte	0x2
 223 0189 5E       		.byte	0x5e
 224 018a FA010000 		.4byte	0x1fa
 225 018e 02       		.byte	0x2
 226 018f 23       		.byte	0x23
 227 0190 14       		.uleb128 0x14
ARM GAS  /cygdrive/c/DOCUME~1/deforce/LOKALA~1/Temp/ccxEGKzp.s 			page 7


 228 0191 05       		.uleb128 0x5
 229 0192 70696400 		.ascii	"pid\000"
 230 0196 02       		.byte	0x2
 231 0197 5F       		.byte	0x5f
 232 0198 62000000 		.4byte	0x62
 233 019c 02       		.byte	0x2
 234 019d 23       		.byte	0x23
 235 019e 18       		.uleb128 0x18
 236 019f 05       		.uleb128 0x5
 237 01a0 7072696F 		.ascii	"prio\000"
 237      00
 238 01a5 02       		.byte	0x2
 239 01a6 60       		.byte	0x60
 240 01a7 62000000 		.4byte	0x62
 241 01ab 02       		.byte	0x2
 242 01ac 23       		.byte	0x23
 243 01ad 19       		.uleb128 0x19
 244 01ae 05       		.uleb128 0x5
 245 01af 666C6167 		.ascii	"flag\000"
 245      00
 246 01b4 02       		.byte	0x2
 247 01b5 61       		.byte	0x61
 248 01b6 62000000 		.4byte	0x62
 249 01ba 02       		.byte	0x2
 250 01bb 23       		.byte	0x23
 251 01bc 1A       		.uleb128 0x1a
 252 01bd 05       		.uleb128 0x5
 253 01be 736C6565 		.ascii	"sleep\000"
 253      7000
 254 01c4 02       		.byte	0x2
 255 01c5 62       		.byte	0x62
 256 01c6 A0000000 		.4byte	0xa0
 257 01ca 02       		.byte	0x2
 258 01cb 23       		.byte	0x23
 259 01cc 1C       		.uleb128 0x1c
 260 01cd 05       		.uleb128 0x5
 261 01ce 7053746B 		.ascii	"pStkOrg\000"
 261      4F726700 
 262 01d6 02       		.byte	0x2
 263 01d7 65       		.byte	0x65
 264 01d8 F4010000 		.4byte	0x1f4
 265 01dc 02       		.byte	0x2
 266 01dd 23       		.byte	0x23
 267 01de 20       		.uleb128 0x20
 268 01df 05       		.uleb128 0x5
 269 01e0 73746163 		.ascii	"stackSize\000"
 269      6B53697A 
 269      6500
 270 01ea 02       		.byte	0x2
 271 01eb 66       		.byte	0x66
 272 01ec 7E000000 		.4byte	0x7e
 273 01f0 02       		.byte	0x2
 274 01f1 23       		.byte	0x23
 275 01f2 24       		.uleb128 0x24
 276 01f3 00       		.byte	0x0
 277 01f4 06       		.uleb128 0x6
 278 01f5 04       		.byte	0x4
ARM GAS  /cygdrive/c/DOCUME~1/deforce/LOKALA~1/Temp/ccxEGKzp.s 			page 8


 279 01f6 62000000 		.4byte	0x62
 280 01fa 06       		.uleb128 0x6
 281 01fb 04       		.byte	0x4
 282 01fc DF000000 		.4byte	0xdf
 283 0200 02       		.uleb128 0x2
 284 0201 744F5350 		.ascii	"tOSPCB\000"
 284      434200
 285 0208 02       		.byte	0x2
 286 0209 68       		.byte	0x68
 287 020a DF000000 		.4byte	0xdf
 288 020e 04       		.uleb128 0x4
 289 020f 48020000 		.4byte	0x248
 290 0213 5F745072 		.ascii	"_tPrioQueue_\000"
 290      696F5175 
 290      6575655F 
 290      00
 291 0220 18       		.byte	0x18
 292 0221 02       		.byte	0x2
 293 0222 70       		.byte	0x70
 294 0223 05       		.uleb128 0x5
 295 0224 70507269 		.ascii	"pPrioList\000"
 295      6F4C6973 
 295      7400
 296 022e 02       		.byte	0x2
 297 022f 71       		.byte	0x71
 298 0230 48020000 		.4byte	0x248
 299 0234 02       		.byte	0x2
 300 0235 23       		.byte	0x23
 301 0236 00       		.uleb128 0x0
 302 0237 05       		.uleb128 0x5
 303 0238 70504342 		.ascii	"pPCBs\000"
 303      7300
 304 023e 02       		.byte	0x2
 305 023f 72       		.byte	0x72
 306 0240 6D020000 		.4byte	0x26d
 307 0244 02       		.byte	0x2
 308 0245 23       		.byte	0x23
 309 0246 14       		.uleb128 0x14
 310 0247 00       		.byte	0x0
 311 0248 07       		.uleb128 0x7
 312 0249 58020000 		.4byte	0x258
 313 024d 6D020000 		.4byte	0x26d
 314 0251 08       		.uleb128 0x8
 315 0252 58020000 		.4byte	0x258
 316 0256 04       		.byte	0x4
 317 0257 00       		.byte	0x0
 318 0258 03       		.uleb128 0x3
 319 0259 6C6F6E67 		.ascii	"long unsigned int\000"
 319      20756E73 
 319      69676E65 
 319      6420696E 
 319      7400
 320 026b 04       		.byte	0x4
 321 026c 07       		.byte	0x7
 322 026d 06       		.uleb128 0x6
 323 026e 04       		.byte	0x4
 324 026f 00020000 		.4byte	0x200
ARM GAS  /cygdrive/c/DOCUME~1/deforce/LOKALA~1/Temp/ccxEGKzp.s 			page 9


 325 0273 02       		.uleb128 0x2
 326 0274 74507269 		.ascii	"tPrioQueue\000"
 326      6F517565 
 326      756500
 327 027f 02       		.byte	0x2
 328 0280 73       		.byte	0x73
 329 0281 0E020000 		.4byte	0x20e
 330 0285 04       		.uleb128 0x4
 331 0286 A9020000 		.4byte	0x2a9
 332 028a 5F744F53 		.ascii	"_tOSEvent_\000"
 332      4576656E 
 332      745F00
 333 0295 18       		.byte	0x18
 334 0296 02       		.byte	0x2
 335 0297 76       		.byte	0x76
 336 0298 05       		.uleb128 0x5
 337 0299 77616974 		.ascii	"waitQ\000"
 337      5100
 338 029f 02       		.byte	0x2
 339 02a0 77       		.byte	0x77
 340 02a1 73020000 		.4byte	0x273
 341 02a5 02       		.byte	0x2
 342 02a6 23       		.byte	0x23
 343 02a7 00       		.uleb128 0x0
 344 02a8 00       		.byte	0x0
 345 02a9 02       		.uleb128 0x2
 346 02aa 744F5345 		.ascii	"tOSEvent\000"
 346      76656E74 
 346      00
 347 02b3 02       		.byte	0x2
 348 02b4 78       		.byte	0x78
 349 02b5 85020000 		.4byte	0x285
 350 02b9 04       		.uleb128 0x4
 351 02ba E7020000 		.4byte	0x2e7
 352 02be 5F74436E 		.ascii	"_tCntSem_\000"
 352      7453656D 
 352      5F00
 353 02c8 1C       		.byte	0x1c
 354 02c9 02       		.byte	0x2
 355 02ca 7B       		.byte	0x7b
 356 02cb 05       		.uleb128 0x5
 357 02cc 657600   		.ascii	"ev\000"
 358 02cf 02       		.byte	0x2
 359 02d0 7C       		.byte	0x7c
 360 02d1 A9020000 		.4byte	0x2a9
 361 02d5 02       		.byte	0x2
 362 02d6 23       		.byte	0x23
 363 02d7 00       		.uleb128 0x0
 364 02d8 05       		.uleb128 0x5
 365 02d9 636E7400 		.ascii	"cnt\000"
 366 02dd 02       		.byte	0x2
 367 02de 7D       		.byte	0x7d
 368 02df 7E000000 		.4byte	0x7e
 369 02e3 02       		.byte	0x2
 370 02e4 23       		.byte	0x23
 371 02e5 18       		.uleb128 0x18
 372 02e6 00       		.byte	0x0
ARM GAS  /cygdrive/c/DOCUME~1/deforce/LOKALA~1/Temp/ccxEGKzp.s 			page 10


 373 02e7 02       		.uleb128 0x2
 374 02e8 74436E74 		.ascii	"tCntSem\000"
 374      53656D00 
 375 02f0 02       		.byte	0x2
 376 02f1 7F       		.byte	0x7f
 377 02f2 B9020000 		.4byte	0x2b9
 378 02f6 09       		.uleb128 0x9
 379 02f7 04       		.byte	0x4
 380 02f8 0A       		.uleb128 0xa
 381 02f9 34030000 		.4byte	0x334
 382 02fd 01       		.byte	0x1
 383 02fe 70726F63 		.ascii	"procEx2\000"
 383      45783200 
 384 0306 01       		.byte	0x1
 385 0307 20       		.byte	0x20
 386 0308 01       		.byte	0x1
 387 0309 00000000 		.4byte	.LFB2
 388 030d 34000000 		.4byte	.LFE2
 389 0311 00000000 		.4byte	.LLST0
 390 0315 0B       		.uleb128 0xb
 391 0316 61726700 		.ascii	"arg\000"
 392 031a 01       		.byte	0x1
 393 031b 1F       		.byte	0x1f
 394 031c F6020000 		.4byte	0x2f6
 395 0320 02       		.byte	0x2
 396 0321 91       		.byte	0x91
 397 0322 70       		.sleb128 -16
 398 0323 0C       		.uleb128 0xc
 399 0324 6572726F 		.ascii	"error\000"
 399      7200
 400 032a 01       		.byte	0x1
 401 032b 21       		.byte	0x21
 402 032c 6D000000 		.4byte	0x6d
 403 0330 02       		.byte	0x2
 404 0331 91       		.byte	0x91
 405 0332 77       		.sleb128 -9
 406 0333 00       		.byte	0x0
 407 0334 0D       		.uleb128 0xd
 408 0335 6D757465 		.ascii	"mutexLCD\000"
 408      784C4344 
 408      00
 409 033e 01       		.byte	0x1
 410 033f 1B       		.byte	0x1b
 411 0340 E7020000 		.4byte	0x2e7
 412 0344 01       		.byte	0x1
 413 0345 01       		.byte	0x1
 414 0346 00       		.byte	0x0
 415              		.section	.debug_abbrev
 416 0000 01       		.uleb128 0x1
 417 0001 11       		.uleb128 0x11
 418 0002 01       		.byte	0x1
 419 0003 10       		.uleb128 0x10
 420 0004 06       		.uleb128 0x6
 421 0005 12       		.uleb128 0x12
 422 0006 01       		.uleb128 0x1
 423 0007 11       		.uleb128 0x11
 424 0008 01       		.uleb128 0x1
ARM GAS  /cygdrive/c/DOCUME~1/deforce/LOKALA~1/Temp/ccxEGKzp.s 			page 11


 425 0009 25       		.uleb128 0x25
 426 000a 08       		.uleb128 0x8
 427 000b 13       		.uleb128 0x13
 428 000c 0B       		.uleb128 0xb
 429 000d 03       		.uleb128 0x3
 430 000e 08       		.uleb128 0x8
 431 000f 1B       		.uleb128 0x1b
 432 0010 08       		.uleb128 0x8
 433 0011 00       		.byte	0x0
 434 0012 00       		.byte	0x0
 435 0013 02       		.uleb128 0x2
 436 0014 16       		.uleb128 0x16
 437 0015 00       		.byte	0x0
 438 0016 03       		.uleb128 0x3
 439 0017 08       		.uleb128 0x8
 440 0018 3A       		.uleb128 0x3a
 441 0019 0B       		.uleb128 0xb
 442 001a 3B       		.uleb128 0x3b
 443 001b 0B       		.uleb128 0xb
 444 001c 49       		.uleb128 0x49
 445 001d 13       		.uleb128 0x13
 446 001e 00       		.byte	0x0
 447 001f 00       		.byte	0x0
 448 0020 03       		.uleb128 0x3
 449 0021 24       		.uleb128 0x24
 450 0022 00       		.byte	0x0
 451 0023 03       		.uleb128 0x3
 452 0024 08       		.uleb128 0x8
 453 0025 0B       		.uleb128 0xb
 454 0026 0B       		.uleb128 0xb
 455 0027 3E       		.uleb128 0x3e
 456 0028 0B       		.uleb128 0xb
 457 0029 00       		.byte	0x0
 458 002a 00       		.byte	0x0
 459 002b 04       		.uleb128 0x4
 460 002c 13       		.uleb128 0x13
 461 002d 01       		.byte	0x1
 462 002e 01       		.uleb128 0x1
 463 002f 13       		.uleb128 0x13
 464 0030 03       		.uleb128 0x3
 465 0031 08       		.uleb128 0x8
 466 0032 0B       		.uleb128 0xb
 467 0033 0B       		.uleb128 0xb
 468 0034 3A       		.uleb128 0x3a
 469 0035 0B       		.uleb128 0xb
 470 0036 3B       		.uleb128 0x3b
 471 0037 0B       		.uleb128 0xb
 472 0038 00       		.byte	0x0
 473 0039 00       		.byte	0x0
 474 003a 05       		.uleb128 0x5
 475 003b 0D       		.uleb128 0xd
 476 003c 00       		.byte	0x0
 477 003d 03       		.uleb128 0x3
 478 003e 08       		.uleb128 0x8
 479 003f 3A       		.uleb128 0x3a
 480 0040 0B       		.uleb128 0xb
 481 0041 3B       		.uleb128 0x3b
ARM GAS  /cygdrive/c/DOCUME~1/deforce/LOKALA~1/Temp/ccxEGKzp.s 			page 12


 482 0042 0B       		.uleb128 0xb
 483 0043 49       		.uleb128 0x49
 484 0044 13       		.uleb128 0x13
 485 0045 38       		.uleb128 0x38
 486 0046 0A       		.uleb128 0xa
 487 0047 00       		.byte	0x0
 488 0048 00       		.byte	0x0
 489 0049 06       		.uleb128 0x6
 490 004a 0F       		.uleb128 0xf
 491 004b 00       		.byte	0x0
 492 004c 0B       		.uleb128 0xb
 493 004d 0B       		.uleb128 0xb
 494 004e 49       		.uleb128 0x49
 495 004f 13       		.uleb128 0x13
 496 0050 00       		.byte	0x0
 497 0051 00       		.byte	0x0
 498 0052 07       		.uleb128 0x7
 499 0053 01       		.uleb128 0x1
 500 0054 01       		.byte	0x1
 501 0055 01       		.uleb128 0x1
 502 0056 13       		.uleb128 0x13
 503 0057 49       		.uleb128 0x49
 504 0058 13       		.uleb128 0x13
 505 0059 00       		.byte	0x0
 506 005a 00       		.byte	0x0
 507 005b 08       		.uleb128 0x8
 508 005c 21       		.uleb128 0x21
 509 005d 00       		.byte	0x0
 510 005e 49       		.uleb128 0x49
 511 005f 13       		.uleb128 0x13
 512 0060 2F       		.uleb128 0x2f
 513 0061 0B       		.uleb128 0xb
 514 0062 00       		.byte	0x0
 515 0063 00       		.byte	0x0
 516 0064 09       		.uleb128 0x9
 517 0065 0F       		.uleb128 0xf
 518 0066 00       		.byte	0x0
 519 0067 0B       		.uleb128 0xb
 520 0068 0B       		.uleb128 0xb
 521 0069 00       		.byte	0x0
 522 006a 00       		.byte	0x0
 523 006b 0A       		.uleb128 0xa
 524 006c 2E       		.uleb128 0x2e
 525 006d 01       		.byte	0x1
 526 006e 01       		.uleb128 0x1
 527 006f 13       		.uleb128 0x13
 528 0070 3F       		.uleb128 0x3f
 529 0071 0C       		.uleb128 0xc
 530 0072 03       		.uleb128 0x3
 531 0073 08       		.uleb128 0x8
 532 0074 3A       		.uleb128 0x3a
 533 0075 0B       		.uleb128 0xb
 534 0076 3B       		.uleb128 0x3b
 535 0077 0B       		.uleb128 0xb
 536 0078 27       		.uleb128 0x27
 537 0079 0C       		.uleb128 0xc
 538 007a 11       		.uleb128 0x11
ARM GAS  /cygdrive/c/DOCUME~1/deforce/LOKALA~1/Temp/ccxEGKzp.s 			page 13


 539 007b 01       		.uleb128 0x1
 540 007c 12       		.uleb128 0x12
 541 007d 01       		.uleb128 0x1
 542 007e 40       		.uleb128 0x40
 543 007f 06       		.uleb128 0x6
 544 0080 00       		.byte	0x0
 545 0081 00       		.byte	0x0
 546 0082 0B       		.uleb128 0xb
 547 0083 05       		.uleb128 0x5
 548 0084 00       		.byte	0x0
 549 0085 03       		.uleb128 0x3
 550 0086 08       		.uleb128 0x8
 551 0087 3A       		.uleb128 0x3a
 552 0088 0B       		.uleb128 0xb
 553 0089 3B       		.uleb128 0x3b
 554 008a 0B       		.uleb128 0xb
 555 008b 49       		.uleb128 0x49
 556 008c 13       		.uleb128 0x13
 557 008d 02       		.uleb128 0x2
 558 008e 0A       		.uleb128 0xa
 559 008f 00       		.byte	0x0
 560 0090 00       		.byte	0x0
 561 0091 0C       		.uleb128 0xc
 562 0092 34       		.uleb128 0x34
 563 0093 00       		.byte	0x0
 564 0094 03       		.uleb128 0x3
 565 0095 08       		.uleb128 0x8
 566 0096 3A       		.uleb128 0x3a
 567 0097 0B       		.uleb128 0xb
 568 0098 3B       		.uleb128 0x3b
 569 0099 0B       		.uleb128 0xb
 570 009a 49       		.uleb128 0x49
 571 009b 13       		.uleb128 0x13
 572 009c 02       		.uleb128 0x2
 573 009d 0A       		.uleb128 0xa
 574 009e 00       		.byte	0x0
 575 009f 00       		.byte	0x0
 576 00a0 0D       		.uleb128 0xd
 577 00a1 34       		.uleb128 0x34
 578 00a2 00       		.byte	0x0
 579 00a3 03       		.uleb128 0x3
 580 00a4 08       		.uleb128 0x8
 581 00a5 3A       		.uleb128 0x3a
 582 00a6 0B       		.uleb128 0xb
 583 00a7 3B       		.uleb128 0x3b
 584 00a8 0B       		.uleb128 0xb
 585 00a9 49       		.uleb128 0x49
 586 00aa 13       		.uleb128 0x13
 587 00ab 3F       		.uleb128 0x3f
 588 00ac 0C       		.uleb128 0xc
 589 00ad 3C       		.uleb128 0x3c
 590 00ae 0C       		.uleb128 0xc
 591 00af 00       		.byte	0x0
 592 00b0 00       		.byte	0x0
 593 00b1 00       		.byte	0x0
 594              		.section	.debug_pubnames,"",%progbits
 595 0000 1A000000 		.4byte	0x1a
ARM GAS  /cygdrive/c/DOCUME~1/deforce/LOKALA~1/Temp/ccxEGKzp.s 			page 14


 596 0004 0200     		.2byte	0x2
 597 0006 00000000 		.4byte	.Ldebug_info0
 598 000a 47030000 		.4byte	0x347
 599 000e F8020000 		.4byte	0x2f8
 600 0012 70726F63 		.ascii	"procEx2\000"
 600      45783200 
 601 001a 00000000 		.4byte	0x0
 602              		.section	.debug_aranges,"",%progbits
 603 0000 1C000000 		.4byte	0x1c
 604 0004 0200     		.2byte	0x2
 605 0006 00000000 		.4byte	.Ldebug_info0
 606 000a 04       		.byte	0x4
 607 000b 00       		.byte	0x0
 608 000c 0000     		.2byte	0x0
 609 000e 0000     		.2byte	0x0
 610 0010 00000000 		.4byte	.Ltext0
 611 0014 34000000 		.4byte	.Letext0-.Ltext0
 612 0018 00000000 		.4byte	0x0
 613 001c 00000000 		.4byte	0x0
 614              		.ident	"GCC: (GNU) 4.1.1"
ARM GAS  /cygdrive/c/DOCUME~1/deforce/LOKALA~1/Temp/ccxEGKzp.s 			page 15


DEFINED SYMBOLS
                            *ABS*:00000000 proc2.c
/cygdrive/c/DOCUME~1/deforce/LOKALA~1/Temp/ccxEGKzp.s:1      .text:00000000 $t
/cygdrive/c/DOCUME~1/deforce/LOKALA~1/Temp/ccxEGKzp.s:16     .text:00000000 procEx2
/cygdrive/c/DOCUME~1/deforce/LOKALA~1/Temp/ccxEGKzp.s:51     .text:00000030 $d

UNDEFINED SYMBOLS
osSemTake
osSemGive
osSleep
mutexLCD
