ARM GAS  /cygdrive/c/DOCUME~1/deforce/LOKALA~1/Temp/ccDhPxC6.s 			page 1


   1              		.code	16
   2              		.file	"proc3.c"
   3              		.section	.debug_abbrev,"",%progbits
   4              	.Ldebug_abbrev0:
   5              		.section	.debug_info,"",%progbits
   6              	.Ldebug_info0:
   7              		.section	.debug_line,"",%progbits
   8              	.Ldebug_line0:
   9 0000 85000000 		.text
   9      02006300 
   9      00000201 
   9      FB0E0D00 
   9      01010101 
  10              	.Ltext0:
  11              		.bss
  12              		.align	2
  13              	switchCounter.1412:
  14 0000 00000000 		.space	4
  15              		.section	.rodata
  16              		.align	2
  17              	.LC2:
  18 0000 636F756E 		.ascii	"counter = %d. \000"
  18      74657220 
  18      3D202564 
  18      2E2000
  19 000f 00       		.align	2
  20              	.LC4:
  21 0010 636F756E 		.ascii	"counterKLICKAD = %d\012\000"
  21      7465724B 
  21      4C49434B 
  21      4144203D 
  21      2025640A 
  22 0025 000000   		.text
  23              		.align	2
  24              		.global	procEx3
  25              		.code 16
  26              		.thumb_func
  27              		.type	procEx3, %function
  28              	procEx3:
  29              	.LFB2:
  30              		.file 1 "proc3.c"
   1:proc3.c       **** 
   2:proc3.c       **** 
   3:proc3.c       **** /*
   4:proc3.c       ****  * proc3.c
   5:proc3.c       ****  *
   6:proc3.c       ****  *  Created on: 31 okt 2011
   7:proc3.c       ****  *      Author: Tommy
   8:proc3.c       ****  */
   9:proc3.c       **** 
  10:proc3.c       **** /*****************************************************************************
  11:proc3.c       ****  *
  12:proc3.c       ****  * Exempel 3
  13:proc3.c       ****  *
  14:proc3.c       ****  ****************************************************************************/
  15:proc3.c       **** #include "pre_emptive_os/api/osapi.h"
  16:proc3.c       **** #include "general.h"
ARM GAS  /cygdrive/c/DOCUME~1/deforce/LOKALA~1/Temp/ccDhPxC6.s 			page 2


  17:proc3.c       **** #include "startup/lpc2xxx.h"
  18:proc3.c       **** #include "startup/printf_P.h"
  19:proc3.c       **** #include "startup/ea_init.h"
  20:proc3.c       **** #include "startup/consol.h"
  21:proc3.c       **** #include "startup/config.h"
  22:proc3.c       **** #include "startup/framework.h"
  23:proc3.c       **** 
  24:proc3.c       **** #include "LCD/LCD.h"  //  Funktionsprototyper för LCD-rutinerna
  25:proc3.c       **** 
  26:proc3.c       **** 
  27:proc3.c       **** #define P028   0x10000000			// Output Switch
  28:proc3.c       **** 
  29:proc3.c       **** extern long const delayshort;
  30:proc3.c       **** extern long const delaylong;
  31:proc3.c       **** 
  32:proc3.c       **** extern tCntSem mutexLCD;
  33:proc3.c       **** 
  34:proc3.c       **** 
  35:proc3.c       **** void
  36:proc3.c       **** procEx3(void* arg)
  37:proc3.c       **** {
  31              		.loc 1 37 0
  32 0000 80B5     		push	{r7, lr}
  33              	.LCFI0:
  34 0002 82B0     		sub	sp, sp, #8
  35              	.LCFI1:
  36 0004 00AF     		add	r7, sp, #0
  37              	.LCFI2:
  38 0006 3B1C     		mov	r3, r7
  39 0008 1860     		str	r0, [r3]
  40              	.L2:
  41              	.LBB2:
  38:proc3.c       ****   tU8 error;
  39:proc3.c       **** 
  40:proc3.c       ****   for(;;)
  41:proc3.c       ****   {
  42:proc3.c       **** // Exempelkod för att visa hur flera processer kan dela på LCD
  43:proc3.c       ****     osSemTake(&mutexLCD, 0, &error);
  42              		.loc 1 43 0
  43 000a 194B     		ldr	r3, .L7
  44 000c FA1D     		add	r2, r7, #7
  45 000e 181C     		mov	r0, r3
  46 0010 0021     		mov	r1, #0
  47 0012 FFF7FEFF 		bl	osSemTake
  44:proc3.c       **** 
  45:proc3.c       **** 
  46:proc3.c       ****     static int switchCounter = 0; // sets to 0 first time
  47:proc3.c       ****    // delay(delayshort);
  48:proc3.c       ****    // send_instruction(1);	//cleara displayn
  49:proc3.c       **** 
  50:proc3.c       ****     // Tryck på switch och text skrivs ut
  51:proc3.c       ****     	if(IOPIN & P028){
  48              		.loc 1 51 0
  49 0016 174B     		ldr	r3, .L7+4
  50 0018 1A68     		ldr	r2, [r3]
  51 001a 8023     		mov	r3, #128
  52 001c 5B05     		lsl	r3, r3, #21
ARM GAS  /cygdrive/c/DOCUME~1/deforce/LOKALA~1/Temp/ccDhPxC6.s 			page 3


  53 001e 1340     		and	r3, r3, r2
  54 0020 002B     		cmp	r3, #0
  55 0022 07D0     		beq	.L3
  52:proc3.c       ****     		//printf("Klickat på switch ON\n");
  53:proc3.c       ****     		printf("counter = %d. ", switchCounter);
  56              		.loc 1 53 0
  57 0024 144B     		ldr	r3, .L7+8
  58 0026 1A68     		ldr	r2, [r3]
  59 0028 144B     		ldr	r3, .L7+12
  60 002a 181C     		mov	r0, r3
  61 002c 111C     		mov	r1, r2
  62 002e FFF7FEFF 		bl	simplePrintf
  63 0032 10E0     		b	.L5
  64              	.L3:
  54:proc3.c       ****     	    //printf("tempMask = %h. P028 = %h", tempMask, P028);
  55:proc3.c       ****     	    //IOSET = led;	//P0.8 = 1, led off
  56:proc3.c       ****     	    //printf("IOPIN = %x\n", IOPIN);
  57:proc3.c       ****     		//delay(delaylong);
  58:proc3.c       ****     		//send_character('E');
  59:proc3.c       **** 
  60:proc3.c       **** 
  61:proc3.c       ****    // 		delay_millis(500);
  62:proc3.c       **** 
  63:proc3.c       ****     	} else {
  64:proc3.c       ****     	   	//IOCLR = led;	//led on
  65:proc3.c       ****     		switchCounter++;
  65              		.loc 1 65 0
  66 0034 104B     		ldr	r3, .L7+8
  67 0036 1B68     		ldr	r3, [r3]
  68 0038 5A1C     		add	r2, r3, #1
  69 003a 0F4B     		ldr	r3, .L7+8
  70 003c 1A60     		str	r2, [r3]
  66:proc3.c       **** 
  67:proc3.c       ****     	   //	printf("a\na\na\na\na\na\na\na\na\na\na\na\na\na\n");
  68:proc3.c       ****     	   	printf("counterKLICKAD = %d\n", switchCounter);
  71              		.loc 1 68 0
  72 003e 0E4B     		ldr	r3, .L7+8
  73 0040 1A68     		ldr	r2, [r3]
  74 0042 0F4B     		ldr	r3, .L7+16
  75 0044 181C     		mov	r0, r3
  76 0046 111C     		mov	r1, r2
  77 0048 FFF7FEFF 		bl	simplePrintf
  69:proc3.c       **** 
  70:proc3.c       ****     	   //	delay(delaylong);
  71:proc3.c       ****     	   //	send_character('X');
  72:proc3.c       **** 
  73:proc3.c       ****     	   	osSleep(500);
  78              		.loc 1 73 0
  79 004c FA23     		mov	r3, #250
  80 004e 5B00     		lsl	r3, r3, #1
  81 0050 181C     		mov	r0, r3
  82 0052 FFF7FEFF 		bl	osSleep
  83              	.L5:
  74:proc3.c       ****     	   	//printf("IOPIN = %d\n", IOPIN);
  75:proc3.c       ****     	   	//printf("tempMask = %d. P028 = %d", tempMask, P028);
  76:proc3.c       ****     	}
  77:proc3.c       **** 
ARM GAS  /cygdrive/c/DOCUME~1/deforce/LOKALA~1/Temp/ccDhPxC6.s 			page 4


  78:proc3.c       ****    	//osSleep(300);
  79:proc3.c       **** 
  80:proc3.c       **** 
  81:proc3.c       **** 
  82:proc3.c       **** /*
  83:proc3.c       ****     delay(delayshort);
  84:proc3.c       **** 	send_instruction(1);	//cleara displayn
  85:proc3.c       **** 	delay(delaylong);
  86:proc3.c       ****     send_instruction(2);  //cursorn till första positionen
  87:proc3.c       ****     delay(delaylong);
  88:proc3.c       ****     send_character('E');
  89:proc3.c       ****     delay(delayshort);
  90:proc3.c       ****     send_character('x');
  91:proc3.c       ****     delay(delayshort);
  92:proc3.c       ****     send_character('e');
  93:proc3.c       ****     delay(delayshort);
  94:proc3.c       ****     send_character('m');
  95:proc3.c       ****     delay(delayshort);
  96:proc3.c       ****     send_character('p');
  97:proc3.c       ****     delay(delayshort);
  98:proc3.c       ****     send_character('e');
  99:proc3.c       ****     delay(delayshort);
 100:proc3.c       ****     send_character('l');
 101:proc3.c       ****     delay(delayshort);
 102:proc3.c       ****     send_character('3');
 103:proc3.c       **** 
 104:proc3.c       ****     osSleep(300);		// för att infon säkert skall hinna synas
 105:proc3.c       **** */
 106:proc3.c       ****     osSemGive(&mutexLCD, &error);
  84              		.loc 1 106 0
  85 0056 064B     		ldr	r3, .L7
  86 0058 FA1D     		add	r2, r7, #7
  87 005a 181C     		mov	r0, r3
  88 005c 111C     		mov	r1, r2
  89 005e FFF7FEFF 		bl	osSemGive
 107:proc3.c       **** 
 108:proc3.c       ****     osSleep(300);
  90              		.loc 1 108 0
  91 0062 9623     		mov	r3, #150
  92 0064 5B00     		lsl	r3, r3, #1
  93 0066 181C     		mov	r0, r3
  94 0068 FFF7FEFF 		bl	osSleep
 109:proc3.c       ****   }
  95              		.loc 1 109 0
  96 006c CDE7     		b	.L2
  97              	.L8:
  98 006e 0000     		.align	2
  99              	.L7:
 100 0070 00000000 		.word	mutexLCD
 101 0074 008002E0 		.word	-536707072
 102 0078 00000000 		.word	switchCounter.1412
 103 007c 00000000 		.word	.LC2
 104 0080 10000000 		.word	.LC4
 105              	.LBE2:
 106              	.LFE2:
 107              		.size	procEx3, .-procEx3
 108              		.section	.debug_frame,"",%progbits
ARM GAS  /cygdrive/c/DOCUME~1/deforce/LOKALA~1/Temp/ccDhPxC6.s 			page 5


 109              	.Lframe0:
 110 0000 0C000000 		.4byte	.LECIE0-.LSCIE0
 111              	.LSCIE0:
 112 0004 FFFFFFFF 		.4byte	0xffffffff
 113 0008 01       		.byte	0x1
 114 0009 00       		.ascii	"\000"
 115 000a 01       		.uleb128 0x1
 116 000b 7C       		.sleb128 -4
 117 000c 0E       		.byte	0xe
 118 000d 0C       		.byte	0xc
 119 000e 0D       		.uleb128 0xd
 120 000f 00       		.uleb128 0x0
 121              		.align	2
 122              	.LECIE0:
 123              	.LSFDE0:
 124 0010 1C000000 		.4byte	.LEFDE0-.LASFDE0
 125              	.LASFDE0:
 126 0014 00000000 		.4byte	.Lframe0
 127 0018 00000000 		.4byte	.LFB2
 128 001c 84000000 		.4byte	.LFE2-.LFB2
 129 0020 42       		.byte	0x4
 130              		.4byte	.LCFI0-.LFB2
 131 0021 0E       		.byte	0xe
 132 0022 08       		.uleb128 0x8
 133 0023 87       		.byte	0x87
 134 0024 02       		.uleb128 0x2
 135 0025 8E       		.byte	0x8e
 136 0026 01       		.uleb128 0x1
 137 0027 42       		.byte	0x4
 138              		.4byte	.LCFI1-.LCFI0
 139 0028 0E       		.byte	0xe
 140 0029 10       		.uleb128 0x10
 141 002a 42       		.byte	0x4
 142              		.4byte	.LCFI2-.LCFI1
 143 002b 0D       		.byte	0xd
 144 002c 07       		.uleb128 0x7
 145 002d 000000   		.align	2
 146              	.LEFDE0:
 147              		.file 2 "pre_emptive_os/api/osapi.h"
 148              		.file 3 "pre_emptive_os/api/../api/general.h"
 149              		.text
 150              	.Letext0:
 151              		.section	.debug_loc,"",%progbits
 152              	.Ldebug_loc0:
 153              	.LLST0:
 154 0000 00000000 		.4byte	.LFB2-.Ltext0
 155 0004 02000000 		.4byte	.LCFI0-.Ltext0
 156 0008 0100     		.2byte	0x1
 157 000a 5D       		.byte	0x5d
 158 000b 02000000 		.4byte	.LCFI0-.Ltext0
 159 000f 04000000 		.4byte	.LCFI1-.Ltext0
 160 0013 0200     		.2byte	0x2
 161 0015 7D       		.byte	0x7d
 162 0016 08       		.sleb128 8
 163 0017 04000000 		.4byte	.LCFI1-.Ltext0
 164 001b 06000000 		.4byte	.LCFI2-.Ltext0
 165 001f 0200     		.2byte	0x2
ARM GAS  /cygdrive/c/DOCUME~1/deforce/LOKALA~1/Temp/ccDhPxC6.s 			page 6


 166 0021 7D       		.byte	0x7d
 167 0022 10       		.sleb128 16
 168 0023 06000000 		.4byte	.LCFI2-.Ltext0
 169 0027 84000000 		.4byte	.LFE2-.Ltext0
 170 002b 0200     		.2byte	0x2
 171 002d 77       		.byte	0x77
 172 002e 10       		.sleb128 16
 173 002f 00000000 		.4byte	0x0
 174 0033 00000000 		.4byte	0x0
 175              		.section	.debug_info
 176 0000 67030000 		.4byte	0x367
 177 0004 0200     		.2byte	0x2
 178 0006 00000000 		.4byte	.Ldebug_abbrev0
 179 000a 04       		.byte	0x4
 180 000b 01       		.uleb128 0x1
 181 000c 00000000 		.4byte	.Ldebug_line0
 182 0010 84000000 		.4byte	.Letext0
 183 0014 00000000 		.4byte	.Ltext0
 184 0018 474E5520 		.ascii	"GNU C 4.1.1\000"
 184      4320342E 
 184      312E3100 
 185 0024 01       		.byte	0x1
 186 0025 70726F63 		.ascii	"proc3.c\000"
 186      332E6300 
 187 002d 2F637967 		.ascii	"/cygdrive/c/DropBox/armprojects/Projekt12Integratio"
 187      64726976 
 187      652F632F 
 187      44726F70 
 187      426F782F 
 188 0060 6E00     		.ascii	"n\000"
 189 0062 02       		.uleb128 0x2
 190 0063 74553800 		.ascii	"tU8\000"
 191 0067 03       		.byte	0x3
 192 0068 47       		.byte	0x47
 193 0069 6D000000 		.4byte	0x6d
 194 006d 03       		.uleb128 0x3
 195 006e 756E7369 		.ascii	"unsigned char\000"
 195      676E6564 
 195      20636861 
 195      7200
 196 007c 01       		.byte	0x1
 197 007d 08       		.byte	0x8
 198 007e 02       		.uleb128 0x2
 199 007f 74553136 		.ascii	"tU16\000"
 199      00
 200 0084 03       		.byte	0x3
 201 0085 48       		.byte	0x48
 202 0086 8A000000 		.4byte	0x8a
 203 008a 03       		.uleb128 0x3
 204 008b 73686F72 		.ascii	"short unsigned int\000"
 204      7420756E 
 204      7369676E 
 204      65642069 
 204      6E7400
 205 009e 02       		.byte	0x2
 206 009f 07       		.byte	0x7
 207 00a0 02       		.uleb128 0x2
ARM GAS  /cygdrive/c/DOCUME~1/deforce/LOKALA~1/Temp/ccDhPxC6.s 			page 7


 208 00a1 74553332 		.ascii	"tU32\000"
 208      00
 209 00a6 03       		.byte	0x3
 210 00a7 49       		.byte	0x49
 211 00a8 AC000000 		.4byte	0xac
 212 00ac 03       		.uleb128 0x3
 213 00ad 756E7369 		.ascii	"unsigned int\000"
 213      676E6564 
 213      20696E74 
 213      00
 214 00ba 04       		.byte	0x4
 215 00bb 07       		.byte	0x7
 216 00bc 03       		.uleb128 0x3
 217 00bd 7369676E 		.ascii	"signed char\000"
 217      65642063 
 217      68617200 
 218 00c9 01       		.byte	0x1
 219 00ca 06       		.byte	0x6
 220 00cb 03       		.uleb128 0x3
 221 00cc 73686F72 		.ascii	"short int\000"
 221      7420696E 
 221      7400
 222 00d6 02       		.byte	0x2
 223 00d7 05       		.byte	0x5
 224 00d8 03       		.uleb128 0x3
 225 00d9 696E7400 		.ascii	"int\000"
 226 00dd 04       		.byte	0x4
 227 00de 05       		.byte	0x5
 228 00df 04       		.uleb128 0x4
 229 00e0 F4010000 		.4byte	0x1f4
 230 00e4 5F744F53 		.ascii	"_tOSPCB__\000"
 230      5043425F 
 230      5F00
 231 00ee 28       		.byte	0x28
 232 00ef 02       		.byte	0x2
 233 00f0 58       		.byte	0x58
 234 00f1 05       		.uleb128 0x5
 235 00f2 7053746B 		.ascii	"pStk\000"
 235      00
 236 00f7 02       		.byte	0x2
 237 00f8 59       		.byte	0x59
 238 00f9 F4010000 		.4byte	0x1f4
 239 00fd 02       		.byte	0x2
 240 00fe 23       		.byte	0x23
 241 00ff 00       		.uleb128 0x0
 242 0100 05       		.uleb128 0x5
 243 0101 704E6578 		.ascii	"pNextPrioQueueReady\000"
 243      74507269 
 243      6F517565 
 243      75655265 
 243      61647900 
 244 0115 02       		.byte	0x2
 245 0116 5A       		.byte	0x5a
 246 0117 FA010000 		.4byte	0x1fa
 247 011b 02       		.byte	0x2
 248 011c 23       		.byte	0x23
 249 011d 04       		.uleb128 0x4
ARM GAS  /cygdrive/c/DOCUME~1/deforce/LOKALA~1/Temp/ccDhPxC6.s 			page 8


 250 011e 05       		.uleb128 0x5
 251 011f 70507265 		.ascii	"pPrevPrioQueueReady\000"
 251      76507269 
 251      6F517565 
 251      75655265 
 251      61647900 
 252 0133 02       		.byte	0x2
 253 0134 5B       		.byte	0x5b
 254 0135 FA010000 		.4byte	0x1fa
 255 0139 02       		.byte	0x2
 256 013a 23       		.byte	0x23
 257 013b 08       		.uleb128 0x8
 258 013c 05       		.uleb128 0x5
 259 013d 704E6578 		.ascii	"pNextPrioQueueEvent\000"
 259      74507269 
 259      6F517565 
 259      75654576 
 259      656E7400 
 260 0151 02       		.byte	0x2
 261 0152 5C       		.byte	0x5c
 262 0153 FA010000 		.4byte	0x1fa
 263 0157 02       		.byte	0x2
 264 0158 23       		.byte	0x23
 265 0159 0C       		.uleb128 0xc
 266 015a 05       		.uleb128 0x5
 267 015b 70507265 		.ascii	"pPrevPrioQueueEvent\000"
 267      76507269 
 267      6F517565 
 267      75654576 
 267      656E7400 
 268 016f 02       		.byte	0x2
 269 0170 5D       		.byte	0x5d
 270 0171 FA010000 		.4byte	0x1fa
 271 0175 02       		.byte	0x2
 272 0176 23       		.byte	0x23
 273 0177 10       		.uleb128 0x10
 274 0178 05       		.uleb128 0x5
 275 0179 704E6578 		.ascii	"pNextTimeQueue\000"
 275      7454696D 
 275      65517565 
 275      756500
 276 0188 02       		.byte	0x2
 277 0189 5E       		.byte	0x5e
 278 018a FA010000 		.4byte	0x1fa
 279 018e 02       		.byte	0x2
 280 018f 23       		.byte	0x23
 281 0190 14       		.uleb128 0x14
 282 0191 05       		.uleb128 0x5
 283 0192 70696400 		.ascii	"pid\000"
 284 0196 02       		.byte	0x2
 285 0197 5F       		.byte	0x5f
 286 0198 62000000 		.4byte	0x62
 287 019c 02       		.byte	0x2
 288 019d 23       		.byte	0x23
 289 019e 18       		.uleb128 0x18
 290 019f 05       		.uleb128 0x5
 291 01a0 7072696F 		.ascii	"prio\000"
ARM GAS  /cygdrive/c/DOCUME~1/deforce/LOKALA~1/Temp/ccDhPxC6.s 			page 9


 291      00
 292 01a5 02       		.byte	0x2
 293 01a6 60       		.byte	0x60
 294 01a7 62000000 		.4byte	0x62
 295 01ab 02       		.byte	0x2
 296 01ac 23       		.byte	0x23
 297 01ad 19       		.uleb128 0x19
 298 01ae 05       		.uleb128 0x5
 299 01af 666C6167 		.ascii	"flag\000"
 299      00
 300 01b4 02       		.byte	0x2
 301 01b5 61       		.byte	0x61
 302 01b6 62000000 		.4byte	0x62
 303 01ba 02       		.byte	0x2
 304 01bb 23       		.byte	0x23
 305 01bc 1A       		.uleb128 0x1a
 306 01bd 05       		.uleb128 0x5
 307 01be 736C6565 		.ascii	"sleep\000"
 307      7000
 308 01c4 02       		.byte	0x2
 309 01c5 62       		.byte	0x62
 310 01c6 A0000000 		.4byte	0xa0
 311 01ca 02       		.byte	0x2
 312 01cb 23       		.byte	0x23
 313 01cc 1C       		.uleb128 0x1c
 314 01cd 05       		.uleb128 0x5
 315 01ce 7053746B 		.ascii	"pStkOrg\000"
 315      4F726700 
 316 01d6 02       		.byte	0x2
 317 01d7 65       		.byte	0x65
 318 01d8 F4010000 		.4byte	0x1f4
 319 01dc 02       		.byte	0x2
 320 01dd 23       		.byte	0x23
 321 01de 20       		.uleb128 0x20
 322 01df 05       		.uleb128 0x5
 323 01e0 73746163 		.ascii	"stackSize\000"
 323      6B53697A 
 323      6500
 324 01ea 02       		.byte	0x2
 325 01eb 66       		.byte	0x66
 326 01ec 7E000000 		.4byte	0x7e
 327 01f0 02       		.byte	0x2
 328 01f1 23       		.byte	0x23
 329 01f2 24       		.uleb128 0x24
 330 01f3 00       		.byte	0x0
 331 01f4 06       		.uleb128 0x6
 332 01f5 04       		.byte	0x4
 333 01f6 62000000 		.4byte	0x62
 334 01fa 06       		.uleb128 0x6
 335 01fb 04       		.byte	0x4
 336 01fc DF000000 		.4byte	0xdf
 337 0200 02       		.uleb128 0x2
 338 0201 744F5350 		.ascii	"tOSPCB\000"
 338      434200
 339 0208 02       		.byte	0x2
 340 0209 68       		.byte	0x68
 341 020a DF000000 		.4byte	0xdf
ARM GAS  /cygdrive/c/DOCUME~1/deforce/LOKALA~1/Temp/ccDhPxC6.s 			page 10


 342 020e 04       		.uleb128 0x4
 343 020f 48020000 		.4byte	0x248
 344 0213 5F745072 		.ascii	"_tPrioQueue_\000"
 344      696F5175 
 344      6575655F 
 344      00
 345 0220 18       		.byte	0x18
 346 0221 02       		.byte	0x2
 347 0222 70       		.byte	0x70
 348 0223 05       		.uleb128 0x5
 349 0224 70507269 		.ascii	"pPrioList\000"
 349      6F4C6973 
 349      7400
 350 022e 02       		.byte	0x2
 351 022f 71       		.byte	0x71
 352 0230 48020000 		.4byte	0x248
 353 0234 02       		.byte	0x2
 354 0235 23       		.byte	0x23
 355 0236 00       		.uleb128 0x0
 356 0237 05       		.uleb128 0x5
 357 0238 70504342 		.ascii	"pPCBs\000"
 357      7300
 358 023e 02       		.byte	0x2
 359 023f 72       		.byte	0x72
 360 0240 6D020000 		.4byte	0x26d
 361 0244 02       		.byte	0x2
 362 0245 23       		.byte	0x23
 363 0246 14       		.uleb128 0x14
 364 0247 00       		.byte	0x0
 365 0248 07       		.uleb128 0x7
 366 0249 58020000 		.4byte	0x258
 367 024d 6D020000 		.4byte	0x26d
 368 0251 08       		.uleb128 0x8
 369 0252 58020000 		.4byte	0x258
 370 0256 04       		.byte	0x4
 371 0257 00       		.byte	0x0
 372 0258 03       		.uleb128 0x3
 373 0259 6C6F6E67 		.ascii	"long unsigned int\000"
 373      20756E73 
 373      69676E65 
 373      6420696E 
 373      7400
 374 026b 04       		.byte	0x4
 375 026c 07       		.byte	0x7
 376 026d 06       		.uleb128 0x6
 377 026e 04       		.byte	0x4
 378 026f 00020000 		.4byte	0x200
 379 0273 02       		.uleb128 0x2
 380 0274 74507269 		.ascii	"tPrioQueue\000"
 380      6F517565 
 380      756500
 381 027f 02       		.byte	0x2
 382 0280 73       		.byte	0x73
 383 0281 0E020000 		.4byte	0x20e
 384 0285 04       		.uleb128 0x4
 385 0286 A9020000 		.4byte	0x2a9
 386 028a 5F744F53 		.ascii	"_tOSEvent_\000"
ARM GAS  /cygdrive/c/DOCUME~1/deforce/LOKALA~1/Temp/ccDhPxC6.s 			page 11


 386      4576656E 
 386      745F00
 387 0295 18       		.byte	0x18
 388 0296 02       		.byte	0x2
 389 0297 76       		.byte	0x76
 390 0298 05       		.uleb128 0x5
 391 0299 77616974 		.ascii	"waitQ\000"
 391      5100
 392 029f 02       		.byte	0x2
 393 02a0 77       		.byte	0x77
 394 02a1 73020000 		.4byte	0x273
 395 02a5 02       		.byte	0x2
 396 02a6 23       		.byte	0x23
 397 02a7 00       		.uleb128 0x0
 398 02a8 00       		.byte	0x0
 399 02a9 02       		.uleb128 0x2
 400 02aa 744F5345 		.ascii	"tOSEvent\000"
 400      76656E74 
 400      00
 401 02b3 02       		.byte	0x2
 402 02b4 78       		.byte	0x78
 403 02b5 85020000 		.4byte	0x285
 404 02b9 04       		.uleb128 0x4
 405 02ba E7020000 		.4byte	0x2e7
 406 02be 5F74436E 		.ascii	"_tCntSem_\000"
 406      7453656D 
 406      5F00
 407 02c8 1C       		.byte	0x1c
 408 02c9 02       		.byte	0x2
 409 02ca 7B       		.byte	0x7b
 410 02cb 05       		.uleb128 0x5
 411 02cc 657600   		.ascii	"ev\000"
 412 02cf 02       		.byte	0x2
 413 02d0 7C       		.byte	0x7c
 414 02d1 A9020000 		.4byte	0x2a9
 415 02d5 02       		.byte	0x2
 416 02d6 23       		.byte	0x23
 417 02d7 00       		.uleb128 0x0
 418 02d8 05       		.uleb128 0x5
 419 02d9 636E7400 		.ascii	"cnt\000"
 420 02dd 02       		.byte	0x2
 421 02de 7D       		.byte	0x7d
 422 02df 7E000000 		.4byte	0x7e
 423 02e3 02       		.byte	0x2
 424 02e4 23       		.byte	0x23
 425 02e5 18       		.uleb128 0x18
 426 02e6 00       		.byte	0x0
 427 02e7 02       		.uleb128 0x2
 428 02e8 74436E74 		.ascii	"tCntSem\000"
 428      53656D00 
 429 02f0 02       		.byte	0x2
 430 02f1 7F       		.byte	0x7f
 431 02f2 B9020000 		.4byte	0x2b9
 432 02f6 09       		.uleb128 0x9
 433 02f7 04       		.byte	0x4
 434 02f8 0A       		.uleb128 0xa
 435 02f9 58030000 		.4byte	0x358
ARM GAS  /cygdrive/c/DOCUME~1/deforce/LOKALA~1/Temp/ccDhPxC6.s 			page 12


 436 02fd 01       		.byte	0x1
 437 02fe 70726F63 		.ascii	"procEx3\000"
 437      45783300 
 438 0306 01       		.byte	0x1
 439 0307 25       		.byte	0x25
 440 0308 01       		.byte	0x1
 441 0309 00000000 		.4byte	.LFB2
 442 030d 84000000 		.4byte	.LFE2
 443 0311 00000000 		.4byte	.LLST0
 444 0315 0B       		.uleb128 0xb
 445 0316 61726700 		.ascii	"arg\000"
 446 031a 01       		.byte	0x1
 447 031b 24       		.byte	0x24
 448 031c F6020000 		.4byte	0x2f6
 449 0320 02       		.byte	0x2
 450 0321 91       		.byte	0x91
 451 0322 70       		.sleb128 -16
 452 0323 0C       		.uleb128 0xc
 453 0324 6572726F 		.ascii	"error\000"
 453      7200
 454 032a 01       		.byte	0x1
 455 032b 26       		.byte	0x26
 456 032c 6D000000 		.4byte	0x6d
 457 0330 02       		.byte	0x2
 458 0331 91       		.byte	0x91
 459 0332 77       		.sleb128 -9
 460 0333 0D       		.uleb128 0xd
 461 0334 0A000000 		.4byte	.LBB2
 462 0338 84000000 		.4byte	.LBE2
 463 033c 0C       		.uleb128 0xc
 464 033d 73776974 		.ascii	"switchCounter\000"
 464      6368436F 
 464      756E7465 
 464      7200
 465 034b 01       		.byte	0x1
 466 034c 2E       		.byte	0x2e
 467 034d D8000000 		.4byte	0xd8
 468 0351 05       		.byte	0x5
 469 0352 03       		.byte	0x3
 470 0353 00000000 		.4byte	switchCounter.1412
 471 0357 00       		.byte	0x0
 472 0358 0E       		.uleb128 0xe
 473 0359 6D757465 		.ascii	"mutexLCD\000"
 473      784C4344 
 473      00
 474 0362 01       		.byte	0x1
 475 0363 20       		.byte	0x20
 476 0364 E7020000 		.4byte	0x2e7
 477 0368 01       		.byte	0x1
 478 0369 01       		.byte	0x1
 479 036a 00       		.byte	0x0
 480              		.section	.debug_abbrev
 481 0000 01       		.uleb128 0x1
 482 0001 11       		.uleb128 0x11
 483 0002 01       		.byte	0x1
 484 0003 10       		.uleb128 0x10
 485 0004 06       		.uleb128 0x6
ARM GAS  /cygdrive/c/DOCUME~1/deforce/LOKALA~1/Temp/ccDhPxC6.s 			page 13


 486 0005 12       		.uleb128 0x12
 487 0006 01       		.uleb128 0x1
 488 0007 11       		.uleb128 0x11
 489 0008 01       		.uleb128 0x1
 490 0009 25       		.uleb128 0x25
 491 000a 08       		.uleb128 0x8
 492 000b 13       		.uleb128 0x13
 493 000c 0B       		.uleb128 0xb
 494 000d 03       		.uleb128 0x3
 495 000e 08       		.uleb128 0x8
 496 000f 1B       		.uleb128 0x1b
 497 0010 08       		.uleb128 0x8
 498 0011 00       		.byte	0x0
 499 0012 00       		.byte	0x0
 500 0013 02       		.uleb128 0x2
 501 0014 16       		.uleb128 0x16
 502 0015 00       		.byte	0x0
 503 0016 03       		.uleb128 0x3
 504 0017 08       		.uleb128 0x8
 505 0018 3A       		.uleb128 0x3a
 506 0019 0B       		.uleb128 0xb
 507 001a 3B       		.uleb128 0x3b
 508 001b 0B       		.uleb128 0xb
 509 001c 49       		.uleb128 0x49
 510 001d 13       		.uleb128 0x13
 511 001e 00       		.byte	0x0
 512 001f 00       		.byte	0x0
 513 0020 03       		.uleb128 0x3
 514 0021 24       		.uleb128 0x24
 515 0022 00       		.byte	0x0
 516 0023 03       		.uleb128 0x3
 517 0024 08       		.uleb128 0x8
 518 0025 0B       		.uleb128 0xb
 519 0026 0B       		.uleb128 0xb
 520 0027 3E       		.uleb128 0x3e
 521 0028 0B       		.uleb128 0xb
 522 0029 00       		.byte	0x0
 523 002a 00       		.byte	0x0
 524 002b 04       		.uleb128 0x4
 525 002c 13       		.uleb128 0x13
 526 002d 01       		.byte	0x1
 527 002e 01       		.uleb128 0x1
 528 002f 13       		.uleb128 0x13
 529 0030 03       		.uleb128 0x3
 530 0031 08       		.uleb128 0x8
 531 0032 0B       		.uleb128 0xb
 532 0033 0B       		.uleb128 0xb
 533 0034 3A       		.uleb128 0x3a
 534 0035 0B       		.uleb128 0xb
 535 0036 3B       		.uleb128 0x3b
 536 0037 0B       		.uleb128 0xb
 537 0038 00       		.byte	0x0
 538 0039 00       		.byte	0x0
 539 003a 05       		.uleb128 0x5
 540 003b 0D       		.uleb128 0xd
 541 003c 00       		.byte	0x0
 542 003d 03       		.uleb128 0x3
ARM GAS  /cygdrive/c/DOCUME~1/deforce/LOKALA~1/Temp/ccDhPxC6.s 			page 14


 543 003e 08       		.uleb128 0x8
 544 003f 3A       		.uleb128 0x3a
 545 0040 0B       		.uleb128 0xb
 546 0041 3B       		.uleb128 0x3b
 547 0042 0B       		.uleb128 0xb
 548 0043 49       		.uleb128 0x49
 549 0044 13       		.uleb128 0x13
 550 0045 38       		.uleb128 0x38
 551 0046 0A       		.uleb128 0xa
 552 0047 00       		.byte	0x0
 553 0048 00       		.byte	0x0
 554 0049 06       		.uleb128 0x6
 555 004a 0F       		.uleb128 0xf
 556 004b 00       		.byte	0x0
 557 004c 0B       		.uleb128 0xb
 558 004d 0B       		.uleb128 0xb
 559 004e 49       		.uleb128 0x49
 560 004f 13       		.uleb128 0x13
 561 0050 00       		.byte	0x0
 562 0051 00       		.byte	0x0
 563 0052 07       		.uleb128 0x7
 564 0053 01       		.uleb128 0x1
 565 0054 01       		.byte	0x1
 566 0055 01       		.uleb128 0x1
 567 0056 13       		.uleb128 0x13
 568 0057 49       		.uleb128 0x49
 569 0058 13       		.uleb128 0x13
 570 0059 00       		.byte	0x0
 571 005a 00       		.byte	0x0
 572 005b 08       		.uleb128 0x8
 573 005c 21       		.uleb128 0x21
 574 005d 00       		.byte	0x0
 575 005e 49       		.uleb128 0x49
 576 005f 13       		.uleb128 0x13
 577 0060 2F       		.uleb128 0x2f
 578 0061 0B       		.uleb128 0xb
 579 0062 00       		.byte	0x0
 580 0063 00       		.byte	0x0
 581 0064 09       		.uleb128 0x9
 582 0065 0F       		.uleb128 0xf
 583 0066 00       		.byte	0x0
 584 0067 0B       		.uleb128 0xb
 585 0068 0B       		.uleb128 0xb
 586 0069 00       		.byte	0x0
 587 006a 00       		.byte	0x0
 588 006b 0A       		.uleb128 0xa
 589 006c 2E       		.uleb128 0x2e
 590 006d 01       		.byte	0x1
 591 006e 01       		.uleb128 0x1
 592 006f 13       		.uleb128 0x13
 593 0070 3F       		.uleb128 0x3f
 594 0071 0C       		.uleb128 0xc
 595 0072 03       		.uleb128 0x3
 596 0073 08       		.uleb128 0x8
 597 0074 3A       		.uleb128 0x3a
 598 0075 0B       		.uleb128 0xb
 599 0076 3B       		.uleb128 0x3b
ARM GAS  /cygdrive/c/DOCUME~1/deforce/LOKALA~1/Temp/ccDhPxC6.s 			page 15


 600 0077 0B       		.uleb128 0xb
 601 0078 27       		.uleb128 0x27
 602 0079 0C       		.uleb128 0xc
 603 007a 11       		.uleb128 0x11
 604 007b 01       		.uleb128 0x1
 605 007c 12       		.uleb128 0x12
 606 007d 01       		.uleb128 0x1
 607 007e 40       		.uleb128 0x40
 608 007f 06       		.uleb128 0x6
 609 0080 00       		.byte	0x0
 610 0081 00       		.byte	0x0
 611 0082 0B       		.uleb128 0xb
 612 0083 05       		.uleb128 0x5
 613 0084 00       		.byte	0x0
 614 0085 03       		.uleb128 0x3
 615 0086 08       		.uleb128 0x8
 616 0087 3A       		.uleb128 0x3a
 617 0088 0B       		.uleb128 0xb
 618 0089 3B       		.uleb128 0x3b
 619 008a 0B       		.uleb128 0xb
 620 008b 49       		.uleb128 0x49
 621 008c 13       		.uleb128 0x13
 622 008d 02       		.uleb128 0x2
 623 008e 0A       		.uleb128 0xa
 624 008f 00       		.byte	0x0
 625 0090 00       		.byte	0x0
 626 0091 0C       		.uleb128 0xc
 627 0092 34       		.uleb128 0x34
 628 0093 00       		.byte	0x0
 629 0094 03       		.uleb128 0x3
 630 0095 08       		.uleb128 0x8
 631 0096 3A       		.uleb128 0x3a
 632 0097 0B       		.uleb128 0xb
 633 0098 3B       		.uleb128 0x3b
 634 0099 0B       		.uleb128 0xb
 635 009a 49       		.uleb128 0x49
 636 009b 13       		.uleb128 0x13
 637 009c 02       		.uleb128 0x2
 638 009d 0A       		.uleb128 0xa
 639 009e 00       		.byte	0x0
 640 009f 00       		.byte	0x0
 641 00a0 0D       		.uleb128 0xd
 642 00a1 0B       		.uleb128 0xb
 643 00a2 00       		.byte	0x0
 644 00a3 11       		.uleb128 0x11
 645 00a4 01       		.uleb128 0x1
 646 00a5 12       		.uleb128 0x12
 647 00a6 01       		.uleb128 0x1
 648 00a7 00       		.byte	0x0
 649 00a8 00       		.byte	0x0
 650 00a9 0E       		.uleb128 0xe
 651 00aa 34       		.uleb128 0x34
 652 00ab 00       		.byte	0x0
 653 00ac 03       		.uleb128 0x3
 654 00ad 08       		.uleb128 0x8
 655 00ae 3A       		.uleb128 0x3a
 656 00af 0B       		.uleb128 0xb
ARM GAS  /cygdrive/c/DOCUME~1/deforce/LOKALA~1/Temp/ccDhPxC6.s 			page 16


 657 00b0 3B       		.uleb128 0x3b
 658 00b1 0B       		.uleb128 0xb
 659 00b2 49       		.uleb128 0x49
 660 00b3 13       		.uleb128 0x13
 661 00b4 3F       		.uleb128 0x3f
 662 00b5 0C       		.uleb128 0xc
 663 00b6 3C       		.uleb128 0x3c
 664 00b7 0C       		.uleb128 0xc
 665 00b8 00       		.byte	0x0
 666 00b9 00       		.byte	0x0
 667 00ba 00       		.byte	0x0
 668              		.section	.debug_pubnames,"",%progbits
 669 0000 1A000000 		.4byte	0x1a
 670 0004 0200     		.2byte	0x2
 671 0006 00000000 		.4byte	.Ldebug_info0
 672 000a 6B030000 		.4byte	0x36b
 673 000e F8020000 		.4byte	0x2f8
 674 0012 70726F63 		.ascii	"procEx3\000"
 674      45783300 
 675 001a 00000000 		.4byte	0x0
 676              		.section	.debug_aranges,"",%progbits
 677 0000 1C000000 		.4byte	0x1c
 678 0004 0200     		.2byte	0x2
 679 0006 00000000 		.4byte	.Ldebug_info0
 680 000a 04       		.byte	0x4
 681 000b 00       		.byte	0x0
 682 000c 0000     		.2byte	0x0
 683 000e 0000     		.2byte	0x0
 684 0010 00000000 		.4byte	.Ltext0
 685 0014 84000000 		.4byte	.Letext0-.Ltext0
 686 0018 00000000 		.4byte	0x0
 687 001c 00000000 		.4byte	0x0
 688              		.ident	"GCC: (GNU) 4.1.1"
ARM GAS  /cygdrive/c/DOCUME~1/deforce/LOKALA~1/Temp/ccDhPxC6.s 			page 17


DEFINED SYMBOLS
                            *ABS*:00000000 proc3.c
/cygdrive/c/DOCUME~1/deforce/LOKALA~1/Temp/ccDhPxC6.s:1      .text:00000000 $t
                             .bss:00000000 $d
/cygdrive/c/DOCUME~1/deforce/LOKALA~1/Temp/ccDhPxC6.s:13     .bss:00000000 switchCounter.1412
/cygdrive/c/DOCUME~1/deforce/LOKALA~1/Temp/ccDhPxC6.s:28     .text:00000000 procEx3
/cygdrive/c/DOCUME~1/deforce/LOKALA~1/Temp/ccDhPxC6.s:100    .text:00000070 $d

UNDEFINED SYMBOLS
osSemTake
simplePrintf
osSleep
osSemGive
mutexLCD
