ARM GAS  /cygdrive/c/DOCUME~1/deforce/LOKALA~1/Temp/ccdiwHzq.s 			page 1


   1              		.code	16
   2              		.file	"main.c"
   3              		.section	.debug_abbrev,"",%progbits
   4              	.Ldebug_abbrev0:
   5              		.section	.debug_info,"",%progbits
   6              	.Ldebug_info0:
   7              		.section	.debug_line,"",%progbits
   8              	.Ldebug_line0:
   9 0000 57000000 		.text
   9      02001D00 
   9      00000201 
   9      FB0E0D00 
   9      01010101 
  10              	.Ltext0:
  11              		.global	__udivsi3
  12              		.align	2
  13              		.global	main
  14              		.code 16
  15              		.thumb_func
  16              		.type	main, %function
  17              	main:
  18              	.LFB6:
  19              		.file 1 "main.c"
   1:main.c        **** /******************************************************************************
   2:main.c        ****  *
   3:main.c        ****  * Copyright:
   4:main.c        ****  *    (C) 2005 Embedded Artists AB
   5:main.c        ****  *
   6:main.c        ****  * File:
   7:main.c        ****  *    main.c
   8:main.c        ****  *
   9:main.c        ****  * Description:
  10:main.c        ****  *    Sample application that demonstrates how to generate a PWM signal
  11:main.c        ****  *    with a fixed frequency and varying duty cycle.
  12:main.c        ****  *    This feature can for example be used to generate an analogue signal
  13:main.c        ****  *    if the PWM signal is low pass filtered.
  14:main.c        ****  *
  15:main.c        ****  *****************************************************************************/
  16:main.c        **** 
  17:main.c        **** // TODO: make sure config/startup settings are adjusted for LPC2148
  18:main.c        **** 
  19:main.c        **** /******************************************************************************
  20:main.c        ****  * Includes
  21:main.c        ****  *****************************************************************************/
  22:main.c        **** #include "general.h"
  23:main.c        **** #include <lpc2xxx.h>
  24:main.c        **** #include "startup/config.h"
  25:main.c        **** 
  26:main.c        **** /******************************************************************************
  27:main.c        ****  * Defines and typedefs
  28:main.c        ****  *****************************************************************************/
  29:main.c        **** #define CRYSTAL_FREQUENCY FOSC
  30:main.c        **** #define PLL_FACTOR        PLL_MUL
  31:main.c        **** #define VPBDIV_FACTOR     PBSD
  32:main.c        **** 
  33:main.c        **** 
  34:main.c        **** /*****************************************************************************
ARM GAS  /cygdrive/c/DOCUME~1/deforce/LOKALA~1/Temp/ccdiwHzq.s 			page 2


  35:main.c        ****  * Public function prototypes
  36:main.c        ****  ****************************************************************************/
  37:main.c        **** int main(void);
  38:main.c        **** 
  39:main.c        **** /*****************************************************************************
  40:main.c        ****  * Local function prototypes
  41:main.c        ****  ****************************************************************************/
  42:main.c        **** static void initPwm(tU32 initialFreqValue);
  43:main.c        **** static void setPwmDutyPercent(tU32 dutyValue);
  44:main.c        **** static void setPwmDuty(tU32 dutyValue);
  45:main.c        **** static void delayMs(tU16 delayInMs);
  46:main.c        **** 
  47:main.c        **** /*****************************************************************************
  48:main.c        ****  * Implementation of local functions
  49:main.c        ****  ****************************************************************************/
  50:main.c        **** 
  51:main.c        **** /*****************************************************************************
  52:main.c        ****  *
  53:main.c        ****  * Description:
  54:main.c        ****  *    Initialize the PWM unit to generate a variable duty cycle signal on
  55:main.c        ****  *    PWM2. Connect signal PWM2 to pin P0.7.
  56:main.c        ****  *    The function sets initial frequency. Initial duty cucle is set to 0%.
  57:main.c        ****  *
  58:main.c        ****  * Params:
  59:main.c        ****  *    [in] initialFreqValue - the initial frequency value. Value calculated as:
  60:main.c        ****  *
  61:main.c        ****  *                     (crystal frequency * PLL multiplication factor)
  62:main.c        ****  *                     -----------------------------------------------
  63:main.c        ****  *                           (VPBDIV factor * desired frequency)
  64:main.c        ****  *
  65:main.c        ****  ****************************************************************************/
  66:main.c        **** static void
  67:main.c        **** initPwm(tU32 initialFreqValue)
  68:main.c        **** {
  69:main.c        ****   /*
  70:main.c        ****    * initialize PWM
  71:main.c        ****    */
  72:main.c        ****   PWM_PR  = 0x00000000;             //set prescale to 0
  73:main.c        ****   PWM_MCR = 0x0002;                 //counter resets on MR0 match (period time)
  74:main.c        ****   PWM_MR0 = initialFreqValue;       //MR0 = period cycle time
  75:main.c        ****   PWM_MR2 = 0;                      //MR2 = duty cycle control, initial = 0%
  76:main.c        ****   PWM_LER = 0x05;                   //latch new values for MR0 and MR2
  77:main.c        ****   PWM_PCR = 0x0400;                 //enable PWM2 in single edge control mode
  78:main.c        ****   PWM_TCR = 0x09;                   //enable PWM and Counter
  79:main.c        **** 
  80:main.c        ****   /*
  81:main.c        ****    * connect signal PWM2 to pin P0.7
  82:main.c        ****    */
  83:main.c        ****   PINSEL0 &= ~0x0000c000;  //clear bits related to P0.7
  84:main.c        ****   	  	  	  	  	  	   //COMMENT: this operation is equivalent to:
  85:main.c        ****   	  	  	  	  	  	   //	PINSEL0 &= 0xFFFF3FFF
  86:main.c        ****   	  	  	  	  	  	   //for more info see p.75 of manualLPC2148.pdf
  87:main.c        ****   PINSEL0 |=  0x00008000;  //connect signal PWM2 to P0.7 (second alternative function)
  88:main.c        ****   	  	  	  	  	  	   //for more info see p.75 of manualLPC2148.pdf
  89:main.c        **** 
  90:main.c        ****   // QUESTION: no need to set P0.7 as an output?
  91:main.c        **** }
ARM GAS  /cygdrive/c/DOCUME~1/deforce/LOKALA~1/Temp/ccdiwHzq.s 			page 3


  92:main.c        **** 
  93:main.c        **** /*****************************************************************************
  94:main.c        ****  *
  95:main.c        ****  * Description:
  96:main.c        ****  *    Update the duty cycle value of the PWM signal.
  97:main.c        ****  *
  98:main.c        ****  * Params:
  99:main.c        ****  *    [in] dutyValue - the new duty cycle value in percent in increments
 100:main.c        ****  *                     of 0.01% (i.e., 10% = 1000).
 101:main.c        ****  *
 102:main.c        ****  ****************************************************************************/
 103:main.c        **** static void
 104:main.c        **** setPwmDutyPercent(tU32 dutyValue)
 105:main.c        **** {
 106:main.c        ****   PWM_MR2 = (PWM_MR0 * dutyValue) / 10000;  //update duty cycle
 107:main.c        ****   PWM_LER = 0x04;                           //latch new values for MR2
 108:main.c        **** }
 109:main.c        **** 
 110:main.c        **** /*****************************************************************************
 111:main.c        ****  *
 112:main.c        ****  * Description:
 113:main.c        ****  *    Update the duty cycle value of the PWM signal.
 114:main.c        ****  *
 115:main.c        ****  * Params:
 116:main.c        ****  *    [in] dutyValue - the new duty cycle value. Value calculated as:
 117:main.c        ****  *    (crystal frequency * PLL multiplication factor)
 118:main.c        ****  *    ----------------------------------------------- * duty cycle in percent
 119:main.c        ****  *           (VPBDIV factor * PWM frequency)
 120:main.c        ****  *
 121:main.c        ****  *                    or
 122:main.c        ****  *
 123:main.c        ****  *    value in MR0 register * duty cycle in percent
 124:main.c        ****  *
 125:main.c        ****  ****************************************************************************/
 126:main.c        **** static void
 127:main.c        **** setPwmDuty(tU32 dutyValue)
 128:main.c        **** {
 129:main.c        ****   PWM_MR2 = dutyValue;    //update duty cycle
 130:main.c        ****   PWM_LER = 0x04;         //latch new values for MR2
 131:main.c        **** }
 132:main.c        **** /*****************************************************************************
 133:main.c        ****  *
 134:main.c        ****  * Description:
 135:main.c        ****  *    Delay execution by a specified number of milliseconds by using
 136:main.c        ****  *    timer #1. A polled implementation.
 137:main.c        ****  *
 138:main.c        ****  * Params:
 139:main.c        ****  *    [in] delayInMs - the number of milliseconds to delay.
 140:main.c        ****  *
 141:main.c        ****  ****************************************************************************/
 142:main.c        **** static void
 143:main.c        **** delayMs(tU16 delayInMs)
 144:main.c        **** {
 145:main.c        ****   /*
 146:main.c        ****    * setup timer #1 for delay
 147:main.c        ****    */
 148:main.c        ****   TIMER1_TCR = 0x02;          //stop and reset timer
ARM GAS  /cygdrive/c/DOCUME~1/deforce/LOKALA~1/Temp/ccdiwHzq.s 			page 4


 149:main.c        ****   TIMER1_PR  = 0x00;          //set prescaler to zero
 150:main.c        ****   TIMER1_MR0 = delayInMs * ((CRYSTAL_FREQUENCY * PLL_FACTOR)/ (1000 * VPBDIV_FACTOR));
 151:main.c        ****   TIMER1_IR  = 0xff;          //reset all interrrupt flags
 152:main.c        ****   TIMER1_MCR = 0x04;          //stop timer on match
 153:main.c        ****   TIMER1_TCR = 0x01;          //start timer
 154:main.c        ****   
 155:main.c        ****   //wait until delay time has elapsed
 156:main.c        ****   while (TIMER1_TCR & 0x01)
 157:main.c        ****     ;
 158:main.c        **** }
 159:main.c        **** 
 160:main.c        **** /*****************************************************************************
 161:main.c        ****  * Implementation of public functions
 162:main.c        ****  ****************************************************************************/
 163:main.c        **** 
 164:main.c        **** /*****************************************************************************
 165:main.c        ****  *
 166:main.c        ****  * Description:
 167:main.c        ****  *    The main-function. 
 168:main.c        ****  *
 169:main.c        ****  * Returns:
 170:main.c        ****  *    Always 0, since return value is not used.
 171:main.c        ****  *
 172:main.c        ****  ****************************************************************************/
 173:main.c        **** int
 174:main.c        **** main(void)
 175:main.c        **** {
  20              		.loc 1 175 0
  21 0000 10B5     		push	{r4, lr}
  22              	.LCFI0:
  23              	.LBB8:
  24              	.LBB9:
  25              		.loc 1 72 0
  26 0002 224B     		ldr	r3, .L15
  27 0004 0021     		mov	r1, #0
  28 0006 1960     		str	r1, [r3]
  29              		.loc 1 73 0
  30 0008 0222     		mov	r2, #2
  31 000a 0833     		add	r3, r3, #8
  32 000c 1A60     		str	r2, [r3]
  33              		.loc 1 74 0
  34 000e 204A     		ldr	r2, .L15+4
  35 0010 0433     		add	r3, r3, #4
  36 0012 1A60     		str	r2, [r3]
  37              		.loc 1 75 0
  38 0014 0833     		add	r3, r3, #8
  39 0016 1960     		str	r1, [r3]
  40              		.loc 1 76 0
  41 0018 0522     		mov	r2, #5
  42 001a 3033     		add	r3, r3, #48
  43 001c 1A60     		str	r2, [r3]
  44              		.loc 1 77 0
  45 001e 1D4A     		ldr	r2, .L15+8
  46 0020 8023     		mov	r3, #128
  47 0022 DB00     		lsl	r3, r3, #3
  48 0024 1360     		str	r3, [r2]
  49              		.loc 1 78 0
ARM GAS  /cygdrive/c/DOCUME~1/deforce/LOKALA~1/Temp/ccdiwHzq.s 			page 5


  50 0026 1C4B     		ldr	r3, .L15+12
  51 0028 0922     		mov	r2, #9
  52 002a 1A60     		str	r2, [r3]
  53              		.loc 1 83 0
  54 002c 1B49     		ldr	r1, .L15+16
  55 002e 1C4A     		ldr	r2, .L15+20
  56 0030 0B68     		ldr	r3, [r1]
  57 0032 1340     		and	r3, r3, r2
  58 0034 0B60     		str	r3, [r1]
  59              		.loc 1 87 0
  60 0036 8023     		mov	r3, #128
  61 0038 0A68     		ldr	r2, [r1]
  62 003a 1B02     		lsl	r3, r3, #8
  63 003c 1A43     		orr	r2, r2, r3
  64 003e 0A60     		str	r2, [r1]
  65              	.LVL0:
  66              	.L14:
  67 0040 0024     		mov	r4, #0
  68              	.L13:
  69              	.LBE9:
  70              	.LBE8:
  71              	.LBB10:
  72              	.LBB11:
  73              		.loc 1 106 0
  74 0042 184B     		ldr	r3, .L15+24
  75 0044 1B68     		ldr	r3, [r3]
  76 0046 1849     		ldr	r1, .L15+28
  77 0048 201C     		mov	r0, r4
  78 004a 5843     		mul	r0, r3
  79 004c FFF7FEFF 		bl	__udivsi3
  80 0050 164B     		ldr	r3, .L15+32
  81              	.LBE11:
  82              	.LBE10:
  83              	.LBB12:
  84              	.LBB13:
  85              		.loc 1 148 0
  86 0052 1749     		ldr	r1, .L15+36
  87              	.LBE13:
  88              	.LBE12:
  89              	.LBB14:
  90              	.LBB15:
  91              		.loc 1 106 0
  92 0054 1860     		str	r0, [r3]
  93              		.loc 1 107 0
  94 0056 0420     		mov	r0, #4
  95 0058 3033     		add	r3, r3, #48
  96 005a 1860     		str	r0, [r3]
  97              	.LBE15:
  98              	.LBE14:
  99              	.LBB16:
 100              	.LBB17:
 101              		.loc 1 148 0
 102 005c 0223     		mov	r3, #2
 103 005e 0B60     		str	r3, [r1]
 104              		.loc 1 149 0
 105 0060 144B     		ldr	r3, .L15+40
 106 0062 0022     		mov	r2, #0
ARM GAS  /cygdrive/c/DOCUME~1/deforce/LOKALA~1/Temp/ccdiwHzq.s 			page 6


 107 0064 1A60     		str	r2, [r3]
 108              		.loc 1 150 0
 109 0066 144A     		ldr	r2, .L15+44
 110 0068 0C33     		add	r3, r3, #12
 111 006a 1A60     		str	r2, [r3]
 112              		.loc 1 151 0
 113 006c 183B     		sub	r3, r3, #24
 114 006e FF22     		mov	r2, #255
 115 0070 1A60     		str	r2, [r3]
 116              		.loc 1 152 0
 117 0072 1433     		add	r3, r3, #20
 118 0074 1860     		str	r0, [r3]
 119              		.loc 1 153 0
 120 0076 0123     		mov	r3, #1
 121 0078 0B60     		str	r3, [r1]
 122              	.L3:
 123              		.loc 1 156 0
 124 007a 0D4B     		ldr	r3, .L15+36
 125 007c 1B68     		ldr	r3, [r3]
 126 007e DA07     		lsl	r2, r3, #31
 127 0080 FBD4     		bmi	.L3
 128              	.LBE17:
 129              	.LBE16:
 176:main.c        ****   tU32 duty;
 177:main.c        ****   tU32 freq;
 178:main.c        **** 
 179:main.c        ****   //set frequency to 1000 Hz (1 kHz)
 180:main.c        ****   freq = ((CRYSTAL_FREQUENCY * PLL_FACTOR)/ (VPBDIV_FACTOR * 1000));
 181:main.c        **** 
 182:main.c        ****   //initialize PWM unit
 183:main.c        ****   initPwm(freq);
 184:main.c        ****   
 185:main.c        ****   //vary duty cycle
 186:main.c        ****   duty = 0;
 187:main.c        **** 
 188:main.c        ****   while(1)
 189:main.c        ****   {
 190:main.c        ****     //set frequency value
 191:main.c        ****     setPwmDutyPercent(duty);
 192:main.c        ****     
 193:main.c        ****     //wait 10 ms
 194:main.c        ****     delayMs(10);
 195:main.c        ****     
 196:main.c        ****     //update duty cycle (0.00 - 100.00%, in steps of 0.10%)
 197:main.c        ****     duty += 10;
 198:main.c        ****     if (duty > 10000)
 130              		.loc 1 198 0
 131 0082 094B     		ldr	r3, .L15+28
 132              		.loc 1 197 0
 133 0084 0A34     		add	r4, r4, #10
 134              		.loc 1 198 0
 135 0086 9C42     		cmp	r4, r3
 136 0088 DBD9     		bls	.L13
 137 008a D9E7     		b	.L14
 138              	.L16:
 139              		.align	2
 140              	.L15:
ARM GAS  /cygdrive/c/DOCUME~1/deforce/LOKALA~1/Temp/ccdiwHzq.s 			page 7


 141 008c 0C4001E0 		.word	-536788980
 142 0090 60EA0000 		.word	60000
 143 0094 4C4001E0 		.word	-536788916
 144 0098 044001E0 		.word	-536788988
 145 009c 00C002E0 		.word	-536690688
 146 00a0 FF3FFFFF 		.word	-49153
 147 00a4 184001E0 		.word	-536788968
 148 00a8 10270000 		.word	10000
 149 00ac 204001E0 		.word	-536788960
 150 00b0 048000E0 		.word	-536838140
 151 00b4 0C8000E0 		.word	-536838132
 152 00b8 C0270900 		.word	600000
 153              	.LFE6:
 154              		.size	main, .-main
 155              		.section	.debug_frame,"",%progbits
 156              	.Lframe0:
 157 0000 0C000000 		.4byte	.LECIE0-.LSCIE0
 158              	.LSCIE0:
 159 0004 FFFFFFFF 		.4byte	0xffffffff
 160 0008 01       		.byte	0x1
 161 0009 00       		.ascii	"\000"
 162 000a 01       		.uleb128 0x1
 163 000b 7C       		.sleb128 -4
 164 000c 0E       		.byte	0xe
 165 000d 0C       		.byte	0xc
 166 000e 0D       		.uleb128 0xd
 167 000f 00       		.uleb128 0x0
 168              		.align	2
 169              	.LECIE0:
 170              	.LSFDE0:
 171 0010 14000000 		.4byte	.LEFDE0-.LASFDE0
 172              	.LASFDE0:
 173 0014 00000000 		.4byte	.Lframe0
 174 0018 00000000 		.4byte	.LFB6
 175 001c BC000000 		.4byte	.LFE6-.LFB6
 176 0020 42       		.byte	0x4
 177              		.4byte	.LCFI0-.LFB6
 178 0021 0E       		.byte	0xe
 179 0022 08       		.uleb128 0x8
 180 0023 84       		.byte	0x84
 181 0024 02       		.uleb128 0x2
 182 0025 8E       		.byte	0x8e
 183 0026 01       		.uleb128 0x1
 184 0027 00       		.align	2
 185              	.LEFDE0:
 186              		.text
 187              	.Letext0:
 188              		.section	.debug_loc,"",%progbits
 189              	.Ldebug_loc0:
 190              	.LLST0:
 191 0000 00000000 		.4byte	.LFB6-.Ltext0
 192 0004 02000000 		.4byte	.LCFI0-.Ltext0
 193 0008 0100     		.2byte	0x1
 194 000a 5D       		.byte	0x5d
 195 000b 02000000 		.4byte	.LCFI0-.Ltext0
 196 000f BC000000 		.4byte	.LFE6-.Ltext0
 197 0013 0200     		.2byte	0x2
ARM GAS  /cygdrive/c/DOCUME~1/deforce/LOKALA~1/Temp/ccdiwHzq.s 			page 8


 198 0015 7D       		.byte	0x7d
 199 0016 08       		.sleb128 8
 200 0017 00000000 		.4byte	0x0
 201 001b 00000000 		.4byte	0x0
 202              		.section	.debug_info
 203 0000 F7000000 		.4byte	0xf7
 204 0004 0200     		.2byte	0x2
 205 0006 00000000 		.4byte	.Ldebug_abbrev0
 206 000a 04       		.byte	0x4
 207 000b 01       		.uleb128 0x1
 208 000c 00000000 		.4byte	.Ldebug_line0
 209 0010 BC000000 		.4byte	.Letext0
 210 0014 00000000 		.4byte	.Ltext0
 211 0018 6D000000 		.4byte	.LASF10
 212 001c 01       		.byte	0x1
 213 001d 79000000 		.4byte	.LASF11
 214 0021 44000000 		.4byte	.LASF12
 215 0025 02       		.uleb128 0x2
 216 0026 3E000000 		.4byte	0x3e
 217 002a 8A000000 		.4byte	.LASF0
 218 002e 01       		.byte	0x1
 219 002f 44       		.byte	0x44
 220 0030 01       		.byte	0x1
 221 0031 01       		.byte	0x1
 222 0032 03       		.uleb128 0x3
 223 0033 A1000000 		.4byte	.LASF2
 224 0037 01       		.byte	0x1
 225 0038 43       		.byte	0x43
 226 0039 3E000000 		.4byte	0x3e
 227 003d 00       		.byte	0x0
 228 003e 04       		.uleb128 0x4
 229 003f 00000000 		.4byte	.LASF6
 230 0043 04       		.byte	0x4
 231 0044 07       		.byte	0x7
 232 0045 02       		.uleb128 0x2
 233 0046 5E000000 		.4byte	0x5e
 234 004a 0D000000 		.4byte	.LASF1
 235 004e 01       		.byte	0x1
 236 004f 69       		.byte	0x69
 237 0050 01       		.byte	0x1
 238 0051 01       		.byte	0x1
 239 0052 03       		.uleb128 0x3
 240 0053 97000000 		.4byte	.LASF3
 241 0057 01       		.byte	0x1
 242 0058 68       		.byte	0x68
 243 0059 3E000000 		.4byte	0x3e
 244 005d 00       		.byte	0x0
 245 005e 02       		.uleb128 0x2
 246 005f 77000000 		.4byte	0x77
 247 0063 1F000000 		.4byte	.LASF4
 248 0067 01       		.byte	0x1
 249 0068 90       		.byte	0x90
 250 0069 01       		.byte	0x1
 251 006a 01       		.byte	0x1
 252 006b 03       		.uleb128 0x3
 253 006c 27000000 		.4byte	.LASF5
 254 0070 01       		.byte	0x1
ARM GAS  /cygdrive/c/DOCUME~1/deforce/LOKALA~1/Temp/ccdiwHzq.s 			page 9


 255 0071 8F       		.byte	0x8f
 256 0072 77000000 		.4byte	0x77
 257 0076 00       		.byte	0x0
 258 0077 04       		.uleb128 0x4
 259 0078 31000000 		.4byte	.LASF7
 260 007c 02       		.byte	0x2
 261 007d 07       		.byte	0x7
 262 007e 05       		.uleb128 0x5
 263 007f F3000000 		.4byte	0xf3
 264 0083 01       		.byte	0x1
 265 0084 85000000 		.4byte	.LASF13
 266 0088 01       		.byte	0x1
 267 0089 AF       		.byte	0xaf
 268 008a 01       		.byte	0x1
 269 008b F3000000 		.4byte	0xf3
 270 008f 00000000 		.4byte	.LFB6
 271 0093 BC000000 		.4byte	.LFE6
 272 0097 00000000 		.4byte	.LLST0
 273 009b 06       		.uleb128 0x6
 274 009c 92000000 		.4byte	.LASF8
 275 00a0 01       		.byte	0x1
 276 00a1 B0       		.byte	0xb0
 277 00a2 3E000000 		.4byte	0x3e
 278 00a6 01       		.byte	0x1
 279 00a7 54       		.byte	0x54
 280 00a8 07       		.uleb128 0x7
 281 00a9 80000000 		.4byte	.LASF9
 282 00ad 01       		.byte	0x1
 283 00ae B1       		.byte	0xb1
 284 00af 3E000000 		.4byte	0x3e
 285 00b3 08       		.uleb128 0x8
 286 00b4 CC000000 		.4byte	0xcc
 287 00b8 25000000 		.4byte	0x25
 288 00bc 02000000 		.4byte	.LBB8
 289 00c0 42000000 		.4byte	.LBE8
 290 00c4 01       		.byte	0x1
 291 00c5 B7       		.byte	0xb7
 292 00c6 09       		.uleb128 0x9
 293 00c7 32000000 		.4byte	0x32
 294 00cb 00       		.byte	0x0
 295 00cc 0A       		.uleb128 0xa
 296 00cd E1000000 		.4byte	0xe1
 297 00d1 45000000 		.4byte	0x45
 298 00d5 00000000 		.4byte	.Ldebug_ranges0+0x0
 299 00d9 01       		.byte	0x1
 300 00da BF       		.byte	0xbf
 301 00db 09       		.uleb128 0x9
 302 00dc 52000000 		.4byte	0x52
 303 00e0 00       		.byte	0x0
 304 00e1 0B       		.uleb128 0xb
 305 00e2 5E000000 		.4byte	0x5e
 306 00e6 18000000 		.4byte	.Ldebug_ranges0+0x18
 307 00ea 01       		.byte	0x1
 308 00eb C2       		.byte	0xc2
 309 00ec 09       		.uleb128 0x9
 310 00ed 6B000000 		.4byte	0x6b
 311 00f1 00       		.byte	0x0
ARM GAS  /cygdrive/c/DOCUME~1/deforce/LOKALA~1/Temp/ccdiwHzq.s 			page 10


 312 00f2 00       		.byte	0x0
 313 00f3 0C       		.uleb128 0xc
 314 00f4 696E7400 		.ascii	"int\000"
 315 00f8 04       		.byte	0x4
 316 00f9 05       		.byte	0x5
 317 00fa 00       		.byte	0x0
 318              		.section	.debug_abbrev
 319 0000 01       		.uleb128 0x1
 320 0001 11       		.uleb128 0x11
 321 0002 01       		.byte	0x1
 322 0003 10       		.uleb128 0x10
 323 0004 06       		.uleb128 0x6
 324 0005 12       		.uleb128 0x12
 325 0006 01       		.uleb128 0x1
 326 0007 11       		.uleb128 0x11
 327 0008 01       		.uleb128 0x1
 328 0009 25       		.uleb128 0x25
 329 000a 0E       		.uleb128 0xe
 330 000b 13       		.uleb128 0x13
 331 000c 0B       		.uleb128 0xb
 332 000d 03       		.uleb128 0x3
 333 000e 0E       		.uleb128 0xe
 334 000f 1B       		.uleb128 0x1b
 335 0010 0E       		.uleb128 0xe
 336 0011 00       		.byte	0x0
 337 0012 00       		.byte	0x0
 338 0013 02       		.uleb128 0x2
 339 0014 2E       		.uleb128 0x2e
 340 0015 01       		.byte	0x1
 341 0016 01       		.uleb128 0x1
 342 0017 13       		.uleb128 0x13
 343 0018 03       		.uleb128 0x3
 344 0019 0E       		.uleb128 0xe
 345 001a 3A       		.uleb128 0x3a
 346 001b 0B       		.uleb128 0xb
 347 001c 3B       		.uleb128 0x3b
 348 001d 0B       		.uleb128 0xb
 349 001e 27       		.uleb128 0x27
 350 001f 0C       		.uleb128 0xc
 351 0020 20       		.uleb128 0x20
 352 0021 0B       		.uleb128 0xb
 353 0022 00       		.byte	0x0
 354 0023 00       		.byte	0x0
 355 0024 03       		.uleb128 0x3
 356 0025 05       		.uleb128 0x5
 357 0026 00       		.byte	0x0
 358 0027 03       		.uleb128 0x3
 359 0028 0E       		.uleb128 0xe
 360 0029 3A       		.uleb128 0x3a
 361 002a 0B       		.uleb128 0xb
 362 002b 3B       		.uleb128 0x3b
 363 002c 0B       		.uleb128 0xb
 364 002d 49       		.uleb128 0x49
 365 002e 13       		.uleb128 0x13
 366 002f 00       		.byte	0x0
 367 0030 00       		.byte	0x0
 368 0031 04       		.uleb128 0x4
ARM GAS  /cygdrive/c/DOCUME~1/deforce/LOKALA~1/Temp/ccdiwHzq.s 			page 11


 369 0032 24       		.uleb128 0x24
 370 0033 00       		.byte	0x0
 371 0034 03       		.uleb128 0x3
 372 0035 0E       		.uleb128 0xe
 373 0036 0B       		.uleb128 0xb
 374 0037 0B       		.uleb128 0xb
 375 0038 3E       		.uleb128 0x3e
 376 0039 0B       		.uleb128 0xb
 377 003a 00       		.byte	0x0
 378 003b 00       		.byte	0x0
 379 003c 05       		.uleb128 0x5
 380 003d 2E       		.uleb128 0x2e
 381 003e 01       		.byte	0x1
 382 003f 01       		.uleb128 0x1
 383 0040 13       		.uleb128 0x13
 384 0041 3F       		.uleb128 0x3f
 385 0042 0C       		.uleb128 0xc
 386 0043 03       		.uleb128 0x3
 387 0044 0E       		.uleb128 0xe
 388 0045 3A       		.uleb128 0x3a
 389 0046 0B       		.uleb128 0xb
 390 0047 3B       		.uleb128 0x3b
 391 0048 0B       		.uleb128 0xb
 392 0049 27       		.uleb128 0x27
 393 004a 0C       		.uleb128 0xc
 394 004b 49       		.uleb128 0x49
 395 004c 13       		.uleb128 0x13
 396 004d 11       		.uleb128 0x11
 397 004e 01       		.uleb128 0x1
 398 004f 12       		.uleb128 0x12
 399 0050 01       		.uleb128 0x1
 400 0051 40       		.uleb128 0x40
 401 0052 06       		.uleb128 0x6
 402 0053 00       		.byte	0x0
 403 0054 00       		.byte	0x0
 404 0055 06       		.uleb128 0x6
 405 0056 34       		.uleb128 0x34
 406 0057 00       		.byte	0x0
 407 0058 03       		.uleb128 0x3
 408 0059 0E       		.uleb128 0xe
 409 005a 3A       		.uleb128 0x3a
 410 005b 0B       		.uleb128 0xb
 411 005c 3B       		.uleb128 0x3b
 412 005d 0B       		.uleb128 0xb
 413 005e 49       		.uleb128 0x49
 414 005f 13       		.uleb128 0x13
 415 0060 02       		.uleb128 0x2
 416 0061 0A       		.uleb128 0xa
 417 0062 00       		.byte	0x0
 418 0063 00       		.byte	0x0
 419 0064 07       		.uleb128 0x7
 420 0065 34       		.uleb128 0x34
 421 0066 00       		.byte	0x0
 422 0067 03       		.uleb128 0x3
 423 0068 0E       		.uleb128 0xe
 424 0069 3A       		.uleb128 0x3a
 425 006a 0B       		.uleb128 0xb
ARM GAS  /cygdrive/c/DOCUME~1/deforce/LOKALA~1/Temp/ccdiwHzq.s 			page 12


 426 006b 3B       		.uleb128 0x3b
 427 006c 0B       		.uleb128 0xb
 428 006d 49       		.uleb128 0x49
 429 006e 13       		.uleb128 0x13
 430 006f 00       		.byte	0x0
 431 0070 00       		.byte	0x0
 432 0071 08       		.uleb128 0x8
 433 0072 1D       		.uleb128 0x1d
 434 0073 01       		.byte	0x1
 435 0074 01       		.uleb128 0x1
 436 0075 13       		.uleb128 0x13
 437 0076 31       		.uleb128 0x31
 438 0077 13       		.uleb128 0x13
 439 0078 11       		.uleb128 0x11
 440 0079 01       		.uleb128 0x1
 441 007a 12       		.uleb128 0x12
 442 007b 01       		.uleb128 0x1
 443 007c 58       		.uleb128 0x58
 444 007d 0B       		.uleb128 0xb
 445 007e 59       		.uleb128 0x59
 446 007f 0B       		.uleb128 0xb
 447 0080 00       		.byte	0x0
 448 0081 00       		.byte	0x0
 449 0082 09       		.uleb128 0x9
 450 0083 05       		.uleb128 0x5
 451 0084 00       		.byte	0x0
 452 0085 31       		.uleb128 0x31
 453 0086 13       		.uleb128 0x13
 454 0087 00       		.byte	0x0
 455 0088 00       		.byte	0x0
 456 0089 0A       		.uleb128 0xa
 457 008a 1D       		.uleb128 0x1d
 458 008b 01       		.byte	0x1
 459 008c 01       		.uleb128 0x1
 460 008d 13       		.uleb128 0x13
 461 008e 31       		.uleb128 0x31
 462 008f 13       		.uleb128 0x13
 463 0090 55       		.uleb128 0x55
 464 0091 06       		.uleb128 0x6
 465 0092 58       		.uleb128 0x58
 466 0093 0B       		.uleb128 0xb
 467 0094 59       		.uleb128 0x59
 468 0095 0B       		.uleb128 0xb
 469 0096 00       		.byte	0x0
 470 0097 00       		.byte	0x0
 471 0098 0B       		.uleb128 0xb
 472 0099 1D       		.uleb128 0x1d
 473 009a 01       		.byte	0x1
 474 009b 31       		.uleb128 0x31
 475 009c 13       		.uleb128 0x13
 476 009d 55       		.uleb128 0x55
 477 009e 06       		.uleb128 0x6
 478 009f 58       		.uleb128 0x58
 479 00a0 0B       		.uleb128 0xb
 480 00a1 59       		.uleb128 0x59
 481 00a2 0B       		.uleb128 0xb
 482 00a3 00       		.byte	0x0
ARM GAS  /cygdrive/c/DOCUME~1/deforce/LOKALA~1/Temp/ccdiwHzq.s 			page 13


 483 00a4 00       		.byte	0x0
 484 00a5 0C       		.uleb128 0xc
 485 00a6 24       		.uleb128 0x24
 486 00a7 00       		.byte	0x0
 487 00a8 03       		.uleb128 0x3
 488 00a9 08       		.uleb128 0x8
 489 00aa 0B       		.uleb128 0xb
 490 00ab 0B       		.uleb128 0xb
 491 00ac 3E       		.uleb128 0x3e
 492 00ad 0B       		.uleb128 0xb
 493 00ae 00       		.byte	0x0
 494 00af 00       		.byte	0x0
 495 00b0 00       		.byte	0x0
 496              		.section	.debug_pubnames,"",%progbits
 497 0000 17000000 		.4byte	0x17
 498 0004 0200     		.2byte	0x2
 499 0006 00000000 		.4byte	.Ldebug_info0
 500 000a FB000000 		.4byte	0xfb
 501 000e 7E000000 		.4byte	0x7e
 502 0012 6D61696E 		.ascii	"main\000"
 502      00
 503 0017 00000000 		.4byte	0x0
 504              		.section	.debug_aranges,"",%progbits
 505 0000 1C000000 		.4byte	0x1c
 506 0004 0200     		.2byte	0x2
 507 0006 00000000 		.4byte	.Ldebug_info0
 508 000a 04       		.byte	0x4
 509 000b 00       		.byte	0x0
 510 000c 0000     		.2byte	0x0
 511 000e 0000     		.2byte	0x0
 512 0010 00000000 		.4byte	.Ltext0
 513 0014 BC000000 		.4byte	.Letext0-.Ltext0
 514 0018 00000000 		.4byte	0x0
 515 001c 00000000 		.4byte	0x0
 516              		.section	.debug_ranges,"",%progbits
 517              	.Ldebug_ranges0:
 518 0000 42000000 		.4byte	.LBB10-.Ltext0
 519 0004 52000000 		.4byte	.LBE10-.Ltext0
 520 0008 54000000 		.4byte	.LBB14-.Ltext0
 521 000c 5C000000 		.4byte	.LBE14-.Ltext0
 522 0010 00000000 		.4byte	0x0
 523 0014 00000000 		.4byte	0x0
 524 0018 52000000 		.4byte	.LBB12-.Ltext0
 525 001c 54000000 		.4byte	.LBE12-.Ltext0
 526 0020 5C000000 		.4byte	.LBB16-.Ltext0
 527 0024 82000000 		.4byte	.LBE16-.Ltext0
 528 0028 00000000 		.4byte	0x0
 529 002c 00000000 		.4byte	0x0
 530              		.section	.debug_str,"MS",%progbits,1
 531              	.LASF6:
 532 0000 756E7369 		.ascii	"unsigned int\000"
 532      676E6564 
 532      20696E74 
 532      00
 533              	.LASF1:
 534 000d 73657450 		.ascii	"setPwmDutyPercent\000"
 534      776D4475 
ARM GAS  /cygdrive/c/DOCUME~1/deforce/LOKALA~1/Temp/ccdiwHzq.s 			page 14


 534      74795065 
 534      7263656E 
 534      7400
 535              	.LASF4:
 536 001f 64656C61 		.ascii	"delayMs\000"
 536      794D7300 
 537              	.LASF5:
 538 0027 64656C61 		.ascii	"delayInMs\000"
 538      79496E4D 
 538      7300
 539              	.LASF7:
 540 0031 73686F72 		.ascii	"short unsigned int\000"
 540      7420756E 
 540      7369676E 
 540      65642069 
 540      6E7400
 541              	.LASF12:
 542 0044 2F637967 		.ascii	"/cygdrive/c/armprojects/projekt/pwm_duty\000"
 542      64726976 
 542      652F632F 
 542      61726D70 
 542      726F6A65 
 543              	.LASF10:
 544 006d 474E5520 		.ascii	"GNU C 4.1.1\000"
 544      4320342E 
 544      312E3100 
 545              	.LASF11:
 546 0079 6D61696E 		.ascii	"main.c\000"
 546      2E6300
 547              	.LASF9:
 548 0080 66726571 		.ascii	"freq\000"
 548      00
 549              	.LASF13:
 550 0085 6D61696E 		.ascii	"main\000"
 550      00
 551              	.LASF0:
 552 008a 696E6974 		.ascii	"initPwm\000"
 552      50776D00 
 553              	.LASF8:
 554 0092 64757479 		.ascii	"duty\000"
 554      00
 555              	.LASF3:
 556 0097 64757479 		.ascii	"dutyValue\000"
 556      56616C75 
 556      6500
 557              	.LASF2:
 558 00a1 696E6974 		.ascii	"initialFreqValue\000"
 558      69616C46 
 558      72657156 
 558      616C7565 
 558      00
 559              		.ident	"GCC: (GNU) 4.1.1"
ARM GAS  /cygdrive/c/DOCUME~1/deforce/LOKALA~1/Temp/ccdiwHzq.s 			page 15


DEFINED SYMBOLS
                            *ABS*:00000000 main.c
/cygdrive/c/DOCUME~1/deforce/LOKALA~1/Temp/ccdiwHzq.s:1      .text:00000000 $t
/cygdrive/c/DOCUME~1/deforce/LOKALA~1/Temp/ccdiwHzq.s:17     .text:00000000 main
/cygdrive/c/DOCUME~1/deforce/LOKALA~1/Temp/ccdiwHzq.s:141    .text:0000008c $d

UNDEFINED SYMBOLS
__udivsi3
