ARM GAS  /cygdrive/c/DOCUME~1/deforce/LOKALA~1/Temp/cc3JPN5D.s 			page 1


   1              		.code	16
   2              		.file	"main.c"
   3              		.section	.debug_abbrev,"",%progbits
   4              	.Ldebug_abbrev0:
   5              		.section	.debug_info,"",%progbits
   6              	.Ldebug_info0:
   7              		.section	.debug_line,"",%progbits
   8              	.Ldebug_line0:
   9 0000 C7000000 		.text
   9      02006200 
   9      00000201 
   9      FB0E0D00 
   9      01010101 
  10              	.Ltext0:
  11              		.global	delayshort
  12              		.section	.rodata
  13              		.align	2
  14              		.type	delayshort, %object
  15              		.size	delayshort, 4
  16              	delayshort:
  17 0000 B0040000 		.word	1200
  18              		.global	delaylong
  19              		.align	2
  20              		.type	delaylong, %object
  21              		.size	delaylong, 4
  22              	delaylong:
  23 0004 62C00000 		.word	49250
  24              		.global	freq
  25              		.align	2
  26              		.type	freq, %object
  27              		.size	freq, 4
  28              	freq:
  29 0008 60EA0000 		.word	60000
  30              		.text
  31              		.align	2
  32              		.code 16
  33              		.thumb_func
  34              		.type	initPwm, %function
  35              	initPwm:
  36              	.LFB2:
  37              		.file 1 "main.c"
   1:main.c        **** /******************************************************************************
   2:main.c        ****  *
   3:main.c        ****  * Bas för Project12
   4:main.c        ****  *
   5:main.c        ****  * RTOS kompilerat för max 10 processer, 5 prioritetsnivåer
   6:main.c        ****  * link_32k_512k_rom.ld ändrad så att ramadressen börjar på 0x40000200
   7:main.c        ****  * Newlib används inte
   8:main.c        ****  *
   9:main.c        ****  * Alla ändringar när det gäller processortyp mm är gjorda.
  10:main.c        ****  * Även förberett för on chip debugging.
  11:main.c        ****  *
  12:main.c        ****  * Projektet visar hur man kan ha processerna i olika filer, vilket är bra
  13:main.c        ****  * när man är många som jobbar med samma projekt.
  14:main.c        ****  * Namnen på källkodsfilerna måste anges i den yttre makefilen
  15:main.c        ****  *
  16:main.c        ****  * Pga av problem med BF_wait för vissa kort används i stället delay()i exemplen.
ARM GAS  /cygdrive/c/DOCUME~1/deforce/LOKALA~1/Temp/cc3JPN5D.s 			page 2


  17:main.c        ****  *
  18:main.c        ****  * I projektet visas även hur man hanterar avbrott. Exemplet samplar en analog signal
  19:main.c        ****  * 8000 gånger/sekund och lägger sen ut värdena på DA-omvandlaren
  20:main.c        ****  *
  21:main.c        ****  * Tommy 121108
  22:main.c        ****  *
  23:main.c        ****  *****************************************************************************/
  24:main.c        **** 
  25:main.c        **** // QUESTION: how many ms is a tick (RTOS)?
  26:main.c        **** 
  27:main.c        **** #include "pre_emptive_os/api/osapi.h"
  28:main.c        **** #include "general.h"
  29:main.c        **** #include "startup/lpc2xxx.h"
  30:main.c        **** #include "startup/printf_P.h"
  31:main.c        **** #include "startup/ea_init.h"
  32:main.c        **** #include "startup/consol.h"
  33:main.c        **** #include "startup/config.h"
  34:main.c        **** #include "startup/framework.h"
  35:main.c        **** 
  36:main.c        **** #include "LCD/LCD.h"  //  Funktionsprototyper för LCD-rutinerna
  37:main.c        **** 
  38:main.c        **** // Dessa definitioner används av en del av EA's rutiner
  39:main.c        **** #define CRYSTAL_FREQUENCY FOSC
  40:main.c        **** #define PLL_FACTOR        PLL_MUL
  41:main.c        **** #define VPBDIV_FACTOR     PBSD
  42:main.c        **** 
  43:main.c        **** 
  44:main.c        **** // Stackstorlekar för processerna. Kan behöva justeras. Se beskrivning av procStackUsage nedan
  45:main.c        **** #define PROC_Ex1_STACK_SIZE 1024
  46:main.c        **** #define PROC_Ex2_STACK_SIZE 1024
  47:main.c        **** #define PROC_Ex3_STACK_SIZE 1024
  48:main.c        **** 
  49:main.c        **** #define INIT_STACK_SIZE  1024
  50:main.c        **** #define PROC_ST_US_STACK_SIZE  1024
  51:main.c        **** 
  52:main.c        **** 
  53:main.c        **** static tU8 procEx1Stack[PROC_Ex1_STACK_SIZE];
  54:main.c        **** static tU8 procEx2Stack[PROC_Ex2_STACK_SIZE];
  55:main.c        **** static tU8 procEx3Stack[PROC_Ex3_STACK_SIZE];
  56:main.c        **** 
  57:main.c        **** static tU8 initStack[INIT_STACK_SIZE];
  58:main.c        **** static tU8 procStUsStack[PROC_ST_US_STACK_SIZE];
  59:main.c        **** 
  60:main.c        **** static tU8 pidEx1;
  61:main.c        **** static tU8 pidEx2;
  62:main.c        **** static tU8 pidEx3;
  63:main.c        **** 
  64:main.c        **** static tU8 pidStUs;
  65:main.c        **** 
  66:main.c        **** 
  67:main.c        **** /*****************************************************************************
  68:main.c        ****  * Function prototypes
  69:main.c        ****  ****************************************************************************/
  70:main.c        **** void procEx1(void* arg);
  71:main.c        **** void procEx2(void* arg);
  72:main.c        **** void procEx3(void* arg);
  73:main.c        **** 
ARM GAS  /cygdrive/c/DOCUME~1/deforce/LOKALA~1/Temp/cc3JPN5D.s 			page 3


  74:main.c        **** int main(void);
  75:main.c        **** 
  76:main.c        **** static void initProc(void* arg);
  77:main.c        **** static void procStackUsage(void* arg);
  78:main.c        **** 
  79:main.c        **** static void initPwm(tU32 initialFreqValue);
  80:main.c        **** 
  81:main.c        **** 
  82:main.c        **** //Exempel på avbrott (ljudsampling)
  83:main.c        **** void Timer1ISRirq (void);  // skall inte ha något attribut när RTOS används
  84:main.c        **** /****************************************************************************/
  85:main.c        **** 
  86:main.c        **** 
  87:main.c        **** 
  88:main.c        **** /****************************************************************************
  89:main.c        ****  *
  90:main.c        ****  * Globala konstanter och variabler
  91:main.c        ****  *
  92:main.c        ****  ****************************************************************************/
  93:main.c        **** 
  94:main.c        **** long const delayshort = 1200;
  95:main.c        **** long const delaylong = 49250;
  96:main.c        **** 
  97:main.c        **** // TODO: temporary global variables, make local later..
  98:main.c        **** tU32 duty;
  99:main.c        **** //set frequency to 1000 Hz (1 kHz)
 100:main.c        **** tU32 const freq = ((CRYSTAL_FREQUENCY * PLL_FACTOR)/ (VPBDIV_FACTOR * 1000));
 101:main.c        **** 
 102:main.c        **** 
 103:main.c        **** 
 104:main.c        **** /****************************************************************************
 105:main.c        ****  *
 106:main.c        ****  * Semaforer för att skydda gemensamma resurser
 107:main.c        ****  * Används här som binära semaforer dvs antar bara värden 0 och 1 (mutex)
 108:main.c        ****  *
 109:main.c        ****  ****************************************************************************/
 110:main.c        **** 
 111:main.c        **** tCntSem mutexLCD;
 112:main.c        **** 
 113:main.c        **** 
 114:main.c        **** 
 115:main.c        **** /*****************************************************************************
 116:main.c        ****  *
 117:main.c        ****  * Description:
 118:main.c        ****  *    Initialize the PWM unit to generate a variable duty cycle signal on
 119:main.c        ****  *    PWM2. Connect signal PWM2 to pin P0.7.
 120:main.c        ****  *    The function sets initial frequency. Initial duty cucle is set to 0%.
 121:main.c        ****  *
 122:main.c        ****  * Params:
 123:main.c        ****  *    [in] initialFreqValue - the initial frequency value. Value calculated as:
 124:main.c        ****  *
 125:main.c        ****  *                     (crystal frequency * PLL multiplication factor)
 126:main.c        ****  *                     -----------------------------------------------
 127:main.c        ****  *                           (VPBDIV factor * desired frequency)
 128:main.c        ****  *
 129:main.c        ****  ****************************************************************************/
 130:main.c        **** static void
ARM GAS  /cygdrive/c/DOCUME~1/deforce/LOKALA~1/Temp/cc3JPN5D.s 			page 4


 131:main.c        **** initPwm(tU32 initialFreqValue)
 132:main.c        **** {
  38              		.loc 1 132 0
  39 0000 80B5     		push	{r7, lr}
  40              	.LCFI0:
  41 0002 81B0     		sub	sp, sp, #4
  42              	.LCFI1:
  43 0004 00AF     		add	r7, sp, #0
  44              	.LCFI2:
  45 0006 3B1C     		mov	r3, r7
  46 0008 1860     		str	r0, [r3]
 133:main.c        ****   /*
 134:main.c        ****    * initialize PWM
 135:main.c        ****    */
 136:main.c        ****   PWM_PR  = 0x00000000;             //set prescale to 0
  47              		.loc 1 136 0
  48 000a 144A     		ldr	r2, .L3
  49 000c 0023     		mov	r3, #0
  50 000e 1360     		str	r3, [r2]
 137:main.c        ****   PWM_MCR = 0x0002;                 //counter resets on MR0 match (period time)
  51              		.loc 1 137 0
  52 0010 134A     		ldr	r2, .L3+4
  53 0012 0223     		mov	r3, #2
  54 0014 1360     		str	r3, [r2]
 138:main.c        ****   PWM_MR0 = initialFreqValue;       //MR0 = period cycle time
  55              		.loc 1 138 0
  56 0016 134A     		ldr	r2, .L3+8
  57 0018 3B1C     		mov	r3, r7
  58 001a 1B68     		ldr	r3, [r3]
  59 001c 1360     		str	r3, [r2]
 139:main.c        ****   PWM_MR2 = 0;                      //MR2 = duty cycle control, initial = 0%
  60              		.loc 1 139 0
  61 001e 124A     		ldr	r2, .L3+12
  62 0020 0023     		mov	r3, #0
  63 0022 1360     		str	r3, [r2]
 140:main.c        ****   PWM_LER = 0x05;                   //latch new values for MR0 and MR2
  64              		.loc 1 140 0
  65 0024 114A     		ldr	r2, .L3+16
  66 0026 0523     		mov	r3, #5
  67 0028 1360     		str	r3, [r2]
 141:main.c        ****   PWM_PCR = 0x0400;                 //enable PWM2 in single edge control mode
  68              		.loc 1 141 0
  69 002a 114A     		ldr	r2, .L3+20
  70 002c 8023     		mov	r3, #128
  71 002e DB00     		lsl	r3, r3, #3
  72 0030 1360     		str	r3, [r2]
 142:main.c        ****   PWM_TCR = 0x09;                   //enable PWM and Counter
  73              		.loc 1 142 0
  74 0032 104A     		ldr	r2, .L3+24
  75 0034 0923     		mov	r3, #9
  76 0036 1360     		str	r3, [r2]
 143:main.c        **** 
 144:main.c        ****   /*
 145:main.c        ****    * connect signal PWM2 to pin P0.7
 146:main.c        ****    */
 147:main.c        ****   PINSEL0 &= ~0x0000c000;  //clear bits related to P0.7
  77              		.loc 1 147 0
ARM GAS  /cygdrive/c/DOCUME~1/deforce/LOKALA~1/Temp/cc3JPN5D.s 			page 5


  78 0038 0F49     		ldr	r1, .L3+28
  79 003a 0F4B     		ldr	r3, .L3+28
  80 003c 1A68     		ldr	r2, [r3]
  81 003e 0F4B     		ldr	r3, .L3+32
  82 0040 1340     		and	r3, r3, r2
  83 0042 0B60     		str	r3, [r1]
 148:main.c        ****   PINSEL0 |=  0x00008000;  //connect signal PWM2 to P0.7 (second alternative function)
  84              		.loc 1 148 0
  85 0044 0C49     		ldr	r1, .L3+28
  86 0046 0C4B     		ldr	r3, .L3+28
  87 0048 1A68     		ldr	r2, [r3]
  88 004a 8023     		mov	r3, #128
  89 004c 1B02     		lsl	r3, r3, #8
  90 004e 1343     		orr	r3, r3, r2
  91 0050 0B60     		str	r3, [r1]
 149:main.c        **** }
  92              		.loc 1 149 0
  93 0052 BD46     		mov	sp, r7
  94 0054 01B0     		add	sp, sp, #4
  95              		@ sp needed for prologue
  96 0056 80BC     		pop	{r7}
  97 0058 01BC     		pop	{r0}
  98 005a 0047     		bx	r0
  99              	.L4:
 100              		.align	2
 101              	.L3:
 102 005c 0C4001E0 		.word	-536788980
 103 0060 144001E0 		.word	-536788972
 104 0064 184001E0 		.word	-536788968
 105 0068 204001E0 		.word	-536788960
 106 006c 504001E0 		.word	-536788912
 107 0070 4C4001E0 		.word	-536788916
 108 0074 044001E0 		.word	-536788988
 109 0078 00C002E0 		.word	-536690688
 110 007c FF3FFFFF 		.word	-49153
 111              	.LFE2:
 112              		.size	initPwm, .-initPwm
 113              		.align	2
 114              		.global	main
 115              		.code 16
 116              		.thumb_func
 117              		.type	main, %function
 118              	main:
 119              	.LFB3:
 150:main.c        **** 
 151:main.c        **** 
 152:main.c        **** /*****************************************************************************
 153:main.c        ****  *
 154:main.c        ****  * Main
 155:main.c        ****  *
 156:main.c        ****  ****************************************************************************/
 157:main.c        **** int
 158:main.c        **** main(void)
 159:main.c        **** {
 120              		.loc 1 159 0
 121 0080 B0B5     		push	{r4, r5, r7, lr}
 122              	.LCFI3:
ARM GAS  /cygdrive/c/DOCUME~1/deforce/LOKALA~1/Temp/cc3JPN5D.s 			page 6


 123 0082 84B0     		sub	sp, sp, #16
 124              	.LCFI4:
 125 0084 03AF     		add	r7, sp, #12
 126              	.LCFI5:
 160:main.c        ****   tU8 error;
 161:main.c        ****   tU8 pid;
 162:main.c        **** 
 163:main.c        ****   osInit();
 127              		.loc 1 163 0
 128 0086 FFF7FEFF 		bl	osInit
 164:main.c        **** 
 165:main.c        ****   init_LCD();
 129              		.loc 1 165 0
 130 008a FFF7FEFF 		bl	init_LCD
 166:main.c        ****   delay(delaylong);
 131              		.loc 1 166 0
 132 008e 194B     		ldr	r3, .L7
 133 0090 1B68     		ldr	r3, [r3]
 134 0092 181C     		mov	r0, r3
 135 0094 FFF7FEFF 		bl	delay
 167:main.c        ****   send_instruction(0xC);  //släck cursorn
 136              		.loc 1 167 0
 137 0098 0C20     		mov	r0, #12
 138 009a FFF7FEFF 		bl	send_instruction
 168:main.c        **** 
 169:main.c        ****   // init PWM variables
 170:main.c        ****   initPwmVars();
 139              		.loc 1 170 0
 140 009e FFF7FEFF 		bl	initPwmVars
 171:main.c        **** 
 172:main.c        ****   //initialize PWM unit
 173:main.c        ****   initPwm(freq);
 141              		.loc 1 173 0
 142 00a2 154B     		ldr	r3, .L7+4
 143 00a4 1B68     		ldr	r3, [r3]
 144 00a6 181C     		mov	r0, r3
 145 00a8 FFF7AAFF 		bl	initPwm
 174:main.c        **** 
 175:main.c        ****  // Här kan diverse initeringar läggas
 176:main.c        ****  // Alternativt gör detta i initieringprocessen
 177:main.c        ****  // Lägg märke till att avbrott inte bör enablas för än när alla processer startats
 178:main.c        **** 
 179:main.c        **** //  osInit();
 180:main.c        **** 
 181:main.c        ****   osCreateProcess(initProc, initStack, INIT_STACK_SIZE, &pid, 1, NULL, &error);
 146              		.loc 1 181 0
 147 00ac 1349     		ldr	r1, .L7+8
 148 00ae 144C     		ldr	r4, .L7+12
 149 00b0 8022     		mov	r2, #128
 150 00b2 D200     		lsl	r2, r2, #3
 151 00b4 BD1C     		add	r5, r7, #2
 152 00b6 0123     		mov	r3, #1
 153 00b8 0093     		str	r3, [sp]
 154 00ba EC46     		mov	ip, sp
 155 00bc 0023     		mov	r3, #0
 156 00be 6046     		mov	r0, ip
 157 00c0 4360     		str	r3, [r0, #4]
ARM GAS  /cygdrive/c/DOCUME~1/deforce/LOKALA~1/Temp/cc3JPN5D.s 			page 7


 158 00c2 FB1C     		add	r3, r7, #3
 159 00c4 EC46     		mov	ip, sp
 160 00c6 6046     		mov	r0, ip
 161 00c8 8360     		str	r3, [r0, #8]
 162 00ca 081C     		mov	r0, r1
 163 00cc 211C     		mov	r1, r4
 164 00ce 2B1C     		mov	r3, r5
 165 00d0 FFF7FEFF 		bl	osCreateProcess
 182:main.c        ****   osStartProcess(pid, &error);
 166              		.loc 1 182 0
 167 00d4 BB1C     		add	r3, r7, #2
 168 00d6 1B78     		ldrb	r3, [r3]
 169 00d8 FA1C     		add	r2, r7, #3
 170 00da 181C     		mov	r0, r3
 171 00dc 111C     		mov	r1, r2
 172 00de FFF7FEFF 		bl	osStartProcess
 183:main.c        **** 
 184:main.c        ****   osStart();
 173              		.loc 1 184 0
 174 00e2 FFF7FEFF 		bl	osStart
 185:main.c        ****   return 0;
 175              		.loc 1 185 0
 176 00e6 0023     		mov	r3, #0
 186:main.c        **** }
 177              		.loc 1 186 0
 178 00e8 181C     		mov	r0, r3
 179 00ea BD46     		mov	sp, r7
 180 00ec 01B0     		add	sp, sp, #4
 181              		@ sp needed for prologue
 182 00ee B0BC     		pop	{r4, r5, r7}
 183 00f0 02BC     		pop	{r1}
 184 00f2 0847     		bx	r1
 185              	.L8:
 186              		.align	2
 187              	.L7:
 188 00f4 00000000 		.word	delaylong
 189 00f8 00000000 		.word	freq
 190 00fc 00000000 		.word	initProc
 191 0100 000C0000 		.word	initStack
 192              	.LFE3:
 193              		.size	main, .-main
 194              		.align	2
 195              		.global	initPwmVars
 196              		.code 16
 197              		.thumb_func
 198              		.type	initPwmVars, %function
 199              	initPwmVars:
 200              	.LFB4:
 187:main.c        **** 
 188:main.c        **** void initPwmVars(void) {
 201              		.loc 1 188 0
 202 0104 80B5     		push	{r7, lr}
 203              	.LCFI6:
 204 0106 02AF     		add	r7, sp, #8
 205              	.LCFI7:
 189:main.c        **** 
 190:main.c        **** 	  // REMARK: make other inits here (or remove this method)
ARM GAS  /cygdrive/c/DOCUME~1/deforce/LOKALA~1/Temp/cc3JPN5D.s 			page 8


 191:main.c        **** }
 206              		.loc 1 191 0
 207 0108 BD46     		mov	sp, r7
 208 010a 82B0     		sub	sp, sp, #8
 209              		@ sp needed for prologue
 210 010c 80BC     		pop	{r7}
 211 010e 01BC     		pop	{r0}
 212 0110 0047     		bx	r0
 213              	.LFE4:
 214              		.size	initPwmVars, .-initPwmVars
 215 0112 0000     		.align	2
 216              		.code 16
 217              		.thumb_func
 218              		.type	procStackUsage, %function
 219              	procStackUsage:
 220              	.LFB5:
 192:main.c        **** 
 193:main.c        **** 
 194:main.c        **** 
 195:main.c        **** 
 196:main.c        **** 
 197:main.c        **** /*****************************************************************************
 198:main.c        ****  *
 199:main.c        ****  *  Denna process kan användas för att kolla hur mycket stort utrymme
 200:main.c        ****  *  som stacken använder
 201:main.c        ****  *  Ta bort kommateringen av printf-raden och sätt in rätt pid för processen som
 202:main.c        ****  *  skall kollas
 203:main.c        ****  *
 204:main.c        ****  ****************************************************************************/
 205:main.c        **** static void
 206:main.c        **** procStackUsage(void* arg)
 207:main.c        **** {
 221              		.loc 1 207 0
 222 0114 80B5     		push	{r7, lr}
 223              	.LCFI8:
 224 0116 81B0     		sub	sp, sp, #4
 225              	.LCFI9:
 226 0118 00AF     		add	r7, sp, #0
 227              	.LCFI10:
 228 011a 3B1C     		mov	r3, r7
 229 011c 1860     		str	r0, [r3]
 230              	.L12:
 208:main.c        ****   for(;;)
 209:main.c        ****   {
 210:main.c        ****     osSleep(5500);
 231              		.loc 1 210 0
 232 011e 024B     		ldr	r3, .L14
 233 0120 181C     		mov	r0, r3
 234 0122 FFF7FEFF 		bl	osSleep
 211:main.c        **** //    printf("Stack usage: %d %%\n", osStackUsage(pidEx1));
 212:main.c        ****   }
 235              		.loc 1 212 0
 236 0126 FAE7     		b	.L12
 237              	.L15:
 238              		.align	2
 239              	.L14:
 240 0128 7C150000 		.word	5500
ARM GAS  /cygdrive/c/DOCUME~1/deforce/LOKALA~1/Temp/cc3JPN5D.s 			page 9


 241              	.LFE5:
 242              		.size	procStackUsage, .-procStackUsage
 243              		.section	.rodata
 244              		.align	2
 245              	.LC4:
 246 000c 52544F53 		.ascii	"RTOS startar \012\000"
 246      20737461 
 246      72746172 
 246      200A00
 247 001b 00       		.text
 248              		.align	2
 249              		.code 16
 250              		.thumb_func
 251              		.type	initProc, %function
 252              	initProc:
 253              	.LFB6:
 213:main.c        **** }
 214:main.c        **** /*****************************************************************************
 215:main.c        ****  *
 216:main.c        ****  * Initieringprocessen som startar upp de andra processerna
 217:main.c        ****  * Här är lämpligt att tex initiera avbrott. Initeringar kan alternativt läggas i main()
 218:main.c        ****  * Men enabla inte avbrotten förrän på slutet av denna process
 219:main.c        ****  * när alla andra processerna startat
 220:main.c        ****  *
 221:main.c        ****  * Som exempel visas avbrottet för att sampla ljud
 222:main.c        ****  *
 223:main.c        ****  ****************************************************************************/
 224:main.c        **** static void
 225:main.c        **** initProc(void* arg)
 226:main.c        **** {
 254              		.loc 1 226 0
 255 012c B0B5     		push	{r4, r5, r7, lr}
 256              	.LCFI11:
 257 012e 85B0     		sub	sp, sp, #20
 258              	.LCFI12:
 259 0130 03AF     		add	r7, sp, #12
 260              	.LCFI13:
 261 0132 3B1C     		mov	r3, r7
 262 0134 1860     		str	r0, [r3]
 227:main.c        ****   tU8 error;
 228:main.c        **** 
 229:main.c        ****   eaInit();
 263              		.loc 1 229 0
 264 0136 FFF7FEFF 		bl	eaInit
 230:main.c        **** 
 231:main.c        ****   printf("RTOS startar \n");
 265              		.loc 1 231 0
 266 013a 584B     		ldr	r3, .L21
 267 013c 181C     		mov	r0, r3
 268 013e FFF7FEFF 		bl	simplePrintf
 232:main.c        **** 
 233:main.c        ****  // Initiering av semaforerna. Alla ges värdet 1 från början
 234:main.c        ****   osSemInit(&mutexLCD, 1);
 269              		.loc 1 234 0
 270 0142 574B     		ldr	r3, .L21+4
 271 0144 181C     		mov	r0, r3
 272 0146 0121     		mov	r1, #1
ARM GAS  /cygdrive/c/DOCUME~1/deforce/LOKALA~1/Temp/cc3JPN5D.s 			page 10


 273 0148 FFF7FEFF 		bl	osSemInit
 235:main.c        **** 
 236:main.c        **** 
 237:main.c        ****   osCreateProcess(procEx1, procEx1Stack, PROC_Ex1_STACK_SIZE, &pidEx1, 3, NULL, &error);
 274              		.loc 1 237 0
 275 014c 5549     		ldr	r1, .L21+8
 276 014e 564C     		ldr	r4, .L21+12
 277 0150 8022     		mov	r2, #128
 278 0152 D200     		lsl	r2, r2, #3
 279 0154 554D     		ldr	r5, .L21+16
 280 0156 0323     		mov	r3, #3
 281 0158 0093     		str	r3, [sp]
 282 015a EC46     		mov	ip, sp
 283 015c 0023     		mov	r3, #0
 284 015e 6046     		mov	r0, ip
 285 0160 4360     		str	r3, [r0, #4]
 286 0162 FB1D     		add	r3, r7, #7
 287 0164 EC46     		mov	ip, sp
 288 0166 6046     		mov	r0, ip
 289 0168 8360     		str	r3, [r0, #8]
 290 016a 081C     		mov	r0, r1
 291 016c 211C     		mov	r1, r4
 292 016e 2B1C     		mov	r3, r5
 293 0170 FFF7FEFF 		bl	osCreateProcess
 238:main.c        ****   osStartProcess(pidEx1, &error);
 294              		.loc 1 238 0
 295 0174 4D4B     		ldr	r3, .L21+16
 296 0176 1B78     		ldrb	r3, [r3]
 297 0178 FA1D     		add	r2, r7, #7
 298 017a 181C     		mov	r0, r3
 299 017c 111C     		mov	r1, r2
 300 017e FFF7FEFF 		bl	osStartProcess
 239:main.c        **** 
 240:main.c        ****   osCreateProcess(procEx2, procEx2Stack, PROC_Ex2_STACK_SIZE, &pidEx2, 3, NULL, &error);
 301              		.loc 1 240 0
 302 0182 4B49     		ldr	r1, .L21+20
 303 0184 4B4C     		ldr	r4, .L21+24
 304 0186 8022     		mov	r2, #128
 305 0188 D200     		lsl	r2, r2, #3
 306 018a 4B4D     		ldr	r5, .L21+28
 307 018c 0323     		mov	r3, #3
 308 018e 0093     		str	r3, [sp]
 309 0190 EC46     		mov	ip, sp
 310 0192 0023     		mov	r3, #0
 311 0194 6046     		mov	r0, ip
 312 0196 4360     		str	r3, [r0, #4]
 313 0198 FB1D     		add	r3, r7, #7
 314 019a EC46     		mov	ip, sp
 315 019c 6046     		mov	r0, ip
 316 019e 8360     		str	r3, [r0, #8]
 317 01a0 081C     		mov	r0, r1
 318 01a2 211C     		mov	r1, r4
 319 01a4 2B1C     		mov	r3, r5
 320 01a6 FFF7FEFF 		bl	osCreateProcess
 241:main.c        ****   osStartProcess(pidEx2, &error);
 321              		.loc 1 241 0
 322 01aa 434B     		ldr	r3, .L21+28
ARM GAS  /cygdrive/c/DOCUME~1/deforce/LOKALA~1/Temp/cc3JPN5D.s 			page 11


 323 01ac 1B78     		ldrb	r3, [r3]
 324 01ae FA1D     		add	r2, r7, #7
 325 01b0 181C     		mov	r0, r3
 326 01b2 111C     		mov	r1, r2
 327 01b4 FFF7FEFF 		bl	osStartProcess
 242:main.c        **** 
 243:main.c        ****   osCreateProcess(procEx3, procEx3Stack, PROC_Ex3_STACK_SIZE, &pidEx3, 3, NULL, &error);
 328              		.loc 1 243 0
 329 01b8 4049     		ldr	r1, .L21+32
 330 01ba 414C     		ldr	r4, .L21+36
 331 01bc 8022     		mov	r2, #128
 332 01be D200     		lsl	r2, r2, #3
 333 01c0 404D     		ldr	r5, .L21+40
 334 01c2 0323     		mov	r3, #3
 335 01c4 0093     		str	r3, [sp]
 336 01c6 EC46     		mov	ip, sp
 337 01c8 0023     		mov	r3, #0
 338 01ca 6046     		mov	r0, ip
 339 01cc 4360     		str	r3, [r0, #4]
 340 01ce FB1D     		add	r3, r7, #7
 341 01d0 EC46     		mov	ip, sp
 342 01d2 6046     		mov	r0, ip
 343 01d4 8360     		str	r3, [r0, #8]
 344 01d6 081C     		mov	r0, r1
 345 01d8 211C     		mov	r1, r4
 346 01da 2B1C     		mov	r3, r5
 347 01dc FFF7FEFF 		bl	osCreateProcess
 244:main.c        ****   osStartProcess(pidEx3, &error);
 348              		.loc 1 244 0
 349 01e0 384B     		ldr	r3, .L21+40
 350 01e2 1B78     		ldrb	r3, [r3]
 351 01e4 FA1D     		add	r2, r7, #7
 352 01e6 181C     		mov	r0, r3
 353 01e8 111C     		mov	r1, r2
 354 01ea FFF7FEFF 		bl	osStartProcess
 245:main.c        **** 
 246:main.c        **** 
 247:main.c        ****   osCreateProcess(procStackUsage, procStUsStack, PROC_ST_US_STACK_SIZE, &pidStUs, 4, NULL, &error);
 355              		.loc 1 247 0
 356 01ee 3649     		ldr	r1, .L21+44
 357 01f0 364C     		ldr	r4, .L21+48
 358 01f2 8022     		mov	r2, #128
 359 01f4 D200     		lsl	r2, r2, #3
 360 01f6 364D     		ldr	r5, .L21+52
 361 01f8 0423     		mov	r3, #4
 362 01fa 0093     		str	r3, [sp]
 363 01fc EC46     		mov	ip, sp
 364 01fe 0023     		mov	r3, #0
 365 0200 6046     		mov	r0, ip
 366 0202 4360     		str	r3, [r0, #4]
 367 0204 FB1D     		add	r3, r7, #7
 368 0206 EC46     		mov	ip, sp
 369 0208 6046     		mov	r0, ip
 370 020a 8360     		str	r3, [r0, #8]
 371 020c 081C     		mov	r0, r1
 372 020e 211C     		mov	r1, r4
 373 0210 2B1C     		mov	r3, r5
ARM GAS  /cygdrive/c/DOCUME~1/deforce/LOKALA~1/Temp/cc3JPN5D.s 			page 12


 374 0212 FFF7FEFF 		bl	osCreateProcess
 248:main.c        ****   osStartProcess(pidStUs, &error);
 375              		.loc 1 248 0
 376 0216 2E4B     		ldr	r3, .L21+52
 377 0218 1B78     		ldrb	r3, [r3]
 378 021a FA1D     		add	r2, r7, #7
 379 021c 181C     		mov	r0, r3
 380 021e 111C     		mov	r1, r2
 381 0220 FFF7FEFF 		bl	osStartProcess
 249:main.c        **** 
 250:main.c        **** 
 251:main.c        **** 
 252:main.c        **** 
 253:main.c        ****  /****************************************************************************************
 254:main.c        ****   * Detta är ett exempel på avbrottshantering
 255:main.c        ****   * Kod för initiering av AD och DA-omvandlare och Timer 1 som skall ge avbrott (8 KHz)
 256:main.c        ****   */
 257:main.c        **** 
 258:main.c        ****   //set AIN1 = P0.28
 259:main.c        ****   PINSEL1 |= 0x01080000;
 382              		.loc 1 259 0
 383 0224 2B49     		ldr	r1, .L21+56
 384 0226 2B4B     		ldr	r3, .L21+56
 385 0228 1A68     		ldr	r2, [r3]
 386 022a 8423     		mov	r3, #132
 387 022c 5B04     		lsl	r3, r3, #17
 388 022e 1343     		orr	r3, r3, r2
 389 0230 0B60     		str	r3, [r1]
 260:main.c        **** 
 261:main.c        ****  //initialize ADC (fel i beräkningen av divisionsfaktorn i EA-kod, rättat här)
 262:main.c        ****    ADCR = (1 << 0)                             |  //SEL = 1, dummy channel #1
 390              		.loc 1 262 0
 391 0232 294A     		ldr	r2, .L21+60
 392 0234 294B     		ldr	r3, .L21+64
 393 0236 1360     		str	r3, [r2]
 263:main.c        ****           ((CRYSTAL_FREQUENCY *
 264:main.c        ****             PLL_FACTOR /
 265:main.c        ****             VPBDIV_FACTOR) / 4500000) << 8 |  //set clock division factor, so ADC clock is 4.5MHz
 266:main.c        ****           (0 << 16)                            |  //BURST = 0, conversions are SW controlled
 267:main.c        ****           (0 << 17)                            |  //CLKS  = 0, 11 clocks = 10-bit result
 268:main.c        ****           (1 << 21)                            |  //PDN   = 1, ADC is active
 269:main.c        ****           (1 << 24)                            |  //START = 1, start a conversion now
 270:main.c        ****           (0 << 27);							                 //EDGE  = 0, not relevant when start=1
 271:main.c        **** 
 272:main.c        ****    while((ADDR & 0x80000000) == 0)
 394              		.loc 1 272 0
 395 0238 02E0     		b	.L17
 396              	.L18:
 273:main.c        **** 
 274:main.c        **** 
 275:main.c        **** 
 276:main.c        ****  // Initiera timer 1 (som skall sköta avbrottet)
 277:main.c        **** 
 278:main.c        ****   TIMER1_TCR = 0x02;          //stop and reset timer
 397              		.loc 1 278 0
 398 023a 294A     		ldr	r2, .L21+68
 399 023c 0223     		mov	r3, #2
ARM GAS  /cygdrive/c/DOCUME~1/deforce/LOKALA~1/Temp/cc3JPN5D.s 			page 13


 400 023e 1360     		str	r3, [r2]
 401              	.L17:
 402              		.loc 1 272 0
 403 0240 284B     		ldr	r3, .L21+72
 404 0242 1B68     		ldr	r3, [r3]
 405 0244 002B     		cmp	r3, #0
 406 0246 F8DA     		bge	.L18
 279:main.c        ****   TIMER1_PR  = 0x00;          //set prescaler to zero
 407              		.loc 1 279 0
 408 0248 274A     		ldr	r2, .L21+76
 409 024a 0023     		mov	r3, #0
 410 024c 1360     		str	r3, [r2]
 280:main.c        ****   TIMER1_MCR = 0x03;		  //ställ up matchregister 0 för avbrott och reset av timer 0
 411              		.loc 1 280 0
 412 024e 274A     		ldr	r2, .L21+80
 413 0250 0323     		mov	r3, #3
 414 0252 1360     		str	r3, [r2]
 281:main.c        ****   TIMER1_MR0 = 7500;		  //Detta värde avgör sampletiden, här 0.125 ms  (8000 Hz)
 415              		.loc 1 281 0
 416 0254 264A     		ldr	r2, .L21+84
 417 0256 274B     		ldr	r3, .L21+88
 418 0258 1360     		str	r3, [r2]
 282:main.c        ****   TIMER1_IR  = 0xff;          //reset all interrrupt flags
 419              		.loc 1 282 0
 420 025a 274A     		ldr	r2, .L21+92
 421 025c FF23     		mov	r3, #255
 422 025e 1360     		str	r3, [r2]
 283:main.c        ****   TIMER1_TCR = 0x01;          //start timer
 423              		.loc 1 283 0
 424 0260 1F4A     		ldr	r2, .L21+68
 425 0262 0123     		mov	r3, #1
 426 0264 1360     		str	r3, [r2]
 284:main.c        **** 
 285:main.c        **** 
 286:main.c        ****   //Initiera avbrott vid match på MR0
 287:main.c        ****   // Numret på VICVectCntl och VICVectAddr bestämmer prioriteten
 288:main.c        **** 
 289:main.c        ****   VICIntSelect&=~0x000000020;		//IRQ, inte FIQ-avbrott
 427              		.loc 1 289 0
 428 0266 2549     		ldr	r1, .L21+96
 429 0268 244B     		ldr	r3, .L21+96
 430 026a 1A68     		ldr	r2, [r3]
 431 026c 2023     		mov	r3, #32
 432 026e 101C     		mov	r0, r2
 433 0270 9843     		bic	r0, r0, r3
 434 0272 031C     		mov	r3, r0
 435 0274 0B60     		str	r3, [r1]
 290:main.c        ****   VICVectCntl7  =  0x00000025; //Enabla interuptchannel 5 (Timer1)
 436              		.loc 1 290 0
 437 0276 224A     		ldr	r2, .L21+100
 438 0278 2523     		mov	r3, #37
 439 027a 1360     		str	r3, [r2]
 291:main.c        ****   VICVectAddr7  =  (tU32)Timer1ISRirq; //adressen till avbrottsrutinen
 440              		.loc 1 291 0
 441 027c 214A     		ldr	r2, .L21+104
 442 027e 224B     		ldr	r3, .L21+108
 443 0280 1360     		str	r3, [r2]
ARM GAS  /cygdrive/c/DOCUME~1/deforce/LOKALA~1/Temp/cc3JPN5D.s 			page 14


 292:main.c        **** 
 293:main.c        **** 
 294:main.c        **** // enabla interrupt
 295:main.c        **** 
 296:main.c        ****   VICIntEnable|=0x000000020;		//Enabla Timer1 som irqavbrott
 444              		.loc 1 296 0
 445 0282 2249     		ldr	r1, .L21+112
 446 0284 214B     		ldr	r3, .L21+112
 447 0286 1A68     		ldr	r2, [r3]
 448 0288 2023     		mov	r3, #32
 449 028a 1343     		orr	r3, r3, r2
 450 028c 0B60     		str	r3, [r1]
 297:main.c        **** 
 298:main.c        **** //*************slut ljudavbrottsinitering****************
 299:main.c        **** 
 300:main.c        **** 
 301:main.c        **** 
 302:main.c        **** 
 303:main.c        **** 
 304:main.c        ****   osDeleteProcess();
 451              		.loc 1 304 0
 452 028e FFF7FEFF 		bl	osDeleteProcess
 305:main.c        **** }
 453              		.loc 1 305 0
 454 0292 BD46     		mov	sp, r7
 455 0294 02B0     		add	sp, sp, #8
 456              		@ sp needed for prologue
 457 0296 B0BC     		pop	{r4, r5, r7}
 458 0298 01BC     		pop	{r0}
 459 029a 0047     		bx	r0
 460              	.L22:
 461              		.align	2
 462              	.L21:
 463 029c 0C000000 		.word	.LC4
 464 02a0 00000000 		.word	mutexLCD
 465 02a4 00000000 		.word	procEx1
 466 02a8 00000000 		.word	procEx1Stack
 467 02ac 00140000 		.word	pidEx1
 468 02b0 00000000 		.word	procEx2
 469 02b4 00040000 		.word	procEx2Stack
 470 02b8 01140000 		.word	pidEx2
 471 02bc 00000000 		.word	procEx3
 472 02c0 00080000 		.word	procEx3Stack
 473 02c4 02140000 		.word	pidEx3
 474 02c8 00000000 		.word	procStackUsage
 475 02cc 00100000 		.word	procStUsStack
 476 02d0 03140000 		.word	pidStUs
 477 02d4 04C002E0 		.word	-536690684
 478 02d8 004003E0 		.word	-536657920
 479 02dc 010D2001 		.word	18877697
 480 02e0 048000E0 		.word	-536838140
 481 02e4 044003E0 		.word	-536657916
 482 02e8 0C8000E0 		.word	-536838132
 483 02ec 148000E0 		.word	-536838124
 484 02f0 188000E0 		.word	-536838120
 485 02f4 4C1D0000 		.word	7500
 486 02f8 008000E0 		.word	-536838144
ARM GAS  /cygdrive/c/DOCUME~1/deforce/LOKALA~1/Temp/cc3JPN5D.s 			page 15


 487 02fc 0CF0FFFF 		.word	-4084
 488 0300 1CF2FFFF 		.word	-3556
 489 0304 1CF1FFFF 		.word	-3812
 490 0308 00000000 		.word	Timer1ISRirq
 491 030c 10F0FFFF 		.word	-4080
 492              	.LFE6:
 493              		.size	initProc, .-initProc
 494              		.align	2
 495              		.global	appTick
 496              		.code 16
 497              		.thumb_func
 498              		.type	appTick, %function
 499              	appTick:
 500              	.LFB7:
 306:main.c        **** 
 307:main.c        **** /*****************************************************************************
 308:main.c        ****  *
 309:main.c        ****  * Description:
 310:main.c        ****  *    The timer tick entry function that is called once every timer tick
 311:main.c        ****  *    interrupt in the RTOS. Observe that any processing in this
 312:main.c        ****  *    function must be kept as short as possible since this function
 313:main.c        ****  *    execute in interrupt context.
 314:main.c        ****  *
 315:main.c        ****  * Params:
 316:main.c        ****  *    [in] elapsedTime - The number of elapsed milliseconds since last call.
 317:main.c        ****  *
 318:main.c        ****  ****************************************************************************/
 319:main.c        **** void
 320:main.c        **** appTick(tU32 elapsedTime)
 321:main.c        **** {
 501              		.loc 1 321 0
 502 0310 80B5     		push	{r7, lr}
 503              	.LCFI14:
 504 0312 81B0     		sub	sp, sp, #4
 505              	.LCFI15:
 506 0314 00AF     		add	r7, sp, #0
 507              	.LCFI16:
 508 0316 3B1C     		mov	r3, r7
 509 0318 1860     		str	r0, [r3]
 322:main.c        **** }
 510              		.loc 1 322 0
 511 031a BD46     		mov	sp, r7
 512 031c 01B0     		add	sp, sp, #4
 513              		@ sp needed for prologue
 514 031e 80BC     		pop	{r7}
 515 0320 01BC     		pop	{r0}
 516 0322 0047     		bx	r0
 517              	.LFE7:
 518              		.size	appTick, .-appTick
 519              		.bss
 520              	procEx1Stack:
 521 0000 00000000 		.space	1024
 521      00000000 
 521      00000000 
 521      00000000 
 521      00000000 
 522              	procEx2Stack:
ARM GAS  /cygdrive/c/DOCUME~1/deforce/LOKALA~1/Temp/cc3JPN5D.s 			page 16


 523 0400 00000000 		.space	1024
 523      00000000 
 523      00000000 
 523      00000000 
 523      00000000 
 524              	procEx3Stack:
 525 0800 00000000 		.space	1024
 525      00000000 
 525      00000000 
 525      00000000 
 525      00000000 
 526              	initStack:
 527 0c00 00000000 		.space	1024
 527      00000000 
 527      00000000 
 527      00000000 
 527      00000000 
 528              	procStUsStack:
 529 1000 00000000 		.space	1024
 529      00000000 
 529      00000000 
 529      00000000 
 529      00000000 
 530              	pidEx1:
 531 1400 00       		.space	1
 532              	pidEx2:
 533 1401 00       		.space	1
 534              	pidEx3:
 535 1402 00       		.space	1
 536              	pidStUs:
 537 1403 00       		.space	1
 538              		.comm	duty,4,4
 539              		.comm	mutexLCD,28,4
 540              		.section	.debug_frame,"",%progbits
 541              	.Lframe0:
 542 0000 0C000000 		.4byte	.LECIE0-.LSCIE0
 543              	.LSCIE0:
 544 0004 FFFFFFFF 		.4byte	0xffffffff
 545 0008 01       		.byte	0x1
 546 0009 00       		.ascii	"\000"
 547 000a 01       		.uleb128 0x1
 548 000b 7C       		.sleb128 -4
 549 000c 0E       		.byte	0xe
 550 000d 0C       		.byte	0xc
 551 000e 0D       		.uleb128 0xd
 552 000f 00       		.uleb128 0x0
 553              		.align	2
 554              	.LECIE0:
 555              	.LSFDE0:
 556 0010 1C000000 		.4byte	.LEFDE0-.LASFDE0
 557              	.LASFDE0:
 558 0014 00000000 		.4byte	.Lframe0
 559 0018 00000000 		.4byte	.LFB2
 560 001c 80000000 		.4byte	.LFE2-.LFB2
 561 0020 42       		.byte	0x4
 562              		.4byte	.LCFI0-.LFB2
 563 0021 0E       		.byte	0xe
ARM GAS  /cygdrive/c/DOCUME~1/deforce/LOKALA~1/Temp/cc3JPN5D.s 			page 17


 564 0022 08       		.uleb128 0x8
 565 0023 87       		.byte	0x87
 566 0024 02       		.uleb128 0x2
 567 0025 8E       		.byte	0x8e
 568 0026 01       		.uleb128 0x1
 569 0027 42       		.byte	0x4
 570              		.4byte	.LCFI1-.LCFI0
 571 0028 0E       		.byte	0xe
 572 0029 0C       		.uleb128 0xc
 573 002a 42       		.byte	0x4
 574              		.4byte	.LCFI2-.LCFI1
 575 002b 0D       		.byte	0xd
 576 002c 07       		.uleb128 0x7
 577 002d 000000   		.align	2
 578              	.LEFDE0:
 579              	.LSFDE2:
 580 0030 20000000 		.4byte	.LEFDE2-.LASFDE2
 581              	.LASFDE2:
 582 0034 00000000 		.4byte	.Lframe0
 583 0038 80000000 		.4byte	.LFB3
 584 003c 84000000 		.4byte	.LFE3-.LFB3
 585 0040 42       		.byte	0x4
 586              		.4byte	.LCFI3-.LFB3
 587 0041 0E       		.byte	0xe
 588 0042 10       		.uleb128 0x10
 589 0043 84       		.byte	0x84
 590 0044 04       		.uleb128 0x4
 591 0045 85       		.byte	0x85
 592 0046 03       		.uleb128 0x3
 593 0047 87       		.byte	0x87
 594 0048 02       		.uleb128 0x2
 595 0049 8E       		.byte	0x8e
 596 004a 01       		.uleb128 0x1
 597 004b 42       		.byte	0x4
 598              		.4byte	.LCFI4-.LCFI3
 599 004c 0E       		.byte	0xe
 600 004d 20       		.uleb128 0x20
 601 004e 42       		.byte	0x4
 602              		.4byte	.LCFI5-.LCFI4
 603 004f 0C       		.byte	0xc
 604 0050 07       		.uleb128 0x7
 605 0051 14       		.uleb128 0x14
 606 0052 0000     		.align	2
 607              	.LEFDE2:
 608              	.LSFDE4:
 609 0054 18000000 		.4byte	.LEFDE4-.LASFDE4
 610              	.LASFDE4:
 611 0058 00000000 		.4byte	.Lframe0
 612 005c 04010000 		.4byte	.LFB4
 613 0060 0E000000 		.4byte	.LFE4-.LFB4
 614 0064 42       		.byte	0x4
 615              		.4byte	.LCFI6-.LFB4
 616 0065 0E       		.byte	0xe
 617 0066 08       		.uleb128 0x8
 618 0067 87       		.byte	0x87
 619 0068 02       		.uleb128 0x2
 620 0069 8E       		.byte	0x8e
ARM GAS  /cygdrive/c/DOCUME~1/deforce/LOKALA~1/Temp/cc3JPN5D.s 			page 18


 621 006a 01       		.uleb128 0x1
 622 006b 42       		.byte	0x4
 623              		.4byte	.LCFI7-.LCFI6
 624 006c 0C       		.byte	0xc
 625 006d 07       		.uleb128 0x7
 626 006e 00       		.uleb128 0x0
 627 006f 00       		.align	2
 628              	.LEFDE4:
 629              	.LSFDE6:
 630 0070 1C000000 		.4byte	.LEFDE6-.LASFDE6
 631              	.LASFDE6:
 632 0074 00000000 		.4byte	.Lframe0
 633 0078 14010000 		.4byte	.LFB5
 634 007c 18000000 		.4byte	.LFE5-.LFB5
 635 0080 42       		.byte	0x4
 636              		.4byte	.LCFI8-.LFB5
 637 0081 0E       		.byte	0xe
 638 0082 08       		.uleb128 0x8
 639 0083 87       		.byte	0x87
 640 0084 02       		.uleb128 0x2
 641 0085 8E       		.byte	0x8e
 642 0086 01       		.uleb128 0x1
 643 0087 42       		.byte	0x4
 644              		.4byte	.LCFI9-.LCFI8
 645 0088 0E       		.byte	0xe
 646 0089 0C       		.uleb128 0xc
 647 008a 42       		.byte	0x4
 648              		.4byte	.LCFI10-.LCFI9
 649 008b 0D       		.byte	0xd
 650 008c 07       		.uleb128 0x7
 651 008d 000000   		.align	2
 652              	.LEFDE6:
 653              	.LSFDE8:
 654 0090 20000000 		.4byte	.LEFDE8-.LASFDE8
 655              	.LASFDE8:
 656 0094 00000000 		.4byte	.Lframe0
 657 0098 2C010000 		.4byte	.LFB6
 658 009c E4010000 		.4byte	.LFE6-.LFB6
 659 00a0 42       		.byte	0x4
 660              		.4byte	.LCFI11-.LFB6
 661 00a1 0E       		.byte	0xe
 662 00a2 10       		.uleb128 0x10
 663 00a3 84       		.byte	0x84
 664 00a4 04       		.uleb128 0x4
 665 00a5 85       		.byte	0x85
 666 00a6 03       		.uleb128 0x3
 667 00a7 87       		.byte	0x87
 668 00a8 02       		.uleb128 0x2
 669 00a9 8E       		.byte	0x8e
 670 00aa 01       		.uleb128 0x1
 671 00ab 42       		.byte	0x4
 672              		.4byte	.LCFI12-.LCFI11
 673 00ac 0E       		.byte	0xe
 674 00ad 24       		.uleb128 0x24
 675 00ae 42       		.byte	0x4
 676              		.4byte	.LCFI13-.LCFI12
 677 00af 0C       		.byte	0xc
ARM GAS  /cygdrive/c/DOCUME~1/deforce/LOKALA~1/Temp/cc3JPN5D.s 			page 19


 678 00b0 07       		.uleb128 0x7
 679 00b1 18       		.uleb128 0x18
 680 00b2 0000     		.align	2
 681              	.LEFDE8:
 682              	.LSFDE10:
 683 00b4 1C000000 		.4byte	.LEFDE10-.LASFDE10
 684              	.LASFDE10:
 685 00b8 00000000 		.4byte	.Lframe0
 686 00bc 10030000 		.4byte	.LFB7
 687 00c0 14000000 		.4byte	.LFE7-.LFB7
 688 00c4 42       		.byte	0x4
 689              		.4byte	.LCFI14-.LFB7
 690 00c5 0E       		.byte	0xe
 691 00c6 08       		.uleb128 0x8
 692 00c7 87       		.byte	0x87
 693 00c8 02       		.uleb128 0x2
 694 00c9 8E       		.byte	0x8e
 695 00ca 01       		.uleb128 0x1
 696 00cb 42       		.byte	0x4
 697              		.4byte	.LCFI15-.LCFI14
 698 00cc 0E       		.byte	0xe
 699 00cd 0C       		.uleb128 0xc
 700 00ce 42       		.byte	0x4
 701              		.4byte	.LCFI16-.LCFI15
 702 00cf 0D       		.byte	0xd
 703 00d0 07       		.uleb128 0x7
 704 00d1 000000   		.align	2
 705              	.LEFDE10:
 706              		.file 2 "pre_emptive_os/api/osapi.h"
 707              		.file 3 "pre_emptive_os/api/../api/general.h"
 708              		.text
 709              	.Letext0:
 710              		.section	.debug_loc,"",%progbits
 711              	.Ldebug_loc0:
 712              	.LLST0:
 713 0000 00000000 		.4byte	.LFB2-.Ltext0
 714 0004 02000000 		.4byte	.LCFI0-.Ltext0
 715 0008 0100     		.2byte	0x1
 716 000a 5D       		.byte	0x5d
 717 000b 02000000 		.4byte	.LCFI0-.Ltext0
 718 000f 04000000 		.4byte	.LCFI1-.Ltext0
 719 0013 0200     		.2byte	0x2
 720 0015 7D       		.byte	0x7d
 721 0016 08       		.sleb128 8
 722 0017 04000000 		.4byte	.LCFI1-.Ltext0
 723 001b 06000000 		.4byte	.LCFI2-.Ltext0
 724 001f 0200     		.2byte	0x2
 725 0021 7D       		.byte	0x7d
 726 0022 0C       		.sleb128 12
 727 0023 06000000 		.4byte	.LCFI2-.Ltext0
 728 0027 80000000 		.4byte	.LFE2-.Ltext0
 729 002b 0200     		.2byte	0x2
 730 002d 77       		.byte	0x77
 731 002e 0C       		.sleb128 12
 732 002f 00000000 		.4byte	0x0
 733 0033 00000000 		.4byte	0x0
 734              	.LLST1:
ARM GAS  /cygdrive/c/DOCUME~1/deforce/LOKALA~1/Temp/cc3JPN5D.s 			page 20


 735 0037 80000000 		.4byte	.LFB3-.Ltext0
 736 003b 82000000 		.4byte	.LCFI3-.Ltext0
 737 003f 0100     		.2byte	0x1
 738 0041 5D       		.byte	0x5d
 739 0042 82000000 		.4byte	.LCFI3-.Ltext0
 740 0046 84000000 		.4byte	.LCFI4-.Ltext0
 741 004a 0200     		.2byte	0x2
 742 004c 7D       		.byte	0x7d
 743 004d 10       		.sleb128 16
 744 004e 84000000 		.4byte	.LCFI4-.Ltext0
 745 0052 86000000 		.4byte	.LCFI5-.Ltext0
 746 0056 0200     		.2byte	0x2
 747 0058 7D       		.byte	0x7d
 748 0059 20       		.sleb128 32
 749 005a 86000000 		.4byte	.LCFI5-.Ltext0
 750 005e 04010000 		.4byte	.LFE3-.Ltext0
 751 0062 0200     		.2byte	0x2
 752 0064 77       		.byte	0x77
 753 0065 14       		.sleb128 20
 754 0066 00000000 		.4byte	0x0
 755 006a 00000000 		.4byte	0x0
 756              	.LLST2:
 757 006e 04010000 		.4byte	.LFB4-.Ltext0
 758 0072 06010000 		.4byte	.LCFI6-.Ltext0
 759 0076 0100     		.2byte	0x1
 760 0078 5D       		.byte	0x5d
 761 0079 06010000 		.4byte	.LCFI6-.Ltext0
 762 007d 08010000 		.4byte	.LCFI7-.Ltext0
 763 0081 0200     		.2byte	0x2
 764 0083 7D       		.byte	0x7d
 765 0084 08       		.sleb128 8
 766 0085 08010000 		.4byte	.LCFI7-.Ltext0
 767 0089 12010000 		.4byte	.LFE4-.Ltext0
 768 008d 0100     		.2byte	0x1
 769 008f 57       		.byte	0x57
 770 0090 00000000 		.4byte	0x0
 771 0094 00000000 		.4byte	0x0
 772              	.LLST3:
 773 0098 14010000 		.4byte	.LFB5-.Ltext0
 774 009c 16010000 		.4byte	.LCFI8-.Ltext0
 775 00a0 0100     		.2byte	0x1
 776 00a2 5D       		.byte	0x5d
 777 00a3 16010000 		.4byte	.LCFI8-.Ltext0
 778 00a7 18010000 		.4byte	.LCFI9-.Ltext0
 779 00ab 0200     		.2byte	0x2
 780 00ad 7D       		.byte	0x7d
 781 00ae 08       		.sleb128 8
 782 00af 18010000 		.4byte	.LCFI9-.Ltext0
 783 00b3 1A010000 		.4byte	.LCFI10-.Ltext0
 784 00b7 0200     		.2byte	0x2
 785 00b9 7D       		.byte	0x7d
 786 00ba 0C       		.sleb128 12
 787 00bb 1A010000 		.4byte	.LCFI10-.Ltext0
 788 00bf 2C010000 		.4byte	.LFE5-.Ltext0
 789 00c3 0200     		.2byte	0x2
 790 00c5 77       		.byte	0x77
 791 00c6 0C       		.sleb128 12
ARM GAS  /cygdrive/c/DOCUME~1/deforce/LOKALA~1/Temp/cc3JPN5D.s 			page 21


 792 00c7 00000000 		.4byte	0x0
 793 00cb 00000000 		.4byte	0x0
 794              	.LLST4:
 795 00cf 2C010000 		.4byte	.LFB6-.Ltext0
 796 00d3 2E010000 		.4byte	.LCFI11-.Ltext0
 797 00d7 0100     		.2byte	0x1
 798 00d9 5D       		.byte	0x5d
 799 00da 2E010000 		.4byte	.LCFI11-.Ltext0
 800 00de 30010000 		.4byte	.LCFI12-.Ltext0
 801 00e2 0200     		.2byte	0x2
 802 00e4 7D       		.byte	0x7d
 803 00e5 10       		.sleb128 16
 804 00e6 30010000 		.4byte	.LCFI12-.Ltext0
 805 00ea 32010000 		.4byte	.LCFI13-.Ltext0
 806 00ee 0200     		.2byte	0x2
 807 00f0 7D       		.byte	0x7d
 808 00f1 24       		.sleb128 36
 809 00f2 32010000 		.4byte	.LCFI13-.Ltext0
 810 00f6 10030000 		.4byte	.LFE6-.Ltext0
 811 00fa 0200     		.2byte	0x2
 812 00fc 77       		.byte	0x77
 813 00fd 18       		.sleb128 24
 814 00fe 00000000 		.4byte	0x0
 815 0102 00000000 		.4byte	0x0
 816              	.LLST5:
 817 0106 10030000 		.4byte	.LFB7-.Ltext0
 818 010a 12030000 		.4byte	.LCFI14-.Ltext0
 819 010e 0100     		.2byte	0x1
 820 0110 5D       		.byte	0x5d
 821 0111 12030000 		.4byte	.LCFI14-.Ltext0
 822 0115 14030000 		.4byte	.LCFI15-.Ltext0
 823 0119 0200     		.2byte	0x2
 824 011b 7D       		.byte	0x7d
 825 011c 08       		.sleb128 8
 826 011d 14030000 		.4byte	.LCFI15-.Ltext0
 827 0121 16030000 		.4byte	.LCFI16-.Ltext0
 828 0125 0200     		.2byte	0x2
 829 0127 7D       		.byte	0x7d
 830 0128 0C       		.sleb128 12
 831 0129 16030000 		.4byte	.LCFI16-.Ltext0
 832 012d 24030000 		.4byte	.LFE7-.Ltext0
 833 0131 0200     		.2byte	0x2
 834 0133 77       		.byte	0x77
 835 0134 0C       		.sleb128 12
 836 0135 00000000 		.4byte	0x0
 837 0139 00000000 		.4byte	0x0
 838              		.section	.debug_info
 839 0000 85050000 		.4byte	0x585
 840 0004 0200     		.2byte	0x2
 841 0006 00000000 		.4byte	.Ldebug_abbrev0
 842 000a 04       		.byte	0x4
 843 000b 01       		.uleb128 0x1
 844 000c 00000000 		.4byte	.Ldebug_line0
 845 0010 24030000 		.4byte	.Letext0
 846 0014 00000000 		.4byte	.Ltext0
 847 0018 474E5520 		.ascii	"GNU C 4.1.1\000"
 847      4320342E 
ARM GAS  /cygdrive/c/DOCUME~1/deforce/LOKALA~1/Temp/cc3JPN5D.s 			page 22


 847      312E3100 
 848 0024 01       		.byte	0x1
 849 0025 6D61696E 		.ascii	"main.c\000"
 849      2E6300
 850 002c 2F637967 		.ascii	"/cygdrive/c/armprojects/projekt/Project12\000"
 850      64726976 
 850      652F632F 
 850      61726D70 
 850      726F6A65 
 851 0056 02       		.uleb128 0x2
 852 0057 74553800 		.ascii	"tU8\000"
 853 005b 03       		.byte	0x3
 854 005c 47       		.byte	0x47
 855 005d 61000000 		.4byte	0x61
 856 0061 03       		.uleb128 0x3
 857 0062 756E7369 		.ascii	"unsigned char\000"
 857      676E6564 
 857      20636861 
 857      7200
 858 0070 01       		.byte	0x1
 859 0071 08       		.byte	0x8
 860 0072 02       		.uleb128 0x2
 861 0073 74553136 		.ascii	"tU16\000"
 861      00
 862 0078 03       		.byte	0x3
 863 0079 48       		.byte	0x48
 864 007a 7E000000 		.4byte	0x7e
 865 007e 03       		.uleb128 0x3
 866 007f 73686F72 		.ascii	"short unsigned int\000"
 866      7420756E 
 866      7369676E 
 866      65642069 
 866      6E7400
 867 0092 02       		.byte	0x2
 868 0093 07       		.byte	0x7
 869 0094 02       		.uleb128 0x2
 870 0095 74553332 		.ascii	"tU32\000"
 870      00
 871 009a 03       		.byte	0x3
 872 009b 49       		.byte	0x49
 873 009c A0000000 		.4byte	0xa0
 874 00a0 03       		.uleb128 0x3
 875 00a1 756E7369 		.ascii	"unsigned int\000"
 875      676E6564 
 875      20696E74 
 875      00
 876 00ae 04       		.byte	0x4
 877 00af 07       		.byte	0x7
 878 00b0 03       		.uleb128 0x3
 879 00b1 7369676E 		.ascii	"signed char\000"
 879      65642063 
 879      68617200 
 880 00bd 01       		.byte	0x1
 881 00be 06       		.byte	0x6
 882 00bf 03       		.uleb128 0x3
 883 00c0 73686F72 		.ascii	"short int\000"
 883      7420696E 
ARM GAS  /cygdrive/c/DOCUME~1/deforce/LOKALA~1/Temp/cc3JPN5D.s 			page 23


 883      7400
 884 00ca 02       		.byte	0x2
 885 00cb 05       		.byte	0x5
 886 00cc 03       		.uleb128 0x3
 887 00cd 696E7400 		.ascii	"int\000"
 888 00d1 04       		.byte	0x4
 889 00d2 05       		.byte	0x5
 890 00d3 04       		.uleb128 0x4
 891 00d4 E8010000 		.4byte	0x1e8
 892 00d8 5F744F53 		.ascii	"_tOSPCB__\000"
 892      5043425F 
 892      5F00
 893 00e2 28       		.byte	0x28
 894 00e3 02       		.byte	0x2
 895 00e4 58       		.byte	0x58
 896 00e5 05       		.uleb128 0x5
 897 00e6 7053746B 		.ascii	"pStk\000"
 897      00
 898 00eb 02       		.byte	0x2
 899 00ec 59       		.byte	0x59
 900 00ed E8010000 		.4byte	0x1e8
 901 00f1 02       		.byte	0x2
 902 00f2 23       		.byte	0x23
 903 00f3 00       		.uleb128 0x0
 904 00f4 05       		.uleb128 0x5
 905 00f5 704E6578 		.ascii	"pNextPrioQueueReady\000"
 905      74507269 
 905      6F517565 
 905      75655265 
 905      61647900 
 906 0109 02       		.byte	0x2
 907 010a 5A       		.byte	0x5a
 908 010b EE010000 		.4byte	0x1ee
 909 010f 02       		.byte	0x2
 910 0110 23       		.byte	0x23
 911 0111 04       		.uleb128 0x4
 912 0112 05       		.uleb128 0x5
 913 0113 70507265 		.ascii	"pPrevPrioQueueReady\000"
 913      76507269 
 913      6F517565 
 913      75655265 
 913      61647900 
 914 0127 02       		.byte	0x2
 915 0128 5B       		.byte	0x5b
 916 0129 EE010000 		.4byte	0x1ee
 917 012d 02       		.byte	0x2
 918 012e 23       		.byte	0x23
 919 012f 08       		.uleb128 0x8
 920 0130 05       		.uleb128 0x5
 921 0131 704E6578 		.ascii	"pNextPrioQueueEvent\000"
 921      74507269 
 921      6F517565 
 921      75654576 
 921      656E7400 
 922 0145 02       		.byte	0x2
 923 0146 5C       		.byte	0x5c
 924 0147 EE010000 		.4byte	0x1ee
ARM GAS  /cygdrive/c/DOCUME~1/deforce/LOKALA~1/Temp/cc3JPN5D.s 			page 24


 925 014b 02       		.byte	0x2
 926 014c 23       		.byte	0x23
 927 014d 0C       		.uleb128 0xc
 928 014e 05       		.uleb128 0x5
 929 014f 70507265 		.ascii	"pPrevPrioQueueEvent\000"
 929      76507269 
 929      6F517565 
 929      75654576 
 929      656E7400 
 930 0163 02       		.byte	0x2
 931 0164 5D       		.byte	0x5d
 932 0165 EE010000 		.4byte	0x1ee
 933 0169 02       		.byte	0x2
 934 016a 23       		.byte	0x23
 935 016b 10       		.uleb128 0x10
 936 016c 05       		.uleb128 0x5
 937 016d 704E6578 		.ascii	"pNextTimeQueue\000"
 937      7454696D 
 937      65517565 
 937      756500
 938 017c 02       		.byte	0x2
 939 017d 5E       		.byte	0x5e
 940 017e EE010000 		.4byte	0x1ee
 941 0182 02       		.byte	0x2
 942 0183 23       		.byte	0x23
 943 0184 14       		.uleb128 0x14
 944 0185 05       		.uleb128 0x5
 945 0186 70696400 		.ascii	"pid\000"
 946 018a 02       		.byte	0x2
 947 018b 5F       		.byte	0x5f
 948 018c 56000000 		.4byte	0x56
 949 0190 02       		.byte	0x2
 950 0191 23       		.byte	0x23
 951 0192 18       		.uleb128 0x18
 952 0193 05       		.uleb128 0x5
 953 0194 7072696F 		.ascii	"prio\000"
 953      00
 954 0199 02       		.byte	0x2
 955 019a 60       		.byte	0x60
 956 019b 56000000 		.4byte	0x56
 957 019f 02       		.byte	0x2
 958 01a0 23       		.byte	0x23
 959 01a1 19       		.uleb128 0x19
 960 01a2 05       		.uleb128 0x5
 961 01a3 666C6167 		.ascii	"flag\000"
 961      00
 962 01a8 02       		.byte	0x2
 963 01a9 61       		.byte	0x61
 964 01aa 56000000 		.4byte	0x56
 965 01ae 02       		.byte	0x2
 966 01af 23       		.byte	0x23
 967 01b0 1A       		.uleb128 0x1a
 968 01b1 05       		.uleb128 0x5
 969 01b2 736C6565 		.ascii	"sleep\000"
 969      7000
 970 01b8 02       		.byte	0x2
 971 01b9 62       		.byte	0x62
ARM GAS  /cygdrive/c/DOCUME~1/deforce/LOKALA~1/Temp/cc3JPN5D.s 			page 25


 972 01ba 94000000 		.4byte	0x94
 973 01be 02       		.byte	0x2
 974 01bf 23       		.byte	0x23
 975 01c0 1C       		.uleb128 0x1c
 976 01c1 05       		.uleb128 0x5
 977 01c2 7053746B 		.ascii	"pStkOrg\000"
 977      4F726700 
 978 01ca 02       		.byte	0x2
 979 01cb 65       		.byte	0x65
 980 01cc E8010000 		.4byte	0x1e8
 981 01d0 02       		.byte	0x2
 982 01d1 23       		.byte	0x23
 983 01d2 20       		.uleb128 0x20
 984 01d3 05       		.uleb128 0x5
 985 01d4 73746163 		.ascii	"stackSize\000"
 985      6B53697A 
 985      6500
 986 01de 02       		.byte	0x2
 987 01df 66       		.byte	0x66
 988 01e0 72000000 		.4byte	0x72
 989 01e4 02       		.byte	0x2
 990 01e5 23       		.byte	0x23
 991 01e6 24       		.uleb128 0x24
 992 01e7 00       		.byte	0x0
 993 01e8 06       		.uleb128 0x6
 994 01e9 04       		.byte	0x4
 995 01ea 56000000 		.4byte	0x56
 996 01ee 06       		.uleb128 0x6
 997 01ef 04       		.byte	0x4
 998 01f0 D3000000 		.4byte	0xd3
 999 01f4 02       		.uleb128 0x2
 1000 01f5 744F5350 		.ascii	"tOSPCB\000"
 1000      434200
 1001 01fc 02       		.byte	0x2
 1002 01fd 68       		.byte	0x68
 1003 01fe D3000000 		.4byte	0xd3
 1004 0202 04       		.uleb128 0x4
 1005 0203 3C020000 		.4byte	0x23c
 1006 0207 5F745072 		.ascii	"_tPrioQueue_\000"
 1006      696F5175 
 1006      6575655F 
 1006      00
 1007 0214 18       		.byte	0x18
 1008 0215 02       		.byte	0x2
 1009 0216 70       		.byte	0x70
 1010 0217 05       		.uleb128 0x5
 1011 0218 70507269 		.ascii	"pPrioList\000"
 1011      6F4C6973 
 1011      7400
 1012 0222 02       		.byte	0x2
 1013 0223 71       		.byte	0x71
 1014 0224 3C020000 		.4byte	0x23c
 1015 0228 02       		.byte	0x2
 1016 0229 23       		.byte	0x23
 1017 022a 00       		.uleb128 0x0
 1018 022b 05       		.uleb128 0x5
 1019 022c 70504342 		.ascii	"pPCBs\000"
ARM GAS  /cygdrive/c/DOCUME~1/deforce/LOKALA~1/Temp/cc3JPN5D.s 			page 26


 1019      7300
 1020 0232 02       		.byte	0x2
 1021 0233 72       		.byte	0x72
 1022 0234 61020000 		.4byte	0x261
 1023 0238 02       		.byte	0x2
 1024 0239 23       		.byte	0x23
 1025 023a 14       		.uleb128 0x14
 1026 023b 00       		.byte	0x0
 1027 023c 07       		.uleb128 0x7
 1028 023d 4C020000 		.4byte	0x24c
 1029 0241 61020000 		.4byte	0x261
 1030 0245 08       		.uleb128 0x8
 1031 0246 4C020000 		.4byte	0x24c
 1032 024a 04       		.byte	0x4
 1033 024b 00       		.byte	0x0
 1034 024c 03       		.uleb128 0x3
 1035 024d 6C6F6E67 		.ascii	"long unsigned int\000"
 1035      20756E73 
 1035      69676E65 
 1035      6420696E 
 1035      7400
 1036 025f 04       		.byte	0x4
 1037 0260 07       		.byte	0x7
 1038 0261 06       		.uleb128 0x6
 1039 0262 04       		.byte	0x4
 1040 0263 F4010000 		.4byte	0x1f4
 1041 0267 02       		.uleb128 0x2
 1042 0268 74507269 		.ascii	"tPrioQueue\000"
 1042      6F517565 
 1042      756500
 1043 0273 02       		.byte	0x2
 1044 0274 73       		.byte	0x73
 1045 0275 02020000 		.4byte	0x202
 1046 0279 04       		.uleb128 0x4
 1047 027a 9D020000 		.4byte	0x29d
 1048 027e 5F744F53 		.ascii	"_tOSEvent_\000"
 1048      4576656E 
 1048      745F00
 1049 0289 18       		.byte	0x18
 1050 028a 02       		.byte	0x2
 1051 028b 76       		.byte	0x76
 1052 028c 05       		.uleb128 0x5
 1053 028d 77616974 		.ascii	"waitQ\000"
 1053      5100
 1054 0293 02       		.byte	0x2
 1055 0294 77       		.byte	0x77
 1056 0295 67020000 		.4byte	0x267
 1057 0299 02       		.byte	0x2
 1058 029a 23       		.byte	0x23
 1059 029b 00       		.uleb128 0x0
 1060 029c 00       		.byte	0x0
 1061 029d 02       		.uleb128 0x2
 1062 029e 744F5345 		.ascii	"tOSEvent\000"
 1062      76656E74 
 1062      00
 1063 02a7 02       		.byte	0x2
 1064 02a8 78       		.byte	0x78
ARM GAS  /cygdrive/c/DOCUME~1/deforce/LOKALA~1/Temp/cc3JPN5D.s 			page 27


 1065 02a9 79020000 		.4byte	0x279
 1066 02ad 04       		.uleb128 0x4
 1067 02ae DB020000 		.4byte	0x2db
 1068 02b2 5F74436E 		.ascii	"_tCntSem_\000"
 1068      7453656D 
 1068      5F00
 1069 02bc 1C       		.byte	0x1c
 1070 02bd 02       		.byte	0x2
 1071 02be 7B       		.byte	0x7b
 1072 02bf 05       		.uleb128 0x5
 1073 02c0 657600   		.ascii	"ev\000"
 1074 02c3 02       		.byte	0x2
 1075 02c4 7C       		.byte	0x7c
 1076 02c5 9D020000 		.4byte	0x29d
 1077 02c9 02       		.byte	0x2
 1078 02ca 23       		.byte	0x23
 1079 02cb 00       		.uleb128 0x0
 1080 02cc 05       		.uleb128 0x5
 1081 02cd 636E7400 		.ascii	"cnt\000"
 1082 02d1 02       		.byte	0x2
 1083 02d2 7D       		.byte	0x7d
 1084 02d3 72000000 		.4byte	0x72
 1085 02d7 02       		.byte	0x2
 1086 02d8 23       		.byte	0x23
 1087 02d9 18       		.uleb128 0x18
 1088 02da 00       		.byte	0x0
 1089 02db 02       		.uleb128 0x2
 1090 02dc 74436E74 		.ascii	"tCntSem\000"
 1090      53656D00 
 1091 02e4 02       		.byte	0x2
 1092 02e5 7F       		.byte	0x7f
 1093 02e6 AD020000 		.4byte	0x2ad
 1094 02ea 09       		.uleb128 0x9
 1095 02eb 04       		.byte	0x4
 1096 02ec 0A       		.uleb128 0xa
 1097 02ed 24030000 		.4byte	0x324
 1098 02f1 696E6974 		.ascii	"initPwm\000"
 1098      50776D00 
 1099 02f9 01       		.byte	0x1
 1100 02fa 84       		.byte	0x84
 1101 02fb 01       		.byte	0x1
 1102 02fc 00000000 		.4byte	.LFB2
 1103 0300 80000000 		.4byte	.LFE2
 1104 0304 00000000 		.4byte	.LLST0
 1105 0308 0B       		.uleb128 0xb
 1106 0309 696E6974 		.ascii	"initialFreqValue\000"
 1106      69616C46 
 1106      72657156 
 1106      616C7565 
 1106      00
 1107 031a 01       		.byte	0x1
 1108 031b 83       		.byte	0x83
 1109 031c A0000000 		.4byte	0xa0
 1110 0320 02       		.byte	0x2
 1111 0321 91       		.byte	0x91
 1112 0322 74       		.sleb128 -12
 1113 0323 00       		.byte	0x0
ARM GAS  /cygdrive/c/DOCUME~1/deforce/LOKALA~1/Temp/cc3JPN5D.s 			page 28


 1114 0324 0C       		.uleb128 0xc
 1115 0325 61030000 		.4byte	0x361
 1116 0329 01       		.byte	0x1
 1117 032a 6D61696E 		.ascii	"main\000"
 1117      00
 1118 032f 01       		.byte	0x1
 1119 0330 9F       		.byte	0x9f
 1120 0331 01       		.byte	0x1
 1121 0332 CC000000 		.4byte	0xcc
 1122 0336 80000000 		.4byte	.LFB3
 1123 033a 04010000 		.4byte	.LFE3
 1124 033e 37000000 		.4byte	.LLST1
 1125 0342 0D       		.uleb128 0xd
 1126 0343 6572726F 		.ascii	"error\000"
 1126      7200
 1127 0349 01       		.byte	0x1
 1128 034a A0       		.byte	0xa0
 1129 034b 61000000 		.4byte	0x61
 1130 034f 02       		.byte	0x2
 1131 0350 91       		.byte	0x91
 1132 0351 6F       		.sleb128 -17
 1133 0352 0D       		.uleb128 0xd
 1134 0353 70696400 		.ascii	"pid\000"
 1135 0357 01       		.byte	0x1
 1136 0358 A1       		.byte	0xa1
 1137 0359 61000000 		.4byte	0x61
 1138 035d 02       		.byte	0x2
 1139 035e 91       		.byte	0x91
 1140 035f 6E       		.sleb128 -18
 1141 0360 00       		.byte	0x0
 1142 0361 0E       		.uleb128 0xe
 1143 0362 01       		.byte	0x1
 1144 0363 696E6974 		.ascii	"initPwmVars\000"
 1144      50776D56 
 1144      61727300 
 1145 036f 01       		.byte	0x1
 1146 0370 BC       		.byte	0xbc
 1147 0371 01       		.byte	0x1
 1148 0372 04010000 		.4byte	.LFB4
 1149 0376 12010000 		.4byte	.LFE4
 1150 037a 6E000000 		.4byte	.LLST2
 1151 037e 0A       		.uleb128 0xa
 1152 037f B0030000 		.4byte	0x3b0
 1153 0383 70726F63 		.ascii	"procStackUsage\000"
 1153      53746163 
 1153      6B557361 
 1153      676500
 1154 0392 01       		.byte	0x1
 1155 0393 CF       		.byte	0xcf
 1156 0394 01       		.byte	0x1
 1157 0395 14010000 		.4byte	.LFB5
 1158 0399 2C010000 		.4byte	.LFE5
 1159 039d 98000000 		.4byte	.LLST3
 1160 03a1 0B       		.uleb128 0xb
 1161 03a2 61726700 		.ascii	"arg\000"
 1162 03a6 01       		.byte	0x1
 1163 03a7 CE       		.byte	0xce
ARM GAS  /cygdrive/c/DOCUME~1/deforce/LOKALA~1/Temp/cc3JPN5D.s 			page 29


 1164 03a8 EA020000 		.4byte	0x2ea
 1165 03ac 02       		.byte	0x2
 1166 03ad 91       		.byte	0x91
 1167 03ae 74       		.sleb128 -12
 1168 03af 00       		.byte	0x0
 1169 03b0 0A       		.uleb128 0xa
 1170 03b1 EC030000 		.4byte	0x3ec
 1171 03b5 696E6974 		.ascii	"initProc\000"
 1171      50726F63 
 1171      00
 1172 03be 01       		.byte	0x1
 1173 03bf E2       		.byte	0xe2
 1174 03c0 01       		.byte	0x1
 1175 03c1 2C010000 		.4byte	.LFB6
 1176 03c5 10030000 		.4byte	.LFE6
 1177 03c9 CF000000 		.4byte	.LLST4
 1178 03cd 0B       		.uleb128 0xb
 1179 03ce 61726700 		.ascii	"arg\000"
 1180 03d2 01       		.byte	0x1
 1181 03d3 E1       		.byte	0xe1
 1182 03d4 EA020000 		.4byte	0x2ea
 1183 03d8 02       		.byte	0x2
 1184 03d9 91       		.byte	0x91
 1185 03da 68       		.sleb128 -24
 1186 03db 0D       		.uleb128 0xd
 1187 03dc 6572726F 		.ascii	"error\000"
 1187      7200
 1188 03e2 01       		.byte	0x1
 1189 03e3 E3       		.byte	0xe3
 1190 03e4 61000000 		.4byte	0x61
 1191 03e8 02       		.byte	0x2
 1192 03e9 91       		.byte	0x91
 1193 03ea 6F       		.sleb128 -17
 1194 03eb 00       		.byte	0x0
 1195 03ec 0F       		.uleb128 0xf
 1196 03ed 22040000 		.4byte	0x422
 1197 03f1 01       		.byte	0x1
 1198 03f2 61707054 		.ascii	"appTick\000"
 1198      69636B00 
 1199 03fa 01       		.byte	0x1
 1200 03fb 4101     		.2byte	0x141
 1201 03fd 01       		.byte	0x1
 1202 03fe 10030000 		.4byte	.LFB7
 1203 0402 24030000 		.4byte	.LFE7
 1204 0406 06010000 		.4byte	.LLST5
 1205 040a 10       		.uleb128 0x10
 1206 040b 656C6170 		.ascii	"elapsedTime\000"
 1206      73656454 
 1206      696D6500 
 1207 0417 01       		.byte	0x1
 1208 0418 4001     		.2byte	0x140
 1209 041a A0000000 		.4byte	0xa0
 1210 041e 02       		.byte	0x2
 1211 041f 91       		.byte	0x91
 1212 0420 74       		.sleb128 -12
 1213 0421 00       		.byte	0x0
 1214 0422 07       		.uleb128 0x7
ARM GAS  /cygdrive/c/DOCUME~1/deforce/LOKALA~1/Temp/cc3JPN5D.s 			page 30


 1215 0423 33040000 		.4byte	0x433
 1216 0427 61000000 		.4byte	0x61
 1217 042b 11       		.uleb128 0x11
 1218 042c 4C020000 		.4byte	0x24c
 1219 0430 FF03     		.2byte	0x3ff
 1220 0432 00       		.byte	0x0
 1221 0433 0D       		.uleb128 0xd
 1222 0434 70726F63 		.ascii	"procEx1Stack\000"
 1222      45783153 
 1222      7461636B 
 1222      00
 1223 0441 01       		.byte	0x1
 1224 0442 35       		.byte	0x35
 1225 0443 22040000 		.4byte	0x422
 1226 0447 05       		.byte	0x5
 1227 0448 03       		.byte	0x3
 1228 0449 00000000 		.4byte	procEx1Stack
 1229 044d 0D       		.uleb128 0xd
 1230 044e 70726F63 		.ascii	"procEx2Stack\000"
 1230      45783253 
 1230      7461636B 
 1230      00
 1231 045b 01       		.byte	0x1
 1232 045c 36       		.byte	0x36
 1233 045d 22040000 		.4byte	0x422
 1234 0461 05       		.byte	0x5
 1235 0462 03       		.byte	0x3
 1236 0463 00040000 		.4byte	procEx2Stack
 1237 0467 0D       		.uleb128 0xd
 1238 0468 70726F63 		.ascii	"procEx3Stack\000"
 1238      45783353 
 1238      7461636B 
 1238      00
 1239 0475 01       		.byte	0x1
 1240 0476 37       		.byte	0x37
 1241 0477 22040000 		.4byte	0x422
 1242 047b 05       		.byte	0x5
 1243 047c 03       		.byte	0x3
 1244 047d 00080000 		.4byte	procEx3Stack
 1245 0481 0D       		.uleb128 0xd
 1246 0482 696E6974 		.ascii	"initStack\000"
 1246      53746163 
 1246      6B00
 1247 048c 01       		.byte	0x1
 1248 048d 39       		.byte	0x39
 1249 048e 22040000 		.4byte	0x422
 1250 0492 05       		.byte	0x5
 1251 0493 03       		.byte	0x3
 1252 0494 000C0000 		.4byte	initStack
 1253 0498 0D       		.uleb128 0xd
 1254 0499 70726F63 		.ascii	"procStUsStack\000"
 1254      53745573 
 1254      53746163 
 1254      6B00
 1255 04a7 01       		.byte	0x1
 1256 04a8 3A       		.byte	0x3a
 1257 04a9 22040000 		.4byte	0x422
ARM GAS  /cygdrive/c/DOCUME~1/deforce/LOKALA~1/Temp/cc3JPN5D.s 			page 31


 1258 04ad 05       		.byte	0x5
 1259 04ae 03       		.byte	0x3
 1260 04af 00100000 		.4byte	procStUsStack
 1261 04b3 0D       		.uleb128 0xd
 1262 04b4 70696445 		.ascii	"pidEx1\000"
 1262      783100
 1263 04bb 01       		.byte	0x1
 1264 04bc 3C       		.byte	0x3c
 1265 04bd 61000000 		.4byte	0x61
 1266 04c1 05       		.byte	0x5
 1267 04c2 03       		.byte	0x3
 1268 04c3 00140000 		.4byte	pidEx1
 1269 04c7 0D       		.uleb128 0xd
 1270 04c8 70696445 		.ascii	"pidEx2\000"
 1270      783200
 1271 04cf 01       		.byte	0x1
 1272 04d0 3D       		.byte	0x3d
 1273 04d1 61000000 		.4byte	0x61
 1274 04d5 05       		.byte	0x5
 1275 04d6 03       		.byte	0x3
 1276 04d7 01140000 		.4byte	pidEx2
 1277 04db 0D       		.uleb128 0xd
 1278 04dc 70696445 		.ascii	"pidEx3\000"
 1278      783300
 1279 04e3 01       		.byte	0x1
 1280 04e4 3E       		.byte	0x3e
 1281 04e5 61000000 		.4byte	0x61
 1282 04e9 05       		.byte	0x5
 1283 04ea 03       		.byte	0x3
 1284 04eb 02140000 		.4byte	pidEx3
 1285 04ef 0D       		.uleb128 0xd
 1286 04f0 70696453 		.ascii	"pidStUs\000"
 1286      74557300 
 1287 04f8 01       		.byte	0x1
 1288 04f9 40       		.byte	0x40
 1289 04fa 61000000 		.4byte	0x61
 1290 04fe 05       		.byte	0x5
 1291 04ff 03       		.byte	0x3
 1292 0500 03140000 		.4byte	pidStUs
 1293 0504 12       		.uleb128 0x12
 1294 0505 64656C61 		.ascii	"delayshort\000"
 1294      7973686F 
 1294      727400
 1295 0510 01       		.byte	0x1
 1296 0511 5E       		.byte	0x5e
 1297 0512 1D050000 		.4byte	0x51d
 1298 0516 01       		.byte	0x1
 1299 0517 05       		.byte	0x5
 1300 0518 03       		.byte	0x3
 1301 0519 00000000 		.4byte	delayshort
 1302 051d 13       		.uleb128 0x13
 1303 051e 22050000 		.4byte	0x522
 1304 0522 03       		.uleb128 0x3
 1305 0523 6C6F6E67 		.ascii	"long int\000"
 1305      20696E74 
 1305      00
 1306 052c 04       		.byte	0x4
ARM GAS  /cygdrive/c/DOCUME~1/deforce/LOKALA~1/Temp/cc3JPN5D.s 			page 32


 1307 052d 05       		.byte	0x5
 1308 052e 12       		.uleb128 0x12
 1309 052f 64656C61 		.ascii	"delaylong\000"
 1309      796C6F6E 
 1309      6700
 1310 0539 01       		.byte	0x1
 1311 053a 5F       		.byte	0x5f
 1312 053b 1D050000 		.4byte	0x51d
 1313 053f 01       		.byte	0x1
 1314 0540 05       		.byte	0x5
 1315 0541 03       		.byte	0x3
 1316 0542 00000000 		.4byte	delaylong
 1317 0546 12       		.uleb128 0x12
 1318 0547 64757479 		.ascii	"duty\000"
 1318      00
 1319 054c 01       		.byte	0x1
 1320 054d 62       		.byte	0x62
 1321 054e A0000000 		.4byte	0xa0
 1322 0552 01       		.byte	0x1
 1323 0553 05       		.byte	0x5
 1324 0554 03       		.byte	0x3
 1325 0555 00000000 		.4byte	duty
 1326 0559 12       		.uleb128 0x12
 1327 055a 66726571 		.ascii	"freq\000"
 1327      00
 1328 055f 01       		.byte	0x1
 1329 0560 64       		.byte	0x64
 1330 0561 6C050000 		.4byte	0x56c
 1331 0565 01       		.byte	0x1
 1332 0566 05       		.byte	0x5
 1333 0567 03       		.byte	0x3
 1334 0568 00000000 		.4byte	freq
 1335 056c 13       		.uleb128 0x13
 1336 056d A0000000 		.4byte	0xa0
 1337 0571 12       		.uleb128 0x12
 1338 0572 6D757465 		.ascii	"mutexLCD\000"
 1338      784C4344 
 1338      00
 1339 057b 01       		.byte	0x1
 1340 057c 6F       		.byte	0x6f
 1341 057d DB020000 		.4byte	0x2db
 1342 0581 01       		.byte	0x1
 1343 0582 05       		.byte	0x5
 1344 0583 03       		.byte	0x3
 1345 0584 00000000 		.4byte	mutexLCD
 1346 0588 00       		.byte	0x0
 1347              		.section	.debug_abbrev
 1348 0000 01       		.uleb128 0x1
 1349 0001 11       		.uleb128 0x11
 1350 0002 01       		.byte	0x1
 1351 0003 10       		.uleb128 0x10
 1352 0004 06       		.uleb128 0x6
 1353 0005 12       		.uleb128 0x12
 1354 0006 01       		.uleb128 0x1
 1355 0007 11       		.uleb128 0x11
 1356 0008 01       		.uleb128 0x1
 1357 0009 25       		.uleb128 0x25
ARM GAS  /cygdrive/c/DOCUME~1/deforce/LOKALA~1/Temp/cc3JPN5D.s 			page 33


 1358 000a 08       		.uleb128 0x8
 1359 000b 13       		.uleb128 0x13
 1360 000c 0B       		.uleb128 0xb
 1361 000d 03       		.uleb128 0x3
 1362 000e 08       		.uleb128 0x8
 1363 000f 1B       		.uleb128 0x1b
 1364 0010 08       		.uleb128 0x8
 1365 0011 00       		.byte	0x0
 1366 0012 00       		.byte	0x0
 1367 0013 02       		.uleb128 0x2
 1368 0014 16       		.uleb128 0x16
 1369 0015 00       		.byte	0x0
 1370 0016 03       		.uleb128 0x3
 1371 0017 08       		.uleb128 0x8
 1372 0018 3A       		.uleb128 0x3a
 1373 0019 0B       		.uleb128 0xb
 1374 001a 3B       		.uleb128 0x3b
 1375 001b 0B       		.uleb128 0xb
 1376 001c 49       		.uleb128 0x49
 1377 001d 13       		.uleb128 0x13
 1378 001e 00       		.byte	0x0
 1379 001f 00       		.byte	0x0
 1380 0020 03       		.uleb128 0x3
 1381 0021 24       		.uleb128 0x24
 1382 0022 00       		.byte	0x0
 1383 0023 03       		.uleb128 0x3
 1384 0024 08       		.uleb128 0x8
 1385 0025 0B       		.uleb128 0xb
 1386 0026 0B       		.uleb128 0xb
 1387 0027 3E       		.uleb128 0x3e
 1388 0028 0B       		.uleb128 0xb
 1389 0029 00       		.byte	0x0
 1390 002a 00       		.byte	0x0
 1391 002b 04       		.uleb128 0x4
 1392 002c 13       		.uleb128 0x13
 1393 002d 01       		.byte	0x1
 1394 002e 01       		.uleb128 0x1
 1395 002f 13       		.uleb128 0x13
 1396 0030 03       		.uleb128 0x3
 1397 0031 08       		.uleb128 0x8
 1398 0032 0B       		.uleb128 0xb
 1399 0033 0B       		.uleb128 0xb
 1400 0034 3A       		.uleb128 0x3a
 1401 0035 0B       		.uleb128 0xb
 1402 0036 3B       		.uleb128 0x3b
 1403 0037 0B       		.uleb128 0xb
 1404 0038 00       		.byte	0x0
 1405 0039 00       		.byte	0x0
 1406 003a 05       		.uleb128 0x5
 1407 003b 0D       		.uleb128 0xd
 1408 003c 00       		.byte	0x0
 1409 003d 03       		.uleb128 0x3
 1410 003e 08       		.uleb128 0x8
 1411 003f 3A       		.uleb128 0x3a
 1412 0040 0B       		.uleb128 0xb
 1413 0041 3B       		.uleb128 0x3b
 1414 0042 0B       		.uleb128 0xb
ARM GAS  /cygdrive/c/DOCUME~1/deforce/LOKALA~1/Temp/cc3JPN5D.s 			page 34


 1415 0043 49       		.uleb128 0x49
 1416 0044 13       		.uleb128 0x13
 1417 0045 38       		.uleb128 0x38
 1418 0046 0A       		.uleb128 0xa
 1419 0047 00       		.byte	0x0
 1420 0048 00       		.byte	0x0
 1421 0049 06       		.uleb128 0x6
 1422 004a 0F       		.uleb128 0xf
 1423 004b 00       		.byte	0x0
 1424 004c 0B       		.uleb128 0xb
 1425 004d 0B       		.uleb128 0xb
 1426 004e 49       		.uleb128 0x49
 1427 004f 13       		.uleb128 0x13
 1428 0050 00       		.byte	0x0
 1429 0051 00       		.byte	0x0
 1430 0052 07       		.uleb128 0x7
 1431 0053 01       		.uleb128 0x1
 1432 0054 01       		.byte	0x1
 1433 0055 01       		.uleb128 0x1
 1434 0056 13       		.uleb128 0x13
 1435 0057 49       		.uleb128 0x49
 1436 0058 13       		.uleb128 0x13
 1437 0059 00       		.byte	0x0
 1438 005a 00       		.byte	0x0
 1439 005b 08       		.uleb128 0x8
 1440 005c 21       		.uleb128 0x21
 1441 005d 00       		.byte	0x0
 1442 005e 49       		.uleb128 0x49
 1443 005f 13       		.uleb128 0x13
 1444 0060 2F       		.uleb128 0x2f
 1445 0061 0B       		.uleb128 0xb
 1446 0062 00       		.byte	0x0
 1447 0063 00       		.byte	0x0
 1448 0064 09       		.uleb128 0x9
 1449 0065 0F       		.uleb128 0xf
 1450 0066 00       		.byte	0x0
 1451 0067 0B       		.uleb128 0xb
 1452 0068 0B       		.uleb128 0xb
 1453 0069 00       		.byte	0x0
 1454 006a 00       		.byte	0x0
 1455 006b 0A       		.uleb128 0xa
 1456 006c 2E       		.uleb128 0x2e
 1457 006d 01       		.byte	0x1
 1458 006e 01       		.uleb128 0x1
 1459 006f 13       		.uleb128 0x13
 1460 0070 03       		.uleb128 0x3
 1461 0071 08       		.uleb128 0x8
 1462 0072 3A       		.uleb128 0x3a
 1463 0073 0B       		.uleb128 0xb
 1464 0074 3B       		.uleb128 0x3b
 1465 0075 0B       		.uleb128 0xb
 1466 0076 27       		.uleb128 0x27
 1467 0077 0C       		.uleb128 0xc
 1468 0078 11       		.uleb128 0x11
 1469 0079 01       		.uleb128 0x1
 1470 007a 12       		.uleb128 0x12
 1471 007b 01       		.uleb128 0x1
ARM GAS  /cygdrive/c/DOCUME~1/deforce/LOKALA~1/Temp/cc3JPN5D.s 			page 35


 1472 007c 40       		.uleb128 0x40
 1473 007d 06       		.uleb128 0x6
 1474 007e 00       		.byte	0x0
 1475 007f 00       		.byte	0x0
 1476 0080 0B       		.uleb128 0xb
 1477 0081 05       		.uleb128 0x5
 1478 0082 00       		.byte	0x0
 1479 0083 03       		.uleb128 0x3
 1480 0084 08       		.uleb128 0x8
 1481 0085 3A       		.uleb128 0x3a
 1482 0086 0B       		.uleb128 0xb
 1483 0087 3B       		.uleb128 0x3b
 1484 0088 0B       		.uleb128 0xb
 1485 0089 49       		.uleb128 0x49
 1486 008a 13       		.uleb128 0x13
 1487 008b 02       		.uleb128 0x2
 1488 008c 0A       		.uleb128 0xa
 1489 008d 00       		.byte	0x0
 1490 008e 00       		.byte	0x0
 1491 008f 0C       		.uleb128 0xc
 1492 0090 2E       		.uleb128 0x2e
 1493 0091 01       		.byte	0x1
 1494 0092 01       		.uleb128 0x1
 1495 0093 13       		.uleb128 0x13
 1496 0094 3F       		.uleb128 0x3f
 1497 0095 0C       		.uleb128 0xc
 1498 0096 03       		.uleb128 0x3
 1499 0097 08       		.uleb128 0x8
 1500 0098 3A       		.uleb128 0x3a
 1501 0099 0B       		.uleb128 0xb
 1502 009a 3B       		.uleb128 0x3b
 1503 009b 0B       		.uleb128 0xb
 1504 009c 27       		.uleb128 0x27
 1505 009d 0C       		.uleb128 0xc
 1506 009e 49       		.uleb128 0x49
 1507 009f 13       		.uleb128 0x13
 1508 00a0 11       		.uleb128 0x11
 1509 00a1 01       		.uleb128 0x1
 1510 00a2 12       		.uleb128 0x12
 1511 00a3 01       		.uleb128 0x1
 1512 00a4 40       		.uleb128 0x40
 1513 00a5 06       		.uleb128 0x6
 1514 00a6 00       		.byte	0x0
 1515 00a7 00       		.byte	0x0
 1516 00a8 0D       		.uleb128 0xd
 1517 00a9 34       		.uleb128 0x34
 1518 00aa 00       		.byte	0x0
 1519 00ab 03       		.uleb128 0x3
 1520 00ac 08       		.uleb128 0x8
 1521 00ad 3A       		.uleb128 0x3a
 1522 00ae 0B       		.uleb128 0xb
 1523 00af 3B       		.uleb128 0x3b
 1524 00b0 0B       		.uleb128 0xb
 1525 00b1 49       		.uleb128 0x49
 1526 00b2 13       		.uleb128 0x13
 1527 00b3 02       		.uleb128 0x2
 1528 00b4 0A       		.uleb128 0xa
ARM GAS  /cygdrive/c/DOCUME~1/deforce/LOKALA~1/Temp/cc3JPN5D.s 			page 36


 1529 00b5 00       		.byte	0x0
 1530 00b6 00       		.byte	0x0
 1531 00b7 0E       		.uleb128 0xe
 1532 00b8 2E       		.uleb128 0x2e
 1533 00b9 00       		.byte	0x0
 1534 00ba 3F       		.uleb128 0x3f
 1535 00bb 0C       		.uleb128 0xc
 1536 00bc 03       		.uleb128 0x3
 1537 00bd 08       		.uleb128 0x8
 1538 00be 3A       		.uleb128 0x3a
 1539 00bf 0B       		.uleb128 0xb
 1540 00c0 3B       		.uleb128 0x3b
 1541 00c1 0B       		.uleb128 0xb
 1542 00c2 27       		.uleb128 0x27
 1543 00c3 0C       		.uleb128 0xc
 1544 00c4 11       		.uleb128 0x11
 1545 00c5 01       		.uleb128 0x1
 1546 00c6 12       		.uleb128 0x12
 1547 00c7 01       		.uleb128 0x1
 1548 00c8 40       		.uleb128 0x40
 1549 00c9 06       		.uleb128 0x6
 1550 00ca 00       		.byte	0x0
 1551 00cb 00       		.byte	0x0
 1552 00cc 0F       		.uleb128 0xf
 1553 00cd 2E       		.uleb128 0x2e
 1554 00ce 01       		.byte	0x1
 1555 00cf 01       		.uleb128 0x1
 1556 00d0 13       		.uleb128 0x13
 1557 00d1 3F       		.uleb128 0x3f
 1558 00d2 0C       		.uleb128 0xc
 1559 00d3 03       		.uleb128 0x3
 1560 00d4 08       		.uleb128 0x8
 1561 00d5 3A       		.uleb128 0x3a
 1562 00d6 0B       		.uleb128 0xb
 1563 00d7 3B       		.uleb128 0x3b
 1564 00d8 05       		.uleb128 0x5
 1565 00d9 27       		.uleb128 0x27
 1566 00da 0C       		.uleb128 0xc
 1567 00db 11       		.uleb128 0x11
 1568 00dc 01       		.uleb128 0x1
 1569 00dd 12       		.uleb128 0x12
 1570 00de 01       		.uleb128 0x1
 1571 00df 40       		.uleb128 0x40
 1572 00e0 06       		.uleb128 0x6
 1573 00e1 00       		.byte	0x0
 1574 00e2 00       		.byte	0x0
 1575 00e3 10       		.uleb128 0x10
 1576 00e4 05       		.uleb128 0x5
 1577 00e5 00       		.byte	0x0
 1578 00e6 03       		.uleb128 0x3
 1579 00e7 08       		.uleb128 0x8
 1580 00e8 3A       		.uleb128 0x3a
 1581 00e9 0B       		.uleb128 0xb
 1582 00ea 3B       		.uleb128 0x3b
 1583 00eb 05       		.uleb128 0x5
 1584 00ec 49       		.uleb128 0x49
 1585 00ed 13       		.uleb128 0x13
ARM GAS  /cygdrive/c/DOCUME~1/deforce/LOKALA~1/Temp/cc3JPN5D.s 			page 37


 1586 00ee 02       		.uleb128 0x2
 1587 00ef 0A       		.uleb128 0xa
 1588 00f0 00       		.byte	0x0
 1589 00f1 00       		.byte	0x0
 1590 00f2 11       		.uleb128 0x11
 1591 00f3 21       		.uleb128 0x21
 1592 00f4 00       		.byte	0x0
 1593 00f5 49       		.uleb128 0x49
 1594 00f6 13       		.uleb128 0x13
 1595 00f7 2F       		.uleb128 0x2f
 1596 00f8 05       		.uleb128 0x5
 1597 00f9 00       		.byte	0x0
 1598 00fa 00       		.byte	0x0
 1599 00fb 12       		.uleb128 0x12
 1600 00fc 34       		.uleb128 0x34
 1601 00fd 00       		.byte	0x0
 1602 00fe 03       		.uleb128 0x3
 1603 00ff 08       		.uleb128 0x8
 1604 0100 3A       		.uleb128 0x3a
 1605 0101 0B       		.uleb128 0xb
 1606 0102 3B       		.uleb128 0x3b
 1607 0103 0B       		.uleb128 0xb
 1608 0104 49       		.uleb128 0x49
 1609 0105 13       		.uleb128 0x13
 1610 0106 3F       		.uleb128 0x3f
 1611 0107 0C       		.uleb128 0xc
 1612 0108 02       		.uleb128 0x2
 1613 0109 0A       		.uleb128 0xa
 1614 010a 00       		.byte	0x0
 1615 010b 00       		.byte	0x0
 1616 010c 13       		.uleb128 0x13
 1617 010d 26       		.uleb128 0x26
 1618 010e 00       		.byte	0x0
 1619 010f 49       		.uleb128 0x49
 1620 0110 13       		.uleb128 0x13
 1621 0111 00       		.byte	0x0
 1622 0112 00       		.byte	0x0
 1623 0113 00       		.byte	0x0
 1624              		.section	.debug_pubnames,"",%progbits
 1625 0000 6F000000 		.4byte	0x6f
 1626 0004 0200     		.2byte	0x2
 1627 0006 00000000 		.4byte	.Ldebug_info0
 1628 000a 89050000 		.4byte	0x589
 1629 000e 24030000 		.4byte	0x324
 1630 0012 6D61696E 		.ascii	"main\000"
 1630      00
 1631 0017 61030000 		.4byte	0x361
 1632 001b 696E6974 		.ascii	"initPwmVars\000"
 1632      50776D56 
 1632      61727300 
 1633 0027 EC030000 		.4byte	0x3ec
 1634 002b 61707054 		.ascii	"appTick\000"
 1634      69636B00 
 1635 0033 04050000 		.4byte	0x504
 1636 0037 64656C61 		.ascii	"delayshort\000"
 1636      7973686F 
 1636      727400
ARM GAS  /cygdrive/c/DOCUME~1/deforce/LOKALA~1/Temp/cc3JPN5D.s 			page 38


 1637 0042 2E050000 		.4byte	0x52e
 1638 0046 64656C61 		.ascii	"delaylong\000"
 1638      796C6F6E 
 1638      6700
 1639 0050 46050000 		.4byte	0x546
 1640 0054 64757479 		.ascii	"duty\000"
 1640      00
 1641 0059 59050000 		.4byte	0x559
 1642 005d 66726571 		.ascii	"freq\000"
 1642      00
 1643 0062 71050000 		.4byte	0x571
 1644 0066 6D757465 		.ascii	"mutexLCD\000"
 1644      784C4344 
 1644      00
 1645 006f 00000000 		.4byte	0x0
 1646              		.section	.debug_aranges,"",%progbits
 1647 0000 1C000000 		.4byte	0x1c
 1648 0004 0200     		.2byte	0x2
 1649 0006 00000000 		.4byte	.Ldebug_info0
 1650 000a 04       		.byte	0x4
 1651 000b 00       		.byte	0x0
 1652 000c 0000     		.2byte	0x0
 1653 000e 0000     		.2byte	0x0
 1654 0010 00000000 		.4byte	.Ltext0
 1655 0014 24030000 		.4byte	.Letext0-.Ltext0
 1656 0018 00000000 		.4byte	0x0
 1657 001c 00000000 		.4byte	0x0
 1658              		.ident	"GCC: (GNU) 4.1.1"
ARM GAS  /cygdrive/c/DOCUME~1/deforce/LOKALA~1/Temp/cc3JPN5D.s 			page 39


DEFINED SYMBOLS
                            *ABS*:00000000 main.c
/cygdrive/c/DOCUME~1/deforce/LOKALA~1/Temp/cc3JPN5D.s:1      .text:00000000 $t
/cygdrive/c/DOCUME~1/deforce/LOKALA~1/Temp/cc3JPN5D.s:16     .rodata:00000000 delayshort
/cygdrive/c/DOCUME~1/deforce/LOKALA~1/Temp/cc3JPN5D.s:17     .rodata:00000000 $d
/cygdrive/c/DOCUME~1/deforce/LOKALA~1/Temp/cc3JPN5D.s:22     .rodata:00000004 delaylong
/cygdrive/c/DOCUME~1/deforce/LOKALA~1/Temp/cc3JPN5D.s:28     .rodata:00000008 freq
/cygdrive/c/DOCUME~1/deforce/LOKALA~1/Temp/cc3JPN5D.s:35     .text:00000000 initPwm
/cygdrive/c/DOCUME~1/deforce/LOKALA~1/Temp/cc3JPN5D.s:102    .text:0000005c $d
/cygdrive/c/DOCUME~1/deforce/LOKALA~1/Temp/cc3JPN5D.s:118    .text:00000080 main
/cygdrive/c/DOCUME~1/deforce/LOKALA~1/Temp/cc3JPN5D.s:115    .text:00000080 $t
/cygdrive/c/DOCUME~1/deforce/LOKALA~1/Temp/cc3JPN5D.s:199    .text:00000104 initPwmVars
/cygdrive/c/DOCUME~1/deforce/LOKALA~1/Temp/cc3JPN5D.s:188    .text:000000f4 $d
/cygdrive/c/DOCUME~1/deforce/LOKALA~1/Temp/cc3JPN5D.s:252    .text:0000012c initProc
/cygdrive/c/DOCUME~1/deforce/LOKALA~1/Temp/cc3JPN5D.s:526    .bss:00000c00 initStack
/cygdrive/c/DOCUME~1/deforce/LOKALA~1/Temp/cc3JPN5D.s:196    .text:00000104 $t
/cygdrive/c/DOCUME~1/deforce/LOKALA~1/Temp/cc3JPN5D.s:219    .text:00000114 procStackUsage
/cygdrive/c/DOCUME~1/deforce/LOKALA~1/Temp/cc3JPN5D.s:240    .text:00000128 $d
/cygdrive/c/DOCUME~1/deforce/LOKALA~1/Temp/cc3JPN5D.s:249    .text:0000012c $t
/cygdrive/c/DOCUME~1/deforce/LOKALA~1/Temp/cc3JPN5D.s:463    .text:0000029c $d
                            *COM*:0000001c mutexLCD
/cygdrive/c/DOCUME~1/deforce/LOKALA~1/Temp/cc3JPN5D.s:520    .bss:00000000 procEx1Stack
/cygdrive/c/DOCUME~1/deforce/LOKALA~1/Temp/cc3JPN5D.s:530    .bss:00001400 pidEx1
/cygdrive/c/DOCUME~1/deforce/LOKALA~1/Temp/cc3JPN5D.s:522    .bss:00000400 procEx2Stack
/cygdrive/c/DOCUME~1/deforce/LOKALA~1/Temp/cc3JPN5D.s:532    .bss:00001401 pidEx2
/cygdrive/c/DOCUME~1/deforce/LOKALA~1/Temp/cc3JPN5D.s:524    .bss:00000800 procEx3Stack
/cygdrive/c/DOCUME~1/deforce/LOKALA~1/Temp/cc3JPN5D.s:534    .bss:00001402 pidEx3
/cygdrive/c/DOCUME~1/deforce/LOKALA~1/Temp/cc3JPN5D.s:528    .bss:00001000 procStUsStack
/cygdrive/c/DOCUME~1/deforce/LOKALA~1/Temp/cc3JPN5D.s:536    .bss:00001403 pidStUs
/cygdrive/c/DOCUME~1/deforce/LOKALA~1/Temp/cc3JPN5D.s:499    .text:00000310 appTick
/cygdrive/c/DOCUME~1/deforce/LOKALA~1/Temp/cc3JPN5D.s:496    .text:00000310 $t
                             .bss:00000000 $d
                            *COM*:00000004 duty

UNDEFINED SYMBOLS
osInit
init_LCD
delay
send_instruction
osCreateProcess
osStartProcess
osStart
osSleep
eaInit
simplePrintf
osSemInit
osDeleteProcess
procEx1
procEx2
procEx3
Timer1ISRirq
