ARM GAS  /cygdrive/c/DOCUME~1/deforce/LOKALA~1/Temp/cc7aslz1.s 			page 1


   1              		.code	16
   2              		.file	"proc3.c"
   3              		.section	.debug_abbrev,"",%progbits
   4              	.Ldebug_abbrev0:
   5              		.section	.debug_info,"",%progbits
   6              	.Ldebug_info0:
   7              		.section	.debug_line,"",%progbits
   8              	.Ldebug_line0:
   9 0000 91000000 		.text
   9      02006300 
   9      00000201 
   9      FB0E0D00 
   9      01010101 
  10              	.Ltext0:
  11              		.align	2
  12              		.global	procEx3
  13              		.code 16
  14              		.thumb_func
  15              		.type	procEx3, %function
  16              	procEx3:
  17              	.LFB2:
  18              		.file 1 "proc3.c"
   1:proc3.c       **** 
   2:proc3.c       **** 
   3:proc3.c       **** /*
   4:proc3.c       ****  * proc3.c
   5:proc3.c       ****  *
   6:proc3.c       ****  *  Created on: 31 okt 2011
   7:proc3.c       ****  *      Author: Tommy
   8:proc3.c       ****  */
   9:proc3.c       **** 
  10:proc3.c       **** /*****************************************************************************
  11:proc3.c       ****  *
  12:proc3.c       ****  * Exempel 3
  13:proc3.c       ****  *
  14:proc3.c       ****  ****************************************************************************/
  15:proc3.c       **** #include "pre_emptive_os/api/osapi.h"
  16:proc3.c       **** #include "general.h"
  17:proc3.c       **** #include "startup/lpc2xxx.h"
  18:proc3.c       **** #include "startup/printf_P.h"
  19:proc3.c       **** #include "startup/ea_init.h"
  20:proc3.c       **** #include "startup/consol.h"
  21:proc3.c       **** #include "startup/config.h"
  22:proc3.c       **** #include "startup/framework.h"
  23:proc3.c       **** 
  24:proc3.c       **** #include "LCD/LCD.h"  //  Funktionsprototyper för LCD-rutinerna
  25:proc3.c       **** 
  26:proc3.c       **** 
  27:proc3.c       **** extern long const delayshort;
  28:proc3.c       **** extern long const delaylong;
  29:proc3.c       **** 
  30:proc3.c       **** extern tCntSem mutexLCD;
  31:proc3.c       **** 
  32:proc3.c       **** 
  33:proc3.c       **** void
  34:proc3.c       **** procEx3(void* arg)
  35:proc3.c       **** {
ARM GAS  /cygdrive/c/DOCUME~1/deforce/LOKALA~1/Temp/cc7aslz1.s 			page 2


  19              		.loc 1 35 0
  20 0000 80B5     		push	{r7, lr}
  21              	.LCFI0:
  22 0002 82B0     		sub	sp, sp, #8
  23              	.LCFI1:
  24 0004 00AF     		add	r7, sp, #0
  25              	.LCFI2:
  26 0006 3B1C     		mov	r3, r7
  27 0008 1860     		str	r0, [r3]
  28              	.L2:
  36:proc3.c       ****   tU8 error;
  37:proc3.c       **** 
  38:proc3.c       ****   for(;;)
  39:proc3.c       ****   {
  40:proc3.c       **** // Exempelkod för att visa hur flera processer kan dela på LCD
  41:proc3.c       ****     osSemTake(&mutexLCD, 0, &error);
  29              		.loc 1 41 0
  30 000a 334B     		ldr	r3, .L4
  31 000c FA1D     		add	r2, r7, #7
  32 000e 181C     		mov	r0, r3
  33 0010 0021     		mov	r1, #0
  34 0012 FFF7FEFF 		bl	osSemTake
  42:proc3.c       **** 
  43:proc3.c       ****     delay(delayshort);
  35              		.loc 1 43 0
  36 0016 314B     		ldr	r3, .L4+4
  37 0018 1B68     		ldr	r3, [r3]
  38 001a 181C     		mov	r0, r3
  39 001c FFF7FEFF 		bl	delay
  44:proc3.c       **** 	send_instruction(1);	//cleara displayn
  40              		.loc 1 44 0
  41 0020 0120     		mov	r0, #1
  42 0022 FFF7FEFF 		bl	send_instruction
  45:proc3.c       **** 	delay(delaylong);
  43              		.loc 1 45 0
  44 0026 2E4B     		ldr	r3, .L4+8
  45 0028 1B68     		ldr	r3, [r3]
  46 002a 181C     		mov	r0, r3
  47 002c FFF7FEFF 		bl	delay
  46:proc3.c       ****     send_instruction(2);  //cursorn till första positionen
  48              		.loc 1 46 0
  49 0030 0220     		mov	r0, #2
  50 0032 FFF7FEFF 		bl	send_instruction
  47:proc3.c       ****     delay(delaylong);
  51              		.loc 1 47 0
  52 0036 2A4B     		ldr	r3, .L4+8
  53 0038 1B68     		ldr	r3, [r3]
  54 003a 181C     		mov	r0, r3
  55 003c FFF7FEFF 		bl	delay
  48:proc3.c       ****     send_character('E');
  56              		.loc 1 48 0
  57 0040 4520     		mov	r0, #69
  58 0042 FFF7FEFF 		bl	send_character
  49:proc3.c       ****     delay(delayshort);
  59              		.loc 1 49 0
  60 0046 254B     		ldr	r3, .L4+4
  61 0048 1B68     		ldr	r3, [r3]
ARM GAS  /cygdrive/c/DOCUME~1/deforce/LOKALA~1/Temp/cc7aslz1.s 			page 3


  62 004a 181C     		mov	r0, r3
  63 004c FFF7FEFF 		bl	delay
  50:proc3.c       ****     send_character('x');
  64              		.loc 1 50 0
  65 0050 7820     		mov	r0, #120
  66 0052 FFF7FEFF 		bl	send_character
  51:proc3.c       ****     delay(delayshort);
  67              		.loc 1 51 0
  68 0056 214B     		ldr	r3, .L4+4
  69 0058 1B68     		ldr	r3, [r3]
  70 005a 181C     		mov	r0, r3
  71 005c FFF7FEFF 		bl	delay
  52:proc3.c       ****     send_character('e');
  72              		.loc 1 52 0
  73 0060 6520     		mov	r0, #101
  74 0062 FFF7FEFF 		bl	send_character
  53:proc3.c       ****     delay(delayshort);
  75              		.loc 1 53 0
  76 0066 1D4B     		ldr	r3, .L4+4
  77 0068 1B68     		ldr	r3, [r3]
  78 006a 181C     		mov	r0, r3
  79 006c FFF7FEFF 		bl	delay
  54:proc3.c       ****     send_character('m');
  80              		.loc 1 54 0
  81 0070 6D20     		mov	r0, #109
  82 0072 FFF7FEFF 		bl	send_character
  55:proc3.c       ****     delay(delayshort);
  83              		.loc 1 55 0
  84 0076 194B     		ldr	r3, .L4+4
  85 0078 1B68     		ldr	r3, [r3]
  86 007a 181C     		mov	r0, r3
  87 007c FFF7FEFF 		bl	delay
  56:proc3.c       ****     send_character('p');
  88              		.loc 1 56 0
  89 0080 7020     		mov	r0, #112
  90 0082 FFF7FEFF 		bl	send_character
  57:proc3.c       ****     delay(delayshort);
  91              		.loc 1 57 0
  92 0086 154B     		ldr	r3, .L4+4
  93 0088 1B68     		ldr	r3, [r3]
  94 008a 181C     		mov	r0, r3
  95 008c FFF7FEFF 		bl	delay
  58:proc3.c       ****     send_character('e');
  96              		.loc 1 58 0
  97 0090 6520     		mov	r0, #101
  98 0092 FFF7FEFF 		bl	send_character
  59:proc3.c       ****     delay(delayshort);
  99              		.loc 1 59 0
 100 0096 114B     		ldr	r3, .L4+4
 101 0098 1B68     		ldr	r3, [r3]
 102 009a 181C     		mov	r0, r3
 103 009c FFF7FEFF 		bl	delay
  60:proc3.c       ****     send_character('l');
 104              		.loc 1 60 0
 105 00a0 6C20     		mov	r0, #108
 106 00a2 FFF7FEFF 		bl	send_character
  61:proc3.c       ****     delay(delayshort);
ARM GAS  /cygdrive/c/DOCUME~1/deforce/LOKALA~1/Temp/cc7aslz1.s 			page 4


 107              		.loc 1 61 0
 108 00a6 0D4B     		ldr	r3, .L4+4
 109 00a8 1B68     		ldr	r3, [r3]
 110 00aa 181C     		mov	r0, r3
 111 00ac FFF7FEFF 		bl	delay
  62:proc3.c       ****     send_character('3');
 112              		.loc 1 62 0
 113 00b0 3320     		mov	r0, #51
 114 00b2 FFF7FEFF 		bl	send_character
  63:proc3.c       **** 
  64:proc3.c       ****     osSleep(300);		// för att infon säkert skall hinna synas
 115              		.loc 1 64 0
 116 00b6 9623     		mov	r3, #150
 117 00b8 5B00     		lsl	r3, r3, #1
 118 00ba 181C     		mov	r0, r3
 119 00bc FFF7FEFF 		bl	osSleep
  65:proc3.c       **** 
  66:proc3.c       ****     osSemGive(&mutexLCD, &error);
 120              		.loc 1 66 0
 121 00c0 054B     		ldr	r3, .L4
 122 00c2 FA1D     		add	r2, r7, #7
 123 00c4 181C     		mov	r0, r3
 124 00c6 111C     		mov	r1, r2
 125 00c8 FFF7FEFF 		bl	osSemGive
  67:proc3.c       **** 
  68:proc3.c       ****     osSleep(3000);
 126              		.loc 1 68 0
 127 00cc 054B     		ldr	r3, .L4+12
 128 00ce 181C     		mov	r0, r3
 129 00d0 FFF7FEFF 		bl	osSleep
  69:proc3.c       ****   }
 130              		.loc 1 69 0
 131 00d4 99E7     		b	.L2
 132              	.L5:
 133 00d6 0000     		.align	2
 134              	.L4:
 135 00d8 00000000 		.word	mutexLCD
 136 00dc 00000000 		.word	delayshort
 137 00e0 00000000 		.word	delaylong
 138 00e4 B80B0000 		.word	3000
 139              	.LFE2:
 140              		.size	procEx3, .-procEx3
 141              		.section	.debug_frame,"",%progbits
 142              	.Lframe0:
 143 0000 0C000000 		.4byte	.LECIE0-.LSCIE0
 144              	.LSCIE0:
 145 0004 FFFFFFFF 		.4byte	0xffffffff
 146 0008 01       		.byte	0x1
 147 0009 00       		.ascii	"\000"
 148 000a 01       		.uleb128 0x1
 149 000b 7C       		.sleb128 -4
 150 000c 0E       		.byte	0xe
 151 000d 0C       		.byte	0xc
 152 000e 0D       		.uleb128 0xd
 153 000f 00       		.uleb128 0x0
 154              		.align	2
 155              	.LECIE0:
ARM GAS  /cygdrive/c/DOCUME~1/deforce/LOKALA~1/Temp/cc7aslz1.s 			page 5


 156              	.LSFDE0:
 157 0010 1C000000 		.4byte	.LEFDE0-.LASFDE0
 158              	.LASFDE0:
 159 0014 00000000 		.4byte	.Lframe0
 160 0018 00000000 		.4byte	.LFB2
 161 001c E8000000 		.4byte	.LFE2-.LFB2
 162 0020 42       		.byte	0x4
 163              		.4byte	.LCFI0-.LFB2
 164 0021 0E       		.byte	0xe
 165 0022 08       		.uleb128 0x8
 166 0023 87       		.byte	0x87
 167 0024 02       		.uleb128 0x2
 168 0025 8E       		.byte	0x8e
 169 0026 01       		.uleb128 0x1
 170 0027 42       		.byte	0x4
 171              		.4byte	.LCFI1-.LCFI0
 172 0028 0E       		.byte	0xe
 173 0029 10       		.uleb128 0x10
 174 002a 42       		.byte	0x4
 175              		.4byte	.LCFI2-.LCFI1
 176 002b 0D       		.byte	0xd
 177 002c 07       		.uleb128 0x7
 178 002d 000000   		.align	2
 179              	.LEFDE0:
 180              		.file 2 "pre_emptive_os/api/osapi.h"
 181              		.file 3 "pre_emptive_os/api/../api/general.h"
 182              		.text
 183              	.Letext0:
 184              		.section	.debug_loc,"",%progbits
 185              	.Ldebug_loc0:
 186              	.LLST0:
 187 0000 00000000 		.4byte	.LFB2-.Ltext0
 188 0004 02000000 		.4byte	.LCFI0-.Ltext0
 189 0008 0100     		.2byte	0x1
 190 000a 5D       		.byte	0x5d
 191 000b 02000000 		.4byte	.LCFI0-.Ltext0
 192 000f 04000000 		.4byte	.LCFI1-.Ltext0
 193 0013 0200     		.2byte	0x2
 194 0015 7D       		.byte	0x7d
 195 0016 08       		.sleb128 8
 196 0017 04000000 		.4byte	.LCFI1-.Ltext0
 197 001b 06000000 		.4byte	.LCFI2-.Ltext0
 198 001f 0200     		.2byte	0x2
 199 0021 7D       		.byte	0x7d
 200 0022 10       		.sleb128 16
 201 0023 06000000 		.4byte	.LCFI2-.Ltext0
 202 0027 E8000000 		.4byte	.LFE2-.Ltext0
 203 002b 0200     		.2byte	0x2
 204 002d 77       		.byte	0x77
 205 002e 10       		.sleb128 16
 206 002f 00000000 		.4byte	0x0
 207 0033 00000000 		.4byte	0x0
 208              		.section	.debug_info
 209 0000 6E030000 		.4byte	0x36e
 210 0004 0200     		.2byte	0x2
 211 0006 00000000 		.4byte	.Ldebug_abbrev0
 212 000a 04       		.byte	0x4
ARM GAS  /cygdrive/c/DOCUME~1/deforce/LOKALA~1/Temp/cc7aslz1.s 			page 6


 213 000b 01       		.uleb128 0x1
 214 000c 00000000 		.4byte	.Ldebug_line0
 215 0010 E8000000 		.4byte	.Letext0
 216 0014 00000000 		.4byte	.Ltext0
 217 0018 474E5520 		.ascii	"GNU C 4.1.1\000"
 217      4320342E 
 217      312E3100 
 218 0024 01       		.byte	0x1
 219 0025 70726F63 		.ascii	"proc3.c\000"
 219      332E6300 
 220 002d 2F637967 		.ascii	"/cygdrive/c/ultraljudprojects/Project12\000"
 220      64726976 
 220      652F632F 
 220      756C7472 
 220      616C6A75 
 221 0055 02       		.uleb128 0x2
 222 0056 74553800 		.ascii	"tU8\000"
 223 005a 03       		.byte	0x3
 224 005b 47       		.byte	0x47
 225 005c 60000000 		.4byte	0x60
 226 0060 03       		.uleb128 0x3
 227 0061 756E7369 		.ascii	"unsigned char\000"
 227      676E6564 
 227      20636861 
 227      7200
 228 006f 01       		.byte	0x1
 229 0070 08       		.byte	0x8
 230 0071 02       		.uleb128 0x2
 231 0072 74553136 		.ascii	"tU16\000"
 231      00
 232 0077 03       		.byte	0x3
 233 0078 48       		.byte	0x48
 234 0079 7D000000 		.4byte	0x7d
 235 007d 03       		.uleb128 0x3
 236 007e 73686F72 		.ascii	"short unsigned int\000"
 236      7420756E 
 236      7369676E 
 236      65642069 
 236      6E7400
 237 0091 02       		.byte	0x2
 238 0092 07       		.byte	0x7
 239 0093 02       		.uleb128 0x2
 240 0094 74553332 		.ascii	"tU32\000"
 240      00
 241 0099 03       		.byte	0x3
 242 009a 49       		.byte	0x49
 243 009b 9F000000 		.4byte	0x9f
 244 009f 03       		.uleb128 0x3
 245 00a0 756E7369 		.ascii	"unsigned int\000"
 245      676E6564 
 245      20696E74 
 245      00
 246 00ad 04       		.byte	0x4
 247 00ae 07       		.byte	0x7
 248 00af 03       		.uleb128 0x3
 249 00b0 7369676E 		.ascii	"signed char\000"
 249      65642063 
ARM GAS  /cygdrive/c/DOCUME~1/deforce/LOKALA~1/Temp/cc7aslz1.s 			page 7


 249      68617200 
 250 00bc 01       		.byte	0x1
 251 00bd 06       		.byte	0x6
 252 00be 03       		.uleb128 0x3
 253 00bf 73686F72 		.ascii	"short int\000"
 253      7420696E 
 253      7400
 254 00c9 02       		.byte	0x2
 255 00ca 05       		.byte	0x5
 256 00cb 03       		.uleb128 0x3
 257 00cc 696E7400 		.ascii	"int\000"
 258 00d0 04       		.byte	0x4
 259 00d1 05       		.byte	0x5
 260 00d2 04       		.uleb128 0x4
 261 00d3 E7010000 		.4byte	0x1e7
 262 00d7 5F744F53 		.ascii	"_tOSPCB__\000"
 262      5043425F 
 262      5F00
 263 00e1 28       		.byte	0x28
 264 00e2 02       		.byte	0x2
 265 00e3 58       		.byte	0x58
 266 00e4 05       		.uleb128 0x5
 267 00e5 7053746B 		.ascii	"pStk\000"
 267      00
 268 00ea 02       		.byte	0x2
 269 00eb 59       		.byte	0x59
 270 00ec E7010000 		.4byte	0x1e7
 271 00f0 02       		.byte	0x2
 272 00f1 23       		.byte	0x23
 273 00f2 00       		.uleb128 0x0
 274 00f3 05       		.uleb128 0x5
 275 00f4 704E6578 		.ascii	"pNextPrioQueueReady\000"
 275      74507269 
 275      6F517565 
 275      75655265 
 275      61647900 
 276 0108 02       		.byte	0x2
 277 0109 5A       		.byte	0x5a
 278 010a ED010000 		.4byte	0x1ed
 279 010e 02       		.byte	0x2
 280 010f 23       		.byte	0x23
 281 0110 04       		.uleb128 0x4
 282 0111 05       		.uleb128 0x5
 283 0112 70507265 		.ascii	"pPrevPrioQueueReady\000"
 283      76507269 
 283      6F517565 
 283      75655265 
 283      61647900 
 284 0126 02       		.byte	0x2
 285 0127 5B       		.byte	0x5b
 286 0128 ED010000 		.4byte	0x1ed
 287 012c 02       		.byte	0x2
 288 012d 23       		.byte	0x23
 289 012e 08       		.uleb128 0x8
 290 012f 05       		.uleb128 0x5
 291 0130 704E6578 		.ascii	"pNextPrioQueueEvent\000"
 291      74507269 
ARM GAS  /cygdrive/c/DOCUME~1/deforce/LOKALA~1/Temp/cc7aslz1.s 			page 8


 291      6F517565 
 291      75654576 
 291      656E7400 
 292 0144 02       		.byte	0x2
 293 0145 5C       		.byte	0x5c
 294 0146 ED010000 		.4byte	0x1ed
 295 014a 02       		.byte	0x2
 296 014b 23       		.byte	0x23
 297 014c 0C       		.uleb128 0xc
 298 014d 05       		.uleb128 0x5
 299 014e 70507265 		.ascii	"pPrevPrioQueueEvent\000"
 299      76507269 
 299      6F517565 
 299      75654576 
 299      656E7400 
 300 0162 02       		.byte	0x2
 301 0163 5D       		.byte	0x5d
 302 0164 ED010000 		.4byte	0x1ed
 303 0168 02       		.byte	0x2
 304 0169 23       		.byte	0x23
 305 016a 10       		.uleb128 0x10
 306 016b 05       		.uleb128 0x5
 307 016c 704E6578 		.ascii	"pNextTimeQueue\000"
 307      7454696D 
 307      65517565 
 307      756500
 308 017b 02       		.byte	0x2
 309 017c 5E       		.byte	0x5e
 310 017d ED010000 		.4byte	0x1ed
 311 0181 02       		.byte	0x2
 312 0182 23       		.byte	0x23
 313 0183 14       		.uleb128 0x14
 314 0184 05       		.uleb128 0x5
 315 0185 70696400 		.ascii	"pid\000"
 316 0189 02       		.byte	0x2
 317 018a 5F       		.byte	0x5f
 318 018b 55000000 		.4byte	0x55
 319 018f 02       		.byte	0x2
 320 0190 23       		.byte	0x23
 321 0191 18       		.uleb128 0x18
 322 0192 05       		.uleb128 0x5
 323 0193 7072696F 		.ascii	"prio\000"
 323      00
 324 0198 02       		.byte	0x2
 325 0199 60       		.byte	0x60
 326 019a 55000000 		.4byte	0x55
 327 019e 02       		.byte	0x2
 328 019f 23       		.byte	0x23
 329 01a0 19       		.uleb128 0x19
 330 01a1 05       		.uleb128 0x5
 331 01a2 666C6167 		.ascii	"flag\000"
 331      00
 332 01a7 02       		.byte	0x2
 333 01a8 61       		.byte	0x61
 334 01a9 55000000 		.4byte	0x55
 335 01ad 02       		.byte	0x2
 336 01ae 23       		.byte	0x23
ARM GAS  /cygdrive/c/DOCUME~1/deforce/LOKALA~1/Temp/cc7aslz1.s 			page 9


 337 01af 1A       		.uleb128 0x1a
 338 01b0 05       		.uleb128 0x5
 339 01b1 736C6565 		.ascii	"sleep\000"
 339      7000
 340 01b7 02       		.byte	0x2
 341 01b8 62       		.byte	0x62
 342 01b9 93000000 		.4byte	0x93
 343 01bd 02       		.byte	0x2
 344 01be 23       		.byte	0x23
 345 01bf 1C       		.uleb128 0x1c
 346 01c0 05       		.uleb128 0x5
 347 01c1 7053746B 		.ascii	"pStkOrg\000"
 347      4F726700 
 348 01c9 02       		.byte	0x2
 349 01ca 65       		.byte	0x65
 350 01cb E7010000 		.4byte	0x1e7
 351 01cf 02       		.byte	0x2
 352 01d0 23       		.byte	0x23
 353 01d1 20       		.uleb128 0x20
 354 01d2 05       		.uleb128 0x5
 355 01d3 73746163 		.ascii	"stackSize\000"
 355      6B53697A 
 355      6500
 356 01dd 02       		.byte	0x2
 357 01de 66       		.byte	0x66
 358 01df 71000000 		.4byte	0x71
 359 01e3 02       		.byte	0x2
 360 01e4 23       		.byte	0x23
 361 01e5 24       		.uleb128 0x24
 362 01e6 00       		.byte	0x0
 363 01e7 06       		.uleb128 0x6
 364 01e8 04       		.byte	0x4
 365 01e9 55000000 		.4byte	0x55
 366 01ed 06       		.uleb128 0x6
 367 01ee 04       		.byte	0x4
 368 01ef D2000000 		.4byte	0xd2
 369 01f3 02       		.uleb128 0x2
 370 01f4 744F5350 		.ascii	"tOSPCB\000"
 370      434200
 371 01fb 02       		.byte	0x2
 372 01fc 68       		.byte	0x68
 373 01fd D2000000 		.4byte	0xd2
 374 0201 04       		.uleb128 0x4
 375 0202 3B020000 		.4byte	0x23b
 376 0206 5F745072 		.ascii	"_tPrioQueue_\000"
 376      696F5175 
 376      6575655F 
 376      00
 377 0213 18       		.byte	0x18
 378 0214 02       		.byte	0x2
 379 0215 70       		.byte	0x70
 380 0216 05       		.uleb128 0x5
 381 0217 70507269 		.ascii	"pPrioList\000"
 381      6F4C6973 
 381      7400
 382 0221 02       		.byte	0x2
 383 0222 71       		.byte	0x71
ARM GAS  /cygdrive/c/DOCUME~1/deforce/LOKALA~1/Temp/cc7aslz1.s 			page 10


 384 0223 3B020000 		.4byte	0x23b
 385 0227 02       		.byte	0x2
 386 0228 23       		.byte	0x23
 387 0229 00       		.uleb128 0x0
 388 022a 05       		.uleb128 0x5
 389 022b 70504342 		.ascii	"pPCBs\000"
 389      7300
 390 0231 02       		.byte	0x2
 391 0232 72       		.byte	0x72
 392 0233 60020000 		.4byte	0x260
 393 0237 02       		.byte	0x2
 394 0238 23       		.byte	0x23
 395 0239 14       		.uleb128 0x14
 396 023a 00       		.byte	0x0
 397 023b 07       		.uleb128 0x7
 398 023c 4B020000 		.4byte	0x24b
 399 0240 60020000 		.4byte	0x260
 400 0244 08       		.uleb128 0x8
 401 0245 4B020000 		.4byte	0x24b
 402 0249 04       		.byte	0x4
 403 024a 00       		.byte	0x0
 404 024b 03       		.uleb128 0x3
 405 024c 6C6F6E67 		.ascii	"long unsigned int\000"
 405      20756E73 
 405      69676E65 
 405      6420696E 
 405      7400
 406 025e 04       		.byte	0x4
 407 025f 07       		.byte	0x7
 408 0260 06       		.uleb128 0x6
 409 0261 04       		.byte	0x4
 410 0262 F3010000 		.4byte	0x1f3
 411 0266 02       		.uleb128 0x2
 412 0267 74507269 		.ascii	"tPrioQueue\000"
 412      6F517565 
 412      756500
 413 0272 02       		.byte	0x2
 414 0273 73       		.byte	0x73
 415 0274 01020000 		.4byte	0x201
 416 0278 04       		.uleb128 0x4
 417 0279 9C020000 		.4byte	0x29c
 418 027d 5F744F53 		.ascii	"_tOSEvent_\000"
 418      4576656E 
 418      745F00
 419 0288 18       		.byte	0x18
 420 0289 02       		.byte	0x2
 421 028a 76       		.byte	0x76
 422 028b 05       		.uleb128 0x5
 423 028c 77616974 		.ascii	"waitQ\000"
 423      5100
 424 0292 02       		.byte	0x2
 425 0293 77       		.byte	0x77
 426 0294 66020000 		.4byte	0x266
 427 0298 02       		.byte	0x2
 428 0299 23       		.byte	0x23
 429 029a 00       		.uleb128 0x0
 430 029b 00       		.byte	0x0
ARM GAS  /cygdrive/c/DOCUME~1/deforce/LOKALA~1/Temp/cc7aslz1.s 			page 11


 431 029c 02       		.uleb128 0x2
 432 029d 744F5345 		.ascii	"tOSEvent\000"
 432      76656E74 
 432      00
 433 02a6 02       		.byte	0x2
 434 02a7 78       		.byte	0x78
 435 02a8 78020000 		.4byte	0x278
 436 02ac 04       		.uleb128 0x4
 437 02ad DA020000 		.4byte	0x2da
 438 02b1 5F74436E 		.ascii	"_tCntSem_\000"
 438      7453656D 
 438      5F00
 439 02bb 1C       		.byte	0x1c
 440 02bc 02       		.byte	0x2
 441 02bd 7B       		.byte	0x7b
 442 02be 05       		.uleb128 0x5
 443 02bf 657600   		.ascii	"ev\000"
 444 02c2 02       		.byte	0x2
 445 02c3 7C       		.byte	0x7c
 446 02c4 9C020000 		.4byte	0x29c
 447 02c8 02       		.byte	0x2
 448 02c9 23       		.byte	0x23
 449 02ca 00       		.uleb128 0x0
 450 02cb 05       		.uleb128 0x5
 451 02cc 636E7400 		.ascii	"cnt\000"
 452 02d0 02       		.byte	0x2
 453 02d1 7D       		.byte	0x7d
 454 02d2 71000000 		.4byte	0x71
 455 02d6 02       		.byte	0x2
 456 02d7 23       		.byte	0x23
 457 02d8 18       		.uleb128 0x18
 458 02d9 00       		.byte	0x0
 459 02da 02       		.uleb128 0x2
 460 02db 74436E74 		.ascii	"tCntSem\000"
 460      53656D00 
 461 02e3 02       		.byte	0x2
 462 02e4 7F       		.byte	0x7f
 463 02e5 AC020000 		.4byte	0x2ac
 464 02e9 09       		.uleb128 0x9
 465 02ea 04       		.byte	0x4
 466 02eb 0A       		.uleb128 0xa
 467 02ec 27030000 		.4byte	0x327
 468 02f0 01       		.byte	0x1
 469 02f1 70726F63 		.ascii	"procEx3\000"
 469      45783300 
 470 02f9 01       		.byte	0x1
 471 02fa 23       		.byte	0x23
 472 02fb 01       		.byte	0x1
 473 02fc 00000000 		.4byte	.LFB2
 474 0300 E8000000 		.4byte	.LFE2
 475 0304 00000000 		.4byte	.LLST0
 476 0308 0B       		.uleb128 0xb
 477 0309 61726700 		.ascii	"arg\000"
 478 030d 01       		.byte	0x1
 479 030e 22       		.byte	0x22
 480 030f E9020000 		.4byte	0x2e9
 481 0313 02       		.byte	0x2
ARM GAS  /cygdrive/c/DOCUME~1/deforce/LOKALA~1/Temp/cc7aslz1.s 			page 12


 482 0314 91       		.byte	0x91
 483 0315 70       		.sleb128 -16
 484 0316 0C       		.uleb128 0xc
 485 0317 6572726F 		.ascii	"error\000"
 485      7200
 486 031d 01       		.byte	0x1
 487 031e 24       		.byte	0x24
 488 031f 60000000 		.4byte	0x60
 489 0323 02       		.byte	0x2
 490 0324 91       		.byte	0x91
 491 0325 77       		.sleb128 -9
 492 0326 00       		.byte	0x0
 493 0327 0D       		.uleb128 0xd
 494 0328 64656C61 		.ascii	"delayshort\000"
 494      7973686F 
 494      727400
 495 0333 01       		.byte	0x1
 496 0334 1B       		.byte	0x1b
 497 0335 3B030000 		.4byte	0x33b
 498 0339 01       		.byte	0x1
 499 033a 01       		.byte	0x1
 500 033b 0E       		.uleb128 0xe
 501 033c 40030000 		.4byte	0x340
 502 0340 03       		.uleb128 0x3
 503 0341 6C6F6E67 		.ascii	"long int\000"
 503      20696E74 
 503      00
 504 034a 04       		.byte	0x4
 505 034b 05       		.byte	0x5
 506 034c 0D       		.uleb128 0xd
 507 034d 64656C61 		.ascii	"delaylong\000"
 507      796C6F6E 
 507      6700
 508 0357 01       		.byte	0x1
 509 0358 1C       		.byte	0x1c
 510 0359 3B030000 		.4byte	0x33b
 511 035d 01       		.byte	0x1
 512 035e 01       		.byte	0x1
 513 035f 0D       		.uleb128 0xd
 514 0360 6D757465 		.ascii	"mutexLCD\000"
 514      784C4344 
 514      00
 515 0369 01       		.byte	0x1
 516 036a 1E       		.byte	0x1e
 517 036b DA020000 		.4byte	0x2da
 518 036f 01       		.byte	0x1
 519 0370 01       		.byte	0x1
 520 0371 00       		.byte	0x0
 521              		.section	.debug_abbrev
 522 0000 01       		.uleb128 0x1
 523 0001 11       		.uleb128 0x11
 524 0002 01       		.byte	0x1
 525 0003 10       		.uleb128 0x10
 526 0004 06       		.uleb128 0x6
 527 0005 12       		.uleb128 0x12
 528 0006 01       		.uleb128 0x1
 529 0007 11       		.uleb128 0x11
ARM GAS  /cygdrive/c/DOCUME~1/deforce/LOKALA~1/Temp/cc7aslz1.s 			page 13


 530 0008 01       		.uleb128 0x1
 531 0009 25       		.uleb128 0x25
 532 000a 08       		.uleb128 0x8
 533 000b 13       		.uleb128 0x13
 534 000c 0B       		.uleb128 0xb
 535 000d 03       		.uleb128 0x3
 536 000e 08       		.uleb128 0x8
 537 000f 1B       		.uleb128 0x1b
 538 0010 08       		.uleb128 0x8
 539 0011 00       		.byte	0x0
 540 0012 00       		.byte	0x0
 541 0013 02       		.uleb128 0x2
 542 0014 16       		.uleb128 0x16
 543 0015 00       		.byte	0x0
 544 0016 03       		.uleb128 0x3
 545 0017 08       		.uleb128 0x8
 546 0018 3A       		.uleb128 0x3a
 547 0019 0B       		.uleb128 0xb
 548 001a 3B       		.uleb128 0x3b
 549 001b 0B       		.uleb128 0xb
 550 001c 49       		.uleb128 0x49
 551 001d 13       		.uleb128 0x13
 552 001e 00       		.byte	0x0
 553 001f 00       		.byte	0x0
 554 0020 03       		.uleb128 0x3
 555 0021 24       		.uleb128 0x24
 556 0022 00       		.byte	0x0
 557 0023 03       		.uleb128 0x3
 558 0024 08       		.uleb128 0x8
 559 0025 0B       		.uleb128 0xb
 560 0026 0B       		.uleb128 0xb
 561 0027 3E       		.uleb128 0x3e
 562 0028 0B       		.uleb128 0xb
 563 0029 00       		.byte	0x0
 564 002a 00       		.byte	0x0
 565 002b 04       		.uleb128 0x4
 566 002c 13       		.uleb128 0x13
 567 002d 01       		.byte	0x1
 568 002e 01       		.uleb128 0x1
 569 002f 13       		.uleb128 0x13
 570 0030 03       		.uleb128 0x3
 571 0031 08       		.uleb128 0x8
 572 0032 0B       		.uleb128 0xb
 573 0033 0B       		.uleb128 0xb
 574 0034 3A       		.uleb128 0x3a
 575 0035 0B       		.uleb128 0xb
 576 0036 3B       		.uleb128 0x3b
 577 0037 0B       		.uleb128 0xb
 578 0038 00       		.byte	0x0
 579 0039 00       		.byte	0x0
 580 003a 05       		.uleb128 0x5
 581 003b 0D       		.uleb128 0xd
 582 003c 00       		.byte	0x0
 583 003d 03       		.uleb128 0x3
 584 003e 08       		.uleb128 0x8
 585 003f 3A       		.uleb128 0x3a
 586 0040 0B       		.uleb128 0xb
ARM GAS  /cygdrive/c/DOCUME~1/deforce/LOKALA~1/Temp/cc7aslz1.s 			page 14


 587 0041 3B       		.uleb128 0x3b
 588 0042 0B       		.uleb128 0xb
 589 0043 49       		.uleb128 0x49
 590 0044 13       		.uleb128 0x13
 591 0045 38       		.uleb128 0x38
 592 0046 0A       		.uleb128 0xa
 593 0047 00       		.byte	0x0
 594 0048 00       		.byte	0x0
 595 0049 06       		.uleb128 0x6
 596 004a 0F       		.uleb128 0xf
 597 004b 00       		.byte	0x0
 598 004c 0B       		.uleb128 0xb
 599 004d 0B       		.uleb128 0xb
 600 004e 49       		.uleb128 0x49
 601 004f 13       		.uleb128 0x13
 602 0050 00       		.byte	0x0
 603 0051 00       		.byte	0x0
 604 0052 07       		.uleb128 0x7
 605 0053 01       		.uleb128 0x1
 606 0054 01       		.byte	0x1
 607 0055 01       		.uleb128 0x1
 608 0056 13       		.uleb128 0x13
 609 0057 49       		.uleb128 0x49
 610 0058 13       		.uleb128 0x13
 611 0059 00       		.byte	0x0
 612 005a 00       		.byte	0x0
 613 005b 08       		.uleb128 0x8
 614 005c 21       		.uleb128 0x21
 615 005d 00       		.byte	0x0
 616 005e 49       		.uleb128 0x49
 617 005f 13       		.uleb128 0x13
 618 0060 2F       		.uleb128 0x2f
 619 0061 0B       		.uleb128 0xb
 620 0062 00       		.byte	0x0
 621 0063 00       		.byte	0x0
 622 0064 09       		.uleb128 0x9
 623 0065 0F       		.uleb128 0xf
 624 0066 00       		.byte	0x0
 625 0067 0B       		.uleb128 0xb
 626 0068 0B       		.uleb128 0xb
 627 0069 00       		.byte	0x0
 628 006a 00       		.byte	0x0
 629 006b 0A       		.uleb128 0xa
 630 006c 2E       		.uleb128 0x2e
 631 006d 01       		.byte	0x1
 632 006e 01       		.uleb128 0x1
 633 006f 13       		.uleb128 0x13
 634 0070 3F       		.uleb128 0x3f
 635 0071 0C       		.uleb128 0xc
 636 0072 03       		.uleb128 0x3
 637 0073 08       		.uleb128 0x8
 638 0074 3A       		.uleb128 0x3a
 639 0075 0B       		.uleb128 0xb
 640 0076 3B       		.uleb128 0x3b
 641 0077 0B       		.uleb128 0xb
 642 0078 27       		.uleb128 0x27
 643 0079 0C       		.uleb128 0xc
ARM GAS  /cygdrive/c/DOCUME~1/deforce/LOKALA~1/Temp/cc7aslz1.s 			page 15


 644 007a 11       		.uleb128 0x11
 645 007b 01       		.uleb128 0x1
 646 007c 12       		.uleb128 0x12
 647 007d 01       		.uleb128 0x1
 648 007e 40       		.uleb128 0x40
 649 007f 06       		.uleb128 0x6
 650 0080 00       		.byte	0x0
 651 0081 00       		.byte	0x0
 652 0082 0B       		.uleb128 0xb
 653 0083 05       		.uleb128 0x5
 654 0084 00       		.byte	0x0
 655 0085 03       		.uleb128 0x3
 656 0086 08       		.uleb128 0x8
 657 0087 3A       		.uleb128 0x3a
 658 0088 0B       		.uleb128 0xb
 659 0089 3B       		.uleb128 0x3b
 660 008a 0B       		.uleb128 0xb
 661 008b 49       		.uleb128 0x49
 662 008c 13       		.uleb128 0x13
 663 008d 02       		.uleb128 0x2
 664 008e 0A       		.uleb128 0xa
 665 008f 00       		.byte	0x0
 666 0090 00       		.byte	0x0
 667 0091 0C       		.uleb128 0xc
 668 0092 34       		.uleb128 0x34
 669 0093 00       		.byte	0x0
 670 0094 03       		.uleb128 0x3
 671 0095 08       		.uleb128 0x8
 672 0096 3A       		.uleb128 0x3a
 673 0097 0B       		.uleb128 0xb
 674 0098 3B       		.uleb128 0x3b
 675 0099 0B       		.uleb128 0xb
 676 009a 49       		.uleb128 0x49
 677 009b 13       		.uleb128 0x13
 678 009c 02       		.uleb128 0x2
 679 009d 0A       		.uleb128 0xa
 680 009e 00       		.byte	0x0
 681 009f 00       		.byte	0x0
 682 00a0 0D       		.uleb128 0xd
 683 00a1 34       		.uleb128 0x34
 684 00a2 00       		.byte	0x0
 685 00a3 03       		.uleb128 0x3
 686 00a4 08       		.uleb128 0x8
 687 00a5 3A       		.uleb128 0x3a
 688 00a6 0B       		.uleb128 0xb
 689 00a7 3B       		.uleb128 0x3b
 690 00a8 0B       		.uleb128 0xb
 691 00a9 49       		.uleb128 0x49
 692 00aa 13       		.uleb128 0x13
 693 00ab 3F       		.uleb128 0x3f
 694 00ac 0C       		.uleb128 0xc
 695 00ad 3C       		.uleb128 0x3c
 696 00ae 0C       		.uleb128 0xc
 697 00af 00       		.byte	0x0
 698 00b0 00       		.byte	0x0
 699 00b1 0E       		.uleb128 0xe
 700 00b2 26       		.uleb128 0x26
ARM GAS  /cygdrive/c/DOCUME~1/deforce/LOKALA~1/Temp/cc7aslz1.s 			page 16


 701 00b3 00       		.byte	0x0
 702 00b4 49       		.uleb128 0x49
 703 00b5 13       		.uleb128 0x13
 704 00b6 00       		.byte	0x0
 705 00b7 00       		.byte	0x0
 706 00b8 00       		.byte	0x0
 707              		.section	.debug_pubnames,"",%progbits
 708 0000 1A000000 		.4byte	0x1a
 709 0004 0200     		.2byte	0x2
 710 0006 00000000 		.4byte	.Ldebug_info0
 711 000a 72030000 		.4byte	0x372
 712 000e EB020000 		.4byte	0x2eb
 713 0012 70726F63 		.ascii	"procEx3\000"
 713      45783300 
 714 001a 00000000 		.4byte	0x0
 715              		.section	.debug_aranges,"",%progbits
 716 0000 1C000000 		.4byte	0x1c
 717 0004 0200     		.2byte	0x2
 718 0006 00000000 		.4byte	.Ldebug_info0
 719 000a 04       		.byte	0x4
 720 000b 00       		.byte	0x0
 721 000c 0000     		.2byte	0x0
 722 000e 0000     		.2byte	0x0
 723 0010 00000000 		.4byte	.Ltext0
 724 0014 E8000000 		.4byte	.Letext0-.Ltext0
 725 0018 00000000 		.4byte	0x0
 726 001c 00000000 		.4byte	0x0
 727              		.ident	"GCC: (GNU) 4.1.1"
ARM GAS  /cygdrive/c/DOCUME~1/deforce/LOKALA~1/Temp/cc7aslz1.s 			page 17


DEFINED SYMBOLS
                            *ABS*:00000000 proc3.c
/cygdrive/c/DOCUME~1/deforce/LOKALA~1/Temp/cc7aslz1.s:1      .text:00000000 $t
/cygdrive/c/DOCUME~1/deforce/LOKALA~1/Temp/cc7aslz1.s:16     .text:00000000 procEx3
/cygdrive/c/DOCUME~1/deforce/LOKALA~1/Temp/cc7aslz1.s:135    .text:000000d8 $d

UNDEFINED SYMBOLS
osSemTake
delay
send_instruction
send_character
osSleep
osSemGive
mutexLCD
delayshort
delaylong
